ARM GAS  /tmp/cccfzIyK.s 			page 1


   1              		.syntax unified
   2              		.cpu cortex-m4
   3              		.fpu softvfp
   4              		.eabi_attribute 20, 1
   5              		.eabi_attribute 21, 1
   6              		.eabi_attribute 23, 3
   7              		.eabi_attribute 24, 1
   8              		.eabi_attribute 25, 1
   9              		.eabi_attribute 26, 1
  10              		.eabi_attribute 30, 2
  11              		.eabi_attribute 34, 1
  12              		.eabi_attribute 18, 4
  13              		.thumb
  14              		.file	"chdynamic.c"
  15              		.text
  16              	.Ltext0:
  17              		.cfi_sections	.debug_frame
  18              		.section	.text.chThdAddRef,"ax",%progbits
  19              		.align	2
  20              		.p2align 4,,15
  21              		.global	chThdAddRef
  22              		.thumb
  23              		.thumb_func
  24              		.type	chThdAddRef, %function
  25              	chThdAddRef:
  26              	.LFB7:
  27              		.file 1 "../../ChibiOS_2.4.3/os/kernel/src/chdynamic.c"
  28              		.loc 1 52 0
  29              		.cfi_startproc
  30              		@ args = 0, pretend = 0, frame = 0
  31              		@ frame_needed = 0, uses_anonymous_args = 0
  32              		@ link register save eliminated.
  33              	.LVL0:
  34              	.LBB2:
  35              		.loc 1 54 0
  36 0000 2023     		movs	r3, #32
  37              	.LVL1:
  38              	@ 54 "../../ChibiOS_2.4.3/os/kernel/src/chdynamic.c" 1
  39 0002 83F31188 		msr     BASEPRI, r3
  40              	@ 0 "" 2
  41              	.LVL2:
  42              		.thumb
  43              	.LBE2:
  44              		.loc 1 56 0
  45 0006 837F     		ldrb	r3, [r0, #30]	@ zero_extendqisi2
  46              	.LVL3:
  47 0008 591C     		adds	r1, r3, #1
  48 000a 8177     		strb	r1, [r0, #30]
  49              	.LBB3:
  50              		.loc 1 57 0
  51 000c 0023     		movs	r3, #0
  52              	.LVL4:
  53              	@ 57 "../../ChibiOS_2.4.3/os/kernel/src/chdynamic.c" 1
  54 000e 83F31188 		msr     BASEPRI, r3
  55              	@ 0 "" 2
  56              	.LVL5:
  57              		.thumb
ARM GAS  /tmp/cccfzIyK.s 			page 2


  58              	.LBE3:
  59              		.loc 1 59 0
  60 0012 7047     		bx	lr
  61              		.cfi_endproc
  62              	.LFE7:
  63              		.size	chThdAddRef, .-chThdAddRef
  64 0014 AFF30080 		.section	.text.chThdRelease,"ax",%progbits
  64      AFF30080 
  64      AFF30080 
  65              		.align	2
  66              		.p2align 4,,15
  67              		.global	chThdRelease
  68              		.thumb
  69              		.thumb_func
  70              		.type	chThdRelease, %function
  71              	chThdRelease:
  72              	.LFB8:
  73              		.loc 1 74 0
  74              		.cfi_startproc
  75              		@ args = 0, pretend = 0, frame = 0
  76              		@ frame_needed = 0, uses_anonymous_args = 0
  77              		@ link register save eliminated.
  78              	.LVL6:
  79              		.loc 1 74 0
  80 0000 0146     		mov	r1, r0
  81              	.LBB4:
  82              		.loc 1 77 0
  83 0002 2023     		movs	r3, #32
  84              	.LVL7:
  85              	@ 77 "../../ChibiOS_2.4.3/os/kernel/src/chdynamic.c" 1
  86 0004 83F31188 		msr     BASEPRI, r3
  87              	@ 0 "" 2
  88              	.LVL8:
  89              		.thumb
  90              	.LBE4:
  91              		.loc 1 79 0
  92 0008 827F     		ldrb	r2, [r0, #30]	@ zero_extendqisi2
  93 000a 531E     		subs	r3, r2, #1
  94              	.LVL9:
  95 000c DAB2     		uxtb	r2, r3
  96 000e 8277     		strb	r2, [r0, #30]
  97              	.LVL10:
  98              	.LBB5:
  99              		.loc 1 80 0
 100 0010 0023     		movs	r3, #0
 101              	.LVL11:
 102              	@ 80 "../../ChibiOS_2.4.3/os/kernel/src/chdynamic.c" 1
 103 0012 83F31188 		msr     BASEPRI, r3
 104              	@ 0 "" 2
 105              	.LVL12:
 106              		.thumb
 107              	.LBE5:
 108              		.loc 1 85 0
 109 0016 12B9     		cbnz	r2, .L2
 110              		.loc 1 85 0 is_stmt 0 discriminator 1
 111 0018 037F     		ldrb	r3, [r0, #28]	@ zero_extendqisi2
 112              	.LVL13:
ARM GAS  /tmp/cccfzIyK.s 			page 3


 113 001a 0E2B     		cmp	r3, #14
 114 001c 00D0     		beq	.L7
 115              	.LVL14:
 116              	.L2:
 117 001e 7047     		bx	lr
 118              	.LVL15:
 119              	.L7:
 120              		.loc 1 86 0 is_stmt 1
 121 0020 427F     		ldrb	r2, [r0, #29]	@ zero_extendqisi2
 122 0022 02F00303 		and	r3, r2, #3
 123 0026 012B     		cmp	r3, #1
 124 0028 09D0     		beq	.L4
 125 002a 022B     		cmp	r3, #2
 126 002c F7D1     		bne	.L2
 127              		.loc 1 98 0
 128 002e 4369     		ldr	r3, [r0, #20]
 129 0030 0269     		ldr	r2, [r0, #16]
 130              		.loc 1 100 0
 131 0032 406C     		ldr	r0, [r0, #68]
 132              	.LVL16:
 133              		.loc 1 98 0
 134 0034 1A61     		str	r2, [r3, #16]
 135 0036 0A69     		ldr	r2, [r1, #16]
 136 0038 5361     		str	r3, [r2, #20]
 137              		.loc 1 105 0
 138              		.loc 1 100 0
 139 003a FFF7FEBF 		b	chPoolFree
 140              	.LVL17:
 141              	.L4:
 142              		.loc 1 90 0
 143 003e 4369     		ldr	r3, [r0, #20]
 144 0040 0269     		ldr	r2, [r0, #16]
 145 0042 1A61     		str	r2, [r3, #16]
 146 0044 0169     		ldr	r1, [r0, #16]
 147 0046 4B61     		str	r3, [r1, #20]
 148              		.loc 1 105 0
 149              		.loc 1 92 0
 150 0048 FFF7FEBF 		b	chHeapFree
 151              	.LVL18:
 152              		.cfi_endproc
 153              	.LFE8:
 154              		.size	chThdRelease, .-chThdRelease
 155 004c AFF30080 		.section	.text.chThdCreateFromHeap,"ax",%progbits
 156              		.align	2
 157              		.p2align 4,,15
 158              		.global	chThdCreateFromHeap
 159              		.thumb
 160              		.thumb_func
 161              		.type	chThdCreateFromHeap, %function
 162              	chThdCreateFromHeap:
 163              	.LFB9:
 164              		.loc 1 131 0
 165              		.cfi_startproc
 166              		@ args = 4, pretend = 0, frame = 0
 167              		@ frame_needed = 0, uses_anonymous_args = 0
 168              	.LVL19:
 169 0000 F0B5     		push	{r4, r5, r6, r7, lr}
ARM GAS  /tmp/cccfzIyK.s 			page 4


 170              	.LCFI0:
 171              		.cfi_def_cfa_offset 20
 172              		.cfi_offset 4, -20
 173              		.cfi_offset 5, -16
 174              		.cfi_offset 6, -12
 175              		.cfi_offset 7, -8
 176              		.cfi_offset 14, -4
 177 0002 83B0     		sub	sp, sp, #12
 178              	.LCFI1:
 179              		.cfi_def_cfa_offset 32
 180              		.loc 1 131 0
 181 0004 0D46     		mov	r5, r1
 182 0006 1746     		mov	r7, r2
 183 0008 1E46     		mov	r6, r3
 184              		.loc 1 135 0
 185 000a FFF7FEFF 		bl	chHeapAlloc
 186              	.LVL20:
 187              		.loc 1 136 0
 188 000e 0446     		mov	r4, r0
 189 0010 90B1     		cbz	r0, .L9
 190              	.LBB6:
 191              		.loc 1 148 0
 192 0012 2023     		movs	r3, #32
 193              	.LVL21:
 194              	@ 148 "../../ChibiOS_2.4.3/os/kernel/src/chdynamic.c" 1
 195 0014 83F31188 		msr     BASEPRI, r3
 196              	@ 0 "" 2
 197              	.LVL22:
 198              		.thumb
 199              	.LBE6:
 200              		.loc 1 149 0
 201 0018 089C     		ldr	r4, [sp, #32]
 202 001a 3346     		mov	r3, r6
 203              	.LVL23:
 204 001c 2946     		mov	r1, r5
 205 001e 3A46     		mov	r2, r7
 206 0020 0094     		str	r4, [sp, #0]
 207 0022 FFF7FEFF 		bl	chThdCreateI
 208              	.LVL24:
 209              		.loc 1 150 0
 210 0026 0123     		movs	r3, #1
 211 0028 4377     		strb	r3, [r0, #29]
 212              		.loc 1 151 0
 213 002a 0021     		movs	r1, #0
 214              		.loc 1 149 0
 215 002c 0446     		mov	r4, r0
 216              	.LVL25:
 217              		.loc 1 151 0
 218 002e FFF7FEFF 		bl	chSchWakeupS
 219              	.LVL26:
 220              	.LBB7:
 221              		.loc 1 152 0
 222 0032 0023     		movs	r3, #0
 223              	.LVL27:
 224              	@ 152 "../../ChibiOS_2.4.3/os/kernel/src/chdynamic.c" 1
 225 0034 83F31188 		msr     BASEPRI, r3
 226              	@ 0 "" 2
ARM GAS  /tmp/cccfzIyK.s 			page 5


 227              	.LVL28:
 228              		.thumb
 229              	.L9:
 230              	.LBE7:
 231              		.loc 1 154 0
 232 0038 2046     		mov	r0, r4
 233 003a 03B0     		add	sp, sp, #12
 234 003c F0BD     		pop	{r4, r5, r6, r7, pc}
 235              		.cfi_endproc
 236              	.LFE9:
 237              		.size	chThdCreateFromHeap, .-chThdCreateFromHeap
 238 003e 00BF     		.section	.text.chThdCreateFromMemoryPool,"ax",%progbits
 239              		.align	2
 240              		.p2align 4,,15
 241              		.global	chThdCreateFromMemoryPool
 242              		.thumb
 243              		.thumb_func
 244              		.type	chThdCreateFromMemoryPool, %function
 245              	chThdCreateFromMemoryPool:
 246              	.LFB10:
 247              		.loc 1 180 0
 248              		.cfi_startproc
 249              		@ args = 0, pretend = 0, frame = 0
 250              		@ frame_needed = 0, uses_anonymous_args = 0
 251              	.LVL29:
 252 0000 2DE9F041 		push	{r4, r5, r6, r7, r8, lr}
 253              	.LCFI2:
 254              		.cfi_def_cfa_offset 24
 255              		.cfi_offset 4, -24
 256              		.cfi_offset 5, -20
 257              		.cfi_offset 6, -16
 258              		.cfi_offset 7, -12
 259              		.cfi_offset 8, -8
 260              		.cfi_offset 14, -4
 261 0004 82B0     		sub	sp, sp, #8
 262              	.LCFI3:
 263              		.cfi_def_cfa_offset 32
 264              		.loc 1 180 0
 265 0006 0546     		mov	r5, r0
 266 0008 0E46     		mov	r6, r1
 267 000a 9046     		mov	r8, r2
 268 000c 1F46     		mov	r7, r3
 269              		.loc 1 186 0
 270 000e FFF7FEFF 		bl	chPoolAlloc
 271              	.LVL30:
 272              		.loc 1 187 0
 273 0012 0446     		mov	r4, r0
 274 0014 90B1     		cbz	r0, .L12
 275              	.LBB8:
 276              		.loc 1 199 0
 277 0016 2023     		movs	r3, #32
 278              	.LVL31:
 279              	@ 199 "../../ChibiOS_2.4.3/os/kernel/src/chdynamic.c" 1
 280 0018 83F31188 		msr     BASEPRI, r3
 281              	@ 0 "" 2
 282              	.LVL32:
 283              		.thumb
ARM GAS  /tmp/cccfzIyK.s 			page 6


 284              	.LBE8:
 285              		.loc 1 200 0
 286 001c 6968     		ldr	r1, [r5, #4]
 287 001e 0097     		str	r7, [sp, #0]
 288 0020 4346     		mov	r3, r8
 289              	.LVL33:
 290 0022 3246     		mov	r2, r6
 291 0024 FFF7FEFF 		bl	chThdCreateI
 292              	.LVL34:
 293              		.loc 1 201 0
 294 0028 0223     		movs	r3, #2
 295 002a 4377     		strb	r3, [r0, #29]
 296              		.loc 1 202 0
 297 002c 4564     		str	r5, [r0, #68]
 298              		.loc 1 203 0
 299 002e 0021     		movs	r1, #0
 300              		.loc 1 200 0
 301 0030 0446     		mov	r4, r0
 302              	.LVL35:
 303              		.loc 1 203 0
 304 0032 FFF7FEFF 		bl	chSchWakeupS
 305              	.LVL36:
 306              	.LBB9:
 307              		.loc 1 204 0
 308 0036 0023     		movs	r3, #0
 309              	.LVL37:
 310              	@ 204 "../../ChibiOS_2.4.3/os/kernel/src/chdynamic.c" 1
 311 0038 83F31188 		msr     BASEPRI, r3
 312              	@ 0 "" 2
 313              	.LVL38:
 314              		.thumb
 315              	.L12:
 316              	.LBE9:
 317              		.loc 1 206 0
 318 003c 2046     		mov	r0, r4
 319 003e 02B0     		add	sp, sp, #8
 320 0040 BDE8F081 		pop	{r4, r5, r6, r7, r8, pc}
 321              		.cfi_endproc
 322              	.LFE10:
 323              		.size	chThdCreateFromMemoryPool, .-chThdCreateFromMemoryPool
 324 0044 AFF30080 		.text
 324      AFF30080 
 324      AFF30080 
 325              	.Letext0:
 326              		.file 2 "/opt/ARM/bin/../lib/gcc/arm-none-eabi/4.7.3/include/stddef.h"
 327              		.file 3 "/opt/ARM/bin/../lib/gcc/arm-none-eabi/4.7.3/../../../../arm-none-eabi/include/stdint.h"
 328              		.file 4 "../../ChibiOS_2.4.3/os/ports/GCC/ARMCMx/chtypes.h"
 329              		.file 5 "../../ChibiOS_2.4.3/os/kernel/include/chlists.h"
 330              		.file 6 "../../ChibiOS_2.4.3/os/kernel/include/chthreads.h"
 331              		.file 7 "../../ChibiOS_2.4.3/os/ports/GCC/ARMCMx/chcore_v7m.h"
 332              		.file 8 "../../ChibiOS_2.4.3/os/kernel/include/chmtx.h"
 333              		.file 9 "../../ChibiOS_2.4.3/os/kernel/include/chmemcore.h"
 334              		.file 10 "../../ChibiOS_2.4.3/os/kernel/include/chheap.h"
 335              		.file 11 "../../ChibiOS_2.4.3/os/kernel/include/chmempools.h"
 336              		.file 12 "../../ChibiOS_2.4.3/os/kernel/include/chschd.h"
 337              		.section	.debug_info,"",%progbits
 338              	.Ldebug_info0:
ARM GAS  /tmp/cccfzIyK.s 			page 7


 339 0000 DE080000 		.4byte	0x8de
 340 0004 0200     		.2byte	0x2
 341 0006 00000000 		.4byte	.Ldebug_abbrev0
 342 000a 04       		.byte	0x4
 343 000b 01       		.uleb128 0x1
 344 000c 6D020000 		.4byte	.LASF85
 345 0010 01       		.byte	0x1
 346 0011 A1010000 		.4byte	.LASF86
 347 0015 48010000 		.4byte	.LASF87
 348 0019 00000000 		.4byte	.Ldebug_ranges0+0
 349 001d 00000000 		.4byte	0
 350 0021 00000000 		.4byte	0
 351 0025 00000000 		.4byte	.Ldebug_line0
 352 0029 02       		.uleb128 0x2
 353 002a 04       		.byte	0x4
 354 002b 05       		.byte	0x5
 355 002c 696E7400 		.ascii	"int\000"
 356 0030 03       		.uleb128 0x3
 357 0031 0E000000 		.4byte	.LASF2
 358 0035 02       		.byte	0x2
 359 0036 D5       		.byte	0xd5
 360 0037 3B000000 		.4byte	0x3b
 361 003b 04       		.uleb128 0x4
 362 003c 04       		.byte	0x4
 363 003d 07       		.byte	0x7
 364 003e 29010000 		.4byte	.LASF0
 365 0042 04       		.uleb128 0x4
 366 0043 01       		.byte	0x1
 367 0044 06       		.byte	0x6
 368 0045 84000000 		.4byte	.LASF1
 369 0049 03       		.uleb128 0x3
 370 004a A8030000 		.4byte	.LASF3
 371 004e 03       		.byte	0x3
 372 004f 2A       		.byte	0x2a
 373 0050 54000000 		.4byte	0x54
 374 0054 04       		.uleb128 0x4
 375 0055 01       		.byte	0x1
 376 0056 08       		.byte	0x8
 377 0057 BE020000 		.4byte	.LASF4
 378 005b 04       		.uleb128 0x4
 379 005c 02       		.byte	0x2
 380 005d 05       		.byte	0x5
 381 005e E1020000 		.4byte	.LASF5
 382 0062 04       		.uleb128 0x4
 383 0063 02       		.byte	0x2
 384 0064 07       		.byte	0x7
 385 0065 88010000 		.4byte	.LASF6
 386 0069 03       		.uleb128 0x3
 387 006a B6020000 		.4byte	.LASF7
 388 006e 03       		.byte	0x3
 389 006f 4F       		.byte	0x4f
 390 0070 74000000 		.4byte	0x74
 391 0074 04       		.uleb128 0x4
 392 0075 04       		.byte	0x4
 393 0076 05       		.byte	0x5
 394 0077 BE000000 		.4byte	.LASF8
 395 007b 03       		.uleb128 0x3
ARM GAS  /tmp/cccfzIyK.s 			page 8


 396 007c 40030000 		.4byte	.LASF9
 397 0080 03       		.byte	0x3
 398 0081 50       		.byte	0x50
 399 0082 86000000 		.4byte	0x86
 400 0086 04       		.uleb128 0x4
 401 0087 04       		.byte	0x4
 402 0088 07       		.byte	0x7
 403 0089 36010000 		.4byte	.LASF10
 404 008d 04       		.uleb128 0x4
 405 008e 08       		.byte	0x8
 406 008f 05       		.byte	0x5
 407 0090 76000000 		.4byte	.LASF11
 408 0094 03       		.uleb128 0x3
 409 0095 1C000000 		.4byte	.LASF12
 410 0099 03       		.byte	0x3
 411 009a 78       		.byte	0x78
 412 009b 9F000000 		.4byte	0x9f
 413 009f 04       		.uleb128 0x4
 414 00a0 08       		.byte	0x8
 415 00a1 07       		.byte	0x7
 416 00a2 3D000000 		.4byte	.LASF13
 417 00a6 03       		.uleb128 0x3
 418 00a7 CF010000 		.4byte	.LASF14
 419 00ab 04       		.byte	0x4
 420 00ac 2F       		.byte	0x2f
 421 00ad 49000000 		.4byte	0x49
 422 00b1 03       		.uleb128 0x3
 423 00b2 DB000000 		.4byte	.LASF15
 424 00b6 04       		.byte	0x4
 425 00b7 30       		.byte	0x30
 426 00b8 49000000 		.4byte	0x49
 427 00bc 03       		.uleb128 0x3
 428 00bd 51020000 		.4byte	.LASF16
 429 00c1 04       		.byte	0x4
 430 00c2 31       		.byte	0x31
 431 00c3 49000000 		.4byte	0x49
 432 00c7 03       		.uleb128 0x3
 433 00c8 65020000 		.4byte	.LASF17
 434 00cc 04       		.byte	0x4
 435 00cd 32       		.byte	0x32
 436 00ce 7B000000 		.4byte	0x7b
 437 00d2 03       		.uleb128 0x3
 438 00d3 9B010000 		.4byte	.LASF18
 439 00d7 04       		.byte	0x4
 440 00d8 33       		.byte	0x33
 441 00d9 69000000 		.4byte	0x69
 442 00dd 03       		.uleb128 0x3
 443 00de E3010000 		.4byte	.LASF19
 444 00e2 04       		.byte	0x4
 445 00e3 35       		.byte	0x35
 446 00e4 7B000000 		.4byte	0x7b
 447 00e8 03       		.uleb128 0x3
 448 00e9 5A030000 		.4byte	.LASF20
 449 00ed 04       		.byte	0x4
 450 00ee 36       		.byte	0x36
 451 00ef 7B000000 		.4byte	0x7b
 452 00f3 03       		.uleb128 0x3
ARM GAS  /tmp/cccfzIyK.s 			page 9


 453 00f4 22030000 		.4byte	.LASF21
 454 00f8 05       		.byte	0x5
 455 00f9 2A       		.byte	0x2a
 456 00fa FE000000 		.4byte	0xfe
 457 00fe 05       		.uleb128 0x5
 458 00ff 22030000 		.4byte	.LASF21
 459 0103 48       		.byte	0x48
 460 0104 06       		.byte	0x6
 461 0105 5E       		.byte	0x5e
 462 0106 15020000 		.4byte	0x215
 463 010a 06       		.uleb128 0x6
 464 010b 06030000 		.4byte	.LASF22
 465 010f 06       		.byte	0x6
 466 0110 5F       		.byte	0x5f
 467 0111 3A020000 		.4byte	0x23a
 468 0115 02       		.byte	0x2
 469 0116 23       		.byte	0x23
 470 0117 00       		.uleb128 0
 471 0118 06       		.uleb128 0x6
 472 0119 5E020000 		.4byte	.LASF23
 473 011d 06       		.byte	0x6
 474 011e 61       		.byte	0x61
 475 011f 3A020000 		.4byte	0x23a
 476 0123 02       		.byte	0x2
 477 0124 23       		.byte	0x23
 478 0125 04       		.uleb128 0x4
 479 0126 06       		.uleb128 0x6
 480 0127 6F000000 		.4byte	.LASF24
 481 012b 06       		.byte	0x6
 482 012c 63       		.byte	0x63
 483 012d C7000000 		.4byte	0xc7
 484 0131 02       		.byte	0x2
 485 0132 23       		.byte	0x23
 486 0133 08       		.uleb128 0x8
 487 0134 06       		.uleb128 0x6
 488 0135 DD030000 		.4byte	.LASF25
 489 0139 06       		.byte	0x6
 490 013a 64       		.byte	0x64
 491 013b 12030000 		.4byte	0x312
 492 013f 02       		.byte	0x2
 493 0140 23       		.byte	0x23
 494 0141 0C       		.uleb128 0xc
 495 0142 06       		.uleb128 0x6
 496 0143 EC000000 		.4byte	.LASF26
 497 0147 06       		.byte	0x6
 498 0148 66       		.byte	0x66
 499 0149 3A020000 		.4byte	0x23a
 500 014d 02       		.byte	0x2
 501 014e 23       		.byte	0x23
 502 014f 10       		.uleb128 0x10
 503 0150 06       		.uleb128 0x6
 504 0151 15020000 		.4byte	.LASF27
 505 0155 06       		.byte	0x6
 506 0156 67       		.byte	0x67
 507 0157 3A020000 		.4byte	0x23a
 508 015b 02       		.byte	0x2
 509 015c 23       		.byte	0x23
ARM GAS  /tmp/cccfzIyK.s 			page 10


 510 015d 14       		.uleb128 0x14
 511 015e 06       		.uleb128 0x6
 512 015f CE030000 		.4byte	.LASF28
 513 0163 06       		.byte	0x6
 514 0164 6E       		.byte	0x6e
 515 0165 EF040000 		.4byte	0x4ef
 516 0169 02       		.byte	0x2
 517 016a 23       		.byte	0x23
 518 016b 18       		.uleb128 0x18
 519 016c 06       		.uleb128 0x6
 520 016d EB020000 		.4byte	.LASF29
 521 0171 06       		.byte	0x6
 522 0172 79       		.byte	0x79
 523 0173 B1000000 		.4byte	0xb1
 524 0177 02       		.byte	0x2
 525 0178 23       		.byte	0x23
 526 0179 1C       		.uleb128 0x1c
 527 017a 06       		.uleb128 0x6
 528 017b 0D030000 		.4byte	.LASF30
 529 017f 06       		.byte	0x6
 530 0180 7D       		.byte	0x7d
 531 0181 A6000000 		.4byte	0xa6
 532 0185 02       		.byte	0x2
 533 0186 23       		.byte	0x23
 534 0187 1D       		.uleb128 0x1d
 535 0188 06       		.uleb128 0x6
 536 0189 A1030000 		.4byte	.LASF31
 537 018d 06       		.byte	0x6
 538 018e 82       		.byte	0x82
 539 018f BC000000 		.4byte	0xbc
 540 0193 02       		.byte	0x2
 541 0194 23       		.byte	0x23
 542 0195 1E       		.uleb128 0x1e
 543 0196 06       		.uleb128 0x6
 544 0197 6F030000 		.4byte	.LASF32
 545 019b 06       		.byte	0x6
 546 019c 89       		.byte	0x89
 547 019d 3C030000 		.4byte	0x33c
 548 01a1 02       		.byte	0x2
 549 01a2 23       		.byte	0x23
 550 01a3 20       		.uleb128 0x20
 551 01a4 07       		.uleb128 0x7
 552 01a5 705F7500 		.ascii	"p_u\000"
 553 01a9 06       		.byte	0x6
 554 01aa AE       		.byte	0xae
 555 01ab BA040000 		.4byte	0x4ba
 556 01af 02       		.byte	0x2
 557 01b0 23       		.byte	0x23
 558 01b1 24       		.uleb128 0x24
 559 01b2 06       		.uleb128 0x6
 560 01b3 E3030000 		.4byte	.LASF33
 561 01b7 06       		.byte	0x6
 562 01b8 B3       		.byte	0xb3
 563 01b9 62020000 		.4byte	0x262
 564 01bd 02       		.byte	0x2
 565 01be 23       		.byte	0x23
 566 01bf 28       		.uleb128 0x28
ARM GAS  /tmp/cccfzIyK.s 			page 11


 567 01c0 06       		.uleb128 0x6
 568 01c1 7D030000 		.4byte	.LASF34
 569 01c5 06       		.byte	0x6
 570 01c6 B9       		.byte	0xb9
 571 01c7 40020000 		.4byte	0x240
 572 01cb 02       		.byte	0x2
 573 01cc 23       		.byte	0x23
 574 01cd 2C       		.uleb128 0x2c
 575 01ce 06       		.uleb128 0x6
 576 01cf 08000000 		.4byte	.LASF35
 577 01d3 06       		.byte	0x6
 578 01d4 BD       		.byte	0xbd
 579 01d5 D2000000 		.4byte	0xd2
 580 01d9 02       		.byte	0x2
 581 01da 23       		.byte	0x23
 582 01db 34       		.uleb128 0x34
 583 01dc 06       		.uleb128 0x6
 584 01dd 35030000 		.4byte	.LASF36
 585 01e1 06       		.byte	0x6
 586 01e2 C3       		.byte	0xc3
 587 01e3 DD000000 		.4byte	0xdd
 588 01e7 02       		.byte	0x2
 589 01e8 23       		.byte	0x23
 590 01e9 38       		.uleb128 0x38
 591 01ea 06       		.uleb128 0x6
 592 01eb D7020000 		.4byte	.LASF37
 593 01ef 06       		.byte	0x6
 594 01f0 CA       		.byte	0xca
 595 01f1 01050000 		.4byte	0x501
 596 01f5 02       		.byte	0x2
 597 01f6 23       		.byte	0x23
 598 01f7 3C       		.uleb128 0x3c
 599 01f8 06       		.uleb128 0x6
 600 01f9 64030000 		.4byte	.LASF38
 601 01fd 06       		.byte	0x6
 602 01fe CE       		.byte	0xce
 603 01ff C7000000 		.4byte	0xc7
 604 0203 02       		.byte	0x2
 605 0204 23       		.byte	0x23
 606 0205 40       		.uleb128 0x40
 607 0206 06       		.uleb128 0x6
 608 0207 96000000 		.4byte	.LASF39
 609 020b 06       		.byte	0x6
 610 020c D4       		.byte	0xd4
 611 020d 78020000 		.4byte	0x278
 612 0211 02       		.byte	0x2
 613 0212 23       		.byte	0x23
 614 0213 44       		.uleb128 0x44
 615 0214 00       		.byte	0
 616 0215 08       		.uleb128 0x8
 617 0216 08       		.byte	0x8
 618 0217 05       		.byte	0x5
 619 0218 61       		.byte	0x61
 620 0219 3A020000 		.4byte	0x23a
 621 021d 06       		.uleb128 0x6
 622 021e 06030000 		.4byte	.LASF22
 623 0222 05       		.byte	0x5
ARM GAS  /tmp/cccfzIyK.s 			page 12


 624 0223 62       		.byte	0x62
 625 0224 3A020000 		.4byte	0x23a
 626 0228 02       		.byte	0x2
 627 0229 23       		.byte	0x23
 628 022a 00       		.uleb128 0
 629 022b 06       		.uleb128 0x6
 630 022c 5E020000 		.4byte	.LASF23
 631 0230 05       		.byte	0x5
 632 0231 64       		.byte	0x64
 633 0232 3A020000 		.4byte	0x23a
 634 0236 02       		.byte	0x2
 635 0237 23       		.byte	0x23
 636 0238 04       		.uleb128 0x4
 637 0239 00       		.byte	0
 638 023a 09       		.uleb128 0x9
 639 023b 04       		.byte	0x4
 640 023c F3000000 		.4byte	0xf3
 641 0240 03       		.uleb128 0x3
 642 0241 1D020000 		.4byte	.LASF40
 643 0245 05       		.byte	0x5
 644 0246 66       		.byte	0x66
 645 0247 15020000 		.4byte	0x215
 646 024b 08       		.uleb128 0x8
 647 024c 04       		.byte	0x4
 648 024d 05       		.byte	0x5
 649 024e 6B       		.byte	0x6b
 650 024f 62020000 		.4byte	0x262
 651 0253 06       		.uleb128 0x6
 652 0254 06030000 		.4byte	.LASF22
 653 0258 05       		.byte	0x5
 654 0259 6D       		.byte	0x6d
 655 025a 3A020000 		.4byte	0x23a
 656 025e 02       		.byte	0x2
 657 025f 23       		.byte	0x23
 658 0260 00       		.uleb128 0
 659 0261 00       		.byte	0
 660 0262 03       		.uleb128 0x3
 661 0263 D7010000 		.4byte	.LASF41
 662 0267 05       		.byte	0x5
 663 0268 70       		.byte	0x70
 664 0269 4B020000 		.4byte	0x24b
 665 026d 03       		.uleb128 0x3
 666 026e 1A010000 		.4byte	.LASF42
 667 0272 07       		.byte	0x7
 668 0273 D7       		.byte	0xd7
 669 0274 78020000 		.4byte	0x278
 670 0278 0A       		.uleb128 0xa
 671 0279 04       		.byte	0x4
 672 027a 03       		.uleb128 0x3
 673 027b 01020000 		.4byte	.LASF43
 674 027f 07       		.byte	0x7
 675 0280 DD       		.byte	0xdd
 676 0281 94000000 		.4byte	0x94
 677 0285 05       		.uleb128 0x5
 678 0286 76030000 		.4byte	.LASF44
 679 028a 24       		.byte	0x24
 680 028b 07       		.byte	0x7
ARM GAS  /tmp/cccfzIyK.s 			page 13


 681 028c FE       		.byte	0xfe
 682 028d 12030000 		.4byte	0x312
 683 0291 0B       		.uleb128 0xb
 684 0292 723400   		.ascii	"r4\000"
 685 0295 07       		.byte	0x7
 686 0296 1101     		.2byte	0x111
 687 0298 6D020000 		.4byte	0x26d
 688 029c 02       		.byte	0x2
 689 029d 23       		.byte	0x23
 690 029e 00       		.uleb128 0
 691 029f 0B       		.uleb128 0xb
 692 02a0 723500   		.ascii	"r5\000"
 693 02a3 07       		.byte	0x7
 694 02a4 1201     		.2byte	0x112
 695 02a6 6D020000 		.4byte	0x26d
 696 02aa 02       		.byte	0x2
 697 02ab 23       		.byte	0x23
 698 02ac 04       		.uleb128 0x4
 699 02ad 0B       		.uleb128 0xb
 700 02ae 723600   		.ascii	"r6\000"
 701 02b1 07       		.byte	0x7
 702 02b2 1301     		.2byte	0x113
 703 02b4 6D020000 		.4byte	0x26d
 704 02b8 02       		.byte	0x2
 705 02b9 23       		.byte	0x23
 706 02ba 08       		.uleb128 0x8
 707 02bb 0B       		.uleb128 0xb
 708 02bc 723700   		.ascii	"r7\000"
 709 02bf 07       		.byte	0x7
 710 02c0 1401     		.2byte	0x114
 711 02c2 6D020000 		.4byte	0x26d
 712 02c6 02       		.byte	0x2
 713 02c7 23       		.byte	0x23
 714 02c8 0C       		.uleb128 0xc
 715 02c9 0B       		.uleb128 0xb
 716 02ca 723800   		.ascii	"r8\000"
 717 02cd 07       		.byte	0x7
 718 02ce 1501     		.2byte	0x115
 719 02d0 6D020000 		.4byte	0x26d
 720 02d4 02       		.byte	0x2
 721 02d5 23       		.byte	0x23
 722 02d6 10       		.uleb128 0x10
 723 02d7 0B       		.uleb128 0xb
 724 02d8 723900   		.ascii	"r9\000"
 725 02db 07       		.byte	0x7
 726 02dc 1601     		.2byte	0x116
 727 02de 6D020000 		.4byte	0x26d
 728 02e2 02       		.byte	0x2
 729 02e3 23       		.byte	0x23
 730 02e4 14       		.uleb128 0x14
 731 02e5 0B       		.uleb128 0xb
 732 02e6 72313000 		.ascii	"r10\000"
 733 02ea 07       		.byte	0x7
 734 02eb 1701     		.2byte	0x117
 735 02ed 6D020000 		.4byte	0x26d
 736 02f1 02       		.byte	0x2
 737 02f2 23       		.byte	0x23
ARM GAS  /tmp/cccfzIyK.s 			page 14


 738 02f3 18       		.uleb128 0x18
 739 02f4 0B       		.uleb128 0xb
 740 02f5 72313100 		.ascii	"r11\000"
 741 02f9 07       		.byte	0x7
 742 02fa 1801     		.2byte	0x118
 743 02fc 6D020000 		.4byte	0x26d
 744 0300 02       		.byte	0x2
 745 0301 23       		.byte	0x23
 746 0302 1C       		.uleb128 0x1c
 747 0303 0B       		.uleb128 0xb
 748 0304 6C7200   		.ascii	"lr\000"
 749 0307 07       		.byte	0x7
 750 0308 1901     		.2byte	0x119
 751 030a 6D020000 		.4byte	0x26d
 752 030e 02       		.byte	0x2
 753 030f 23       		.byte	0x23
 754 0310 20       		.uleb128 0x20
 755 0311 00       		.byte	0
 756 0312 0C       		.uleb128 0xc
 757 0313 7B010000 		.4byte	.LASF45
 758 0317 04       		.byte	0x4
 759 0318 07       		.byte	0x7
 760 0319 2301     		.2byte	0x123
 761 031b 2F030000 		.4byte	0x32f
 762 031f 0B       		.uleb128 0xb
 763 0320 72313300 		.ascii	"r13\000"
 764 0324 07       		.byte	0x7
 765 0325 2401     		.2byte	0x124
 766 0327 2F030000 		.4byte	0x32f
 767 032b 02       		.byte	0x2
 768 032c 23       		.byte	0x23
 769 032d 00       		.uleb128 0
 770 032e 00       		.byte	0
 771 032f 09       		.uleb128 0x9
 772 0330 04       		.byte	0x4
 773 0331 85020000 		.4byte	0x285
 774 0335 04       		.uleb128 0x4
 775 0336 04       		.byte	0x4
 776 0337 07       		.byte	0x7
 777 0338 0C020000 		.4byte	.LASF46
 778 033c 0D       		.uleb128 0xd
 779 033d E8000000 		.4byte	0xe8
 780 0341 05       		.uleb128 0x5
 781 0342 EF010000 		.4byte	.LASF47
 782 0346 10       		.byte	0x10
 783 0347 08       		.byte	0x8
 784 0348 2C       		.byte	0x2c
 785 0349 78030000 		.4byte	0x378
 786 034d 06       		.uleb128 0x6
 787 034e 9E000000 		.4byte	.LASF48
 788 0352 08       		.byte	0x8
 789 0353 2D       		.byte	0x2d
 790 0354 40020000 		.4byte	0x240
 791 0358 02       		.byte	0x2
 792 0359 23       		.byte	0x23
 793 035a 00       		.uleb128 0
 794 035b 06       		.uleb128 0x6
ARM GAS  /tmp/cccfzIyK.s 			page 15


 795 035c D5030000 		.4byte	.LASF49
 796 0360 08       		.byte	0x8
 797 0361 2F       		.byte	0x2f
 798 0362 3A020000 		.4byte	0x23a
 799 0366 02       		.byte	0x2
 800 0367 23       		.byte	0x23
 801 0368 08       		.uleb128 0x8
 802 0369 06       		.uleb128 0x6
 803 036a 53030000 		.4byte	.LASF50
 804 036e 08       		.byte	0x8
 805 036f 31       		.byte	0x31
 806 0370 78030000 		.4byte	0x378
 807 0374 02       		.byte	0x2
 808 0375 23       		.byte	0x23
 809 0376 0C       		.uleb128 0xc
 810 0377 00       		.byte	0
 811 0378 09       		.uleb128 0x9
 812 0379 04       		.byte	0x4
 813 037a 41030000 		.4byte	0x341
 814 037e 03       		.uleb128 0x3
 815 037f EF010000 		.4byte	.LASF47
 816 0383 08       		.byte	0x8
 817 0384 33       		.byte	0x33
 818 0385 41030000 		.4byte	0x341
 819 0389 03       		.uleb128 0x3
 820 038a 30000000 		.4byte	.LASF51
 821 038e 09       		.byte	0x9
 822 038f 2C       		.byte	0x2c
 823 0390 94030000 		.4byte	0x394
 824 0394 09       		.uleb128 0x9
 825 0395 04       		.byte	0x4
 826 0396 9A030000 		.4byte	0x39a
 827 039a 0E       		.uleb128 0xe
 828 039b 01       		.byte	0x1
 829 039c 78020000 		.4byte	0x278
 830 03a0 AA030000 		.4byte	0x3aa
 831 03a4 0F       		.uleb128 0xf
 832 03a5 30000000 		.4byte	0x30
 833 03a9 00       		.byte	0
 834 03aa 03       		.uleb128 0x3
 835 03ab 3E020000 		.4byte	.LASF52
 836 03af 0A       		.byte	0xa
 837 03b0 34       		.byte	0x34
 838 03b1 B5030000 		.4byte	0x3b5
 839 03b5 05       		.uleb128 0x5
 840 03b6 ED030000 		.4byte	.LASF53
 841 03ba 20       		.byte	0x20
 842 03bb 0A       		.byte	0xa
 843 03bc 47       		.byte	0x47
 844 03bd EC030000 		.4byte	0x3ec
 845 03c1 06       		.uleb128 0x6
 846 03c2 CC020000 		.4byte	.LASF54
 847 03c6 0A       		.byte	0xa
 848 03c7 48       		.byte	0x48
 849 03c8 89030000 		.4byte	0x389
 850 03cc 02       		.byte	0x2
 851 03cd 23       		.byte	0x23
ARM GAS  /tmp/cccfzIyK.s 			page 16


 852 03ce 00       		.uleb128 0
 853 03cf 06       		.uleb128 0x6
 854 03d0 5D000000 		.4byte	.LASF55
 855 03d4 0A       		.byte	0xa
 856 03d5 4A       		.byte	0x4a
 857 03d6 0B040000 		.4byte	0x40b
 858 03da 02       		.byte	0x2
 859 03db 23       		.byte	0x23
 860 03dc 08       		.uleb128 0x8
 861 03dd 06       		.uleb128 0x6
 862 03de 90000000 		.4byte	.LASF56
 863 03e2 0A       		.byte	0xa
 864 03e3 4C       		.byte	0x4c
 865 03e4 7E030000 		.4byte	0x37e
 866 03e8 02       		.byte	0x2
 867 03e9 23       		.byte	0x23
 868 03ea 10       		.uleb128 0x10
 869 03eb 00       		.byte	0
 870 03ec 10       		.uleb128 0x10
 871 03ed 04       		.byte	0x4
 872 03ee 0A       		.byte	0xa
 873 03ef 3C       		.byte	0x3c
 874 03f0 0B040000 		.4byte	0x40b
 875 03f4 11       		.uleb128 0x11
 876 03f5 6A000000 		.4byte	.LASF57
 877 03f9 0A       		.byte	0xa
 878 03fa 3D       		.byte	0x3d
 879 03fb 2C040000 		.4byte	0x42c
 880 03ff 11       		.uleb128 0x11
 881 0400 49030000 		.4byte	.LASF58
 882 0404 0A       		.byte	0xa
 883 0405 3E       		.byte	0x3e
 884 0406 32040000 		.4byte	0x432
 885 040a 00       		.byte	0
 886 040b 12       		.uleb128 0x12
 887 040c F3020000 		.4byte	.LASF88
 888 0410 08       		.byte	0x8
 889 0411 0A       		.byte	0xa
 890 0412 39       		.byte	0x39
 891 0413 2C040000 		.4byte	0x42c
 892 0417 11       		.uleb128 0x11
 893 0418 23010000 		.4byte	.LASF59
 894 041c 0A       		.byte	0xa
 895 041d 3A       		.byte	0x3a
 896 041e 7A020000 		.4byte	0x27a
 897 0422 13       		.uleb128 0x13
 898 0423 6800     		.ascii	"h\000"
 899 0425 0A       		.byte	0xa
 900 0426 41       		.byte	0x41
 901 0427 38040000 		.4byte	0x438
 902 042b 00       		.byte	0
 903 042c 09       		.uleb128 0x9
 904 042d 04       		.byte	0x4
 905 042e 0B040000 		.4byte	0x40b
 906 0432 09       		.uleb128 0x9
 907 0433 04       		.byte	0x4
 908 0434 AA030000 		.4byte	0x3aa
ARM GAS  /tmp/cccfzIyK.s 			page 17


 909 0438 08       		.uleb128 0x8
 910 0439 08       		.byte	0x8
 911 043a 0A       		.byte	0xa
 912 043b 3B       		.byte	0x3b
 913 043c 5B040000 		.4byte	0x45b
 914 0440 07       		.uleb128 0x7
 915 0441 7500     		.ascii	"u\000"
 916 0443 0A       		.byte	0xa
 917 0444 3F       		.byte	0x3f
 918 0445 EC030000 		.4byte	0x3ec
 919 0449 02       		.byte	0x2
 920 044a 23       		.byte	0x23
 921 044b 00       		.uleb128 0
 922 044c 06       		.uleb128 0x6
 923 044d 83010000 		.4byte	.LASF60
 924 0451 0A       		.byte	0xa
 925 0452 40       		.byte	0x40
 926 0453 30000000 		.4byte	0x30
 927 0457 02       		.byte	0x2
 928 0458 23       		.byte	0x23
 929 0459 04       		.uleb128 0x4
 930 045a 00       		.byte	0
 931 045b 05       		.uleb128 0x5
 932 045c 95030000 		.4byte	.LASF61
 933 0460 04       		.byte	0x4
 934 0461 0B       		.byte	0xb
 935 0462 2C       		.byte	0x2c
 936 0463 76040000 		.4byte	0x476
 937 0467 06       		.uleb128 0x6
 938 0468 49020000 		.4byte	.LASF62
 939 046c 0B       		.byte	0xb
 940 046d 2D       		.byte	0x2d
 941 046e 76040000 		.4byte	0x476
 942 0472 02       		.byte	0x2
 943 0473 23       		.byte	0x23
 944 0474 00       		.uleb128 0
 945 0475 00       		.byte	0
 946 0476 09       		.uleb128 0x9
 947 0477 04       		.byte	0x4
 948 0478 5B040000 		.4byte	0x45b
 949 047c 08       		.uleb128 0x8
 950 047d 0C       		.byte	0xc
 951 047e 0B       		.byte	0xb
 952 047f 34       		.byte	0x34
 953 0480 AF040000 		.4byte	0x4af
 954 0484 06       		.uleb128 0x6
 955 0485 E4000000 		.4byte	.LASF63
 956 0489 0B       		.byte	0xb
 957 048a 35       		.byte	0x35
 958 048b 76040000 		.4byte	0x476
 959 048f 02       		.byte	0x2
 960 0490 23       		.byte	0x23
 961 0491 00       		.uleb128 0
 962 0492 06       		.uleb128 0x6
 963 0493 2A020000 		.4byte	.LASF64
 964 0497 0B       		.byte	0xb
 965 0498 36       		.byte	0x36
ARM GAS  /tmp/cccfzIyK.s 			page 18


 966 0499 30000000 		.4byte	0x30
 967 049d 02       		.byte	0x2
 968 049e 23       		.byte	0x23
 969 049f 04       		.uleb128 0x4
 970 04a0 06       		.uleb128 0x6
 971 04a1 0E010000 		.4byte	.LASF65
 972 04a5 0B       		.byte	0xb
 973 04a6 38       		.byte	0x38
 974 04a7 89030000 		.4byte	0x389
 975 04ab 02       		.byte	0x2
 976 04ac 23       		.byte	0x23
 977 04ad 08       		.uleb128 0x8
 978 04ae 00       		.byte	0
 979 04af 03       		.uleb128 0x3
 980 04b0 25000000 		.4byte	.LASF66
 981 04b4 0B       		.byte	0xb
 982 04b5 3A       		.byte	0x3a
 983 04b6 7C040000 		.4byte	0x47c
 984 04ba 10       		.uleb128 0x10
 985 04bb 04       		.byte	0x4
 986 04bc 06       		.byte	0x6
 987 04bd 90       		.byte	0x90
 988 04be EF040000 		.4byte	0x4ef
 989 04c2 11       		.uleb128 0x11
 990 04c3 15000000 		.4byte	.LASF67
 991 04c7 06       		.byte	0x6
 992 04c8 97       		.byte	0x97
 993 04c9 D2000000 		.4byte	0xd2
 994 04cd 11       		.uleb128 0x11
 995 04ce 54000000 		.4byte	.LASF68
 996 04d2 06       		.byte	0x6
 997 04d3 9E       		.byte	0x9e
 998 04d4 D2000000 		.4byte	0xd2
 999 04d8 11       		.uleb128 0x11
 1000 04d9 C7030000 		.4byte	.LASF69
 1001 04dd 06       		.byte	0x6
 1002 04de A5       		.byte	0xa5
 1003 04df 78020000 		.4byte	0x278
 1004 04e3 11       		.uleb128 0x11
 1005 04e4 FF020000 		.4byte	.LASF70
 1006 04e8 06       		.byte	0x6
 1007 04e9 AC       		.byte	0xac
 1008 04ea DD000000 		.4byte	0xdd
 1009 04ee 00       		.byte	0
 1010 04ef 09       		.uleb128 0x9
 1011 04f0 04       		.byte	0x4
 1012 04f1 F5040000 		.4byte	0x4f5
 1013 04f5 14       		.uleb128 0x14
 1014 04f6 FA040000 		.4byte	0x4fa
 1015 04fa 04       		.uleb128 0x4
 1016 04fb 01       		.byte	0x1
 1017 04fc 08       		.byte	0x8
 1018 04fd 4E030000 		.4byte	.LASF71
 1019 0501 09       		.uleb128 0x9
 1020 0502 04       		.byte	0x4
 1021 0503 7E030000 		.4byte	0x37e
 1022 0507 03       		.uleb128 0x3
ARM GAS  /tmp/cccfzIyK.s 			page 19


 1023 0508 00000000 		.4byte	.LASF72
 1024 050c 06       		.byte	0x6
 1025 050d DF       		.byte	0xdf
 1026 050e 12050000 		.4byte	0x512
 1027 0512 09       		.uleb128 0x9
 1028 0513 04       		.byte	0x4
 1029 0514 18050000 		.4byte	0x518
 1030 0518 0E       		.uleb128 0xe
 1031 0519 01       		.byte	0x1
 1032 051a D2000000 		.4byte	0xd2
 1033 051e 28050000 		.4byte	0x528
 1034 0522 0F       		.uleb128 0xf
 1035 0523 78020000 		.4byte	0x278
 1036 0527 00       		.byte	0
 1037 0528 15       		.uleb128 0x15
 1038 0529 01       		.byte	0x1
 1039 052a F5010000 		.4byte	.LASF74
 1040 052e 01       		.byte	0x1
 1041 052f 34       		.byte	0x34
 1042 0530 01       		.byte	0x1
 1043 0531 3A020000 		.4byte	0x23a
 1044 0535 00000000 		.4byte	.LFB7
 1045 0539 14000000 		.4byte	.LFE7
 1046 053d 02       		.byte	0x2
 1047 053e 7D       		.byte	0x7d
 1048 053f 00       		.sleb128 0
 1049 0540 01       		.byte	0x1
 1050 0541 88050000 		.4byte	0x588
 1051 0545 16       		.uleb128 0x16
 1052 0546 747000   		.ascii	"tp\000"
 1053 0549 01       		.byte	0x1
 1054 054a 34       		.byte	0x34
 1055 054b 3A020000 		.4byte	0x23a
 1056 054f 01       		.byte	0x1
 1057 0550 50       		.byte	0x50
 1058 0551 17       		.uleb128 0x17
 1059 0552 00000000 		.4byte	.LBB2
 1060 0556 06000000 		.4byte	.LBE2
 1061 055a 6E050000 		.4byte	0x56e
 1062 055e 18       		.uleb128 0x18
 1063 055f 746D7000 		.ascii	"tmp\000"
 1064 0563 01       		.byte	0x1
 1065 0564 36       		.byte	0x36
 1066 0565 7B000000 		.4byte	0x7b
 1067 0569 00000000 		.4byte	.LLST0
 1068 056d 00       		.byte	0
 1069 056e 19       		.uleb128 0x19
 1070 056f 0C000000 		.4byte	.LBB3
 1071 0573 12000000 		.4byte	.LBE3
 1072 0577 18       		.uleb128 0x18
 1073 0578 746D7000 		.ascii	"tmp\000"
 1074 057c 01       		.byte	0x1
 1075 057d 39       		.byte	0x39
 1076 057e 7B000000 		.4byte	0x7b
 1077 0582 13000000 		.4byte	.LLST1
 1078 0586 00       		.byte	0
 1079 0587 00       		.byte	0
ARM GAS  /tmp/cccfzIyK.s 			page 20


 1080 0588 1A       		.uleb128 0x1a
 1081 0589 01       		.byte	0x1
 1082 058a 15030000 		.4byte	.LASF89
 1083 058e 01       		.byte	0x1
 1084 058f 4A       		.byte	0x4a
 1085 0590 01       		.byte	0x1
 1086 0591 00000000 		.4byte	.LFB8
 1087 0595 4C000000 		.4byte	.LFE8
 1088 0599 02       		.byte	0x2
 1089 059a 7D       		.byte	0x7d
 1090 059b 00       		.sleb128 0
 1091 059c 01       		.byte	0x1
 1092 059d 21060000 		.4byte	0x621
 1093 05a1 1B       		.uleb128 0x1b
 1094 05a2 747000   		.ascii	"tp\000"
 1095 05a5 01       		.byte	0x1
 1096 05a6 4A       		.byte	0x4a
 1097 05a7 3A020000 		.4byte	0x23a
 1098 05ab 26000000 		.4byte	.LLST2
 1099 05af 1C       		.uleb128 0x1c
 1100 05b0 59020000 		.4byte	.LASF73
 1101 05b4 01       		.byte	0x1
 1102 05b5 4B       		.byte	0x4b
 1103 05b6 BC000000 		.4byte	0xbc
 1104 05ba 6B000000 		.4byte	.LLST3
 1105 05be 17       		.uleb128 0x17
 1106 05bf 02000000 		.4byte	.LBB4
 1107 05c3 08000000 		.4byte	.LBE4
 1108 05c7 DB050000 		.4byte	0x5db
 1109 05cb 18       		.uleb128 0x18
 1110 05cc 746D7000 		.ascii	"tmp\000"
 1111 05d0 01       		.byte	0x1
 1112 05d1 4D       		.byte	0x4d
 1113 05d2 7B000000 		.4byte	0x7b
 1114 05d6 C5000000 		.4byte	.LLST4
 1115 05da 00       		.byte	0
 1116 05db 17       		.uleb128 0x17
 1117 05dc 10000000 		.4byte	.LBB5
 1118 05e0 16000000 		.4byte	.LBE5
 1119 05e4 F8050000 		.4byte	0x5f8
 1120 05e8 18       		.uleb128 0x18
 1121 05e9 746D7000 		.ascii	"tmp\000"
 1122 05ed 01       		.byte	0x1
 1123 05ee 50       		.byte	0x50
 1124 05ef 7B000000 		.4byte	0x7b
 1125 05f3 D8000000 		.4byte	.LLST5
 1126 05f7 00       		.byte	0
 1127 05f8 1D       		.uleb128 0x1d
 1128 05f9 3E000000 		.4byte	.LVL17
 1129 05fd 01       		.byte	0x1
 1130 05fe 3D080000 		.4byte	0x83d
 1131 0602 0E060000 		.4byte	0x60e
 1132 0606 1E       		.uleb128 0x1e
 1133 0607 01       		.byte	0x1
 1134 0608 51       		.byte	0x51
 1135 0609 03       		.byte	0x3
 1136 060a F3       		.byte	0xf3
ARM GAS  /tmp/cccfzIyK.s 			page 21


 1137 060b 01       		.uleb128 0x1
 1138 060c 50       		.byte	0x50
 1139 060d 00       		.byte	0
 1140 060e 1F       		.uleb128 0x1f
 1141 060f 4C000000 		.4byte	.LVL18
 1142 0613 01       		.byte	0x1
 1143 0614 56080000 		.4byte	0x856
 1144 0618 1E       		.uleb128 0x1e
 1145 0619 01       		.byte	0x1
 1146 061a 50       		.byte	0x50
 1147 061b 03       		.byte	0x3
 1148 061c F3       		.byte	0xf3
 1149 061d 01       		.uleb128 0x1
 1150 061e 50       		.byte	0x50
 1151 061f 00       		.byte	0
 1152 0620 00       		.byte	0
 1153 0621 20       		.uleb128 0x20
 1154 0622 01       		.byte	0x1
 1155 0623 C7000000 		.4byte	.LASF75
 1156 0627 01       		.byte	0x1
 1157 0628 82       		.byte	0x82
 1158 0629 01       		.byte	0x1
 1159 062a 3A020000 		.4byte	0x23a
 1160 062e 00000000 		.4byte	.LFB9
 1161 0632 3E000000 		.4byte	.LFE9
 1162 0636 F6000000 		.4byte	.LLST6
 1163 063a 01       		.byte	0x1
 1164 063b 37070000 		.4byte	0x737
 1165 063f 21       		.uleb128 0x21
 1166 0640 64000000 		.4byte	.LASF76
 1167 0644 01       		.byte	0x1
 1168 0645 82       		.byte	0x82
 1169 0646 32040000 		.4byte	0x432
 1170 064a 22010000 		.4byte	.LLST7
 1171 064e 21       		.uleb128 0x21
 1172 064f 83010000 		.4byte	.LASF60
 1173 0653 01       		.byte	0x1
 1174 0654 82       		.byte	0x82
 1175 0655 30000000 		.4byte	0x30
 1176 0659 43010000 		.4byte	.LLST8
 1177 065d 21       		.uleb128 0x21
 1178 065e 39020000 		.4byte	.LASF77
 1179 0662 01       		.byte	0x1
 1180 0663 83       		.byte	0x83
 1181 0664 C7000000 		.4byte	0xc7
 1182 0668 61010000 		.4byte	.LLST9
 1183 066c 1B       		.uleb128 0x1b
 1184 066d 706600   		.ascii	"pf\000"
 1185 0670 01       		.byte	0x1
 1186 0671 83       		.byte	0x83
 1187 0672 07050000 		.4byte	0x507
 1188 0676 7F010000 		.4byte	.LLST10
 1189 067a 16       		.uleb128 0x16
 1190 067b 61726700 		.ascii	"arg\000"
 1191 067f 01       		.byte	0x1
 1192 0680 83       		.byte	0x83
 1193 0681 78020000 		.4byte	0x278
ARM GAS  /tmp/cccfzIyK.s 			page 22


 1194 0685 02       		.byte	0x2
 1195 0686 91       		.byte	0x91
 1196 0687 00       		.sleb128 0
 1197 0688 18       		.uleb128 0x18
 1198 0689 77737000 		.ascii	"wsp\000"
 1199 068d 01       		.byte	0x1
 1200 068e 84       		.byte	0x84
 1201 068f 78020000 		.4byte	0x278
 1202 0693 9D010000 		.4byte	.LLST11
 1203 0697 18       		.uleb128 0x18
 1204 0698 747000   		.ascii	"tp\000"
 1205 069b 01       		.byte	0x1
 1206 069c 85       		.byte	0x85
 1207 069d 3A020000 		.4byte	0x23a
 1208 06a1 B0010000 		.4byte	.LLST12
 1209 06a5 17       		.uleb128 0x17
 1210 06a6 12000000 		.4byte	.LBB6
 1211 06aa 18000000 		.4byte	.LBE6
 1212 06ae C2060000 		.4byte	0x6c2
 1213 06b2 18       		.uleb128 0x18
 1214 06b3 746D7000 		.ascii	"tmp\000"
 1215 06b7 01       		.byte	0x1
 1216 06b8 94       		.byte	0x94
 1217 06b9 7B000000 		.4byte	0x7b
 1218 06bd CE010000 		.4byte	.LLST13
 1219 06c1 00       		.byte	0
 1220 06c2 17       		.uleb128 0x17
 1221 06c3 32000000 		.4byte	.LBB7
 1222 06c7 38000000 		.4byte	.LBE7
 1223 06cb DF060000 		.4byte	0x6df
 1224 06cf 18       		.uleb128 0x18
 1225 06d0 746D7000 		.ascii	"tmp\000"
 1226 06d4 01       		.byte	0x1
 1227 06d5 98       		.byte	0x98
 1228 06d6 7B000000 		.4byte	0x7b
 1229 06da E1010000 		.4byte	.LLST14
 1230 06de 00       		.byte	0
 1231 06df 22       		.uleb128 0x22
 1232 06e0 0E000000 		.4byte	.LVL20
 1233 06e4 6A080000 		.4byte	0x86a
 1234 06e8 FA060000 		.4byte	0x6fa
 1235 06ec 1E       		.uleb128 0x1e
 1236 06ed 01       		.byte	0x1
 1237 06ee 51       		.byte	0x51
 1238 06ef 02       		.byte	0x2
 1239 06f0 75       		.byte	0x75
 1240 06f1 00       		.sleb128 0
 1241 06f2 1E       		.uleb128 0x1e
 1242 06f3 01       		.byte	0x1
 1243 06f4 50       		.byte	0x50
 1244 06f5 03       		.byte	0x3
 1245 06f6 F3       		.byte	0xf3
 1246 06f7 01       		.uleb128 0x1
 1247 06f8 50       		.byte	0x50
 1248 06f9 00       		.byte	0
 1249 06fa 22       		.uleb128 0x22
 1250 06fb 26000000 		.4byte	.LVL24
ARM GAS  /tmp/cccfzIyK.s 			page 23


 1251 06ff 87080000 		.4byte	0x887
 1252 0703 21070000 		.4byte	0x721
 1253 0707 1E       		.uleb128 0x1e
 1254 0708 01       		.byte	0x1
 1255 0709 53       		.byte	0x53
 1256 070a 02       		.byte	0x2
 1257 070b 76       		.byte	0x76
 1258 070c 00       		.sleb128 0
 1259 070d 1E       		.uleb128 0x1e
 1260 070e 01       		.byte	0x1
 1261 070f 52       		.byte	0x52
 1262 0710 02       		.byte	0x2
 1263 0711 77       		.byte	0x77
 1264 0712 00       		.sleb128 0
 1265 0713 1E       		.uleb128 0x1e
 1266 0714 01       		.byte	0x1
 1267 0715 51       		.byte	0x51
 1268 0716 02       		.byte	0x2
 1269 0717 75       		.byte	0x75
 1270 0718 00       		.sleb128 0
 1271 0719 1E       		.uleb128 0x1e
 1272 071a 02       		.byte	0x2
 1273 071b 7D       		.byte	0x7d
 1274 071c 00       		.sleb128 0
 1275 071d 02       		.byte	0x2
 1276 071e 74       		.byte	0x74
 1277 071f 00       		.sleb128 0
 1278 0720 00       		.byte	0
 1279 0721 23       		.uleb128 0x23
 1280 0722 32000000 		.4byte	.LVL26
 1281 0726 B4080000 		.4byte	0x8b4
 1282 072a 1E       		.uleb128 0x1e
 1283 072b 01       		.byte	0x1
 1284 072c 51       		.byte	0x51
 1285 072d 01       		.byte	0x1
 1286 072e 30       		.byte	0x30
 1287 072f 1E       		.uleb128 0x1e
 1288 0730 01       		.byte	0x1
 1289 0731 50       		.byte	0x50
 1290 0732 02       		.byte	0x2
 1291 0733 74       		.byte	0x74
 1292 0734 00       		.sleb128 0
 1293 0735 00       		.byte	0
 1294 0736 00       		.byte	0
 1295 0737 20       		.uleb128 0x20
 1296 0738 01       		.byte	0x1
 1297 0739 F4000000 		.4byte	.LASF78
 1298 073d 01       		.byte	0x1
 1299 073e B3       		.byte	0xb3
 1300 073f 01       		.byte	0x1
 1301 0740 3A020000 		.4byte	0x23a
 1302 0744 00000000 		.4byte	.LFB10
 1303 0748 44000000 		.4byte	.LFE10
 1304 074c F4010000 		.4byte	.LLST15
 1305 0750 01       		.byte	0x1
 1306 0751 37080000 		.4byte	0x837
 1307 0755 1B       		.uleb128 0x1b
ARM GAS  /tmp/cccfzIyK.s 			page 24


 1308 0756 6D7000   		.ascii	"mp\000"
 1309 0759 01       		.byte	0x1
 1310 075a B3       		.byte	0xb3
 1311 075b 37080000 		.4byte	0x837
 1312 075f 20020000 		.4byte	.LLST16
 1313 0763 21       		.uleb128 0x21
 1314 0764 39020000 		.4byte	.LASF77
 1315 0768 01       		.byte	0x1
 1316 0769 B3       		.byte	0xb3
 1317 076a C7000000 		.4byte	0xc7
 1318 076e 3E020000 		.4byte	.LLST17
 1319 0772 1B       		.uleb128 0x1b
 1320 0773 706600   		.ascii	"pf\000"
 1321 0776 01       		.byte	0x1
 1322 0777 B4       		.byte	0xb4
 1323 0778 07050000 		.4byte	0x507
 1324 077c 5C020000 		.4byte	.LLST18
 1325 0780 1B       		.uleb128 0x1b
 1326 0781 61726700 		.ascii	"arg\000"
 1327 0785 01       		.byte	0x1
 1328 0786 B4       		.byte	0xb4
 1329 0787 78020000 		.4byte	0x278
 1330 078b 7A020000 		.4byte	.LLST19
 1331 078f 18       		.uleb128 0x18
 1332 0790 77737000 		.ascii	"wsp\000"
 1333 0794 01       		.byte	0x1
 1334 0795 B5       		.byte	0xb5
 1335 0796 78020000 		.4byte	0x278
 1336 079a 98020000 		.4byte	.LLST20
 1337 079e 18       		.uleb128 0x18
 1338 079f 747000   		.ascii	"tp\000"
 1339 07a2 01       		.byte	0x1
 1340 07a3 B6       		.byte	0xb6
 1341 07a4 3A020000 		.4byte	0x23a
 1342 07a8 B6020000 		.4byte	.LLST21
 1343 07ac 17       		.uleb128 0x17
 1344 07ad 16000000 		.4byte	.LBB8
 1345 07b1 1C000000 		.4byte	.LBE8
 1346 07b5 C9070000 		.4byte	0x7c9
 1347 07b9 18       		.uleb128 0x18
 1348 07ba 746D7000 		.ascii	"tmp\000"
 1349 07be 01       		.byte	0x1
 1350 07bf C7       		.byte	0xc7
 1351 07c0 7B000000 		.4byte	0x7b
 1352 07c4 D4020000 		.4byte	.LLST22
 1353 07c8 00       		.byte	0
 1354 07c9 17       		.uleb128 0x17
 1355 07ca 36000000 		.4byte	.LBB9
 1356 07ce 3C000000 		.4byte	.LBE9
 1357 07d2 E6070000 		.4byte	0x7e6
 1358 07d6 18       		.uleb128 0x18
 1359 07d7 746D7000 		.ascii	"tmp\000"
 1360 07db 01       		.byte	0x1
 1361 07dc CC       		.byte	0xcc
 1362 07dd 7B000000 		.4byte	0x7b
 1363 07e1 E7020000 		.4byte	.LLST23
 1364 07e5 00       		.byte	0
ARM GAS  /tmp/cccfzIyK.s 			page 25


 1365 07e6 22       		.uleb128 0x22
 1366 07e7 12000000 		.4byte	.LVL30
 1367 07eb CD080000 		.4byte	0x8cd
 1368 07ef FA070000 		.4byte	0x7fa
 1369 07f3 1E       		.uleb128 0x1e
 1370 07f4 01       		.byte	0x1
 1371 07f5 50       		.byte	0x50
 1372 07f6 02       		.byte	0x2
 1373 07f7 75       		.byte	0x75
 1374 07f8 00       		.sleb128 0
 1375 07f9 00       		.byte	0
 1376 07fa 22       		.uleb128 0x22
 1377 07fb 28000000 		.4byte	.LVL34
 1378 07ff 87080000 		.4byte	0x887
 1379 0803 21080000 		.4byte	0x821
 1380 0807 1E       		.uleb128 0x1e
 1381 0808 01       		.byte	0x1
 1382 0809 53       		.byte	0x53
 1383 080a 02       		.byte	0x2
 1384 080b 78       		.byte	0x78
 1385 080c 00       		.sleb128 0
 1386 080d 1E       		.uleb128 0x1e
 1387 080e 01       		.byte	0x1
 1388 080f 52       		.byte	0x52
 1389 0810 02       		.byte	0x2
 1390 0811 76       		.byte	0x76
 1391 0812 00       		.sleb128 0
 1392 0813 1E       		.uleb128 0x1e
 1393 0814 01       		.byte	0x1
 1394 0815 50       		.byte	0x50
 1395 0816 02       		.byte	0x2
 1396 0817 74       		.byte	0x74
 1397 0818 00       		.sleb128 0
 1398 0819 1E       		.uleb128 0x1e
 1399 081a 02       		.byte	0x2
 1400 081b 7D       		.byte	0x7d
 1401 081c 00       		.sleb128 0
 1402 081d 02       		.byte	0x2
 1403 081e 77       		.byte	0x77
 1404 081f 00       		.sleb128 0
 1405 0820 00       		.byte	0
 1406 0821 23       		.uleb128 0x23
 1407 0822 36000000 		.4byte	.LVL36
 1408 0826 B4080000 		.4byte	0x8b4
 1409 082a 1E       		.uleb128 0x1e
 1410 082b 01       		.byte	0x1
 1411 082c 51       		.byte	0x51
 1412 082d 01       		.byte	0x1
 1413 082e 30       		.byte	0x30
 1414 082f 1E       		.uleb128 0x1e
 1415 0830 01       		.byte	0x1
 1416 0831 50       		.byte	0x50
 1417 0832 02       		.byte	0x2
 1418 0833 74       		.byte	0x74
 1419 0834 00       		.sleb128 0
 1420 0835 00       		.byte	0
 1421 0836 00       		.byte	0
ARM GAS  /tmp/cccfzIyK.s 			page 26


 1422 0837 09       		.uleb128 0x9
 1423 0838 04       		.byte	0x4
 1424 0839 AF040000 		.4byte	0x4af
 1425 083d 24       		.uleb128 0x24
 1426 083e 01       		.byte	0x1
 1427 083f BC030000 		.4byte	.LASF79
 1428 0843 0B       		.byte	0xb
 1429 0844 5C       		.byte	0x5c
 1430 0845 01       		.byte	0x1
 1431 0846 01       		.byte	0x1
 1432 0847 56080000 		.4byte	0x856
 1433 084b 0F       		.uleb128 0xf
 1434 084c 37080000 		.4byte	0x837
 1435 0850 0F       		.uleb128 0xf
 1436 0851 78020000 		.4byte	0x278
 1437 0855 00       		.byte	0
 1438 0856 24       		.uleb128 0x24
 1439 0857 01       		.byte	0x1
 1440 0858 A6000000 		.4byte	.LASF80
 1441 085c 0A       		.byte	0xa
 1442 085d 5A       		.byte	0x5a
 1443 085e 01       		.byte	0x1
 1444 085f 01       		.byte	0x1
 1445 0860 6A080000 		.4byte	0x86a
 1446 0864 0F       		.uleb128 0xf
 1447 0865 78020000 		.4byte	0x278
 1448 0869 00       		.byte	0
 1449 086a 25       		.uleb128 0x25
 1450 086b 01       		.byte	0x1
 1451 086c 29030000 		.4byte	.LASF81
 1452 0870 0A       		.byte	0xa
 1453 0871 59       		.byte	0x59
 1454 0872 01       		.byte	0x1
 1455 0873 78020000 		.4byte	0x278
 1456 0877 01       		.byte	0x1
 1457 0878 87080000 		.4byte	0x887
 1458 087c 0F       		.uleb128 0xf
 1459 087d 32040000 		.4byte	0x432
 1460 0881 0F       		.uleb128 0xf
 1461 0882 30000000 		.4byte	0x30
 1462 0886 00       		.byte	0
 1463 0887 26       		.uleb128 0x26
 1464 0888 01       		.byte	0x1
 1465 0889 B1000000 		.4byte	.LASF82
 1466 088d 06       		.byte	0x6
 1467 088e 6201     		.2byte	0x162
 1468 0890 01       		.byte	0x1
 1469 0891 3A020000 		.4byte	0x23a
 1470 0895 01       		.byte	0x1
 1471 0896 B4080000 		.4byte	0x8b4
 1472 089a 0F       		.uleb128 0xf
 1473 089b 78020000 		.4byte	0x278
 1474 089f 0F       		.uleb128 0xf
 1475 08a0 30000000 		.4byte	0x30
 1476 08a4 0F       		.uleb128 0xf
 1477 08a5 C7000000 		.4byte	0xc7
 1478 08a9 0F       		.uleb128 0xf
ARM GAS  /tmp/cccfzIyK.s 			page 27


 1479 08aa 07050000 		.4byte	0x507
 1480 08ae 0F       		.uleb128 0xf
 1481 08af 78020000 		.4byte	0x278
 1482 08b3 00       		.byte	0
 1483 08b4 24       		.uleb128 0x24
 1484 08b5 01       		.byte	0x1
 1485 08b6 88030000 		.4byte	.LASF83
 1486 08ba 0C       		.byte	0xc
 1487 08bb 9C       		.byte	0x9c
 1488 08bc 01       		.byte	0x1
 1489 08bd 01       		.byte	0x1
 1490 08be CD080000 		.4byte	0x8cd
 1491 08c2 0F       		.uleb128 0xf
 1492 08c3 3A020000 		.4byte	0x23a
 1493 08c7 0F       		.uleb128 0xf
 1494 08c8 D2000000 		.4byte	0xd2
 1495 08cc 00       		.byte	0
 1496 08cd 27       		.uleb128 0x27
 1497 08ce 01       		.byte	0x1
 1498 08cf B0030000 		.4byte	.LASF84
 1499 08d3 0B       		.byte	0xb
 1500 08d4 5A       		.byte	0x5a
 1501 08d5 01       		.byte	0x1
 1502 08d6 78020000 		.4byte	0x278
 1503 08da 01       		.byte	0x1
 1504 08db 0F       		.uleb128 0xf
 1505 08dc 37080000 		.4byte	0x837
 1506 08e0 00       		.byte	0
 1507 08e1 00       		.byte	0
 1508              		.section	.debug_abbrev,"",%progbits
 1509              	.Ldebug_abbrev0:
 1510 0000 01       		.uleb128 0x1
 1511 0001 11       		.uleb128 0x11
 1512 0002 01       		.byte	0x1
 1513 0003 25       		.uleb128 0x25
 1514 0004 0E       		.uleb128 0xe
 1515 0005 13       		.uleb128 0x13
 1516 0006 0B       		.uleb128 0xb
 1517 0007 03       		.uleb128 0x3
 1518 0008 0E       		.uleb128 0xe
 1519 0009 1B       		.uleb128 0x1b
 1520 000a 0E       		.uleb128 0xe
 1521 000b 55       		.uleb128 0x55
 1522 000c 06       		.uleb128 0x6
 1523 000d 11       		.uleb128 0x11
 1524 000e 01       		.uleb128 0x1
 1525 000f 52       		.uleb128 0x52
 1526 0010 01       		.uleb128 0x1
 1527 0011 10       		.uleb128 0x10
 1528 0012 06       		.uleb128 0x6
 1529 0013 00       		.byte	0
 1530 0014 00       		.byte	0
 1531 0015 02       		.uleb128 0x2
 1532 0016 24       		.uleb128 0x24
 1533 0017 00       		.byte	0
 1534 0018 0B       		.uleb128 0xb
 1535 0019 0B       		.uleb128 0xb
ARM GAS  /tmp/cccfzIyK.s 			page 28


 1536 001a 3E       		.uleb128 0x3e
 1537 001b 0B       		.uleb128 0xb
 1538 001c 03       		.uleb128 0x3
 1539 001d 08       		.uleb128 0x8
 1540 001e 00       		.byte	0
 1541 001f 00       		.byte	0
 1542 0020 03       		.uleb128 0x3
 1543 0021 16       		.uleb128 0x16
 1544 0022 00       		.byte	0
 1545 0023 03       		.uleb128 0x3
 1546 0024 0E       		.uleb128 0xe
 1547 0025 3A       		.uleb128 0x3a
 1548 0026 0B       		.uleb128 0xb
 1549 0027 3B       		.uleb128 0x3b
 1550 0028 0B       		.uleb128 0xb
 1551 0029 49       		.uleb128 0x49
 1552 002a 13       		.uleb128 0x13
 1553 002b 00       		.byte	0
 1554 002c 00       		.byte	0
 1555 002d 04       		.uleb128 0x4
 1556 002e 24       		.uleb128 0x24
 1557 002f 00       		.byte	0
 1558 0030 0B       		.uleb128 0xb
 1559 0031 0B       		.uleb128 0xb
 1560 0032 3E       		.uleb128 0x3e
 1561 0033 0B       		.uleb128 0xb
 1562 0034 03       		.uleb128 0x3
 1563 0035 0E       		.uleb128 0xe
 1564 0036 00       		.byte	0
 1565 0037 00       		.byte	0
 1566 0038 05       		.uleb128 0x5
 1567 0039 13       		.uleb128 0x13
 1568 003a 01       		.byte	0x1
 1569 003b 03       		.uleb128 0x3
 1570 003c 0E       		.uleb128 0xe
 1571 003d 0B       		.uleb128 0xb
 1572 003e 0B       		.uleb128 0xb
 1573 003f 3A       		.uleb128 0x3a
 1574 0040 0B       		.uleb128 0xb
 1575 0041 3B       		.uleb128 0x3b
 1576 0042 0B       		.uleb128 0xb
 1577 0043 01       		.uleb128 0x1
 1578 0044 13       		.uleb128 0x13
 1579 0045 00       		.byte	0
 1580 0046 00       		.byte	0
 1581 0047 06       		.uleb128 0x6
 1582 0048 0D       		.uleb128 0xd
 1583 0049 00       		.byte	0
 1584 004a 03       		.uleb128 0x3
 1585 004b 0E       		.uleb128 0xe
 1586 004c 3A       		.uleb128 0x3a
 1587 004d 0B       		.uleb128 0xb
 1588 004e 3B       		.uleb128 0x3b
 1589 004f 0B       		.uleb128 0xb
 1590 0050 49       		.uleb128 0x49
 1591 0051 13       		.uleb128 0x13
 1592 0052 38       		.uleb128 0x38
ARM GAS  /tmp/cccfzIyK.s 			page 29


 1593 0053 0A       		.uleb128 0xa
 1594 0054 00       		.byte	0
 1595 0055 00       		.byte	0
 1596 0056 07       		.uleb128 0x7
 1597 0057 0D       		.uleb128 0xd
 1598 0058 00       		.byte	0
 1599 0059 03       		.uleb128 0x3
 1600 005a 08       		.uleb128 0x8
 1601 005b 3A       		.uleb128 0x3a
 1602 005c 0B       		.uleb128 0xb
 1603 005d 3B       		.uleb128 0x3b
 1604 005e 0B       		.uleb128 0xb
 1605 005f 49       		.uleb128 0x49
 1606 0060 13       		.uleb128 0x13
 1607 0061 38       		.uleb128 0x38
 1608 0062 0A       		.uleb128 0xa
 1609 0063 00       		.byte	0
 1610 0064 00       		.byte	0
 1611 0065 08       		.uleb128 0x8
 1612 0066 13       		.uleb128 0x13
 1613 0067 01       		.byte	0x1
 1614 0068 0B       		.uleb128 0xb
 1615 0069 0B       		.uleb128 0xb
 1616 006a 3A       		.uleb128 0x3a
 1617 006b 0B       		.uleb128 0xb
 1618 006c 3B       		.uleb128 0x3b
 1619 006d 0B       		.uleb128 0xb
 1620 006e 01       		.uleb128 0x1
 1621 006f 13       		.uleb128 0x13
 1622 0070 00       		.byte	0
 1623 0071 00       		.byte	0
 1624 0072 09       		.uleb128 0x9
 1625 0073 0F       		.uleb128 0xf
 1626 0074 00       		.byte	0
 1627 0075 0B       		.uleb128 0xb
 1628 0076 0B       		.uleb128 0xb
 1629 0077 49       		.uleb128 0x49
 1630 0078 13       		.uleb128 0x13
 1631 0079 00       		.byte	0
 1632 007a 00       		.byte	0
 1633 007b 0A       		.uleb128 0xa
 1634 007c 0F       		.uleb128 0xf
 1635 007d 00       		.byte	0
 1636 007e 0B       		.uleb128 0xb
 1637 007f 0B       		.uleb128 0xb
 1638 0080 00       		.byte	0
 1639 0081 00       		.byte	0
 1640 0082 0B       		.uleb128 0xb
 1641 0083 0D       		.uleb128 0xd
 1642 0084 00       		.byte	0
 1643 0085 03       		.uleb128 0x3
 1644 0086 08       		.uleb128 0x8
 1645 0087 3A       		.uleb128 0x3a
 1646 0088 0B       		.uleb128 0xb
 1647 0089 3B       		.uleb128 0x3b
 1648 008a 05       		.uleb128 0x5
 1649 008b 49       		.uleb128 0x49
ARM GAS  /tmp/cccfzIyK.s 			page 30


 1650 008c 13       		.uleb128 0x13
 1651 008d 38       		.uleb128 0x38
 1652 008e 0A       		.uleb128 0xa
 1653 008f 00       		.byte	0
 1654 0090 00       		.byte	0
 1655 0091 0C       		.uleb128 0xc
 1656 0092 13       		.uleb128 0x13
 1657 0093 01       		.byte	0x1
 1658 0094 03       		.uleb128 0x3
 1659 0095 0E       		.uleb128 0xe
 1660 0096 0B       		.uleb128 0xb
 1661 0097 0B       		.uleb128 0xb
 1662 0098 3A       		.uleb128 0x3a
 1663 0099 0B       		.uleb128 0xb
 1664 009a 3B       		.uleb128 0x3b
 1665 009b 05       		.uleb128 0x5
 1666 009c 01       		.uleb128 0x1
 1667 009d 13       		.uleb128 0x13
 1668 009e 00       		.byte	0
 1669 009f 00       		.byte	0
 1670 00a0 0D       		.uleb128 0xd
 1671 00a1 35       		.uleb128 0x35
 1672 00a2 00       		.byte	0
 1673 00a3 49       		.uleb128 0x49
 1674 00a4 13       		.uleb128 0x13
 1675 00a5 00       		.byte	0
 1676 00a6 00       		.byte	0
 1677 00a7 0E       		.uleb128 0xe
 1678 00a8 15       		.uleb128 0x15
 1679 00a9 01       		.byte	0x1
 1680 00aa 27       		.uleb128 0x27
 1681 00ab 0C       		.uleb128 0xc
 1682 00ac 49       		.uleb128 0x49
 1683 00ad 13       		.uleb128 0x13
 1684 00ae 01       		.uleb128 0x1
 1685 00af 13       		.uleb128 0x13
 1686 00b0 00       		.byte	0
 1687 00b1 00       		.byte	0
 1688 00b2 0F       		.uleb128 0xf
 1689 00b3 05       		.uleb128 0x5
 1690 00b4 00       		.byte	0
 1691 00b5 49       		.uleb128 0x49
 1692 00b6 13       		.uleb128 0x13
 1693 00b7 00       		.byte	0
 1694 00b8 00       		.byte	0
 1695 00b9 10       		.uleb128 0x10
 1696 00ba 17       		.uleb128 0x17
 1697 00bb 01       		.byte	0x1
 1698 00bc 0B       		.uleb128 0xb
 1699 00bd 0B       		.uleb128 0xb
 1700 00be 3A       		.uleb128 0x3a
 1701 00bf 0B       		.uleb128 0xb
 1702 00c0 3B       		.uleb128 0x3b
 1703 00c1 0B       		.uleb128 0xb
 1704 00c2 01       		.uleb128 0x1
 1705 00c3 13       		.uleb128 0x13
 1706 00c4 00       		.byte	0
ARM GAS  /tmp/cccfzIyK.s 			page 31


 1707 00c5 00       		.byte	0
 1708 00c6 11       		.uleb128 0x11
 1709 00c7 0D       		.uleb128 0xd
 1710 00c8 00       		.byte	0
 1711 00c9 03       		.uleb128 0x3
 1712 00ca 0E       		.uleb128 0xe
 1713 00cb 3A       		.uleb128 0x3a
 1714 00cc 0B       		.uleb128 0xb
 1715 00cd 3B       		.uleb128 0x3b
 1716 00ce 0B       		.uleb128 0xb
 1717 00cf 49       		.uleb128 0x49
 1718 00d0 13       		.uleb128 0x13
 1719 00d1 00       		.byte	0
 1720 00d2 00       		.byte	0
 1721 00d3 12       		.uleb128 0x12
 1722 00d4 17       		.uleb128 0x17
 1723 00d5 01       		.byte	0x1
 1724 00d6 03       		.uleb128 0x3
 1725 00d7 0E       		.uleb128 0xe
 1726 00d8 0B       		.uleb128 0xb
 1727 00d9 0B       		.uleb128 0xb
 1728 00da 3A       		.uleb128 0x3a
 1729 00db 0B       		.uleb128 0xb
 1730 00dc 3B       		.uleb128 0x3b
 1731 00dd 0B       		.uleb128 0xb
 1732 00de 01       		.uleb128 0x1
 1733 00df 13       		.uleb128 0x13
 1734 00e0 00       		.byte	0
 1735 00e1 00       		.byte	0
 1736 00e2 13       		.uleb128 0x13
 1737 00e3 0D       		.uleb128 0xd
 1738 00e4 00       		.byte	0
 1739 00e5 03       		.uleb128 0x3
 1740 00e6 08       		.uleb128 0x8
 1741 00e7 3A       		.uleb128 0x3a
 1742 00e8 0B       		.uleb128 0xb
 1743 00e9 3B       		.uleb128 0x3b
 1744 00ea 0B       		.uleb128 0xb
 1745 00eb 49       		.uleb128 0x49
 1746 00ec 13       		.uleb128 0x13
 1747 00ed 00       		.byte	0
 1748 00ee 00       		.byte	0
 1749 00ef 14       		.uleb128 0x14
 1750 00f0 26       		.uleb128 0x26
 1751 00f1 00       		.byte	0
 1752 00f2 49       		.uleb128 0x49
 1753 00f3 13       		.uleb128 0x13
 1754 00f4 00       		.byte	0
 1755 00f5 00       		.byte	0
 1756 00f6 15       		.uleb128 0x15
 1757 00f7 2E       		.uleb128 0x2e
 1758 00f8 01       		.byte	0x1
 1759 00f9 3F       		.uleb128 0x3f
 1760 00fa 0C       		.uleb128 0xc
 1761 00fb 03       		.uleb128 0x3
 1762 00fc 0E       		.uleb128 0xe
 1763 00fd 3A       		.uleb128 0x3a
ARM GAS  /tmp/cccfzIyK.s 			page 32


 1764 00fe 0B       		.uleb128 0xb
 1765 00ff 3B       		.uleb128 0x3b
 1766 0100 0B       		.uleb128 0xb
 1767 0101 27       		.uleb128 0x27
 1768 0102 0C       		.uleb128 0xc
 1769 0103 49       		.uleb128 0x49
 1770 0104 13       		.uleb128 0x13
 1771 0105 11       		.uleb128 0x11
 1772 0106 01       		.uleb128 0x1
 1773 0107 12       		.uleb128 0x12
 1774 0108 01       		.uleb128 0x1
 1775 0109 40       		.uleb128 0x40
 1776 010a 0A       		.uleb128 0xa
 1777 010b 9742     		.uleb128 0x2117
 1778 010d 0C       		.uleb128 0xc
 1779 010e 01       		.uleb128 0x1
 1780 010f 13       		.uleb128 0x13
 1781 0110 00       		.byte	0
 1782 0111 00       		.byte	0
 1783 0112 16       		.uleb128 0x16
 1784 0113 05       		.uleb128 0x5
 1785 0114 00       		.byte	0
 1786 0115 03       		.uleb128 0x3
 1787 0116 08       		.uleb128 0x8
 1788 0117 3A       		.uleb128 0x3a
 1789 0118 0B       		.uleb128 0xb
 1790 0119 3B       		.uleb128 0x3b
 1791 011a 0B       		.uleb128 0xb
 1792 011b 49       		.uleb128 0x49
 1793 011c 13       		.uleb128 0x13
 1794 011d 02       		.uleb128 0x2
 1795 011e 0A       		.uleb128 0xa
 1796 011f 00       		.byte	0
 1797 0120 00       		.byte	0
 1798 0121 17       		.uleb128 0x17
 1799 0122 0B       		.uleb128 0xb
 1800 0123 01       		.byte	0x1
 1801 0124 11       		.uleb128 0x11
 1802 0125 01       		.uleb128 0x1
 1803 0126 12       		.uleb128 0x12
 1804 0127 01       		.uleb128 0x1
 1805 0128 01       		.uleb128 0x1
 1806 0129 13       		.uleb128 0x13
 1807 012a 00       		.byte	0
 1808 012b 00       		.byte	0
 1809 012c 18       		.uleb128 0x18
 1810 012d 34       		.uleb128 0x34
 1811 012e 00       		.byte	0
 1812 012f 03       		.uleb128 0x3
 1813 0130 08       		.uleb128 0x8
 1814 0131 3A       		.uleb128 0x3a
 1815 0132 0B       		.uleb128 0xb
 1816 0133 3B       		.uleb128 0x3b
 1817 0134 0B       		.uleb128 0xb
 1818 0135 49       		.uleb128 0x49
 1819 0136 13       		.uleb128 0x13
 1820 0137 02       		.uleb128 0x2
ARM GAS  /tmp/cccfzIyK.s 			page 33


 1821 0138 06       		.uleb128 0x6
 1822 0139 00       		.byte	0
 1823 013a 00       		.byte	0
 1824 013b 19       		.uleb128 0x19
 1825 013c 0B       		.uleb128 0xb
 1826 013d 01       		.byte	0x1
 1827 013e 11       		.uleb128 0x11
 1828 013f 01       		.uleb128 0x1
 1829 0140 12       		.uleb128 0x12
 1830 0141 01       		.uleb128 0x1
 1831 0142 00       		.byte	0
 1832 0143 00       		.byte	0
 1833 0144 1A       		.uleb128 0x1a
 1834 0145 2E       		.uleb128 0x2e
 1835 0146 01       		.byte	0x1
 1836 0147 3F       		.uleb128 0x3f
 1837 0148 0C       		.uleb128 0xc
 1838 0149 03       		.uleb128 0x3
 1839 014a 0E       		.uleb128 0xe
 1840 014b 3A       		.uleb128 0x3a
 1841 014c 0B       		.uleb128 0xb
 1842 014d 3B       		.uleb128 0x3b
 1843 014e 0B       		.uleb128 0xb
 1844 014f 27       		.uleb128 0x27
 1845 0150 0C       		.uleb128 0xc
 1846 0151 11       		.uleb128 0x11
 1847 0152 01       		.uleb128 0x1
 1848 0153 12       		.uleb128 0x12
 1849 0154 01       		.uleb128 0x1
 1850 0155 40       		.uleb128 0x40
 1851 0156 0A       		.uleb128 0xa
 1852 0157 9742     		.uleb128 0x2117
 1853 0159 0C       		.uleb128 0xc
 1854 015a 01       		.uleb128 0x1
 1855 015b 13       		.uleb128 0x13
 1856 015c 00       		.byte	0
 1857 015d 00       		.byte	0
 1858 015e 1B       		.uleb128 0x1b
 1859 015f 05       		.uleb128 0x5
 1860 0160 00       		.byte	0
 1861 0161 03       		.uleb128 0x3
 1862 0162 08       		.uleb128 0x8
 1863 0163 3A       		.uleb128 0x3a
 1864 0164 0B       		.uleb128 0xb
 1865 0165 3B       		.uleb128 0x3b
 1866 0166 0B       		.uleb128 0xb
 1867 0167 49       		.uleb128 0x49
 1868 0168 13       		.uleb128 0x13
 1869 0169 02       		.uleb128 0x2
 1870 016a 06       		.uleb128 0x6
 1871 016b 00       		.byte	0
 1872 016c 00       		.byte	0
 1873 016d 1C       		.uleb128 0x1c
 1874 016e 34       		.uleb128 0x34
 1875 016f 00       		.byte	0
 1876 0170 03       		.uleb128 0x3
 1877 0171 0E       		.uleb128 0xe
ARM GAS  /tmp/cccfzIyK.s 			page 34


 1878 0172 3A       		.uleb128 0x3a
 1879 0173 0B       		.uleb128 0xb
 1880 0174 3B       		.uleb128 0x3b
 1881 0175 0B       		.uleb128 0xb
 1882 0176 49       		.uleb128 0x49
 1883 0177 13       		.uleb128 0x13
 1884 0178 02       		.uleb128 0x2
 1885 0179 06       		.uleb128 0x6
 1886 017a 00       		.byte	0
 1887 017b 00       		.byte	0
 1888 017c 1D       		.uleb128 0x1d
 1889 017d 898201   		.uleb128 0x4109
 1890 0180 01       		.byte	0x1
 1891 0181 11       		.uleb128 0x11
 1892 0182 01       		.uleb128 0x1
 1893 0183 9542     		.uleb128 0x2115
 1894 0185 0C       		.uleb128 0xc
 1895 0186 31       		.uleb128 0x31
 1896 0187 13       		.uleb128 0x13
 1897 0188 01       		.uleb128 0x1
 1898 0189 13       		.uleb128 0x13
 1899 018a 00       		.byte	0
 1900 018b 00       		.byte	0
 1901 018c 1E       		.uleb128 0x1e
 1902 018d 8A8201   		.uleb128 0x410a
 1903 0190 00       		.byte	0
 1904 0191 02       		.uleb128 0x2
 1905 0192 0A       		.uleb128 0xa
 1906 0193 9142     		.uleb128 0x2111
 1907 0195 0A       		.uleb128 0xa
 1908 0196 00       		.byte	0
 1909 0197 00       		.byte	0
 1910 0198 1F       		.uleb128 0x1f
 1911 0199 898201   		.uleb128 0x4109
 1912 019c 01       		.byte	0x1
 1913 019d 11       		.uleb128 0x11
 1914 019e 01       		.uleb128 0x1
 1915 019f 9542     		.uleb128 0x2115
 1916 01a1 0C       		.uleb128 0xc
 1917 01a2 31       		.uleb128 0x31
 1918 01a3 13       		.uleb128 0x13
 1919 01a4 00       		.byte	0
 1920 01a5 00       		.byte	0
 1921 01a6 20       		.uleb128 0x20
 1922 01a7 2E       		.uleb128 0x2e
 1923 01a8 01       		.byte	0x1
 1924 01a9 3F       		.uleb128 0x3f
 1925 01aa 0C       		.uleb128 0xc
 1926 01ab 03       		.uleb128 0x3
 1927 01ac 0E       		.uleb128 0xe
 1928 01ad 3A       		.uleb128 0x3a
 1929 01ae 0B       		.uleb128 0xb
 1930 01af 3B       		.uleb128 0x3b
 1931 01b0 0B       		.uleb128 0xb
 1932 01b1 27       		.uleb128 0x27
 1933 01b2 0C       		.uleb128 0xc
 1934 01b3 49       		.uleb128 0x49
ARM GAS  /tmp/cccfzIyK.s 			page 35


 1935 01b4 13       		.uleb128 0x13
 1936 01b5 11       		.uleb128 0x11
 1937 01b6 01       		.uleb128 0x1
 1938 01b7 12       		.uleb128 0x12
 1939 01b8 01       		.uleb128 0x1
 1940 01b9 40       		.uleb128 0x40
 1941 01ba 06       		.uleb128 0x6
 1942 01bb 9742     		.uleb128 0x2117
 1943 01bd 0C       		.uleb128 0xc
 1944 01be 01       		.uleb128 0x1
 1945 01bf 13       		.uleb128 0x13
 1946 01c0 00       		.byte	0
 1947 01c1 00       		.byte	0
 1948 01c2 21       		.uleb128 0x21
 1949 01c3 05       		.uleb128 0x5
 1950 01c4 00       		.byte	0
 1951 01c5 03       		.uleb128 0x3
 1952 01c6 0E       		.uleb128 0xe
 1953 01c7 3A       		.uleb128 0x3a
 1954 01c8 0B       		.uleb128 0xb
 1955 01c9 3B       		.uleb128 0x3b
 1956 01ca 0B       		.uleb128 0xb
 1957 01cb 49       		.uleb128 0x49
 1958 01cc 13       		.uleb128 0x13
 1959 01cd 02       		.uleb128 0x2
 1960 01ce 06       		.uleb128 0x6
 1961 01cf 00       		.byte	0
 1962 01d0 00       		.byte	0
 1963 01d1 22       		.uleb128 0x22
 1964 01d2 898201   		.uleb128 0x4109
 1965 01d5 01       		.byte	0x1
 1966 01d6 11       		.uleb128 0x11
 1967 01d7 01       		.uleb128 0x1
 1968 01d8 31       		.uleb128 0x31
 1969 01d9 13       		.uleb128 0x13
 1970 01da 01       		.uleb128 0x1
 1971 01db 13       		.uleb128 0x13
 1972 01dc 00       		.byte	0
 1973 01dd 00       		.byte	0
 1974 01de 23       		.uleb128 0x23
 1975 01df 898201   		.uleb128 0x4109
 1976 01e2 01       		.byte	0x1
 1977 01e3 11       		.uleb128 0x11
 1978 01e4 01       		.uleb128 0x1
 1979 01e5 31       		.uleb128 0x31
 1980 01e6 13       		.uleb128 0x13
 1981 01e7 00       		.byte	0
 1982 01e8 00       		.byte	0
 1983 01e9 24       		.uleb128 0x24
 1984 01ea 2E       		.uleb128 0x2e
 1985 01eb 01       		.byte	0x1
 1986 01ec 3F       		.uleb128 0x3f
 1987 01ed 0C       		.uleb128 0xc
 1988 01ee 03       		.uleb128 0x3
 1989 01ef 0E       		.uleb128 0xe
 1990 01f0 3A       		.uleb128 0x3a
 1991 01f1 0B       		.uleb128 0xb
ARM GAS  /tmp/cccfzIyK.s 			page 36


 1992 01f2 3B       		.uleb128 0x3b
 1993 01f3 0B       		.uleb128 0xb
 1994 01f4 27       		.uleb128 0x27
 1995 01f5 0C       		.uleb128 0xc
 1996 01f6 3C       		.uleb128 0x3c
 1997 01f7 0C       		.uleb128 0xc
 1998 01f8 01       		.uleb128 0x1
 1999 01f9 13       		.uleb128 0x13
 2000 01fa 00       		.byte	0
 2001 01fb 00       		.byte	0
 2002 01fc 25       		.uleb128 0x25
 2003 01fd 2E       		.uleb128 0x2e
 2004 01fe 01       		.byte	0x1
 2005 01ff 3F       		.uleb128 0x3f
 2006 0200 0C       		.uleb128 0xc
 2007 0201 03       		.uleb128 0x3
 2008 0202 0E       		.uleb128 0xe
 2009 0203 3A       		.uleb128 0x3a
 2010 0204 0B       		.uleb128 0xb
 2011 0205 3B       		.uleb128 0x3b
 2012 0206 0B       		.uleb128 0xb
 2013 0207 27       		.uleb128 0x27
 2014 0208 0C       		.uleb128 0xc
 2015 0209 49       		.uleb128 0x49
 2016 020a 13       		.uleb128 0x13
 2017 020b 3C       		.uleb128 0x3c
 2018 020c 0C       		.uleb128 0xc
 2019 020d 01       		.uleb128 0x1
 2020 020e 13       		.uleb128 0x13
 2021 020f 00       		.byte	0
 2022 0210 00       		.byte	0
 2023 0211 26       		.uleb128 0x26
 2024 0212 2E       		.uleb128 0x2e
 2025 0213 01       		.byte	0x1
 2026 0214 3F       		.uleb128 0x3f
 2027 0215 0C       		.uleb128 0xc
 2028 0216 03       		.uleb128 0x3
 2029 0217 0E       		.uleb128 0xe
 2030 0218 3A       		.uleb128 0x3a
 2031 0219 0B       		.uleb128 0xb
 2032 021a 3B       		.uleb128 0x3b
 2033 021b 05       		.uleb128 0x5
 2034 021c 27       		.uleb128 0x27
 2035 021d 0C       		.uleb128 0xc
 2036 021e 49       		.uleb128 0x49
 2037 021f 13       		.uleb128 0x13
 2038 0220 3C       		.uleb128 0x3c
 2039 0221 0C       		.uleb128 0xc
 2040 0222 01       		.uleb128 0x1
 2041 0223 13       		.uleb128 0x13
 2042 0224 00       		.byte	0
 2043 0225 00       		.byte	0
 2044 0226 27       		.uleb128 0x27
 2045 0227 2E       		.uleb128 0x2e
 2046 0228 01       		.byte	0x1
 2047 0229 3F       		.uleb128 0x3f
 2048 022a 0C       		.uleb128 0xc
ARM GAS  /tmp/cccfzIyK.s 			page 37


 2049 022b 03       		.uleb128 0x3
 2050 022c 0E       		.uleb128 0xe
 2051 022d 3A       		.uleb128 0x3a
 2052 022e 0B       		.uleb128 0xb
 2053 022f 3B       		.uleb128 0x3b
 2054 0230 0B       		.uleb128 0xb
 2055 0231 27       		.uleb128 0x27
 2056 0232 0C       		.uleb128 0xc
 2057 0233 49       		.uleb128 0x49
 2058 0234 13       		.uleb128 0x13
 2059 0235 3C       		.uleb128 0x3c
 2060 0236 0C       		.uleb128 0xc
 2061 0237 00       		.byte	0
 2062 0238 00       		.byte	0
 2063 0239 00       		.byte	0
 2064              		.section	.debug_loc,"",%progbits
 2065              	.Ldebug_loc0:
 2066              	.LLST0:
 2067 0000 06000000 		.4byte	.LVL2
 2068 0004 08000000 		.4byte	.LVL3
 2069 0008 0100     		.2byte	0x1
 2070 000a 53       		.byte	0x53
 2071 000b 00000000 		.4byte	0
 2072 000f 00000000 		.4byte	0
 2073              	.LLST1:
 2074 0013 12000000 		.4byte	.LVL5
 2075 0017 14000000 		.4byte	.LFE7
 2076 001b 0100     		.2byte	0x1
 2077 001d 53       		.byte	0x53
 2078 001e 00000000 		.4byte	0
 2079 0022 00000000 		.4byte	0
 2080              	.LLST2:
 2081 0026 00000000 		.4byte	.LVL6
 2082 002a 34000000 		.4byte	.LVL16
 2083 002e 0100     		.2byte	0x1
 2084 0030 50       		.byte	0x50
 2085 0031 34000000 		.4byte	.LVL16
 2086 0035 3D000000 		.4byte	.LVL17-1
 2087 0039 0100     		.2byte	0x1
 2088 003b 51       		.byte	0x51
 2089 003c 3D000000 		.4byte	.LVL17-1
 2090 0040 3E000000 		.4byte	.LVL17
 2091 0044 0400     		.2byte	0x4
 2092 0046 F3       		.byte	0xf3
 2093 0047 01       		.uleb128 0x1
 2094 0048 50       		.byte	0x50
 2095 0049 9F       		.byte	0x9f
 2096 004a 3E000000 		.4byte	.LVL17
 2097 004e 4B000000 		.4byte	.LVL18-1
 2098 0052 0100     		.2byte	0x1
 2099 0054 50       		.byte	0x50
 2100 0055 4B000000 		.4byte	.LVL18-1
 2101 0059 4C000000 		.4byte	.LFE8
 2102 005d 0400     		.2byte	0x4
 2103 005f F3       		.byte	0xf3
 2104 0060 01       		.uleb128 0x1
 2105 0061 50       		.byte	0x50
ARM GAS  /tmp/cccfzIyK.s 			page 38


 2106 0062 9F       		.byte	0x9f
 2107 0063 00000000 		.4byte	0
 2108 0067 00000000 		.4byte	0
 2109              	.LLST3:
 2110 006b 10000000 		.4byte	.LVL10
 2111 006f 12000000 		.4byte	.LVL11
 2112 0073 0100     		.2byte	0x1
 2113 0075 53       		.byte	0x53
 2114 0076 12000000 		.4byte	.LVL11
 2115 007a 1E000000 		.4byte	.LVL14
 2116 007e 0100     		.2byte	0x1
 2117 0080 52       		.byte	0x52
 2118 0081 1E000000 		.4byte	.LVL14
 2119 0085 34000000 		.4byte	.LVL16
 2120 0089 0A00     		.2byte	0xa
 2121 008b 70       		.byte	0x70
 2122 008c 1E       		.sleb128 30
 2123 008d 94       		.byte	0x94
 2124 008e 01       		.byte	0x1
 2125 008f 08       		.byte	0x8
 2126 0090 FF       		.byte	0xff
 2127 0091 1A       		.byte	0x1a
 2128 0092 31       		.byte	0x31
 2129 0093 1C       		.byte	0x1c
 2130 0094 9F       		.byte	0x9f
 2131 0095 34000000 		.4byte	.LVL16
 2132 0099 3D000000 		.4byte	.LVL17-1
 2133 009d 0A00     		.2byte	0xa
 2134 009f 71       		.byte	0x71
 2135 00a0 1E       		.sleb128 30
 2136 00a1 94       		.byte	0x94
 2137 00a2 01       		.byte	0x1
 2138 00a3 08       		.byte	0x8
 2139 00a4 FF       		.byte	0xff
 2140 00a5 1A       		.byte	0x1a
 2141 00a6 31       		.byte	0x31
 2142 00a7 1C       		.byte	0x1c
 2143 00a8 9F       		.byte	0x9f
 2144 00a9 3E000000 		.4byte	.LVL17
 2145 00ad 4B000000 		.4byte	.LVL18-1
 2146 00b1 0A00     		.2byte	0xa
 2147 00b3 70       		.byte	0x70
 2148 00b4 1E       		.sleb128 30
 2149 00b5 94       		.byte	0x94
 2150 00b6 01       		.byte	0x1
 2151 00b7 08       		.byte	0x8
 2152 00b8 FF       		.byte	0xff
 2153 00b9 1A       		.byte	0x1a
 2154 00ba 31       		.byte	0x31
 2155 00bb 1C       		.byte	0x1c
 2156 00bc 9F       		.byte	0x9f
 2157 00bd 00000000 		.4byte	0
 2158 00c1 00000000 		.4byte	0
 2159              	.LLST4:
 2160 00c5 08000000 		.4byte	.LVL8
 2161 00c9 0C000000 		.4byte	.LVL9
 2162 00cd 0100     		.2byte	0x1
ARM GAS  /tmp/cccfzIyK.s 			page 39


 2163 00cf 53       		.byte	0x53
 2164 00d0 00000000 		.4byte	0
 2165 00d4 00000000 		.4byte	0
 2166              	.LLST5:
 2167 00d8 16000000 		.4byte	.LVL12
 2168 00dc 1A000000 		.4byte	.LVL13
 2169 00e0 0100     		.2byte	0x1
 2170 00e2 53       		.byte	0x53
 2171 00e3 1E000000 		.4byte	.LVL14
 2172 00e7 20000000 		.4byte	.LVL15
 2173 00eb 0100     		.2byte	0x1
 2174 00ed 53       		.byte	0x53
 2175 00ee 00000000 		.4byte	0
 2176 00f2 00000000 		.4byte	0
 2177              	.LLST6:
 2178 00f6 00000000 		.4byte	.LFB9
 2179 00fa 02000000 		.4byte	.LCFI0
 2180 00fe 0200     		.2byte	0x2
 2181 0100 7D       		.byte	0x7d
 2182 0101 00       		.sleb128 0
 2183 0102 02000000 		.4byte	.LCFI0
 2184 0106 04000000 		.4byte	.LCFI1
 2185 010a 0200     		.2byte	0x2
 2186 010c 7D       		.byte	0x7d
 2187 010d 14       		.sleb128 20
 2188 010e 04000000 		.4byte	.LCFI1
 2189 0112 3E000000 		.4byte	.LFE9
 2190 0116 0200     		.2byte	0x2
 2191 0118 7D       		.byte	0x7d
 2192 0119 20       		.sleb128 32
 2193 011a 00000000 		.4byte	0
 2194 011e 00000000 		.4byte	0
 2195              	.LLST7:
 2196 0122 00000000 		.4byte	.LVL19
 2197 0126 0D000000 		.4byte	.LVL20-1
 2198 012a 0100     		.2byte	0x1
 2199 012c 50       		.byte	0x50
 2200 012d 0D000000 		.4byte	.LVL20-1
 2201 0131 3E000000 		.4byte	.LFE9
 2202 0135 0400     		.2byte	0x4
 2203 0137 F3       		.byte	0xf3
 2204 0138 01       		.uleb128 0x1
 2205 0139 50       		.byte	0x50
 2206 013a 9F       		.byte	0x9f
 2207 013b 00000000 		.4byte	0
 2208 013f 00000000 		.4byte	0
 2209              	.LLST8:
 2210 0143 00000000 		.4byte	.LVL19
 2211 0147 0D000000 		.4byte	.LVL20-1
 2212 014b 0100     		.2byte	0x1
 2213 014d 51       		.byte	0x51
 2214 014e 0D000000 		.4byte	.LVL20-1
 2215 0152 3E000000 		.4byte	.LFE9
 2216 0156 0100     		.2byte	0x1
 2217 0158 55       		.byte	0x55
 2218 0159 00000000 		.4byte	0
 2219 015d 00000000 		.4byte	0
ARM GAS  /tmp/cccfzIyK.s 			page 40


 2220              	.LLST9:
 2221 0161 00000000 		.4byte	.LVL19
 2222 0165 0D000000 		.4byte	.LVL20-1
 2223 0169 0100     		.2byte	0x1
 2224 016b 52       		.byte	0x52
 2225 016c 0D000000 		.4byte	.LVL20-1
 2226 0170 3E000000 		.4byte	.LFE9
 2227 0174 0100     		.2byte	0x1
 2228 0176 57       		.byte	0x57
 2229 0177 00000000 		.4byte	0
 2230 017b 00000000 		.4byte	0
 2231              	.LLST10:
 2232 017f 00000000 		.4byte	.LVL19
 2233 0183 0D000000 		.4byte	.LVL20-1
 2234 0187 0100     		.2byte	0x1
 2235 0189 53       		.byte	0x53
 2236 018a 0D000000 		.4byte	.LVL20-1
 2237 018e 3E000000 		.4byte	.LFE9
 2238 0192 0100     		.2byte	0x1
 2239 0194 56       		.byte	0x56
 2240 0195 00000000 		.4byte	0
 2241 0199 00000000 		.4byte	0
 2242              	.LLST11:
 2243 019d 0E000000 		.4byte	.LVL20
 2244 01a1 25000000 		.4byte	.LVL24-1
 2245 01a5 0100     		.2byte	0x1
 2246 01a7 50       		.byte	0x50
 2247 01a8 00000000 		.4byte	0
 2248 01ac 00000000 		.4byte	0
 2249              	.LLST12:
 2250 01b0 2E000000 		.4byte	.LVL25
 2251 01b4 31000000 		.4byte	.LVL26-1
 2252 01b8 0100     		.2byte	0x1
 2253 01ba 50       		.byte	0x50
 2254 01bb 31000000 		.4byte	.LVL26-1
 2255 01bf 38000000 		.4byte	.LVL28
 2256 01c3 0100     		.2byte	0x1
 2257 01c5 54       		.byte	0x54
 2258 01c6 00000000 		.4byte	0
 2259 01ca 00000000 		.4byte	0
 2260              	.LLST13:
 2261 01ce 18000000 		.4byte	.LVL22
 2262 01d2 1C000000 		.4byte	.LVL23
 2263 01d6 0100     		.2byte	0x1
 2264 01d8 53       		.byte	0x53
 2265 01d9 00000000 		.4byte	0
 2266 01dd 00000000 		.4byte	0
 2267              	.LLST14:
 2268 01e1 38000000 		.4byte	.LVL28
 2269 01e5 3E000000 		.4byte	.LFE9
 2270 01e9 0100     		.2byte	0x1
 2271 01eb 53       		.byte	0x53
 2272 01ec 00000000 		.4byte	0
 2273 01f0 00000000 		.4byte	0
 2274              	.LLST15:
 2275 01f4 00000000 		.4byte	.LFB10
 2276 01f8 04000000 		.4byte	.LCFI2
ARM GAS  /tmp/cccfzIyK.s 			page 41


 2277 01fc 0200     		.2byte	0x2
 2278 01fe 7D       		.byte	0x7d
 2279 01ff 00       		.sleb128 0
 2280 0200 04000000 		.4byte	.LCFI2
 2281 0204 06000000 		.4byte	.LCFI3
 2282 0208 0200     		.2byte	0x2
 2283 020a 7D       		.byte	0x7d
 2284 020b 18       		.sleb128 24
 2285 020c 06000000 		.4byte	.LCFI3
 2286 0210 44000000 		.4byte	.LFE10
 2287 0214 0200     		.2byte	0x2
 2288 0216 7D       		.byte	0x7d
 2289 0217 20       		.sleb128 32
 2290 0218 00000000 		.4byte	0
 2291 021c 00000000 		.4byte	0
 2292              	.LLST16:
 2293 0220 00000000 		.4byte	.LVL29
 2294 0224 11000000 		.4byte	.LVL30-1
 2295 0228 0100     		.2byte	0x1
 2296 022a 50       		.byte	0x50
 2297 022b 11000000 		.4byte	.LVL30-1
 2298 022f 44000000 		.4byte	.LFE10
 2299 0233 0100     		.2byte	0x1
 2300 0235 55       		.byte	0x55
 2301 0236 00000000 		.4byte	0
 2302 023a 00000000 		.4byte	0
 2303              	.LLST17:
 2304 023e 00000000 		.4byte	.LVL29
 2305 0242 11000000 		.4byte	.LVL30-1
 2306 0246 0100     		.2byte	0x1
 2307 0248 51       		.byte	0x51
 2308 0249 11000000 		.4byte	.LVL30-1
 2309 024d 44000000 		.4byte	.LFE10
 2310 0251 0100     		.2byte	0x1
 2311 0253 56       		.byte	0x56
 2312 0254 00000000 		.4byte	0
 2313 0258 00000000 		.4byte	0
 2314              	.LLST18:
 2315 025c 00000000 		.4byte	.LVL29
 2316 0260 11000000 		.4byte	.LVL30-1
 2317 0264 0100     		.2byte	0x1
 2318 0266 52       		.byte	0x52
 2319 0267 11000000 		.4byte	.LVL30-1
 2320 026b 44000000 		.4byte	.LFE10
 2321 026f 0100     		.2byte	0x1
 2322 0271 58       		.byte	0x58
 2323 0272 00000000 		.4byte	0
 2324 0276 00000000 		.4byte	0
 2325              	.LLST19:
 2326 027a 00000000 		.4byte	.LVL29
 2327 027e 11000000 		.4byte	.LVL30-1
 2328 0282 0100     		.2byte	0x1
 2329 0284 53       		.byte	0x53
 2330 0285 11000000 		.4byte	.LVL30-1
 2331 0289 44000000 		.4byte	.LFE10
 2332 028d 0100     		.2byte	0x1
 2333 028f 57       		.byte	0x57
ARM GAS  /tmp/cccfzIyK.s 			page 42


 2334 0290 00000000 		.4byte	0
 2335 0294 00000000 		.4byte	0
 2336              	.LLST20:
 2337 0298 12000000 		.4byte	.LVL30
 2338 029c 27000000 		.4byte	.LVL34-1
 2339 02a0 0100     		.2byte	0x1
 2340 02a2 50       		.byte	0x50
 2341 02a3 27000000 		.4byte	.LVL34-1
 2342 02a7 32000000 		.4byte	.LVL35
 2343 02ab 0100     		.2byte	0x1
 2344 02ad 54       		.byte	0x54
 2345 02ae 00000000 		.4byte	0
 2346 02b2 00000000 		.4byte	0
 2347              	.LLST21:
 2348 02b6 32000000 		.4byte	.LVL35
 2349 02ba 35000000 		.4byte	.LVL36-1
 2350 02be 0100     		.2byte	0x1
 2351 02c0 50       		.byte	0x50
 2352 02c1 35000000 		.4byte	.LVL36-1
 2353 02c5 3C000000 		.4byte	.LVL38
 2354 02c9 0100     		.2byte	0x1
 2355 02cb 54       		.byte	0x54
 2356 02cc 00000000 		.4byte	0
 2357 02d0 00000000 		.4byte	0
 2358              	.LLST22:
 2359 02d4 1C000000 		.4byte	.LVL32
 2360 02d8 22000000 		.4byte	.LVL33
 2361 02dc 0100     		.2byte	0x1
 2362 02de 53       		.byte	0x53
 2363 02df 00000000 		.4byte	0
 2364 02e3 00000000 		.4byte	0
 2365              	.LLST23:
 2366 02e7 3C000000 		.4byte	.LVL38
 2367 02eb 44000000 		.4byte	.LFE10
 2368 02ef 0100     		.2byte	0x1
 2369 02f1 53       		.byte	0x53
 2370 02f2 00000000 		.4byte	0
 2371 02f6 00000000 		.4byte	0
 2372              		.section	.debug_aranges,"",%progbits
 2373 0000 34000000 		.4byte	0x34
 2374 0004 0200     		.2byte	0x2
 2375 0006 00000000 		.4byte	.Ldebug_info0
 2376 000a 04       		.byte	0x4
 2377 000b 00       		.byte	0
 2378 000c 0000     		.2byte	0
 2379 000e 0000     		.2byte	0
 2380 0010 00000000 		.4byte	.LFB7
 2381 0014 14000000 		.4byte	.LFE7-.LFB7
 2382 0018 00000000 		.4byte	.LFB8
 2383 001c 4C000000 		.4byte	.LFE8-.LFB8
 2384 0020 00000000 		.4byte	.LFB9
 2385 0024 3E000000 		.4byte	.LFE9-.LFB9
 2386 0028 00000000 		.4byte	.LFB10
 2387 002c 44000000 		.4byte	.LFE10-.LFB10
 2388 0030 00000000 		.4byte	0
 2389 0034 00000000 		.4byte	0
 2390              		.section	.debug_ranges,"",%progbits
ARM GAS  /tmp/cccfzIyK.s 			page 43


 2391              	.Ldebug_ranges0:
 2392 0000 00000000 		.4byte	.LFB7
 2393 0004 14000000 		.4byte	.LFE7
 2394 0008 00000000 		.4byte	.LFB8
 2395 000c 4C000000 		.4byte	.LFE8
 2396 0010 00000000 		.4byte	.LFB9
 2397 0014 3E000000 		.4byte	.LFE9
 2398 0018 00000000 		.4byte	.LFB10
 2399 001c 44000000 		.4byte	.LFE10
 2400 0020 00000000 		.4byte	0
 2401 0024 00000000 		.4byte	0
 2402              		.section	.debug_line,"",%progbits
 2403              	.Ldebug_line0:
 2404 0000 28020000 		.section	.debug_str,"MS",%progbits,1
 2404      0200A701 
 2404      00000201 
 2404      FB0E0D00 
 2404      01010101 
 2405              	.LASF72:
 2406 0000 7466756E 		.ascii	"tfunc_t\000"
 2406      635F7400 
 2407              	.LASF35:
 2408 0008 705F6D73 		.ascii	"p_msg\000"
 2408      6700
 2409              	.LASF2:
 2410 000e 73697A65 		.ascii	"size_t\000"
 2410      5F7400
 2411              	.LASF67:
 2412 0015 7264796D 		.ascii	"rdymsg\000"
 2412      736700
 2413              	.LASF12:
 2414 001c 75696E74 		.ascii	"uint64_t\000"
 2414      36345F74 
 2414      00
 2415              	.LASF66:
 2416 0025 4D656D6F 		.ascii	"MemoryPool\000"
 2416      7279506F 
 2416      6F6C00
 2417              	.LASF51:
 2418 0030 6D656D67 		.ascii	"memgetfunc_t\000"
 2418      65746675 
 2418      6E635F74 
 2418      00
 2419              	.LASF13:
 2420 003d 6C6F6E67 		.ascii	"long long unsigned int\000"
 2420      206C6F6E 
 2420      6720756E 
 2420      7369676E 
 2420      65642069 
 2421              	.LASF68:
 2422 0054 65786974 		.ascii	"exitcode\000"
 2422      636F6465 
 2422      00
 2423              	.LASF55:
 2424 005d 685F6672 		.ascii	"h_free\000"
 2424      656500
 2425              	.LASF76:
ARM GAS  /tmp/cccfzIyK.s 			page 44


 2426 0064 68656170 		.ascii	"heapp\000"
 2426      7000
 2427              	.LASF57:
 2428 006a 6E657874 		.ascii	"next\000"
 2428      00
 2429              	.LASF24:
 2430 006f 705F7072 		.ascii	"p_prio\000"
 2430      696F00
 2431              	.LASF11:
 2432 0076 6C6F6E67 		.ascii	"long long int\000"
 2432      206C6F6E 
 2432      6720696E 
 2432      7400
 2433              	.LASF1:
 2434 0084 7369676E 		.ascii	"signed char\000"
 2434      65642063 
 2434      68617200 
 2435              	.LASF56:
 2436 0090 685F6D74 		.ascii	"h_mtx\000"
 2436      7800
 2437              	.LASF39:
 2438 0096 705F6D70 		.ascii	"p_mpool\000"
 2438      6F6F6C00 
 2439              	.LASF48:
 2440 009e 6D5F7175 		.ascii	"m_queue\000"
 2440      65756500 
 2441              	.LASF80:
 2442 00a6 63684865 		.ascii	"chHeapFree\000"
 2442      61704672 
 2442      656500
 2443              	.LASF82:
 2444 00b1 63685468 		.ascii	"chThdCreateI\000"
 2444      64437265 
 2444      61746549 
 2444      00
 2445              	.LASF8:
 2446 00be 6C6F6E67 		.ascii	"long int\000"
 2446      20696E74 
 2446      00
 2447              	.LASF75:
 2448 00c7 63685468 		.ascii	"chThdCreateFromHeap\000"
 2448      64437265 
 2448      61746546 
 2448      726F6D48 
 2448      65617000 
 2449              	.LASF15:
 2450 00db 74737461 		.ascii	"tstate_t\000"
 2450      74655F74 
 2450      00
 2451              	.LASF63:
 2452 00e4 6D705F6E 		.ascii	"mp_next\000"
 2452      65787400 
 2453              	.LASF26:
 2454 00ec 705F6E65 		.ascii	"p_newer\000"
 2454      77657200 
 2455              	.LASF78:
 2456 00f4 63685468 		.ascii	"chThdCreateFromMemoryPool\000"
ARM GAS  /tmp/cccfzIyK.s 			page 45


 2456      64437265 
 2456      61746546 
 2456      726F6D4D 
 2456      656D6F72 
 2457              	.LASF65:
 2458 010e 6D705F70 		.ascii	"mp_provider\000"
 2458      726F7669 
 2458      64657200 
 2459              	.LASF42:
 2460 011a 72656761 		.ascii	"regarm_t\000"
 2460      726D5F74 
 2460      00
 2461              	.LASF59:
 2462 0123 616C6967 		.ascii	"align\000"
 2462      6E00
 2463              	.LASF0:
 2464 0129 756E7369 		.ascii	"unsigned int\000"
 2464      676E6564 
 2464      20696E74 
 2464      00
 2465              	.LASF10:
 2466 0136 6C6F6E67 		.ascii	"long unsigned int\000"
 2466      20756E73 
 2466      69676E65 
 2466      6420696E 
 2466      7400
 2467              	.LASF87:
 2468 0148 2F686F6D 		.ascii	"/home/rumman/Documents/ChibiOS_Examples/HelloWorld\000"
 2468      652F7275 
 2468      6D6D616E 
 2468      2F446F63 
 2468      756D656E 
 2469              	.LASF45:
 2470 017b 636F6E74 		.ascii	"context\000"
 2470      65787400 
 2471              	.LASF60:
 2472 0183 73697A65 		.ascii	"size\000"
 2472      00
 2473              	.LASF6:
 2474 0188 73686F72 		.ascii	"short unsigned int\000"
 2474      7420756E 
 2474      7369676E 
 2474      65642069 
 2474      6E7400
 2475              	.LASF18:
 2476 019b 6D73675F 		.ascii	"msg_t\000"
 2476      7400
 2477              	.LASF86:
 2478 01a1 2E2E2F2E 		.ascii	"../../ChibiOS_2.4.3/os/kernel/src/chdynamic.c\000"
 2478      2E2F4368 
 2478      6962694F 
 2478      535F322E 
 2478      342E332F 
 2479              	.LASF14:
 2480 01cf 746D6F64 		.ascii	"tmode_t\000"
 2480      655F7400 
 2481              	.LASF41:
ARM GAS  /tmp/cccfzIyK.s 			page 46


 2482 01d7 54687265 		.ascii	"ThreadsList\000"
 2482      6164734C 
 2482      69737400 
 2483              	.LASF19:
 2484 01e3 6576656E 		.ascii	"eventmask_t\000"
 2484      746D6173 
 2484      6B5F7400 
 2485              	.LASF47:
 2486 01ef 4D757465 		.ascii	"Mutex\000"
 2486      7800
 2487              	.LASF74:
 2488 01f5 63685468 		.ascii	"chThdAddRef\000"
 2488      64416464 
 2488      52656600 
 2489              	.LASF43:
 2490 0201 73746B61 		.ascii	"stkalign_t\000"
 2490      6C69676E 
 2490      5F7400
 2491              	.LASF46:
 2492 020c 73697A65 		.ascii	"sizetype\000"
 2492      74797065 
 2492      00
 2493              	.LASF27:
 2494 0215 705F6F6C 		.ascii	"p_older\000"
 2494      64657200 
 2495              	.LASF40:
 2496 021d 54687265 		.ascii	"ThreadsQueue\000"
 2496      61647351 
 2496      75657565 
 2496      00
 2497              	.LASF64:
 2498 022a 6D705F6F 		.ascii	"mp_object_size\000"
 2498      626A6563 
 2498      745F7369 
 2498      7A6500
 2499              	.LASF77:
 2500 0239 7072696F 		.ascii	"prio\000"
 2500      00
 2501              	.LASF52:
 2502 023e 4D656D6F 		.ascii	"MemoryHeap\000"
 2502      72794865 
 2502      617000
 2503              	.LASF62:
 2504 0249 70685F6E 		.ascii	"ph_next\000"
 2504      65787400 
 2505              	.LASF16:
 2506 0251 74726566 		.ascii	"trefs_t\000"
 2506      735F7400 
 2507              	.LASF73:
 2508 0259 72656673 		.ascii	"refs\000"
 2508      00
 2509              	.LASF23:
 2510 025e 705F7072 		.ascii	"p_prev\000"
 2510      657600
 2511              	.LASF17:
 2512 0265 74707269 		.ascii	"tprio_t\000"
 2512      6F5F7400 
ARM GAS  /tmp/cccfzIyK.s 			page 47


 2513              	.LASF85:
 2514 026d 474E5520 		.ascii	"GNU C 4.7.3 20130312 (release) [ARM/embedded-4_7-br"
 2514      4320342E 
 2514      372E3320 
 2514      32303133 
 2514      30333132 
 2515 02a0 616E6368 		.ascii	"anch revision 196615]\000"
 2515      20726576 
 2515      6973696F 
 2515      6E203139 
 2515      36363135 
 2516              	.LASF7:
 2517 02b6 696E7433 		.ascii	"int32_t\000"
 2517      325F7400 
 2518              	.LASF4:
 2519 02be 756E7369 		.ascii	"unsigned char\000"
 2519      676E6564 
 2519      20636861 
 2519      7200
 2520              	.LASF54:
 2521 02cc 685F7072 		.ascii	"h_provider\000"
 2521      6F766964 
 2521      657200
 2522              	.LASF37:
 2523 02d7 705F6D74 		.ascii	"p_mtxlist\000"
 2523      786C6973 
 2523      7400
 2524              	.LASF5:
 2525 02e1 73686F72 		.ascii	"short int\000"
 2525      7420696E 
 2525      7400
 2526              	.LASF29:
 2527 02eb 705F7374 		.ascii	"p_state\000"
 2527      61746500 
 2528              	.LASF88:
 2529 02f3 68656170 		.ascii	"heap_header\000"
 2529      5F686561 
 2529      64657200 
 2530              	.LASF70:
 2531 02ff 65776D61 		.ascii	"ewmask\000"
 2531      736B00
 2532              	.LASF22:
 2533 0306 705F6E65 		.ascii	"p_next\000"
 2533      787400
 2534              	.LASF30:
 2535 030d 705F666C 		.ascii	"p_flags\000"
 2535      61677300 
 2536              	.LASF89:
 2537 0315 63685468 		.ascii	"chThdRelease\000"
 2537      6452656C 
 2537      65617365 
 2537      00
 2538              	.LASF21:
 2539 0322 54687265 		.ascii	"Thread\000"
 2539      616400
 2540              	.LASF81:
 2541 0329 63684865 		.ascii	"chHeapAlloc\000"
ARM GAS  /tmp/cccfzIyK.s 			page 48


 2541      6170416C 
 2541      6C6F6300 
 2542              	.LASF36:
 2543 0335 705F6570 		.ascii	"p_epending\000"
 2543      656E6469 
 2543      6E6700
 2544              	.LASF9:
 2545 0340 75696E74 		.ascii	"uint32_t\000"
 2545      33325F74 
 2545      00
 2546              	.LASF58:
 2547 0349 68656170 		.ascii	"heap\000"
 2547      00
 2548              	.LASF71:
 2549 034e 63686172 		.ascii	"char\000"
 2549      00
 2550              	.LASF50:
 2551 0353 6D5F6E65 		.ascii	"m_next\000"
 2551      787400
 2552              	.LASF20:
 2553 035a 73797374 		.ascii	"systime_t\000"
 2553      696D655F 
 2553      7400
 2554              	.LASF38:
 2555 0364 705F7265 		.ascii	"p_realprio\000"
 2555      616C7072 
 2555      696F00
 2556              	.LASF32:
 2557 036f 705F7469 		.ascii	"p_time\000"
 2557      6D6500
 2558              	.LASF44:
 2559 0376 696E7463 		.ascii	"intctx\000"
 2559      747800
 2560              	.LASF34:
 2561 037d 705F6D73 		.ascii	"p_msgqueue\000"
 2561      67717565 
 2561      756500
 2562              	.LASF83:
 2563 0388 63685363 		.ascii	"chSchWakeupS\000"
 2563      6857616B 
 2563      65757053 
 2563      00
 2564              	.LASF61:
 2565 0395 706F6F6C 		.ascii	"pool_header\000"
 2565      5F686561 
 2565      64657200 
 2566              	.LASF31:
 2567 03a1 705F7265 		.ascii	"p_refs\000"
 2567      667300
 2568              	.LASF3:
 2569 03a8 75696E74 		.ascii	"uint8_t\000"
 2569      385F7400 
 2570              	.LASF84:
 2571 03b0 6368506F 		.ascii	"chPoolAlloc\000"
 2571      6F6C416C 
 2571      6C6F6300 
 2572              	.LASF79:
ARM GAS  /tmp/cccfzIyK.s 			page 49


 2573 03bc 6368506F 		.ascii	"chPoolFree\000"
 2573      6F6C4672 
 2573      656500
 2574              	.LASF69:
 2575 03c7 77746F62 		.ascii	"wtobjp\000"
 2575      6A7000
 2576              	.LASF28:
 2577 03ce 705F6E61 		.ascii	"p_name\000"
 2577      6D6500
 2578              	.LASF49:
 2579 03d5 6D5F6F77 		.ascii	"m_owner\000"
 2579      6E657200 
 2580              	.LASF25:
 2581 03dd 705F6374 		.ascii	"p_ctx\000"
 2581      7800
 2582              	.LASF33:
 2583 03e3 705F7761 		.ascii	"p_waiting\000"
 2583      6974696E 
 2583      6700
 2584              	.LASF53:
 2585 03ed 6D656D6F 		.ascii	"memory_heap\000"
 2585      72795F68 
 2585      65617000 
 2586              		.ident	"GCC: (GNU Tools for ARM Embedded Processors) 4.7.3 20130312 (release) [ARM/embedded-4_7-br
ARM GAS  /tmp/cccfzIyK.s 			page 50


DEFINED SYMBOLS
                            *ABS*:00000000 chdynamic.c
     /tmp/cccfzIyK.s:19     .text.chThdAddRef:00000000 $t
     /tmp/cccfzIyK.s:25     .text.chThdAddRef:00000000 chThdAddRef
     /tmp/cccfzIyK.s:65     .text.chThdRelease:00000000 $t
     /tmp/cccfzIyK.s:71     .text.chThdRelease:00000000 chThdRelease
     /tmp/cccfzIyK.s:156    .text.chThdCreateFromHeap:00000000 $t
     /tmp/cccfzIyK.s:162    .text.chThdCreateFromHeap:00000000 chThdCreateFromHeap
     /tmp/cccfzIyK.s:239    .text.chThdCreateFromMemoryPool:00000000 $t
     /tmp/cccfzIyK.s:245    .text.chThdCreateFromMemoryPool:00000000 chThdCreateFromMemoryPool
                     .debug_frame:00000010 $d

UNDEFINED SYMBOLS
chPoolFree
chHeapFree
chHeapAlloc
chThdCreateI
chSchWakeupS
chPoolAlloc
