ARM GAS  /tmp/ccX3Hu7k.s 			page 1


   1              		.syntax unified
   2              		.cpu cortex-m4
   3              		.fpu softvfp
   4              		.eabi_attribute 20, 1
   5              		.eabi_attribute 21, 1
   6              		.eabi_attribute 23, 3
   7              		.eabi_attribute 24, 1
   8              		.eabi_attribute 25, 1
   9              		.eabi_attribute 26, 1
  10              		.eabi_attribute 30, 2
  11              		.eabi_attribute 34, 1
  12              		.eabi_attribute 18, 4
  13              		.thumb
  14              		.file	"chheap.c"
  15              		.text
  16              	.Ltext0:
  17              		.cfi_sections	.debug_frame
  18              		.section	.text._heap_init,"ax",%progbits
  19              		.align	2
  20              		.p2align 4,,15
  21              		.global	_heap_init
  22              		.thumb
  23              		.thumb_func
  24              		.type	_heap_init, %function
  25              	_heap_init:
  26              	.LFB7:
  27              		.file 1 "../../ChibiOS_2.4.3/os/kernel/src/chheap.c"
  28              		.loc 1 75 0
  29              		.cfi_startproc
  30              		@ args = 0, pretend = 0, frame = 0
  31              		@ frame_needed = 0, uses_anonymous_args = 0
  32              		@ link register save eliminated.
  33              		.loc 1 76 0
  34 0000 40F20003 		movw	r3, #:lower16:.LANCHOR0
  35 0004 C0F20003 		movt	r3, #:upper16:.LANCHOR0
  36 0008 40F20001 		movw	r1, #:lower16:chCoreAlloc
  37              		.loc 1 77 0
  38 000c 0022     		movs	r2, #0
  39              		.loc 1 76 0
  40 000e C0F20001 		movt	r1, #:upper16:chCoreAlloc
  41              		.loc 1 80 0
  42 0012 03F11000 		add	r0, r3, #16
  43              		.loc 1 76 0
  44 0016 1960     		str	r1, [r3, #0]
  45              		.loc 1 77 0
  46 0018 9A60     		str	r2, [r3, #8]
  47              		.loc 1 78 0
  48 001a DA60     		str	r2, [r3, #12]
  49              		.loc 1 84 0
  50              		.loc 1 80 0
  51 001c FFF7FEBF 		b	chMtxInit
  52              	.LVL0:
  53              		.cfi_endproc
  54              	.LFE7:
  55              		.size	_heap_init, .-_heap_init
  56              		.section	.text.chHeapInit,"ax",%progbits
  57              		.align	2
ARM GAS  /tmp/ccX3Hu7k.s 			page 2


  58              		.p2align 4,,15
  59              		.global	chHeapInit
  60              		.thumb
  61              		.thumb_func
  62              		.type	chHeapInit, %function
  63              	chHeapInit:
  64              	.LFB8:
  65              		.loc 1 99 0
  66              		.cfi_startproc
  67              		@ args = 0, pretend = 0, frame = 0
  68              		@ frame_needed = 0, uses_anonymous_args = 0
  69              		@ link register save eliminated.
  70              	.LVL1:
  71              		.loc 1 104 0
  72 0000 0023     		movs	r3, #0
  73 0002 0360     		str	r3, [r0, #0]
  74              	.LVL2:
  75              		.loc 1 105 0
  76 0004 8160     		str	r1, [r0, #8]
  77              		.loc 1 106 0
  78 0006 C360     		str	r3, [r0, #12]
  79              		.loc 1 108 0
  80 0008 083A     		subs	r2, r2, #8
  81              	.LVL3:
  82              		.loc 1 110 0
  83 000a 1030     		adds	r0, r0, #16
  84              	.LVL4:
  85              		.loc 1 107 0
  86 000c 0B60     		str	r3, [r1, #0]
  87              		.loc 1 108 0
  88 000e 4A60     		str	r2, [r1, #4]
  89              		.loc 1 114 0
  90              		.loc 1 110 0
  91 0010 FFF7FEBF 		b	chMtxInit
  92              	.LVL5:
  93              		.cfi_endproc
  94              	.LFE8:
  95              		.size	chHeapInit, .-chHeapInit
  96 0014 AFF30080 		.section	.text.chHeapAlloc,"ax",%progbits
  96      AFF30080 
  96      AFF30080 
  97              		.align	2
  98              		.p2align 4,,15
  99              		.global	chHeapAlloc
 100              		.thumb
 101              		.thumb_func
 102              		.type	chHeapAlloc, %function
 103              	chHeapAlloc:
 104              	.LFB9:
 105              		.loc 1 132 0
 106              		.cfi_startproc
 107              		@ args = 0, pretend = 0, frame = 0
 108              		@ frame_needed = 0, uses_anonymous_args = 0
 109              	.LVL6:
 110 0000 F8B5     		push	{r3, r4, r5, r6, r7, lr}
 111              	.LCFI0:
 112              		.cfi_def_cfa_offset 24
ARM GAS  /tmp/ccX3Hu7k.s 			page 3


 113              		.cfi_offset 3, -24
 114              		.cfi_offset 4, -20
 115              		.cfi_offset 5, -16
 116              		.cfi_offset 6, -12
 117              		.cfi_offset 7, -8
 118              		.cfi_offset 14, -4
 119              		.loc 1 136 0
 120 0002 204E     		ldr	r6, .L20
 121 0004 0028     		cmp	r0, #0
 122 0006 18BF     		it	ne
 123 0008 0646     		movne	r6, r0
 124              		.loc 1 138 0
 125 000a 0731     		adds	r1, r1, #7
 126              	.LVL7:
 127              		.loc 1 140 0
 128 000c 06F11000 		add	r0, r6, #16
 129              	.LVL8:
 130              		.loc 1 138 0
 131 0010 21F00705 		bic	r5, r1, #7
 132              	.LVL9:
 133              		.loc 1 139 0
 134 0014 06F10804 		add	r4, r6, #8
 135              	.LVL10:
 136              		.loc 1 140 0
 137 0018 FFF7FEFF 		bl	chMtxLock
 138              	.LVL11:
 139              		.loc 1 142 0
 140 001c 00E0     		b	.L5
 141              	.LVL12:
 142              	.L13:
 143              		.loc 1 144 0
 144 001e 1C46     		mov	r4, r3
 145              	.LVL13:
 146              	.L5:
 147              		.loc 1 142 0 discriminator 1
 148 0020 2368     		ldr	r3, [r4, #0]
 149              	.LVL14:
 150 0022 FBB1     		cbz	r3, .L18
 151              		.loc 1 144 0
 152 0024 5A68     		ldr	r2, [r3, #4]
 153 0026 9542     		cmp	r5, r2
 154 0028 F9D8     		bhi	.L13
 155              		.loc 1 145 0
 156 002a 05F10801 		add	r1, r5, #8
 157 002e 9142     		cmp	r1, r2
 158 0030 15D8     		bhi	.L19
 159              		.loc 1 155 0
 160 0032 4FF6F870 		movw	r0, #65528
 161 0036 CFF6FF70 		movt	r0, 65535
 162 003a 401B     		subs	r0, r0, r5
 163              		.loc 1 153 0
 164 003c 03EB010E 		add	lr, r3, r1
 165              	.LVL15:
 166              		.loc 1 155 0
 167 0040 8218     		adds	r2, r0, r2
 168              		.loc 1 154 0
 169 0042 1868     		ldr	r0, [r3, #0]
ARM GAS  /tmp/ccX3Hu7k.s 			page 4


 170              		.loc 1 155 0
 171 0044 CEF80420 		str	r2, [lr, #4]
 172              		.loc 1 154 0
 173 0048 5850     		str	r0, [r3, r1]
 174              		.loc 1 157 0
 175 004a 5D60     		str	r5, [r3, #4]
 176              		.loc 1 156 0
 177 004c C4F800E0 		str	lr, [r4, #0]
 178              	.LVL16:
 179              	.L7:
 180              		.loc 1 159 0
 181 0050 1C46     		mov	r4, r3
 182              	.LVL17:
 183 0052 44F8086B 		str	r6, [r4], #8
 184              		.loc 1 161 0
 185 0056 FFF7FEFF 		bl	chMtxUnlock
 186              	.LVL18:
 187              	.L8:
 188              		.loc 1 181 0
 189 005a 2046     		mov	r0, r4
 190 005c F8BD     		pop	{r3, r4, r5, r6, r7, pc}
 191              	.LVL19:
 192              	.L19:
 193              		.loc 1 149 0
 194 005e 1968     		ldr	r1, [r3, #0]
 195 0060 2160     		str	r1, [r4, #0]
 196 0062 F5E7     		b	.L7
 197              	.L18:
 198              		.loc 1 167 0
 199 0064 FFF7FEFF 		bl	chMtxUnlock
 200              	.LVL20:
 201              		.loc 1 171 0
 202 0068 3268     		ldr	r2, [r6, #0]
 203 006a 4AB1     		cbz	r2, .L11
 204              		.loc 1 172 0
 205 006c 05F10800 		add	r0, r5, #8
 206 0070 9047     		blx	r2
 207              	.LVL21:
 208              		.loc 1 173 0
 209 0072 28B1     		cbz	r0, .L11
 210              		.loc 1 177 0
 211 0074 00F10804 		add	r4, r0, #8
 212              	.LVL22:
 213              		.loc 1 174 0
 214 0078 0660     		str	r6, [r0, #0]
 215              		.loc 1 175 0
 216 007a 4560     		str	r5, [r0, #4]
 217              	.LVL23:
 218              		.loc 1 181 0
 219 007c 2046     		mov	r0, r4
 220 007e F8BD     		pop	{r3, r4, r5, r6, r7, pc}
 221              	.LVL24:
 222              	.L11:
 223              		.loc 1 180 0
 224 0080 0024     		movs	r4, #0
 225              	.LVL25:
 226 0082 EAE7     		b	.L8
ARM GAS  /tmp/ccX3Hu7k.s 			page 5


 227              	.L21:
 228              		.align	2
 229              	.L20:
 230 0084 00000000 		.word	.LANCHOR0
 231              		.cfi_endproc
 232              	.LFE9:
 233              		.size	chHeapAlloc, .-chHeapAlloc
 234 0088 AFF30080 		.section	.text.chHeapFree,"ax",%progbits
 234      AFF30080 
 235              		.align	2
 236              		.p2align 4,,15
 237              		.global	chHeapFree
 238              		.thumb
 239              		.thumb_func
 240              		.type	chHeapFree, %function
 241              	chHeapFree:
 242              	.LFB10:
 243              		.loc 1 194 0
 244              		.cfi_startproc
 245              		@ args = 0, pretend = 0, frame = 0
 246              		@ frame_needed = 0, uses_anonymous_args = 0
 247              	.LVL26:
 248 0000 70B5     		push	{r4, r5, r6, lr}
 249              	.LCFI1:
 250              		.cfi_def_cfa_offset 16
 251              		.cfi_offset 4, -16
 252              		.cfi_offset 5, -12
 253              		.cfi_offset 6, -8
 254              		.cfi_offset 14, -4
 255              		.loc 1 194 0
 256 0002 0646     		mov	r6, r0
 257              		.loc 1 200 0
 258 0004 A0F10804 		sub	r4, r0, #8
 259              	.LVL27:
 260              		.loc 1 201 0
 261 0008 50F8080C 		ldr	r0, [r0, #-8]
 262              	.LVL28:
 263              		.loc 1 202 0
 264 000c 00F10805 		add	r5, r0, #8
 265              	.LVL29:
 266              		.loc 1 203 0
 267 0010 1030     		adds	r0, r0, #16
 268              	.LVL30:
 269 0012 FFF7FEFF 		bl	chMtxLock
 270              	.LVL31:
 271              		.loc 1 202 0
 272 0016 2B46     		mov	r3, r5
 273              	.LVL32:
 274              	.L29:
 275              		.loc 1 210 0
 276 0018 AB42     		cmp	r3, r5
 277              		.loc 1 211 0
 278 001a 1A68     		ldr	r2, [r3, #0]
 279              		.loc 1 210 0
 280 001c 01D0     		beq	.L23
 281              		.loc 1 210 0 is_stmt 0 discriminator 2
 282 001e A342     		cmp	r3, r4
ARM GAS  /tmp/ccX3Hu7k.s 			page 6


 283 0020 02D2     		bcs	.L26
 284              	.L23:
 285              		.loc 1 210 0 discriminator 1
 286 0022 1AB1     		cbz	r2, .L25
 287              		.loc 1 211 0 is_stmt 1
 288 0024 9442     		cmp	r4, r2
 289 0026 01D3     		bcc	.L25
 290              	.L26:
 291              	.LVL33:
 292              		.loc 1 228 0
 293 0028 1346     		mov	r3, r2
 294              		.loc 1 229 0
 295 002a F5E7     		b	.L29
 296              	.LVL34:
 297              	.L25:
 298              		.loc 1 216 0
 299 002c 56F8041C 		ldr	r1, [r6, #-4]
 300              		.loc 1 213 0
 301 0030 46F8082C 		str	r2, [r6, #-8]
 302              		.loc 1 214 0
 303 0034 1C60     		str	r4, [r3, #0]
 304              		.loc 1 216 0
 305 0036 01F10802 		add	r2, r1, #8
 306 003a 56F8085C 		ldr	r5, [r6, #-8]
 307              	.LVL35:
 308 003e A018     		adds	r0, r4, r2
 309 0040 A842     		cmp	r0, r5
 310 0042 09D0     		beq	.L33
 311              		.loc 1 221 0
 312 0044 5A68     		ldr	r2, [r3, #4]
 313 0046 02F10800 		add	r0, r2, #8
 314 004a 1918     		adds	r1, r3, r0
 315 004c 8C42     		cmp	r4, r1
 316 004e 11D0     		beq	.L34
 317              	.L28:
 318              		.loc 1 233 0
 319 0050 BDE87040 		pop	{r4, r5, r6, lr}
 320              		.loc 1 231 0
 321 0054 FFF7FEBF 		b	chMtxUnlock
 322              	.LVL36:
 323              	.L33:
 324              		.loc 1 218 0
 325 0058 4068     		ldr	r0, [r0, #4]
 326              		.loc 1 219 0
 327 005a A258     		ldr	r2, [r4, r2]
 328              		.loc 1 218 0
 329 005c 0918     		adds	r1, r1, r0
 330 005e 0831     		adds	r1, r1, #8
 331 0060 46F8041C 		str	r1, [r6, #-4]
 332              		.loc 1 219 0
 333 0064 46F8082C 		str	r2, [r6, #-8]
 334              		.loc 1 221 0
 335 0068 5A68     		ldr	r2, [r3, #4]
 336 006a 02F10800 		add	r0, r2, #8
 337 006e 1918     		adds	r1, r3, r0
 338 0070 8C42     		cmp	r4, r1
 339 0072 EDD1     		bne	.L28
ARM GAS  /tmp/ccX3Hu7k.s 			page 7


 340              	.L34:
 341              		.loc 1 223 0
 342 0074 56F8040C 		ldr	r0, [r6, #-4]
 343              		.loc 1 224 0
 344 0078 56F8081C 		ldr	r1, [r6, #-8]
 345              		.loc 1 223 0
 346 007c 1218     		adds	r2, r2, r0
 347 007e 0832     		adds	r2, r2, #8
 348              		.loc 1 224 0
 349 0080 83E80600 		stmia	r3, {r1, r2}
 350 0084 E4E7     		b	.L28
 351              		.cfi_endproc
 352              	.LFE10:
 353              		.size	chHeapFree, .-chHeapFree
 354 0086 00BFAFF3 		.section	.text.chHeapStatus,"ax",%progbits
 354      0080AFF3 
 354      0080
 355              		.align	2
 356              		.p2align 4,,15
 357              		.global	chHeapStatus
 358              		.thumb
 359              		.thumb_func
 360              		.type	chHeapStatus, %function
 361              	chHeapStatus:
 362              	.LFB11:
 363              		.loc 1 250 0
 364              		.cfi_startproc
 365              		@ args = 0, pretend = 0, frame = 0
 366              		@ frame_needed = 0, uses_anonymous_args = 0
 367              	.LVL37:
 368 0000 38B5     		push	{r3, r4, r5, lr}
 369              	.LCFI2:
 370              		.cfi_def_cfa_offset 16
 371              		.cfi_offset 3, -16
 372              		.cfi_offset 4, -12
 373              		.cfi_offset 5, -8
 374              		.cfi_offset 14, -4
 375              		.loc 1 255 0
 376 0002 0E4C     		ldr	r4, .L46
 377 0004 0028     		cmp	r0, #0
 378 0006 18BF     		it	ne
 379 0008 0446     		movne	r4, r0
 380              		.loc 1 257 0
 381 000a 04F11000 		add	r0, r4, #16
 382              	.LVL38:
 383              		.loc 1 250 0
 384 000e 0D46     		mov	r5, r1
 385              		.loc 1 257 0
 386 0010 FFF7FEFF 		bl	chMtxLock
 387              	.LVL39:
 388              		.loc 1 260 0
 389 0014 A368     		ldr	r3, [r4, #8]
 390 0016 6BB1     		cbz	r3, .L41
 391 0018 0022     		movs	r2, #0
 392 001a 1446     		mov	r4, r2
 393              	.LVL40:
 394              	.L38:
ARM GAS  /tmp/ccX3Hu7k.s 			page 8


 395              		.loc 1 261 0 discriminator 2
 396 001c 5868     		ldr	r0, [r3, #4]
 397              		.loc 1 260 0 discriminator 2
 398 001e 1B68     		ldr	r3, [r3, #0]
 399              		.loc 1 261 0 discriminator 2
 400 0020 1218     		adds	r2, r2, r0
 401              	.LVL41:
 402              		.loc 1 260 0 discriminator 2
 403 0022 0134     		adds	r4, r4, #1
 404              	.LVL42:
 405 0024 002B     		cmp	r3, #0
 406 0026 F9D1     		bne	.L38
 407              	.LVL43:
 408              	.L37:
 409              		.loc 1 262 0
 410 0028 05B1     		cbz	r5, .L39
 411              		.loc 1 263 0
 412 002a 2A60     		str	r2, [r5, #0]
 413              	.L39:
 414              		.loc 1 265 0
 415 002c FFF7FEFF 		bl	chMtxUnlock
 416              	.LVL44:
 417              		.loc 1 267 0
 418 0030 2046     		mov	r0, r4
 419 0032 38BD     		pop	{r3, r4, r5, pc}
 420              	.LVL45:
 421              	.L41:
 422              		.loc 1 259 0
 423 0034 1A46     		mov	r2, r3
 424              		.loc 1 260 0
 425 0036 1C46     		mov	r4, r3
 426 0038 F6E7     		b	.L37
 427              	.L47:
 428 003a 00BF     		.align	2
 429              	.L46:
 430 003c 00000000 		.word	.LANCHOR0
 431              		.cfi_endproc
 432              	.LFE11:
 433              		.size	chHeapStatus, .-chHeapStatus
 434              		.section	.bss.default_heap,"aw",%nobits
 435              		.align	3
 436              		.set	.LANCHOR0,. + 0
 437              		.type	default_heap, %object
 438              		.size	default_heap, 32
 439              	default_heap:
 440 0000 00000000 		.space	32
 440      00000000 
 440      00000000 
 440      00000000 
 440      00000000 
 441              		.text
 442              	.Letext0:
 443              		.file 2 "/opt/ARM/bin/../lib/gcc/arm-none-eabi/4.7.3/include/stddef.h"
 444              		.file 3 "/opt/ARM/bin/../lib/gcc/arm-none-eabi/4.7.3/../../../../arm-none-eabi/include/stdint.h"
 445              		.file 4 "../../ChibiOS_2.4.3/os/ports/GCC/ARMCMx/chtypes.h"
 446              		.file 5 "../../ChibiOS_2.4.3/os/kernel/include/chlists.h"
 447              		.file 6 "../../ChibiOS_2.4.3/os/kernel/include/chthreads.h"
ARM GAS  /tmp/ccX3Hu7k.s 			page 9


 448              		.file 7 "../../ChibiOS_2.4.3/os/ports/GCC/ARMCMx/chcore_v7m.h"
 449              		.file 8 "../../ChibiOS_2.4.3/os/kernel/include/chmtx.h"
 450              		.file 9 "../../ChibiOS_2.4.3/os/kernel/include/chmemcore.h"
 451              		.file 10 "../../ChibiOS_2.4.3/os/kernel/include/chheap.h"
 452              		.section	.debug_info,"",%progbits
 453              	.Ldebug_info0:
 454 0000 14070000 		.4byte	0x714
 455 0004 0200     		.2byte	0x2
 456 0006 00000000 		.4byte	.Ldebug_abbrev0
 457 000a 04       		.byte	0x4
 458 000b 01       		.uleb128 0x1
 459 000c D1010000 		.4byte	.LASF76
 460 0010 01       		.byte	0x1
 461 0011 E0020000 		.4byte	.LASF77
 462 0015 FD000000 		.4byte	.LASF78
 463 0019 00000000 		.4byte	.Ldebug_ranges0+0
 464 001d 00000000 		.4byte	0
 465 0021 00000000 		.4byte	0
 466 0025 00000000 		.4byte	.Ldebug_line0
 467 0029 02       		.uleb128 0x2
 468 002a 04       		.byte	0x4
 469 002b 05       		.byte	0x5
 470 002c 696E7400 		.ascii	"int\000"
 471 0030 03       		.uleb128 0x3
 472 0031 06000000 		.4byte	.LASF2
 473 0035 02       		.byte	0x2
 474 0036 D5       		.byte	0xd5
 475 0037 3B000000 		.4byte	0x3b
 476 003b 04       		.uleb128 0x4
 477 003c 04       		.byte	0x4
 478 003d 07       		.byte	0x7
 479 003e DE000000 		.4byte	.LASF0
 480 0042 04       		.uleb128 0x4
 481 0043 01       		.byte	0x1
 482 0044 06       		.byte	0x6
 483 0045 88000000 		.4byte	.LASF1
 484 0049 03       		.uleb128 0x3
 485 004a 35030000 		.4byte	.LASF3
 486 004e 03       		.byte	0x3
 487 004f 2A       		.byte	0x2a
 488 0050 54000000 		.4byte	0x54
 489 0054 04       		.uleb128 0x4
 490 0055 01       		.byte	0x1
 491 0056 08       		.byte	0x8
 492 0057 22020000 		.4byte	.LASF4
 493 005b 04       		.uleb128 0x4
 494 005c 02       		.byte	0x2
 495 005d 05       		.byte	0x5
 496 005e 45020000 		.4byte	.LASF5
 497 0062 04       		.uleb128 0x4
 498 0063 02       		.byte	0x2
 499 0064 07       		.byte	0x7
 500 0065 3D010000 		.4byte	.LASF6
 501 0069 03       		.uleb128 0x3
 502 006a 1A020000 		.4byte	.LASF7
 503 006e 03       		.byte	0x3
 504 006f 4F       		.byte	0x4f
ARM GAS  /tmp/ccX3Hu7k.s 			page 10


 505 0070 74000000 		.4byte	0x74
 506 0074 04       		.uleb128 0x4
 507 0075 04       		.byte	0x4
 508 0076 05       		.byte	0x5
 509 0077 B5000000 		.4byte	.LASF8
 510 007b 03       		.uleb128 0x3
 511 007c 97020000 		.4byte	.LASF9
 512 0080 03       		.byte	0x3
 513 0081 50       		.byte	0x50
 514 0082 86000000 		.4byte	0x86
 515 0086 04       		.uleb128 0x4
 516 0087 04       		.byte	0x4
 517 0088 07       		.byte	0x7
 518 0089 EB000000 		.4byte	.LASF10
 519 008d 04       		.uleb128 0x4
 520 008e 08       		.byte	0x8
 521 008f 05       		.byte	0x5
 522 0090 7A000000 		.4byte	.LASF11
 523 0094 03       		.uleb128 0x3
 524 0095 14000000 		.4byte	.LASF12
 525 0099 03       		.byte	0x3
 526 009a 78       		.byte	0x78
 527 009b 9F000000 		.4byte	0x9f
 528 009f 04       		.uleb128 0x4
 529 00a0 08       		.byte	0x8
 530 00a1 07       		.byte	0x7
 531 00a2 2A000000 		.4byte	.LASF13
 532 00a6 03       		.uleb128 0x3
 533 00a7 56010000 		.4byte	.LASF14
 534 00ab 04       		.byte	0x4
 535 00ac 2F       		.byte	0x2f
 536 00ad 49000000 		.4byte	0x49
 537 00b1 03       		.uleb128 0x3
 538 00b2 BE000000 		.4byte	.LASF15
 539 00b6 04       		.byte	0x4
 540 00b7 30       		.byte	0x30
 541 00b8 49000000 		.4byte	0x49
 542 00bc 03       		.uleb128 0x3
 543 00bd BA010000 		.4byte	.LASF16
 544 00c1 04       		.byte	0x4
 545 00c2 31       		.byte	0x31
 546 00c3 49000000 		.4byte	0x49
 547 00c7 03       		.uleb128 0x3
 548 00c8 C9010000 		.4byte	.LASF17
 549 00cc 04       		.byte	0x4
 550 00cd 32       		.byte	0x32
 551 00ce 7B000000 		.4byte	0x7b
 552 00d2 03       		.uleb128 0x3
 553 00d3 50010000 		.4byte	.LASF18
 554 00d7 04       		.byte	0x4
 555 00d8 33       		.byte	0x33
 556 00d9 69000000 		.4byte	0x69
 557 00dd 03       		.uleb128 0x3
 558 00de 6A010000 		.4byte	.LASF19
 559 00e2 04       		.byte	0x4
 560 00e3 35       		.byte	0x35
 561 00e4 7B000000 		.4byte	0x7b
ARM GAS  /tmp/ccX3Hu7k.s 			page 11


 562 00e8 03       		.uleb128 0x3
 563 00e9 CB020000 		.4byte	.LASF20
 564 00ed 04       		.byte	0x4
 565 00ee 36       		.byte	0x36
 566 00ef 7B000000 		.4byte	0x7b
 567 00f3 03       		.uleb128 0x3
 568 00f4 79020000 		.4byte	.LASF21
 569 00f8 05       		.byte	0x5
 570 00f9 2A       		.byte	0x2a
 571 00fa FE000000 		.4byte	0xfe
 572 00fe 05       		.uleb128 0x5
 573 00ff 79020000 		.4byte	.LASF21
 574 0103 48       		.byte	0x48
 575 0104 06       		.byte	0x6
 576 0105 5E       		.byte	0x5e
 577 0106 15020000 		.4byte	0x215
 578 010a 06       		.uleb128 0x6
 579 010b 6A020000 		.4byte	.LASF22
 580 010f 06       		.byte	0x6
 581 0110 5F       		.byte	0x5f
 582 0111 3A020000 		.4byte	0x23a
 583 0115 02       		.byte	0x2
 584 0116 23       		.byte	0x23
 585 0117 00       		.uleb128 0
 586 0118 06       		.uleb128 0x6
 587 0119 C2010000 		.4byte	.LASF23
 588 011d 06       		.byte	0x6
 589 011e 61       		.byte	0x61
 590 011f 3A020000 		.4byte	0x23a
 591 0123 02       		.byte	0x2
 592 0124 23       		.byte	0x23
 593 0125 04       		.uleb128 0x4
 594 0126 06       		.uleb128 0x6
 595 0127 73000000 		.4byte	.LASF24
 596 012b 06       		.byte	0x6
 597 012c 63       		.byte	0x63
 598 012d C7000000 		.4byte	0xc7
 599 0131 02       		.byte	0x2
 600 0132 23       		.byte	0x23
 601 0133 08       		.uleb128 0x8
 602 0134 06       		.uleb128 0x6
 603 0135 64030000 		.4byte	.LASF25
 604 0139 06       		.byte	0x6
 605 013a 64       		.byte	0x64
 606 013b 12030000 		.4byte	0x312
 607 013f 02       		.byte	0x2
 608 0140 23       		.byte	0x23
 609 0141 0C       		.uleb128 0xc
 610 0142 06       		.uleb128 0x6
 611 0143 C7000000 		.4byte	.LASF26
 612 0147 06       		.byte	0x6
 613 0148 66       		.byte	0x66
 614 0149 3A020000 		.4byte	0x23a
 615 014d 02       		.byte	0x2
 616 014e 23       		.byte	0x23
 617 014f 10       		.uleb128 0x10
 618 0150 06       		.uleb128 0x6
ARM GAS  /tmp/ccX3Hu7k.s 			page 12


 619 0151 9A010000 		.4byte	.LASF27
 620 0155 06       		.byte	0x6
 621 0156 67       		.byte	0x67
 622 0157 3A020000 		.4byte	0x23a
 623 015b 02       		.byte	0x2
 624 015c 23       		.byte	0x23
 625 015d 14       		.uleb128 0x14
 626 015e 06       		.uleb128 0x6
 627 015f 4A030000 		.4byte	.LASF28
 628 0163 06       		.byte	0x6
 629 0164 6E       		.byte	0x6e
 630 0165 90040000 		.4byte	0x490
 631 0169 02       		.byte	0x2
 632 016a 23       		.byte	0x23
 633 016b 18       		.uleb128 0x18
 634 016c 06       		.uleb128 0x6
 635 016d 4F020000 		.4byte	.LASF29
 636 0171 06       		.byte	0x6
 637 0172 79       		.byte	0x79
 638 0173 B1000000 		.4byte	0xb1
 639 0177 02       		.byte	0x2
 640 0178 23       		.byte	0x23
 641 0179 1C       		.uleb128 0x1c
 642 017a 06       		.uleb128 0x6
 643 017b 71020000 		.4byte	.LASF30
 644 017f 06       		.byte	0x6
 645 0180 7D       		.byte	0x7d
 646 0181 A6000000 		.4byte	0xa6
 647 0185 02       		.byte	0x2
 648 0186 23       		.byte	0x23
 649 0187 1D       		.uleb128 0x1d
 650 0188 06       		.uleb128 0x6
 651 0189 2E030000 		.4byte	.LASF31
 652 018d 06       		.byte	0x6
 653 018e 82       		.byte	0x82
 654 018f BC000000 		.4byte	0xbc
 655 0193 02       		.byte	0x2
 656 0194 23       		.byte	0x23
 657 0195 1E       		.uleb128 0x1e
 658 0196 06       		.uleb128 0x6
 659 0197 0B030000 		.4byte	.LASF32
 660 019b 06       		.byte	0x6
 661 019c 89       		.byte	0x89
 662 019d 3C030000 		.4byte	0x33c
 663 01a1 02       		.byte	0x2
 664 01a2 23       		.byte	0x23
 665 01a3 20       		.uleb128 0x20
 666 01a4 07       		.uleb128 0x7
 667 01a5 705F7500 		.ascii	"p_u\000"
 668 01a9 06       		.byte	0x6
 669 01aa AE       		.byte	0xae
 670 01ab 5B040000 		.4byte	0x45b
 671 01af 02       		.byte	0x2
 672 01b0 23       		.byte	0x23
 673 01b1 24       		.uleb128 0x24
 674 01b2 06       		.uleb128 0x6
 675 01b3 6A030000 		.4byte	.LASF33
ARM GAS  /tmp/ccX3Hu7k.s 			page 13


 676 01b7 06       		.byte	0x6
 677 01b8 B3       		.byte	0xb3
 678 01b9 62020000 		.4byte	0x262
 679 01bd 02       		.byte	0x2
 680 01be 23       		.byte	0x23
 681 01bf 28       		.uleb128 0x28
 682 01c0 06       		.uleb128 0x6
 683 01c1 19030000 		.4byte	.LASF34
 684 01c5 06       		.byte	0x6
 685 01c6 B9       		.byte	0xb9
 686 01c7 40020000 		.4byte	0x240
 687 01cb 02       		.byte	0x2
 688 01cc 23       		.byte	0x23
 689 01cd 2C       		.uleb128 0x2c
 690 01ce 06       		.uleb128 0x6
 691 01cf 00000000 		.4byte	.LASF35
 692 01d3 06       		.byte	0x6
 693 01d4 BD       		.byte	0xbd
 694 01d5 D2000000 		.4byte	0xd2
 695 01d9 02       		.byte	0x2
 696 01da 23       		.byte	0x23
 697 01db 34       		.uleb128 0x34
 698 01dc 06       		.uleb128 0x6
 699 01dd 8C020000 		.4byte	.LASF36
 700 01e1 06       		.byte	0x6
 701 01e2 C3       		.byte	0xc3
 702 01e3 DD000000 		.4byte	0xdd
 703 01e7 02       		.byte	0x2
 704 01e8 23       		.byte	0x23
 705 01e9 38       		.uleb128 0x38
 706 01ea 06       		.uleb128 0x6
 707 01eb 3B020000 		.4byte	.LASF37
 708 01ef 06       		.byte	0x6
 709 01f0 CA       		.byte	0xca
 710 01f1 A2040000 		.4byte	0x4a2
 711 01f5 02       		.byte	0x2
 712 01f6 23       		.byte	0x23
 713 01f7 3C       		.uleb128 0x3c
 714 01f8 06       		.uleb128 0x6
 715 01f9 D5020000 		.4byte	.LASF38
 716 01fd 06       		.byte	0x6
 717 01fe CE       		.byte	0xce
 718 01ff C7000000 		.4byte	0xc7
 719 0203 02       		.byte	0x2
 720 0204 23       		.byte	0x23
 721 0205 40       		.uleb128 0x40
 722 0206 06       		.uleb128 0x6
 723 0207 9A000000 		.4byte	.LASF39
 724 020b 06       		.byte	0x6
 725 020c D4       		.byte	0xd4
 726 020d 78020000 		.4byte	0x278
 727 0211 02       		.byte	0x2
 728 0212 23       		.byte	0x23
 729 0213 44       		.uleb128 0x44
 730 0214 00       		.byte	0
 731 0215 08       		.uleb128 0x8
 732 0216 08       		.byte	0x8
ARM GAS  /tmp/ccX3Hu7k.s 			page 14


 733 0217 05       		.byte	0x5
 734 0218 61       		.byte	0x61
 735 0219 3A020000 		.4byte	0x23a
 736 021d 06       		.uleb128 0x6
 737 021e 6A020000 		.4byte	.LASF22
 738 0222 05       		.byte	0x5
 739 0223 62       		.byte	0x62
 740 0224 3A020000 		.4byte	0x23a
 741 0228 02       		.byte	0x2
 742 0229 23       		.byte	0x23
 743 022a 00       		.uleb128 0
 744 022b 06       		.uleb128 0x6
 745 022c C2010000 		.4byte	.LASF23
 746 0230 05       		.byte	0x5
 747 0231 64       		.byte	0x64
 748 0232 3A020000 		.4byte	0x23a
 749 0236 02       		.byte	0x2
 750 0237 23       		.byte	0x23
 751 0238 04       		.uleb128 0x4
 752 0239 00       		.byte	0
 753 023a 09       		.uleb128 0x9
 754 023b 04       		.byte	0x4
 755 023c F3000000 		.4byte	0xf3
 756 0240 03       		.uleb128 0x3
 757 0241 A2010000 		.4byte	.LASF40
 758 0245 05       		.byte	0x5
 759 0246 66       		.byte	0x66
 760 0247 15020000 		.4byte	0x215
 761 024b 08       		.uleb128 0x8
 762 024c 04       		.byte	0x4
 763 024d 05       		.byte	0x5
 764 024e 6B       		.byte	0x6b
 765 024f 62020000 		.4byte	0x262
 766 0253 06       		.uleb128 0x6
 767 0254 6A020000 		.4byte	.LASF22
 768 0258 05       		.byte	0x5
 769 0259 6D       		.byte	0x6d
 770 025a 3A020000 		.4byte	0x23a
 771 025e 02       		.byte	0x2
 772 025f 23       		.byte	0x23
 773 0260 00       		.uleb128 0
 774 0261 00       		.byte	0
 775 0262 03       		.uleb128 0x3
 776 0263 5E010000 		.4byte	.LASF41
 777 0267 05       		.byte	0x5
 778 0268 70       		.byte	0x70
 779 0269 4B020000 		.4byte	0x24b
 780 026d 03       		.uleb128 0x3
 781 026e CF000000 		.4byte	.LASF42
 782 0272 07       		.byte	0x7
 783 0273 D7       		.byte	0xd7
 784 0274 78020000 		.4byte	0x278
 785 0278 0A       		.uleb128 0xa
 786 0279 04       		.byte	0x4
 787 027a 03       		.uleb128 0x3
 788 027b 7C010000 		.4byte	.LASF43
 789 027f 07       		.byte	0x7
ARM GAS  /tmp/ccX3Hu7k.s 			page 15


 790 0280 DD       		.byte	0xdd
 791 0281 94000000 		.4byte	0x94
 792 0285 05       		.uleb128 0x5
 793 0286 12030000 		.4byte	.LASF44
 794 028a 24       		.byte	0x24
 795 028b 07       		.byte	0x7
 796 028c FE       		.byte	0xfe
 797 028d 12030000 		.4byte	0x312
 798 0291 0B       		.uleb128 0xb
 799 0292 723400   		.ascii	"r4\000"
 800 0295 07       		.byte	0x7
 801 0296 1101     		.2byte	0x111
 802 0298 6D020000 		.4byte	0x26d
 803 029c 02       		.byte	0x2
 804 029d 23       		.byte	0x23
 805 029e 00       		.uleb128 0
 806 029f 0B       		.uleb128 0xb
 807 02a0 723500   		.ascii	"r5\000"
 808 02a3 07       		.byte	0x7
 809 02a4 1201     		.2byte	0x112
 810 02a6 6D020000 		.4byte	0x26d
 811 02aa 02       		.byte	0x2
 812 02ab 23       		.byte	0x23
 813 02ac 04       		.uleb128 0x4
 814 02ad 0B       		.uleb128 0xb
 815 02ae 723600   		.ascii	"r6\000"
 816 02b1 07       		.byte	0x7
 817 02b2 1301     		.2byte	0x113
 818 02b4 6D020000 		.4byte	0x26d
 819 02b8 02       		.byte	0x2
 820 02b9 23       		.byte	0x23
 821 02ba 08       		.uleb128 0x8
 822 02bb 0B       		.uleb128 0xb
 823 02bc 723700   		.ascii	"r7\000"
 824 02bf 07       		.byte	0x7
 825 02c0 1401     		.2byte	0x114
 826 02c2 6D020000 		.4byte	0x26d
 827 02c6 02       		.byte	0x2
 828 02c7 23       		.byte	0x23
 829 02c8 0C       		.uleb128 0xc
 830 02c9 0B       		.uleb128 0xb
 831 02ca 723800   		.ascii	"r8\000"
 832 02cd 07       		.byte	0x7
 833 02ce 1501     		.2byte	0x115
 834 02d0 6D020000 		.4byte	0x26d
 835 02d4 02       		.byte	0x2
 836 02d5 23       		.byte	0x23
 837 02d6 10       		.uleb128 0x10
 838 02d7 0B       		.uleb128 0xb
 839 02d8 723900   		.ascii	"r9\000"
 840 02db 07       		.byte	0x7
 841 02dc 1601     		.2byte	0x116
 842 02de 6D020000 		.4byte	0x26d
 843 02e2 02       		.byte	0x2
 844 02e3 23       		.byte	0x23
 845 02e4 14       		.uleb128 0x14
 846 02e5 0B       		.uleb128 0xb
ARM GAS  /tmp/ccX3Hu7k.s 			page 16


 847 02e6 72313000 		.ascii	"r10\000"
 848 02ea 07       		.byte	0x7
 849 02eb 1701     		.2byte	0x117
 850 02ed 6D020000 		.4byte	0x26d
 851 02f1 02       		.byte	0x2
 852 02f2 23       		.byte	0x23
 853 02f3 18       		.uleb128 0x18
 854 02f4 0B       		.uleb128 0xb
 855 02f5 72313100 		.ascii	"r11\000"
 856 02f9 07       		.byte	0x7
 857 02fa 1801     		.2byte	0x118
 858 02fc 6D020000 		.4byte	0x26d
 859 0300 02       		.byte	0x2
 860 0301 23       		.byte	0x23
 861 0302 1C       		.uleb128 0x1c
 862 0303 0B       		.uleb128 0xb
 863 0304 6C7200   		.ascii	"lr\000"
 864 0307 07       		.byte	0x7
 865 0308 1901     		.2byte	0x119
 866 030a 6D020000 		.4byte	0x26d
 867 030e 02       		.byte	0x2
 868 030f 23       		.byte	0x23
 869 0310 20       		.uleb128 0x20
 870 0311 00       		.byte	0
 871 0312 0C       		.uleb128 0xc
 872 0313 30010000 		.4byte	.LASF45
 873 0317 04       		.byte	0x4
 874 0318 07       		.byte	0x7
 875 0319 2301     		.2byte	0x123
 876 031b 2F030000 		.4byte	0x32f
 877 031f 0B       		.uleb128 0xb
 878 0320 72313300 		.ascii	"r13\000"
 879 0324 07       		.byte	0x7
 880 0325 2401     		.2byte	0x124
 881 0327 2F030000 		.4byte	0x32f
 882 032b 02       		.byte	0x2
 883 032c 23       		.byte	0x23
 884 032d 00       		.uleb128 0
 885 032e 00       		.byte	0
 886 032f 09       		.uleb128 0x9
 887 0330 04       		.byte	0x4
 888 0331 85020000 		.4byte	0x285
 889 0335 04       		.uleb128 0x4
 890 0336 04       		.byte	0x4
 891 0337 07       		.byte	0x7
 892 0338 87010000 		.4byte	.LASF46
 893 033c 0D       		.uleb128 0xd
 894 033d E8000000 		.4byte	0xe8
 895 0341 05       		.uleb128 0x5
 896 0342 76010000 		.4byte	.LASF47
 897 0346 10       		.byte	0x10
 898 0347 08       		.byte	0x8
 899 0348 2C       		.byte	0x2c
 900 0349 78030000 		.4byte	0x378
 901 034d 06       		.uleb128 0x6
 902 034e A2000000 		.4byte	.LASF48
 903 0352 08       		.byte	0x8
ARM GAS  /tmp/ccX3Hu7k.s 			page 17


 904 0353 2D       		.byte	0x2d
 905 0354 40020000 		.4byte	0x240
 906 0358 02       		.byte	0x2
 907 0359 23       		.byte	0x23
 908 035a 00       		.uleb128 0
 909 035b 06       		.uleb128 0x6
 910 035c 5C030000 		.4byte	.LASF49
 911 0360 08       		.byte	0x8
 912 0361 2F       		.byte	0x2f
 913 0362 3A020000 		.4byte	0x23a
 914 0366 02       		.byte	0x2
 915 0367 23       		.byte	0x23
 916 0368 08       		.uleb128 0x8
 917 0369 06       		.uleb128 0x6
 918 036a C4020000 		.4byte	.LASF50
 919 036e 08       		.byte	0x8
 920 036f 31       		.byte	0x31
 921 0370 78030000 		.4byte	0x378
 922 0374 02       		.byte	0x2
 923 0375 23       		.byte	0x23
 924 0376 0C       		.uleb128 0xc
 925 0377 00       		.byte	0
 926 0378 09       		.uleb128 0x9
 927 0379 04       		.byte	0x4
 928 037a 41030000 		.4byte	0x341
 929 037e 03       		.uleb128 0x3
 930 037f 76010000 		.4byte	.LASF47
 931 0383 08       		.byte	0x8
 932 0384 33       		.byte	0x33
 933 0385 41030000 		.4byte	0x341
 934 0389 03       		.uleb128 0x3
 935 038a 1D000000 		.4byte	.LASF51
 936 038e 09       		.byte	0x9
 937 038f 2C       		.byte	0x2c
 938 0390 94030000 		.4byte	0x394
 939 0394 09       		.uleb128 0x9
 940 0395 04       		.byte	0x4
 941 0396 9A030000 		.4byte	0x39a
 942 039a 0E       		.uleb128 0xe
 943 039b 01       		.byte	0x1
 944 039c 78020000 		.4byte	0x278
 945 03a0 AA030000 		.4byte	0x3aa
 946 03a4 0F       		.uleb128 0xf
 947 03a5 30000000 		.4byte	0x30
 948 03a9 00       		.byte	0
 949 03aa 03       		.uleb128 0x3
 950 03ab AF010000 		.4byte	.LASF52
 951 03af 0A       		.byte	0xa
 952 03b0 34       		.byte	0x34
 953 03b1 B5030000 		.4byte	0x3b5
 954 03b5 05       		.uleb128 0x5
 955 03b6 74030000 		.4byte	.LASF53
 956 03ba 20       		.byte	0x20
 957 03bb 0A       		.byte	0xa
 958 03bc 47       		.byte	0x47
 959 03bd EC030000 		.4byte	0x3ec
 960 03c1 06       		.uleb128 0x6
ARM GAS  /tmp/ccX3Hu7k.s 			page 18


 961 03c2 30020000 		.4byte	.LASF54
 962 03c6 0A       		.byte	0xa
 963 03c7 48       		.byte	0x48
 964 03c8 89030000 		.4byte	0x389
 965 03cc 02       		.byte	0x2
 966 03cd 23       		.byte	0x23
 967 03ce 00       		.uleb128 0
 968 03cf 06       		.uleb128 0x6
 969 03d0 4A000000 		.4byte	.LASF55
 970 03d4 0A       		.byte	0xa
 971 03d5 4A       		.byte	0x4a
 972 03d6 0B040000 		.4byte	0x40b
 973 03da 02       		.byte	0x2
 974 03db 23       		.byte	0x23
 975 03dc 08       		.uleb128 0x8
 976 03dd 06       		.uleb128 0x6
 977 03de 94000000 		.4byte	.LASF56
 978 03e2 0A       		.byte	0xa
 979 03e3 4C       		.byte	0x4c
 980 03e4 7E030000 		.4byte	0x37e
 981 03e8 02       		.byte	0x2
 982 03e9 23       		.byte	0x23
 983 03ea 10       		.uleb128 0x10
 984 03eb 00       		.byte	0
 985 03ec 10       		.uleb128 0x10
 986 03ed 04       		.byte	0x4
 987 03ee 0A       		.byte	0xa
 988 03ef 3C       		.byte	0x3c
 989 03f0 0B040000 		.4byte	0x40b
 990 03f4 11       		.uleb128 0x11
 991 03f5 6E000000 		.4byte	.LASF57
 992 03f9 0A       		.byte	0xa
 993 03fa 3D       		.byte	0x3d
 994 03fb 2C040000 		.4byte	0x42c
 995 03ff 11       		.uleb128 0x11
 996 0400 A0020000 		.4byte	.LASF58
 997 0404 0A       		.byte	0xa
 998 0405 3E       		.byte	0x3e
 999 0406 32040000 		.4byte	0x432
 1000 040a 00       		.byte	0
 1001 040b 12       		.uleb128 0x12
 1002 040c 57020000 		.4byte	.LASF79
 1003 0410 08       		.byte	0x8
 1004 0411 0A       		.byte	0xa
 1005 0412 39       		.byte	0x39
 1006 0413 2C040000 		.4byte	0x42c
 1007 0417 11       		.uleb128 0x11
 1008 0418 D8000000 		.4byte	.LASF59
 1009 041c 0A       		.byte	0xa
 1010 041d 3A       		.byte	0x3a
 1011 041e 7A020000 		.4byte	0x27a
 1012 0422 13       		.uleb128 0x13
 1013 0423 6800     		.ascii	"h\000"
 1014 0425 0A       		.byte	0xa
 1015 0426 41       		.byte	0x41
 1016 0427 38040000 		.4byte	0x438
 1017 042b 00       		.byte	0
ARM GAS  /tmp/ccX3Hu7k.s 			page 19


 1018 042c 09       		.uleb128 0x9
 1019 042d 04       		.byte	0x4
 1020 042e 0B040000 		.4byte	0x40b
 1021 0432 09       		.uleb128 0x9
 1022 0433 04       		.byte	0x4
 1023 0434 AA030000 		.4byte	0x3aa
 1024 0438 08       		.uleb128 0x8
 1025 0439 08       		.byte	0x8
 1026 043a 0A       		.byte	0xa
 1027 043b 3B       		.byte	0x3b
 1028 043c 5B040000 		.4byte	0x45b
 1029 0440 07       		.uleb128 0x7
 1030 0441 7500     		.ascii	"u\000"
 1031 0443 0A       		.byte	0xa
 1032 0444 3F       		.byte	0x3f
 1033 0445 EC030000 		.4byte	0x3ec
 1034 0449 02       		.byte	0x2
 1035 044a 23       		.byte	0x23
 1036 044b 00       		.uleb128 0
 1037 044c 06       		.uleb128 0x6
 1038 044d 38010000 		.4byte	.LASF60
 1039 0451 0A       		.byte	0xa
 1040 0452 40       		.byte	0x40
 1041 0453 30000000 		.4byte	0x30
 1042 0457 02       		.byte	0x2
 1043 0458 23       		.byte	0x23
 1044 0459 04       		.uleb128 0x4
 1045 045a 00       		.byte	0
 1046 045b 10       		.uleb128 0x10
 1047 045c 04       		.byte	0x4
 1048 045d 06       		.byte	0x6
 1049 045e 90       		.byte	0x90
 1050 045f 90040000 		.4byte	0x490
 1051 0463 11       		.uleb128 0x11
 1052 0464 0D000000 		.4byte	.LASF61
 1053 0468 06       		.byte	0x6
 1054 0469 97       		.byte	0x97
 1055 046a D2000000 		.4byte	0xd2
 1056 046e 11       		.uleb128 0x11
 1057 046f 41000000 		.4byte	.LASF62
 1058 0473 06       		.byte	0x6
 1059 0474 9E       		.byte	0x9e
 1060 0475 D2000000 		.4byte	0xd2
 1061 0479 11       		.uleb128 0x11
 1062 047a 3D030000 		.4byte	.LASF63
 1063 047e 06       		.byte	0x6
 1064 047f A5       		.byte	0xa5
 1065 0480 78020000 		.4byte	0x278
 1066 0484 11       		.uleb128 0x11
 1067 0485 63020000 		.4byte	.LASF64
 1068 0489 06       		.byte	0x6
 1069 048a AC       		.byte	0xac
 1070 048b DD000000 		.4byte	0xdd
 1071 048f 00       		.byte	0
 1072 0490 09       		.uleb128 0x9
 1073 0491 04       		.byte	0x4
 1074 0492 96040000 		.4byte	0x496
ARM GAS  /tmp/ccX3Hu7k.s 			page 20


 1075 0496 14       		.uleb128 0x14
 1076 0497 9B040000 		.4byte	0x49b
 1077 049b 04       		.uleb128 0x4
 1078 049c 01       		.byte	0x1
 1079 049d 08       		.byte	0x8
 1080 049e B2020000 		.4byte	.LASF65
 1081 04a2 09       		.uleb128 0x9
 1082 04a3 04       		.byte	0x4
 1083 04a4 7E030000 		.4byte	0x37e
 1084 04a8 15       		.uleb128 0x15
 1085 04a9 01       		.byte	0x1
 1086 04aa 51030000 		.4byte	.LASF66
 1087 04ae 01       		.byte	0x1
 1088 04af 4B       		.byte	0x4b
 1089 04b0 01       		.byte	0x1
 1090 04b1 00000000 		.4byte	.LFB7
 1091 04b5 20000000 		.4byte	.LFE7
 1092 04b9 02       		.byte	0x2
 1093 04ba 7D       		.byte	0x7d
 1094 04bb 00       		.sleb128 0
 1095 04bc 01       		.byte	0x1
 1096 04bd D6040000 		.4byte	0x4d6
 1097 04c1 16       		.uleb128 0x16
 1098 04c2 20000000 		.4byte	.LVL0
 1099 04c6 01       		.byte	0x1
 1100 04c7 E1060000 		.4byte	0x6e1
 1101 04cb 17       		.uleb128 0x17
 1102 04cc 01       		.byte	0x1
 1103 04cd 50       		.byte	0x50
 1104 04ce 05       		.byte	0x5
 1105 04cf 03       		.byte	0x3
 1106 04d0 10000000 		.4byte	.LANCHOR0+16
 1107 04d4 00       		.byte	0
 1108 04d5 00       		.byte	0
 1109 04d6 15       		.uleb128 0x15
 1110 04d7 01       		.byte	0x1
 1111 04d8 63000000 		.4byte	.LASF67
 1112 04dc 01       		.byte	0x1
 1113 04dd 63       		.byte	0x63
 1114 04de 01       		.byte	0x1
 1115 04df 00000000 		.4byte	.LFB8
 1116 04e3 14000000 		.4byte	.LFE8
 1117 04e7 02       		.byte	0x2
 1118 04e8 7D       		.byte	0x7d
 1119 04e9 00       		.sleb128 0
 1120 04ea 01       		.byte	0x1
 1121 04eb 3F050000 		.4byte	0x53f
 1122 04ef 18       		.uleb128 0x18
 1123 04f0 51000000 		.4byte	.LASF68
 1124 04f4 01       		.byte	0x1
 1125 04f5 63       		.byte	0x63
 1126 04f6 32040000 		.4byte	0x432
 1127 04fa 00000000 		.4byte	.LLST0
 1128 04fe 19       		.uleb128 0x19
 1129 04ff 62756600 		.ascii	"buf\000"
 1130 0503 01       		.byte	0x1
 1131 0504 63       		.byte	0x63
ARM GAS  /tmp/ccX3Hu7k.s 			page 21


 1132 0505 78020000 		.4byte	0x278
 1133 0509 2E000000 		.4byte	.LLST1
 1134 050d 18       		.uleb128 0x18
 1135 050e 38010000 		.4byte	.LASF60
 1136 0512 01       		.byte	0x1
 1137 0513 63       		.byte	0x63
 1138 0514 30000000 		.4byte	0x30
 1139 0518 4F000000 		.4byte	.LLST2
 1140 051c 1A       		.uleb128 0x1a
 1141 051d 687000   		.ascii	"hp\000"
 1142 0520 01       		.byte	0x1
 1143 0521 64       		.byte	0x64
 1144 0522 2C040000 		.4byte	0x42c
 1145 0526 7D000000 		.4byte	.LLST3
 1146 052a 16       		.uleb128 0x16
 1147 052b 14000000 		.4byte	.LVL5
 1148 052f 01       		.byte	0x1
 1149 0530 E1060000 		.4byte	0x6e1
 1150 0534 17       		.uleb128 0x17
 1151 0535 01       		.byte	0x1
 1152 0536 50       		.byte	0x50
 1153 0537 05       		.byte	0x5
 1154 0538 F3       		.byte	0xf3
 1155 0539 01       		.uleb128 0x1
 1156 053a 50       		.byte	0x50
 1157 053b 23       		.byte	0x23
 1158 053c 10       		.uleb128 0x10
 1159 053d 00       		.byte	0
 1160 053e 00       		.byte	0
 1161 053f 1B       		.uleb128 0x1b
 1162 0540 01       		.byte	0x1
 1163 0541 80020000 		.4byte	.LASF70
 1164 0545 01       		.byte	0x1
 1165 0546 84       		.byte	0x84
 1166 0547 01       		.byte	0x1
 1167 0548 78020000 		.4byte	0x278
 1168 054c 00000000 		.4byte	.LFB9
 1169 0550 88000000 		.4byte	.LFE9
 1170 0554 9E000000 		.4byte	.LLST4
 1171 0558 01       		.byte	0x1
 1172 0559 D8050000 		.4byte	0x5d8
 1173 055d 18       		.uleb128 0x18
 1174 055e 51000000 		.4byte	.LASF68
 1175 0562 01       		.byte	0x1
 1176 0563 84       		.byte	0x84
 1177 0564 32040000 		.4byte	0x432
 1178 0568 BE000000 		.4byte	.LLST5
 1179 056c 18       		.uleb128 0x18
 1180 056d 38010000 		.4byte	.LASF60
 1181 0571 01       		.byte	0x1
 1182 0572 84       		.byte	0x84
 1183 0573 30000000 		.4byte	0x30
 1184 0577 DF000000 		.4byte	.LLST6
 1185 057b 1A       		.uleb128 0x1a
 1186 057c 717000   		.ascii	"qp\000"
 1187 057f 01       		.byte	0x1
 1188 0580 85       		.byte	0x85
ARM GAS  /tmp/ccX3Hu7k.s 			page 22


 1189 0581 2C040000 		.4byte	0x42c
 1190 0585 0A010000 		.4byte	.LLST7
 1191 0589 1A       		.uleb128 0x1a
 1192 058a 687000   		.ascii	"hp\000"
 1193 058d 01       		.byte	0x1
 1194 058e 85       		.byte	0x85
 1195 058f 2C040000 		.4byte	0x42c
 1196 0593 33010000 		.4byte	.LLST8
 1197 0597 1A       		.uleb128 0x1a
 1198 0598 667000   		.ascii	"fp\000"
 1199 059b 01       		.byte	0x1
 1200 059c 85       		.byte	0x85
 1201 059d 2C040000 		.4byte	0x42c
 1202 05a1 7F010000 		.4byte	.LLST9
 1203 05a5 1C       		.uleb128 0x1c
 1204 05a6 1C000000 		.4byte	.LVL11
 1205 05aa F5060000 		.4byte	0x6f5
 1206 05ae B9050000 		.4byte	0x5b9
 1207 05b2 17       		.uleb128 0x17
 1208 05b3 01       		.byte	0x1
 1209 05b4 50       		.byte	0x50
 1210 05b5 02       		.byte	0x2
 1211 05b6 76       		.byte	0x76
 1212 05b7 10       		.sleb128 16
 1213 05b8 00       		.byte	0
 1214 05b9 1D       		.uleb128 0x1d
 1215 05ba 5A000000 		.4byte	.LVL18
 1216 05be 09070000 		.4byte	0x709
 1217 05c2 1D       		.uleb128 0x1d
 1218 05c3 68000000 		.4byte	.LVL20
 1219 05c7 09070000 		.4byte	0x709
 1220 05cb 1E       		.uleb128 0x1e
 1221 05cc 72000000 		.4byte	.LVL21
 1222 05d0 17       		.uleb128 0x17
 1223 05d1 01       		.byte	0x1
 1224 05d2 50       		.byte	0x50
 1225 05d3 02       		.byte	0x2
 1226 05d4 75       		.byte	0x75
 1227 05d5 08       		.sleb128 8
 1228 05d6 00       		.byte	0
 1229 05d7 00       		.byte	0
 1230 05d8 1F       		.uleb128 0x1f
 1231 05d9 01       		.byte	0x1
 1232 05da AA000000 		.4byte	.LASF69
 1233 05de 01       		.byte	0x1
 1234 05df C2       		.byte	0xc2
 1235 05e0 01       		.byte	0x1
 1236 05e1 00000000 		.4byte	.LFB10
 1237 05e5 86000000 		.4byte	.LFE10
 1238 05e9 92010000 		.4byte	.LLST10
 1239 05ed 01       		.byte	0x1
 1240 05ee 47060000 		.4byte	0x647
 1241 05f2 19       		.uleb128 0x19
 1242 05f3 7000     		.ascii	"p\000"
 1243 05f5 01       		.byte	0x1
 1244 05f6 C2       		.byte	0xc2
 1245 05f7 78020000 		.4byte	0x278
ARM GAS  /tmp/ccX3Hu7k.s 			page 23


 1246 05fb B2010000 		.4byte	.LLST11
 1247 05ff 1A       		.uleb128 0x1a
 1248 0600 717000   		.ascii	"qp\000"
 1249 0603 01       		.byte	0x1
 1250 0604 C3       		.byte	0xc3
 1251 0605 2C040000 		.4byte	0x42c
 1252 0609 D0010000 		.4byte	.LLST12
 1253 060d 20       		.uleb128 0x20
 1254 060e 687000   		.ascii	"hp\000"
 1255 0611 01       		.byte	0x1
 1256 0612 C3       		.byte	0xc3
 1257 0613 2C040000 		.4byte	0x42c
 1258 0617 01       		.byte	0x1
 1259 0618 54       		.byte	0x54
 1260 0619 21       		.uleb128 0x21
 1261 061a 51000000 		.4byte	.LASF68
 1262 061e 01       		.byte	0x1
 1263 061f C4       		.byte	0xc4
 1264 0620 32040000 		.4byte	0x432
 1265 0624 0F020000 		.4byte	.LLST13
 1266 0628 1C       		.uleb128 0x1c
 1267 0629 16000000 		.4byte	.LVL31
 1268 062d F5060000 		.4byte	0x6f5
 1269 0631 3C060000 		.4byte	0x63c
 1270 0635 17       		.uleb128 0x17
 1271 0636 01       		.byte	0x1
 1272 0637 50       		.byte	0x50
 1273 0638 02       		.byte	0x2
 1274 0639 75       		.byte	0x75
 1275 063a 08       		.sleb128 8
 1276 063b 00       		.byte	0
 1277 063c 22       		.uleb128 0x22
 1278 063d 58000000 		.4byte	.LVL36
 1279 0641 01       		.byte	0x1
 1280 0642 09070000 		.4byte	0x709
 1281 0646 00       		.byte	0
 1282 0647 1B       		.uleb128 0x1b
 1283 0648 01       		.byte	0x1
 1284 0649 B7020000 		.4byte	.LASF71
 1285 064d 01       		.byte	0x1
 1286 064e FA       		.byte	0xfa
 1287 064f 01       		.byte	0x1
 1288 0650 30000000 		.4byte	0x30
 1289 0654 00000000 		.4byte	.LFB11
 1290 0658 40000000 		.4byte	.LFE11
 1291 065c 3B020000 		.4byte	.LLST14
 1292 0660 01       		.byte	0x1
 1293 0661 CA060000 		.4byte	0x6ca
 1294 0665 18       		.uleb128 0x18
 1295 0666 51000000 		.4byte	.LASF68
 1296 066a 01       		.byte	0x1
 1297 066b FA       		.byte	0xfa
 1298 066c 32040000 		.4byte	0x432
 1299 0670 5B020000 		.4byte	.LLST15
 1300 0674 18       		.uleb128 0x18
 1301 0675 44030000 		.4byte	.LASF72
 1302 0679 01       		.byte	0x1
ARM GAS  /tmp/ccX3Hu7k.s 			page 24


 1303 067a FA       		.byte	0xfa
 1304 067b CA060000 		.4byte	0x6ca
 1305 067f 7C020000 		.4byte	.LLST16
 1306 0683 1A       		.uleb128 0x1a
 1307 0684 717000   		.ascii	"qp\000"
 1308 0687 01       		.byte	0x1
 1309 0688 FB       		.byte	0xfb
 1310 0689 2C040000 		.4byte	0x42c
 1311 068d 9A020000 		.4byte	.LLST17
 1312 0691 1A       		.uleb128 0x1a
 1313 0692 6E00     		.ascii	"n\000"
 1314 0694 01       		.byte	0x1
 1315 0695 FC       		.byte	0xfc
 1316 0696 30000000 		.4byte	0x30
 1317 069a C2020000 		.4byte	.LLST18
 1318 069e 1A       		.uleb128 0x1a
 1319 069f 737A00   		.ascii	"sz\000"
 1320 06a2 01       		.byte	0x1
 1321 06a3 FC       		.byte	0xfc
 1322 06a4 30000000 		.4byte	0x30
 1323 06a8 ED020000 		.4byte	.LLST19
 1324 06ac 1C       		.uleb128 0x1c
 1325 06ad 14000000 		.4byte	.LVL39
 1326 06b1 F5060000 		.4byte	0x6f5
 1327 06b5 C0060000 		.4byte	0x6c0
 1328 06b9 17       		.uleb128 0x17
 1329 06ba 01       		.byte	0x1
 1330 06bb 50       		.byte	0x50
 1331 06bc 02       		.byte	0x2
 1332 06bd 74       		.byte	0x74
 1333 06be 10       		.sleb128 16
 1334 06bf 00       		.byte	0
 1335 06c0 1D       		.uleb128 0x1d
 1336 06c1 30000000 		.4byte	.LVL44
 1337 06c5 09070000 		.4byte	0x709
 1338 06c9 00       		.byte	0
 1339 06ca 09       		.uleb128 0x9
 1340 06cb 04       		.byte	0x4
 1341 06cc 30000000 		.4byte	0x30
 1342 06d0 23       		.uleb128 0x23
 1343 06d1 A5020000 		.4byte	.LASF73
 1344 06d5 01       		.byte	0x1
 1345 06d6 44       		.byte	0x44
 1346 06d7 AA030000 		.4byte	0x3aa
 1347 06db 05       		.byte	0x5
 1348 06dc 03       		.byte	0x3
 1349 06dd 00000000 		.4byte	default_heap
 1350 06e1 24       		.uleb128 0x24
 1351 06e2 01       		.byte	0x1
 1352 06e3 24030000 		.4byte	.LASF74
 1353 06e7 08       		.byte	0x8
 1354 06e8 38       		.byte	0x38
 1355 06e9 01       		.byte	0x1
 1356 06ea 01       		.byte	0x1
 1357 06eb F5060000 		.4byte	0x6f5
 1358 06ef 0F       		.uleb128 0xf
 1359 06f0 A2040000 		.4byte	0x4a2
ARM GAS  /tmp/ccX3Hu7k.s 			page 25


 1360 06f4 00       		.byte	0
 1361 06f5 24       		.uleb128 0x24
 1362 06f6 01       		.byte	0x1
 1363 06f7 90010000 		.4byte	.LASF75
 1364 06fb 08       		.byte	0x8
 1365 06fc 39       		.byte	0x39
 1366 06fd 01       		.byte	0x1
 1367 06fe 01       		.byte	0x1
 1368 06ff 09070000 		.4byte	0x709
 1369 0703 0F       		.uleb128 0xf
 1370 0704 A2040000 		.4byte	0x4a2
 1371 0708 00       		.byte	0
 1372 0709 25       		.uleb128 0x25
 1373 070a 01       		.byte	0x1
 1374 070b 57000000 		.4byte	.LASF80
 1375 070f 08       		.byte	0x8
 1376 0710 3D       		.byte	0x3d
 1377 0711 01       		.byte	0x1
 1378 0712 A2040000 		.4byte	0x4a2
 1379 0716 01       		.byte	0x1
 1380 0717 00       		.byte	0
 1381              		.section	.debug_abbrev,"",%progbits
 1382              	.Ldebug_abbrev0:
 1383 0000 01       		.uleb128 0x1
 1384 0001 11       		.uleb128 0x11
 1385 0002 01       		.byte	0x1
 1386 0003 25       		.uleb128 0x25
 1387 0004 0E       		.uleb128 0xe
 1388 0005 13       		.uleb128 0x13
 1389 0006 0B       		.uleb128 0xb
 1390 0007 03       		.uleb128 0x3
 1391 0008 0E       		.uleb128 0xe
 1392 0009 1B       		.uleb128 0x1b
 1393 000a 0E       		.uleb128 0xe
 1394 000b 55       		.uleb128 0x55
 1395 000c 06       		.uleb128 0x6
 1396 000d 11       		.uleb128 0x11
 1397 000e 01       		.uleb128 0x1
 1398 000f 52       		.uleb128 0x52
 1399 0010 01       		.uleb128 0x1
 1400 0011 10       		.uleb128 0x10
 1401 0012 06       		.uleb128 0x6
 1402 0013 00       		.byte	0
 1403 0014 00       		.byte	0
 1404 0015 02       		.uleb128 0x2
 1405 0016 24       		.uleb128 0x24
 1406 0017 00       		.byte	0
 1407 0018 0B       		.uleb128 0xb
 1408 0019 0B       		.uleb128 0xb
 1409 001a 3E       		.uleb128 0x3e
 1410 001b 0B       		.uleb128 0xb
 1411 001c 03       		.uleb128 0x3
 1412 001d 08       		.uleb128 0x8
 1413 001e 00       		.byte	0
 1414 001f 00       		.byte	0
 1415 0020 03       		.uleb128 0x3
 1416 0021 16       		.uleb128 0x16
ARM GAS  /tmp/ccX3Hu7k.s 			page 26


 1417 0022 00       		.byte	0
 1418 0023 03       		.uleb128 0x3
 1419 0024 0E       		.uleb128 0xe
 1420 0025 3A       		.uleb128 0x3a
 1421 0026 0B       		.uleb128 0xb
 1422 0027 3B       		.uleb128 0x3b
 1423 0028 0B       		.uleb128 0xb
 1424 0029 49       		.uleb128 0x49
 1425 002a 13       		.uleb128 0x13
 1426 002b 00       		.byte	0
 1427 002c 00       		.byte	0
 1428 002d 04       		.uleb128 0x4
 1429 002e 24       		.uleb128 0x24
 1430 002f 00       		.byte	0
 1431 0030 0B       		.uleb128 0xb
 1432 0031 0B       		.uleb128 0xb
 1433 0032 3E       		.uleb128 0x3e
 1434 0033 0B       		.uleb128 0xb
 1435 0034 03       		.uleb128 0x3
 1436 0035 0E       		.uleb128 0xe
 1437 0036 00       		.byte	0
 1438 0037 00       		.byte	0
 1439 0038 05       		.uleb128 0x5
 1440 0039 13       		.uleb128 0x13
 1441 003a 01       		.byte	0x1
 1442 003b 03       		.uleb128 0x3
 1443 003c 0E       		.uleb128 0xe
 1444 003d 0B       		.uleb128 0xb
 1445 003e 0B       		.uleb128 0xb
 1446 003f 3A       		.uleb128 0x3a
 1447 0040 0B       		.uleb128 0xb
 1448 0041 3B       		.uleb128 0x3b
 1449 0042 0B       		.uleb128 0xb
 1450 0043 01       		.uleb128 0x1
 1451 0044 13       		.uleb128 0x13
 1452 0045 00       		.byte	0
 1453 0046 00       		.byte	0
 1454 0047 06       		.uleb128 0x6
 1455 0048 0D       		.uleb128 0xd
 1456 0049 00       		.byte	0
 1457 004a 03       		.uleb128 0x3
 1458 004b 0E       		.uleb128 0xe
 1459 004c 3A       		.uleb128 0x3a
 1460 004d 0B       		.uleb128 0xb
 1461 004e 3B       		.uleb128 0x3b
 1462 004f 0B       		.uleb128 0xb
 1463 0050 49       		.uleb128 0x49
 1464 0051 13       		.uleb128 0x13
 1465 0052 38       		.uleb128 0x38
 1466 0053 0A       		.uleb128 0xa
 1467 0054 00       		.byte	0
 1468 0055 00       		.byte	0
 1469 0056 07       		.uleb128 0x7
 1470 0057 0D       		.uleb128 0xd
 1471 0058 00       		.byte	0
 1472 0059 03       		.uleb128 0x3
 1473 005a 08       		.uleb128 0x8
ARM GAS  /tmp/ccX3Hu7k.s 			page 27


 1474 005b 3A       		.uleb128 0x3a
 1475 005c 0B       		.uleb128 0xb
 1476 005d 3B       		.uleb128 0x3b
 1477 005e 0B       		.uleb128 0xb
 1478 005f 49       		.uleb128 0x49
 1479 0060 13       		.uleb128 0x13
 1480 0061 38       		.uleb128 0x38
 1481 0062 0A       		.uleb128 0xa
 1482 0063 00       		.byte	0
 1483 0064 00       		.byte	0
 1484 0065 08       		.uleb128 0x8
 1485 0066 13       		.uleb128 0x13
 1486 0067 01       		.byte	0x1
 1487 0068 0B       		.uleb128 0xb
 1488 0069 0B       		.uleb128 0xb
 1489 006a 3A       		.uleb128 0x3a
 1490 006b 0B       		.uleb128 0xb
 1491 006c 3B       		.uleb128 0x3b
 1492 006d 0B       		.uleb128 0xb
 1493 006e 01       		.uleb128 0x1
 1494 006f 13       		.uleb128 0x13
 1495 0070 00       		.byte	0
 1496 0071 00       		.byte	0
 1497 0072 09       		.uleb128 0x9
 1498 0073 0F       		.uleb128 0xf
 1499 0074 00       		.byte	0
 1500 0075 0B       		.uleb128 0xb
 1501 0076 0B       		.uleb128 0xb
 1502 0077 49       		.uleb128 0x49
 1503 0078 13       		.uleb128 0x13
 1504 0079 00       		.byte	0
 1505 007a 00       		.byte	0
 1506 007b 0A       		.uleb128 0xa
 1507 007c 0F       		.uleb128 0xf
 1508 007d 00       		.byte	0
 1509 007e 0B       		.uleb128 0xb
 1510 007f 0B       		.uleb128 0xb
 1511 0080 00       		.byte	0
 1512 0081 00       		.byte	0
 1513 0082 0B       		.uleb128 0xb
 1514 0083 0D       		.uleb128 0xd
 1515 0084 00       		.byte	0
 1516 0085 03       		.uleb128 0x3
 1517 0086 08       		.uleb128 0x8
 1518 0087 3A       		.uleb128 0x3a
 1519 0088 0B       		.uleb128 0xb
 1520 0089 3B       		.uleb128 0x3b
 1521 008a 05       		.uleb128 0x5
 1522 008b 49       		.uleb128 0x49
 1523 008c 13       		.uleb128 0x13
 1524 008d 38       		.uleb128 0x38
 1525 008e 0A       		.uleb128 0xa
 1526 008f 00       		.byte	0
 1527 0090 00       		.byte	0
 1528 0091 0C       		.uleb128 0xc
 1529 0092 13       		.uleb128 0x13
 1530 0093 01       		.byte	0x1
ARM GAS  /tmp/ccX3Hu7k.s 			page 28


 1531 0094 03       		.uleb128 0x3
 1532 0095 0E       		.uleb128 0xe
 1533 0096 0B       		.uleb128 0xb
 1534 0097 0B       		.uleb128 0xb
 1535 0098 3A       		.uleb128 0x3a
 1536 0099 0B       		.uleb128 0xb
 1537 009a 3B       		.uleb128 0x3b
 1538 009b 05       		.uleb128 0x5
 1539 009c 01       		.uleb128 0x1
 1540 009d 13       		.uleb128 0x13
 1541 009e 00       		.byte	0
 1542 009f 00       		.byte	0
 1543 00a0 0D       		.uleb128 0xd
 1544 00a1 35       		.uleb128 0x35
 1545 00a2 00       		.byte	0
 1546 00a3 49       		.uleb128 0x49
 1547 00a4 13       		.uleb128 0x13
 1548 00a5 00       		.byte	0
 1549 00a6 00       		.byte	0
 1550 00a7 0E       		.uleb128 0xe
 1551 00a8 15       		.uleb128 0x15
 1552 00a9 01       		.byte	0x1
 1553 00aa 27       		.uleb128 0x27
 1554 00ab 0C       		.uleb128 0xc
 1555 00ac 49       		.uleb128 0x49
 1556 00ad 13       		.uleb128 0x13
 1557 00ae 01       		.uleb128 0x1
 1558 00af 13       		.uleb128 0x13
 1559 00b0 00       		.byte	0
 1560 00b1 00       		.byte	0
 1561 00b2 0F       		.uleb128 0xf
 1562 00b3 05       		.uleb128 0x5
 1563 00b4 00       		.byte	0
 1564 00b5 49       		.uleb128 0x49
 1565 00b6 13       		.uleb128 0x13
 1566 00b7 00       		.byte	0
 1567 00b8 00       		.byte	0
 1568 00b9 10       		.uleb128 0x10
 1569 00ba 17       		.uleb128 0x17
 1570 00bb 01       		.byte	0x1
 1571 00bc 0B       		.uleb128 0xb
 1572 00bd 0B       		.uleb128 0xb
 1573 00be 3A       		.uleb128 0x3a
 1574 00bf 0B       		.uleb128 0xb
 1575 00c0 3B       		.uleb128 0x3b
 1576 00c1 0B       		.uleb128 0xb
 1577 00c2 01       		.uleb128 0x1
 1578 00c3 13       		.uleb128 0x13
 1579 00c4 00       		.byte	0
 1580 00c5 00       		.byte	0
 1581 00c6 11       		.uleb128 0x11
 1582 00c7 0D       		.uleb128 0xd
 1583 00c8 00       		.byte	0
 1584 00c9 03       		.uleb128 0x3
 1585 00ca 0E       		.uleb128 0xe
 1586 00cb 3A       		.uleb128 0x3a
 1587 00cc 0B       		.uleb128 0xb
ARM GAS  /tmp/ccX3Hu7k.s 			page 29


 1588 00cd 3B       		.uleb128 0x3b
 1589 00ce 0B       		.uleb128 0xb
 1590 00cf 49       		.uleb128 0x49
 1591 00d0 13       		.uleb128 0x13
 1592 00d1 00       		.byte	0
 1593 00d2 00       		.byte	0
 1594 00d3 12       		.uleb128 0x12
 1595 00d4 17       		.uleb128 0x17
 1596 00d5 01       		.byte	0x1
 1597 00d6 03       		.uleb128 0x3
 1598 00d7 0E       		.uleb128 0xe
 1599 00d8 0B       		.uleb128 0xb
 1600 00d9 0B       		.uleb128 0xb
 1601 00da 3A       		.uleb128 0x3a
 1602 00db 0B       		.uleb128 0xb
 1603 00dc 3B       		.uleb128 0x3b
 1604 00dd 0B       		.uleb128 0xb
 1605 00de 01       		.uleb128 0x1
 1606 00df 13       		.uleb128 0x13
 1607 00e0 00       		.byte	0
 1608 00e1 00       		.byte	0
 1609 00e2 13       		.uleb128 0x13
 1610 00e3 0D       		.uleb128 0xd
 1611 00e4 00       		.byte	0
 1612 00e5 03       		.uleb128 0x3
 1613 00e6 08       		.uleb128 0x8
 1614 00e7 3A       		.uleb128 0x3a
 1615 00e8 0B       		.uleb128 0xb
 1616 00e9 3B       		.uleb128 0x3b
 1617 00ea 0B       		.uleb128 0xb
 1618 00eb 49       		.uleb128 0x49
 1619 00ec 13       		.uleb128 0x13
 1620 00ed 00       		.byte	0
 1621 00ee 00       		.byte	0
 1622 00ef 14       		.uleb128 0x14
 1623 00f0 26       		.uleb128 0x26
 1624 00f1 00       		.byte	0
 1625 00f2 49       		.uleb128 0x49
 1626 00f3 13       		.uleb128 0x13
 1627 00f4 00       		.byte	0
 1628 00f5 00       		.byte	0
 1629 00f6 15       		.uleb128 0x15
 1630 00f7 2E       		.uleb128 0x2e
 1631 00f8 01       		.byte	0x1
 1632 00f9 3F       		.uleb128 0x3f
 1633 00fa 0C       		.uleb128 0xc
 1634 00fb 03       		.uleb128 0x3
 1635 00fc 0E       		.uleb128 0xe
 1636 00fd 3A       		.uleb128 0x3a
 1637 00fe 0B       		.uleb128 0xb
 1638 00ff 3B       		.uleb128 0x3b
 1639 0100 0B       		.uleb128 0xb
 1640 0101 27       		.uleb128 0x27
 1641 0102 0C       		.uleb128 0xc
 1642 0103 11       		.uleb128 0x11
 1643 0104 01       		.uleb128 0x1
 1644 0105 12       		.uleb128 0x12
ARM GAS  /tmp/ccX3Hu7k.s 			page 30


 1645 0106 01       		.uleb128 0x1
 1646 0107 40       		.uleb128 0x40
 1647 0108 0A       		.uleb128 0xa
 1648 0109 9742     		.uleb128 0x2117
 1649 010b 0C       		.uleb128 0xc
 1650 010c 01       		.uleb128 0x1
 1651 010d 13       		.uleb128 0x13
 1652 010e 00       		.byte	0
 1653 010f 00       		.byte	0
 1654 0110 16       		.uleb128 0x16
 1655 0111 898201   		.uleb128 0x4109
 1656 0114 01       		.byte	0x1
 1657 0115 11       		.uleb128 0x11
 1658 0116 01       		.uleb128 0x1
 1659 0117 9542     		.uleb128 0x2115
 1660 0119 0C       		.uleb128 0xc
 1661 011a 31       		.uleb128 0x31
 1662 011b 13       		.uleb128 0x13
 1663 011c 00       		.byte	0
 1664 011d 00       		.byte	0
 1665 011e 17       		.uleb128 0x17
 1666 011f 8A8201   		.uleb128 0x410a
 1667 0122 00       		.byte	0
 1668 0123 02       		.uleb128 0x2
 1669 0124 0A       		.uleb128 0xa
 1670 0125 9142     		.uleb128 0x2111
 1671 0127 0A       		.uleb128 0xa
 1672 0128 00       		.byte	0
 1673 0129 00       		.byte	0
 1674 012a 18       		.uleb128 0x18
 1675 012b 05       		.uleb128 0x5
 1676 012c 00       		.byte	0
 1677 012d 03       		.uleb128 0x3
 1678 012e 0E       		.uleb128 0xe
 1679 012f 3A       		.uleb128 0x3a
 1680 0130 0B       		.uleb128 0xb
 1681 0131 3B       		.uleb128 0x3b
 1682 0132 0B       		.uleb128 0xb
 1683 0133 49       		.uleb128 0x49
 1684 0134 13       		.uleb128 0x13
 1685 0135 02       		.uleb128 0x2
 1686 0136 06       		.uleb128 0x6
 1687 0137 00       		.byte	0
 1688 0138 00       		.byte	0
 1689 0139 19       		.uleb128 0x19
 1690 013a 05       		.uleb128 0x5
 1691 013b 00       		.byte	0
 1692 013c 03       		.uleb128 0x3
 1693 013d 08       		.uleb128 0x8
 1694 013e 3A       		.uleb128 0x3a
 1695 013f 0B       		.uleb128 0xb
 1696 0140 3B       		.uleb128 0x3b
 1697 0141 0B       		.uleb128 0xb
 1698 0142 49       		.uleb128 0x49
 1699 0143 13       		.uleb128 0x13
 1700 0144 02       		.uleb128 0x2
 1701 0145 06       		.uleb128 0x6
ARM GAS  /tmp/ccX3Hu7k.s 			page 31


 1702 0146 00       		.byte	0
 1703 0147 00       		.byte	0
 1704 0148 1A       		.uleb128 0x1a
 1705 0149 34       		.uleb128 0x34
 1706 014a 00       		.byte	0
 1707 014b 03       		.uleb128 0x3
 1708 014c 08       		.uleb128 0x8
 1709 014d 3A       		.uleb128 0x3a
 1710 014e 0B       		.uleb128 0xb
 1711 014f 3B       		.uleb128 0x3b
 1712 0150 0B       		.uleb128 0xb
 1713 0151 49       		.uleb128 0x49
 1714 0152 13       		.uleb128 0x13
 1715 0153 02       		.uleb128 0x2
 1716 0154 06       		.uleb128 0x6
 1717 0155 00       		.byte	0
 1718 0156 00       		.byte	0
 1719 0157 1B       		.uleb128 0x1b
 1720 0158 2E       		.uleb128 0x2e
 1721 0159 01       		.byte	0x1
 1722 015a 3F       		.uleb128 0x3f
 1723 015b 0C       		.uleb128 0xc
 1724 015c 03       		.uleb128 0x3
 1725 015d 0E       		.uleb128 0xe
 1726 015e 3A       		.uleb128 0x3a
 1727 015f 0B       		.uleb128 0xb
 1728 0160 3B       		.uleb128 0x3b
 1729 0161 0B       		.uleb128 0xb
 1730 0162 27       		.uleb128 0x27
 1731 0163 0C       		.uleb128 0xc
 1732 0164 49       		.uleb128 0x49
 1733 0165 13       		.uleb128 0x13
 1734 0166 11       		.uleb128 0x11
 1735 0167 01       		.uleb128 0x1
 1736 0168 12       		.uleb128 0x12
 1737 0169 01       		.uleb128 0x1
 1738 016a 40       		.uleb128 0x40
 1739 016b 06       		.uleb128 0x6
 1740 016c 9742     		.uleb128 0x2117
 1741 016e 0C       		.uleb128 0xc
 1742 016f 01       		.uleb128 0x1
 1743 0170 13       		.uleb128 0x13
 1744 0171 00       		.byte	0
 1745 0172 00       		.byte	0
 1746 0173 1C       		.uleb128 0x1c
 1747 0174 898201   		.uleb128 0x4109
 1748 0177 01       		.byte	0x1
 1749 0178 11       		.uleb128 0x11
 1750 0179 01       		.uleb128 0x1
 1751 017a 31       		.uleb128 0x31
 1752 017b 13       		.uleb128 0x13
 1753 017c 01       		.uleb128 0x1
 1754 017d 13       		.uleb128 0x13
 1755 017e 00       		.byte	0
 1756 017f 00       		.byte	0
 1757 0180 1D       		.uleb128 0x1d
 1758 0181 898201   		.uleb128 0x4109
ARM GAS  /tmp/ccX3Hu7k.s 			page 32


 1759 0184 00       		.byte	0
 1760 0185 11       		.uleb128 0x11
 1761 0186 01       		.uleb128 0x1
 1762 0187 31       		.uleb128 0x31
 1763 0188 13       		.uleb128 0x13
 1764 0189 00       		.byte	0
 1765 018a 00       		.byte	0
 1766 018b 1E       		.uleb128 0x1e
 1767 018c 898201   		.uleb128 0x4109
 1768 018f 01       		.byte	0x1
 1769 0190 11       		.uleb128 0x11
 1770 0191 01       		.uleb128 0x1
 1771 0192 00       		.byte	0
 1772 0193 00       		.byte	0
 1773 0194 1F       		.uleb128 0x1f
 1774 0195 2E       		.uleb128 0x2e
 1775 0196 01       		.byte	0x1
 1776 0197 3F       		.uleb128 0x3f
 1777 0198 0C       		.uleb128 0xc
 1778 0199 03       		.uleb128 0x3
 1779 019a 0E       		.uleb128 0xe
 1780 019b 3A       		.uleb128 0x3a
 1781 019c 0B       		.uleb128 0xb
 1782 019d 3B       		.uleb128 0x3b
 1783 019e 0B       		.uleb128 0xb
 1784 019f 27       		.uleb128 0x27
 1785 01a0 0C       		.uleb128 0xc
 1786 01a1 11       		.uleb128 0x11
 1787 01a2 01       		.uleb128 0x1
 1788 01a3 12       		.uleb128 0x12
 1789 01a4 01       		.uleb128 0x1
 1790 01a5 40       		.uleb128 0x40
 1791 01a6 06       		.uleb128 0x6
 1792 01a7 9742     		.uleb128 0x2117
 1793 01a9 0C       		.uleb128 0xc
 1794 01aa 01       		.uleb128 0x1
 1795 01ab 13       		.uleb128 0x13
 1796 01ac 00       		.byte	0
 1797 01ad 00       		.byte	0
 1798 01ae 20       		.uleb128 0x20
 1799 01af 34       		.uleb128 0x34
 1800 01b0 00       		.byte	0
 1801 01b1 03       		.uleb128 0x3
 1802 01b2 08       		.uleb128 0x8
 1803 01b3 3A       		.uleb128 0x3a
 1804 01b4 0B       		.uleb128 0xb
 1805 01b5 3B       		.uleb128 0x3b
 1806 01b6 0B       		.uleb128 0xb
 1807 01b7 49       		.uleb128 0x49
 1808 01b8 13       		.uleb128 0x13
 1809 01b9 02       		.uleb128 0x2
 1810 01ba 0A       		.uleb128 0xa
 1811 01bb 00       		.byte	0
 1812 01bc 00       		.byte	0
 1813 01bd 21       		.uleb128 0x21
 1814 01be 34       		.uleb128 0x34
 1815 01bf 00       		.byte	0
ARM GAS  /tmp/ccX3Hu7k.s 			page 33


 1816 01c0 03       		.uleb128 0x3
 1817 01c1 0E       		.uleb128 0xe
 1818 01c2 3A       		.uleb128 0x3a
 1819 01c3 0B       		.uleb128 0xb
 1820 01c4 3B       		.uleb128 0x3b
 1821 01c5 0B       		.uleb128 0xb
 1822 01c6 49       		.uleb128 0x49
 1823 01c7 13       		.uleb128 0x13
 1824 01c8 02       		.uleb128 0x2
 1825 01c9 06       		.uleb128 0x6
 1826 01ca 00       		.byte	0
 1827 01cb 00       		.byte	0
 1828 01cc 22       		.uleb128 0x22
 1829 01cd 898201   		.uleb128 0x4109
 1830 01d0 00       		.byte	0
 1831 01d1 11       		.uleb128 0x11
 1832 01d2 01       		.uleb128 0x1
 1833 01d3 9542     		.uleb128 0x2115
 1834 01d5 0C       		.uleb128 0xc
 1835 01d6 31       		.uleb128 0x31
 1836 01d7 13       		.uleb128 0x13
 1837 01d8 00       		.byte	0
 1838 01d9 00       		.byte	0
 1839 01da 23       		.uleb128 0x23
 1840 01db 34       		.uleb128 0x34
 1841 01dc 00       		.byte	0
 1842 01dd 03       		.uleb128 0x3
 1843 01de 0E       		.uleb128 0xe
 1844 01df 3A       		.uleb128 0x3a
 1845 01e0 0B       		.uleb128 0xb
 1846 01e1 3B       		.uleb128 0x3b
 1847 01e2 0B       		.uleb128 0xb
 1848 01e3 49       		.uleb128 0x49
 1849 01e4 13       		.uleb128 0x13
 1850 01e5 02       		.uleb128 0x2
 1851 01e6 0A       		.uleb128 0xa
 1852 01e7 00       		.byte	0
 1853 01e8 00       		.byte	0
 1854 01e9 24       		.uleb128 0x24
 1855 01ea 2E       		.uleb128 0x2e
 1856 01eb 01       		.byte	0x1
 1857 01ec 3F       		.uleb128 0x3f
 1858 01ed 0C       		.uleb128 0xc
 1859 01ee 03       		.uleb128 0x3
 1860 01ef 0E       		.uleb128 0xe
 1861 01f0 3A       		.uleb128 0x3a
 1862 01f1 0B       		.uleb128 0xb
 1863 01f2 3B       		.uleb128 0x3b
 1864 01f3 0B       		.uleb128 0xb
 1865 01f4 27       		.uleb128 0x27
 1866 01f5 0C       		.uleb128 0xc
 1867 01f6 3C       		.uleb128 0x3c
 1868 01f7 0C       		.uleb128 0xc
 1869 01f8 01       		.uleb128 0x1
 1870 01f9 13       		.uleb128 0x13
 1871 01fa 00       		.byte	0
 1872 01fb 00       		.byte	0
ARM GAS  /tmp/ccX3Hu7k.s 			page 34


 1873 01fc 25       		.uleb128 0x25
 1874 01fd 2E       		.uleb128 0x2e
 1875 01fe 00       		.byte	0
 1876 01ff 3F       		.uleb128 0x3f
 1877 0200 0C       		.uleb128 0xc
 1878 0201 03       		.uleb128 0x3
 1879 0202 0E       		.uleb128 0xe
 1880 0203 3A       		.uleb128 0x3a
 1881 0204 0B       		.uleb128 0xb
 1882 0205 3B       		.uleb128 0x3b
 1883 0206 0B       		.uleb128 0xb
 1884 0207 27       		.uleb128 0x27
 1885 0208 0C       		.uleb128 0xc
 1886 0209 49       		.uleb128 0x49
 1887 020a 13       		.uleb128 0x13
 1888 020b 3C       		.uleb128 0x3c
 1889 020c 0C       		.uleb128 0xc
 1890 020d 00       		.byte	0
 1891 020e 00       		.byte	0
 1892 020f 00       		.byte	0
 1893              		.section	.debug_loc,"",%progbits
 1894              	.Ldebug_loc0:
 1895              	.LLST0:
 1896 0000 00000000 		.4byte	.LVL1
 1897 0004 0C000000 		.4byte	.LVL4
 1898 0008 0100     		.2byte	0x1
 1899 000a 50       		.byte	0x50
 1900 000b 0C000000 		.4byte	.LVL4
 1901 000f 13000000 		.4byte	.LVL5-1
 1902 0013 0300     		.2byte	0x3
 1903 0015 70       		.byte	0x70
 1904 0016 70       		.sleb128 -16
 1905 0017 9F       		.byte	0x9f
 1906 0018 13000000 		.4byte	.LVL5-1
 1907 001c 14000000 		.4byte	.LFE8
 1908 0020 0400     		.2byte	0x4
 1909 0022 F3       		.byte	0xf3
 1910 0023 01       		.uleb128 0x1
 1911 0024 50       		.byte	0x50
 1912 0025 9F       		.byte	0x9f
 1913 0026 00000000 		.4byte	0
 1914 002a 00000000 		.4byte	0
 1915              	.LLST1:
 1916 002e 00000000 		.4byte	.LVL1
 1917 0032 13000000 		.4byte	.LVL5-1
 1918 0036 0100     		.2byte	0x1
 1919 0038 51       		.byte	0x51
 1920 0039 13000000 		.4byte	.LVL5-1
 1921 003d 14000000 		.4byte	.LFE8
 1922 0041 0400     		.2byte	0x4
 1923 0043 F3       		.byte	0xf3
 1924 0044 01       		.uleb128 0x1
 1925 0045 51       		.byte	0x51
 1926 0046 9F       		.byte	0x9f
 1927 0047 00000000 		.4byte	0
 1928 004b 00000000 		.4byte	0
 1929              	.LLST2:
ARM GAS  /tmp/ccX3Hu7k.s 			page 35


 1930 004f 00000000 		.4byte	.LVL1
 1931 0053 0A000000 		.4byte	.LVL3
 1932 0057 0100     		.2byte	0x1
 1933 0059 52       		.byte	0x52
 1934 005a 0A000000 		.4byte	.LVL3
 1935 005e 13000000 		.4byte	.LVL5-1
 1936 0062 0300     		.2byte	0x3
 1937 0064 72       		.byte	0x72
 1938 0065 08       		.sleb128 8
 1939 0066 9F       		.byte	0x9f
 1940 0067 13000000 		.4byte	.LVL5-1
 1941 006b 14000000 		.4byte	.LFE8
 1942 006f 0400     		.2byte	0x4
 1943 0071 F3       		.byte	0xf3
 1944 0072 01       		.uleb128 0x1
 1945 0073 52       		.byte	0x52
 1946 0074 9F       		.byte	0x9f
 1947 0075 00000000 		.4byte	0
 1948 0079 00000000 		.4byte	0
 1949              	.LLST3:
 1950 007d 04000000 		.4byte	.LVL2
 1951 0081 13000000 		.4byte	.LVL5-1
 1952 0085 0100     		.2byte	0x1
 1953 0087 51       		.byte	0x51
 1954 0088 13000000 		.4byte	.LVL5-1
 1955 008c 14000000 		.4byte	.LFE8
 1956 0090 0400     		.2byte	0x4
 1957 0092 F3       		.byte	0xf3
 1958 0093 01       		.uleb128 0x1
 1959 0094 51       		.byte	0x51
 1960 0095 9F       		.byte	0x9f
 1961 0096 00000000 		.4byte	0
 1962 009a 00000000 		.4byte	0
 1963              	.LLST4:
 1964 009e 00000000 		.4byte	.LFB9
 1965 00a2 02000000 		.4byte	.LCFI0
 1966 00a6 0200     		.2byte	0x2
 1967 00a8 7D       		.byte	0x7d
 1968 00a9 00       		.sleb128 0
 1969 00aa 02000000 		.4byte	.LCFI0
 1970 00ae 88000000 		.4byte	.LFE9
 1971 00b2 0200     		.2byte	0x2
 1972 00b4 7D       		.byte	0x7d
 1973 00b5 18       		.sleb128 24
 1974 00b6 00000000 		.4byte	0
 1975 00ba 00000000 		.4byte	0
 1976              	.LLST5:
 1977 00be 00000000 		.4byte	.LVL6
 1978 00c2 10000000 		.4byte	.LVL8
 1979 00c6 0100     		.2byte	0x1
 1980 00c8 50       		.byte	0x50
 1981 00c9 10000000 		.4byte	.LVL8
 1982 00cd 88000000 		.4byte	.LFE9
 1983 00d1 0400     		.2byte	0x4
 1984 00d3 F3       		.byte	0xf3
 1985 00d4 01       		.uleb128 0x1
 1986 00d5 50       		.byte	0x50
ARM GAS  /tmp/ccX3Hu7k.s 			page 36


 1987 00d6 9F       		.byte	0x9f
 1988 00d7 00000000 		.4byte	0
 1989 00db 00000000 		.4byte	0
 1990              	.LLST6:
 1991 00df 00000000 		.4byte	.LVL6
 1992 00e3 0C000000 		.4byte	.LVL7
 1993 00e7 0100     		.2byte	0x1
 1994 00e9 51       		.byte	0x51
 1995 00ea 0C000000 		.4byte	.LVL7
 1996 00ee 14000000 		.4byte	.LVL9
 1997 00f2 0300     		.2byte	0x3
 1998 00f4 71       		.byte	0x71
 1999 00f5 79       		.sleb128 -7
 2000 00f6 9F       		.byte	0x9f
 2001 00f7 14000000 		.4byte	.LVL9
 2002 00fb 88000000 		.4byte	.LFE9
 2003 00ff 0100     		.2byte	0x1
 2004 0101 55       		.byte	0x55
 2005 0102 00000000 		.4byte	0
 2006 0106 00000000 		.4byte	0
 2007              	.LLST7:
 2008 010a 18000000 		.4byte	.LVL10
 2009 010e 52000000 		.4byte	.LVL17
 2010 0112 0100     		.2byte	0x1
 2011 0114 54       		.byte	0x54
 2012 0115 5E000000 		.4byte	.LVL19
 2013 0119 78000000 		.4byte	.LVL22
 2014 011d 0100     		.2byte	0x1
 2015 011f 54       		.byte	0x54
 2016 0120 80000000 		.4byte	.LVL24
 2017 0124 82000000 		.4byte	.LVL25
 2018 0128 0100     		.2byte	0x1
 2019 012a 54       		.byte	0x54
 2020 012b 00000000 		.4byte	0
 2021 012f 00000000 		.4byte	0
 2022              	.LLST8:
 2023 0133 1E000000 		.4byte	.LVL12
 2024 0137 20000000 		.4byte	.LVL13
 2025 013b 0100     		.2byte	0x1
 2026 013d 53       		.byte	0x53
 2027 013e 22000000 		.4byte	.LVL14
 2028 0142 59000000 		.4byte	.LVL18-1
 2029 0146 0100     		.2byte	0x1
 2030 0148 53       		.byte	0x53
 2031 0149 59000000 		.4byte	.LVL18-1
 2032 014d 5A000000 		.4byte	.LVL18
 2033 0151 0300     		.2byte	0x3
 2034 0153 74       		.byte	0x74
 2035 0154 78       		.sleb128 -8
 2036 0155 9F       		.byte	0x9f
 2037 0156 5E000000 		.4byte	.LVL19
 2038 015a 67000000 		.4byte	.LVL20-1
 2039 015e 0100     		.2byte	0x1
 2040 0160 53       		.byte	0x53
 2041 0161 72000000 		.4byte	.LVL21
 2042 0165 7C000000 		.4byte	.LVL23
 2043 0169 0100     		.2byte	0x1
ARM GAS  /tmp/ccX3Hu7k.s 			page 37


 2044 016b 50       		.byte	0x50
 2045 016c 7C000000 		.4byte	.LVL23
 2046 0170 80000000 		.4byte	.LVL24
 2047 0174 0100     		.2byte	0x1
 2048 0176 54       		.byte	0x54
 2049 0177 00000000 		.4byte	0
 2050 017b 00000000 		.4byte	0
 2051              	.LLST9:
 2052 017f 40000000 		.4byte	.LVL15
 2053 0183 50000000 		.4byte	.LVL16
 2054 0187 0100     		.2byte	0x1
 2055 0189 5E       		.byte	0x5e
 2056 018a 00000000 		.4byte	0
 2057 018e 00000000 		.4byte	0
 2058              	.LLST10:
 2059 0192 00000000 		.4byte	.LFB10
 2060 0196 02000000 		.4byte	.LCFI1
 2061 019a 0200     		.2byte	0x2
 2062 019c 7D       		.byte	0x7d
 2063 019d 00       		.sleb128 0
 2064 019e 02000000 		.4byte	.LCFI1
 2065 01a2 86000000 		.4byte	.LFE10
 2066 01a6 0200     		.2byte	0x2
 2067 01a8 7D       		.byte	0x7d
 2068 01a9 10       		.sleb128 16
 2069 01aa 00000000 		.4byte	0
 2070 01ae 00000000 		.4byte	0
 2071              	.LLST11:
 2072 01b2 00000000 		.4byte	.LVL26
 2073 01b6 0C000000 		.4byte	.LVL28
 2074 01ba 0100     		.2byte	0x1
 2075 01bc 50       		.byte	0x50
 2076 01bd 0C000000 		.4byte	.LVL28
 2077 01c1 86000000 		.4byte	.LFE10
 2078 01c5 0100     		.2byte	0x1
 2079 01c7 56       		.byte	0x56
 2080 01c8 00000000 		.4byte	0
 2081 01cc 00000000 		.4byte	0
 2082              	.LLST12:
 2083 01d0 10000000 		.4byte	.LVL29
 2084 01d4 18000000 		.4byte	.LVL32
 2085 01d8 0100     		.2byte	0x1
 2086 01da 55       		.byte	0x55
 2087 01db 18000000 		.4byte	.LVL32
 2088 01df 28000000 		.4byte	.LVL33
 2089 01e3 0100     		.2byte	0x1
 2090 01e5 53       		.byte	0x53
 2091 01e6 28000000 		.4byte	.LVL33
 2092 01ea 2C000000 		.4byte	.LVL34
 2093 01ee 0100     		.2byte	0x1
 2094 01f0 52       		.byte	0x52
 2095 01f1 2C000000 		.4byte	.LVL34
 2096 01f5 57000000 		.4byte	.LVL36-1
 2097 01f9 0100     		.2byte	0x1
 2098 01fb 53       		.byte	0x53
 2099 01fc 58000000 		.4byte	.LVL36
 2100 0200 86000000 		.4byte	.LFE10
ARM GAS  /tmp/ccX3Hu7k.s 			page 38


 2101 0204 0100     		.2byte	0x1
 2102 0206 53       		.byte	0x53
 2103 0207 00000000 		.4byte	0
 2104 020b 00000000 		.4byte	0
 2105              	.LLST13:
 2106 020f 0C000000 		.4byte	.LVL28
 2107 0213 12000000 		.4byte	.LVL30
 2108 0217 0100     		.2byte	0x1
 2109 0219 50       		.byte	0x50
 2110 021a 12000000 		.4byte	.LVL30
 2111 021e 15000000 		.4byte	.LVL31-1
 2112 0222 0200     		.2byte	0x2
 2113 0224 74       		.byte	0x74
 2114 0225 00       		.sleb128 0
 2115 0226 15000000 		.4byte	.LVL31-1
 2116 022a 3E000000 		.4byte	.LVL35
 2117 022e 0300     		.2byte	0x3
 2118 0230 75       		.byte	0x75
 2119 0231 78       		.sleb128 -8
 2120 0232 9F       		.byte	0x9f
 2121 0233 00000000 		.4byte	0
 2122 0237 00000000 		.4byte	0
 2123              	.LLST14:
 2124 023b 00000000 		.4byte	.LFB11
 2125 023f 02000000 		.4byte	.LCFI2
 2126 0243 0200     		.2byte	0x2
 2127 0245 7D       		.byte	0x7d
 2128 0246 00       		.sleb128 0
 2129 0247 02000000 		.4byte	.LCFI2
 2130 024b 40000000 		.4byte	.LFE11
 2131 024f 0200     		.2byte	0x2
 2132 0251 7D       		.byte	0x7d
 2133 0252 10       		.sleb128 16
 2134 0253 00000000 		.4byte	0
 2135 0257 00000000 		.4byte	0
 2136              	.LLST15:
 2137 025b 00000000 		.4byte	.LVL37
 2138 025f 0E000000 		.4byte	.LVL38
 2139 0263 0100     		.2byte	0x1
 2140 0265 50       		.byte	0x50
 2141 0266 0E000000 		.4byte	.LVL38
 2142 026a 40000000 		.4byte	.LFE11
 2143 026e 0400     		.2byte	0x4
 2144 0270 F3       		.byte	0xf3
 2145 0271 01       		.uleb128 0x1
 2146 0272 50       		.byte	0x50
 2147 0273 9F       		.byte	0x9f
 2148 0274 00000000 		.4byte	0
 2149 0278 00000000 		.4byte	0
 2150              	.LLST16:
 2151 027c 00000000 		.4byte	.LVL37
 2152 0280 13000000 		.4byte	.LVL39-1
 2153 0284 0100     		.2byte	0x1
 2154 0286 51       		.byte	0x51
 2155 0287 13000000 		.4byte	.LVL39-1
 2156 028b 40000000 		.4byte	.LFE11
 2157 028f 0100     		.2byte	0x1
ARM GAS  /tmp/ccX3Hu7k.s 			page 39


 2158 0291 55       		.byte	0x55
 2159 0292 00000000 		.4byte	0
 2160 0296 00000000 		.4byte	0
 2161              	.LLST17:
 2162 029a 14000000 		.4byte	.LVL39
 2163 029e 1C000000 		.4byte	.LVL40
 2164 02a2 0600     		.2byte	0x6
 2165 02a4 F3       		.byte	0xf3
 2166 02a5 01       		.uleb128 0x1
 2167 02a6 50       		.byte	0x50
 2168 02a7 23       		.byte	0x23
 2169 02a8 08       		.uleb128 0x8
 2170 02a9 9F       		.byte	0x9f
 2171 02aa 34000000 		.4byte	.LVL45
 2172 02ae 40000000 		.4byte	.LFE11
 2173 02b2 0600     		.2byte	0x6
 2174 02b4 F3       		.byte	0xf3
 2175 02b5 01       		.uleb128 0x1
 2176 02b6 50       		.byte	0x50
 2177 02b7 23       		.byte	0x23
 2178 02b8 08       		.uleb128 0x8
 2179 02b9 9F       		.byte	0x9f
 2180 02ba 00000000 		.4byte	0
 2181 02be 00000000 		.4byte	0
 2182              	.LLST18:
 2183 02c2 14000000 		.4byte	.LVL39
 2184 02c6 1C000000 		.4byte	.LVL40
 2185 02ca 0200     		.2byte	0x2
 2186 02cc 30       		.byte	0x30
 2187 02cd 9F       		.byte	0x9f
 2188 02ce 24000000 		.4byte	.LVL42
 2189 02d2 28000000 		.4byte	.LVL43
 2190 02d6 0100     		.2byte	0x1
 2191 02d8 54       		.byte	0x54
 2192 02d9 34000000 		.4byte	.LVL45
 2193 02dd 40000000 		.4byte	.LFE11
 2194 02e1 0200     		.2byte	0x2
 2195 02e3 30       		.byte	0x30
 2196 02e4 9F       		.byte	0x9f
 2197 02e5 00000000 		.4byte	0
 2198 02e9 00000000 		.4byte	0
 2199              	.LLST19:
 2200 02ed 14000000 		.4byte	.LVL39
 2201 02f1 1C000000 		.4byte	.LVL40
 2202 02f5 0200     		.2byte	0x2
 2203 02f7 30       		.byte	0x30
 2204 02f8 9F       		.byte	0x9f
 2205 02f9 22000000 		.4byte	.LVL41
 2206 02fd 28000000 		.4byte	.LVL43
 2207 0301 0100     		.2byte	0x1
 2208 0303 52       		.byte	0x52
 2209 0304 34000000 		.4byte	.LVL45
 2210 0308 40000000 		.4byte	.LFE11
 2211 030c 0200     		.2byte	0x2
 2212 030e 30       		.byte	0x30
 2213 030f 9F       		.byte	0x9f
 2214 0310 00000000 		.4byte	0
ARM GAS  /tmp/ccX3Hu7k.s 			page 40


 2215 0314 00000000 		.4byte	0
 2216              		.section	.debug_aranges,"",%progbits
 2217 0000 3C000000 		.4byte	0x3c
 2218 0004 0200     		.2byte	0x2
 2219 0006 00000000 		.4byte	.Ldebug_info0
 2220 000a 04       		.byte	0x4
 2221 000b 00       		.byte	0
 2222 000c 0000     		.2byte	0
 2223 000e 0000     		.2byte	0
 2224 0010 00000000 		.4byte	.LFB7
 2225 0014 20000000 		.4byte	.LFE7-.LFB7
 2226 0018 00000000 		.4byte	.LFB8
 2227 001c 14000000 		.4byte	.LFE8-.LFB8
 2228 0020 00000000 		.4byte	.LFB9
 2229 0024 88000000 		.4byte	.LFE9-.LFB9
 2230 0028 00000000 		.4byte	.LFB10
 2231 002c 86000000 		.4byte	.LFE10-.LFB10
 2232 0030 00000000 		.4byte	.LFB11
 2233 0034 40000000 		.4byte	.LFE11-.LFB11
 2234 0038 00000000 		.4byte	0
 2235 003c 00000000 		.4byte	0
 2236              		.section	.debug_ranges,"",%progbits
 2237              	.Ldebug_ranges0:
 2238 0000 00000000 		.4byte	.LFB7
 2239 0004 20000000 		.4byte	.LFE7
 2240 0008 00000000 		.4byte	.LFB8
 2241 000c 14000000 		.4byte	.LFE8
 2242 0010 00000000 		.4byte	.LFB9
 2243 0014 88000000 		.4byte	.LFE9
 2244 0018 00000000 		.4byte	.LFB10
 2245 001c 86000000 		.4byte	.LFE10
 2246 0020 00000000 		.4byte	.LFB11
 2247 0024 40000000 		.4byte	.LFE11
 2248 0028 00000000 		.4byte	0
 2249 002c 00000000 		.4byte	0
 2250              		.section	.debug_line,"",%progbits
 2251              	.Ldebug_line0:
 2252 0000 6F020000 		.section	.debug_str,"MS",%progbits,1
 2252      02008801 
 2252      00000201 
 2252      FB0E0D00 
 2252      01010101 
 2253              	.LASF35:
 2254 0000 705F6D73 		.ascii	"p_msg\000"
 2254      6700
 2255              	.LASF2:
 2256 0006 73697A65 		.ascii	"size_t\000"
 2256      5F7400
 2257              	.LASF61:
 2258 000d 7264796D 		.ascii	"rdymsg\000"
 2258      736700
 2259              	.LASF12:
 2260 0014 75696E74 		.ascii	"uint64_t\000"
 2260      36345F74 
 2260      00
 2261              	.LASF51:
 2262 001d 6D656D67 		.ascii	"memgetfunc_t\000"
ARM GAS  /tmp/ccX3Hu7k.s 			page 41


 2262      65746675 
 2262      6E635F74 
 2262      00
 2263              	.LASF13:
 2264 002a 6C6F6E67 		.ascii	"long long unsigned int\000"
 2264      206C6F6E 
 2264      6720756E 
 2264      7369676E 
 2264      65642069 
 2265              	.LASF62:
 2266 0041 65786974 		.ascii	"exitcode\000"
 2266      636F6465 
 2266      00
 2267              	.LASF55:
 2268 004a 685F6672 		.ascii	"h_free\000"
 2268      656500
 2269              	.LASF68:
 2270 0051 68656170 		.ascii	"heapp\000"
 2270      7000
 2271              	.LASF80:
 2272 0057 63684D74 		.ascii	"chMtxUnlock\000"
 2272      78556E6C 
 2272      6F636B00 
 2273              	.LASF67:
 2274 0063 63684865 		.ascii	"chHeapInit\000"
 2274      6170496E 
 2274      697400
 2275              	.LASF57:
 2276 006e 6E657874 		.ascii	"next\000"
 2276      00
 2277              	.LASF24:
 2278 0073 705F7072 		.ascii	"p_prio\000"
 2278      696F00
 2279              	.LASF11:
 2280 007a 6C6F6E67 		.ascii	"long long int\000"
 2280      206C6F6E 
 2280      6720696E 
 2280      7400
 2281              	.LASF1:
 2282 0088 7369676E 		.ascii	"signed char\000"
 2282      65642063 
 2282      68617200 
 2283              	.LASF56:
 2284 0094 685F6D74 		.ascii	"h_mtx\000"
 2284      7800
 2285              	.LASF39:
 2286 009a 705F6D70 		.ascii	"p_mpool\000"
 2286      6F6F6C00 
 2287              	.LASF48:
 2288 00a2 6D5F7175 		.ascii	"m_queue\000"
 2288      65756500 
 2289              	.LASF69:
 2290 00aa 63684865 		.ascii	"chHeapFree\000"
 2290      61704672 
 2290      656500
 2291              	.LASF8:
 2292 00b5 6C6F6E67 		.ascii	"long int\000"
ARM GAS  /tmp/ccX3Hu7k.s 			page 42


 2292      20696E74 
 2292      00
 2293              	.LASF15:
 2294 00be 74737461 		.ascii	"tstate_t\000"
 2294      74655F74 
 2294      00
 2295              	.LASF26:
 2296 00c7 705F6E65 		.ascii	"p_newer\000"
 2296      77657200 
 2297              	.LASF42:
 2298 00cf 72656761 		.ascii	"regarm_t\000"
 2298      726D5F74 
 2298      00
 2299              	.LASF59:
 2300 00d8 616C6967 		.ascii	"align\000"
 2300      6E00
 2301              	.LASF0:
 2302 00de 756E7369 		.ascii	"unsigned int\000"
 2302      676E6564 
 2302      20696E74 
 2302      00
 2303              	.LASF10:
 2304 00eb 6C6F6E67 		.ascii	"long unsigned int\000"
 2304      20756E73 
 2304      69676E65 
 2304      6420696E 
 2304      7400
 2305              	.LASF78:
 2306 00fd 2F686F6D 		.ascii	"/home/rumman/Documents/ChibiOS_Examples/HelloWorld\000"
 2306      652F7275 
 2306      6D6D616E 
 2306      2F446F63 
 2306      756D656E 
 2307              	.LASF45:
 2308 0130 636F6E74 		.ascii	"context\000"
 2308      65787400 
 2309              	.LASF60:
 2310 0138 73697A65 		.ascii	"size\000"
 2310      00
 2311              	.LASF6:
 2312 013d 73686F72 		.ascii	"short unsigned int\000"
 2312      7420756E 
 2312      7369676E 
 2312      65642069 
 2312      6E7400
 2313              	.LASF18:
 2314 0150 6D73675F 		.ascii	"msg_t\000"
 2314      7400
 2315              	.LASF14:
 2316 0156 746D6F64 		.ascii	"tmode_t\000"
 2316      655F7400 
 2317              	.LASF41:
 2318 015e 54687265 		.ascii	"ThreadsList\000"
 2318      6164734C 
 2318      69737400 
 2319              	.LASF19:
 2320 016a 6576656E 		.ascii	"eventmask_t\000"
ARM GAS  /tmp/ccX3Hu7k.s 			page 43


 2320      746D6173 
 2320      6B5F7400 
 2321              	.LASF47:
 2322 0176 4D757465 		.ascii	"Mutex\000"
 2322      7800
 2323              	.LASF43:
 2324 017c 73746B61 		.ascii	"stkalign_t\000"
 2324      6C69676E 
 2324      5F7400
 2325              	.LASF46:
 2326 0187 73697A65 		.ascii	"sizetype\000"
 2326      74797065 
 2326      00
 2327              	.LASF75:
 2328 0190 63684D74 		.ascii	"chMtxLock\000"
 2328      784C6F63 
 2328      6B00
 2329              	.LASF27:
 2330 019a 705F6F6C 		.ascii	"p_older\000"
 2330      64657200 
 2331              	.LASF40:
 2332 01a2 54687265 		.ascii	"ThreadsQueue\000"
 2332      61647351 
 2332      75657565 
 2332      00
 2333              	.LASF52:
 2334 01af 4D656D6F 		.ascii	"MemoryHeap\000"
 2334      72794865 
 2334      617000
 2335              	.LASF16:
 2336 01ba 74726566 		.ascii	"trefs_t\000"
 2336      735F7400 
 2337              	.LASF23:
 2338 01c2 705F7072 		.ascii	"p_prev\000"
 2338      657600
 2339              	.LASF17:
 2340 01c9 74707269 		.ascii	"tprio_t\000"
 2340      6F5F7400 
 2341              	.LASF76:
 2342 01d1 474E5520 		.ascii	"GNU C 4.7.3 20130312 (release) [ARM/embedded-4_7-br"
 2342      4320342E 
 2342      372E3320 
 2342      32303133 
 2342      30333132 
 2343 0204 616E6368 		.ascii	"anch revision 196615]\000"
 2343      20726576 
 2343      6973696F 
 2343      6E203139 
 2343      36363135 
 2344              	.LASF7:
 2345 021a 696E7433 		.ascii	"int32_t\000"
 2345      325F7400 
 2346              	.LASF4:
 2347 0222 756E7369 		.ascii	"unsigned char\000"
 2347      676E6564 
 2347      20636861 
 2347      7200
ARM GAS  /tmp/ccX3Hu7k.s 			page 44


 2348              	.LASF54:
 2349 0230 685F7072 		.ascii	"h_provider\000"
 2349      6F766964 
 2349      657200
 2350              	.LASF37:
 2351 023b 705F6D74 		.ascii	"p_mtxlist\000"
 2351      786C6973 
 2351      7400
 2352              	.LASF5:
 2353 0245 73686F72 		.ascii	"short int\000"
 2353      7420696E 
 2353      7400
 2354              	.LASF29:
 2355 024f 705F7374 		.ascii	"p_state\000"
 2355      61746500 
 2356              	.LASF79:
 2357 0257 68656170 		.ascii	"heap_header\000"
 2357      5F686561 
 2357      64657200 
 2358              	.LASF64:
 2359 0263 65776D61 		.ascii	"ewmask\000"
 2359      736B00
 2360              	.LASF22:
 2361 026a 705F6E65 		.ascii	"p_next\000"
 2361      787400
 2362              	.LASF30:
 2363 0271 705F666C 		.ascii	"p_flags\000"
 2363      61677300 
 2364              	.LASF21:
 2365 0279 54687265 		.ascii	"Thread\000"
 2365      616400
 2366              	.LASF70:
 2367 0280 63684865 		.ascii	"chHeapAlloc\000"
 2367      6170416C 
 2367      6C6F6300 
 2368              	.LASF36:
 2369 028c 705F6570 		.ascii	"p_epending\000"
 2369      656E6469 
 2369      6E6700
 2370              	.LASF9:
 2371 0297 75696E74 		.ascii	"uint32_t\000"
 2371      33325F74 
 2371      00
 2372              	.LASF58:
 2373 02a0 68656170 		.ascii	"heap\000"
 2373      00
 2374              	.LASF73:
 2375 02a5 64656661 		.ascii	"default_heap\000"
 2375      756C745F 
 2375      68656170 
 2375      00
 2376              	.LASF65:
 2377 02b2 63686172 		.ascii	"char\000"
 2377      00
 2378              	.LASF71:
 2379 02b7 63684865 		.ascii	"chHeapStatus\000"
 2379      61705374 
ARM GAS  /tmp/ccX3Hu7k.s 			page 45


 2379      61747573 
 2379      00
 2380              	.LASF50:
 2381 02c4 6D5F6E65 		.ascii	"m_next\000"
 2381      787400
 2382              	.LASF20:
 2383 02cb 73797374 		.ascii	"systime_t\000"
 2383      696D655F 
 2383      7400
 2384              	.LASF38:
 2385 02d5 705F7265 		.ascii	"p_realprio\000"
 2385      616C7072 
 2385      696F00
 2386              	.LASF77:
 2387 02e0 2E2E2F2E 		.ascii	"../../ChibiOS_2.4.3/os/kernel/src/chheap.c\000"
 2387      2E2F4368 
 2387      6962694F 
 2387      535F322E 
 2387      342E332F 
 2388              	.LASF32:
 2389 030b 705F7469 		.ascii	"p_time\000"
 2389      6D6500
 2390              	.LASF44:
 2391 0312 696E7463 		.ascii	"intctx\000"
 2391      747800
 2392              	.LASF34:
 2393 0319 705F6D73 		.ascii	"p_msgqueue\000"
 2393      67717565 
 2393      756500
 2394              	.LASF74:
 2395 0324 63684D74 		.ascii	"chMtxInit\000"
 2395      78496E69 
 2395      7400
 2396              	.LASF31:
 2397 032e 705F7265 		.ascii	"p_refs\000"
 2397      667300
 2398              	.LASF3:
 2399 0335 75696E74 		.ascii	"uint8_t\000"
 2399      385F7400 
 2400              	.LASF63:
 2401 033d 77746F62 		.ascii	"wtobjp\000"
 2401      6A7000
 2402              	.LASF72:
 2403 0344 73697A65 		.ascii	"sizep\000"
 2403      7000
 2404              	.LASF28:
 2405 034a 705F6E61 		.ascii	"p_name\000"
 2405      6D6500
 2406              	.LASF66:
 2407 0351 5F686561 		.ascii	"_heap_init\000"
 2407      705F696E 
 2407      697400
 2408              	.LASF49:
 2409 035c 6D5F6F77 		.ascii	"m_owner\000"
 2409      6E657200 
 2410              	.LASF25:
 2411 0364 705F6374 		.ascii	"p_ctx\000"
ARM GAS  /tmp/ccX3Hu7k.s 			page 46


 2411      7800
 2412              	.LASF33:
 2413 036a 705F7761 		.ascii	"p_waiting\000"
 2413      6974696E 
 2413      6700
 2414              	.LASF53:
 2415 0374 6D656D6F 		.ascii	"memory_heap\000"
 2415      72795F68 
 2415      65617000 
 2416              		.ident	"GCC: (GNU Tools for ARM Embedded Processors) 4.7.3 20130312 (release) [ARM/embedded-4_7-br
ARM GAS  /tmp/ccX3Hu7k.s 			page 47


DEFINED SYMBOLS
                            *ABS*:00000000 chheap.c
     /tmp/ccX3Hu7k.s:19     .text._heap_init:00000000 $t
     /tmp/ccX3Hu7k.s:25     .text._heap_init:00000000 _heap_init
     /tmp/ccX3Hu7k.s:436    .bss.default_heap:00000000 .LANCHOR0
     /tmp/ccX3Hu7k.s:57     .text.chHeapInit:00000000 $t
     /tmp/ccX3Hu7k.s:63     .text.chHeapInit:00000000 chHeapInit
     /tmp/ccX3Hu7k.s:97     .text.chHeapAlloc:00000000 $t
     /tmp/ccX3Hu7k.s:103    .text.chHeapAlloc:00000000 chHeapAlloc
     /tmp/ccX3Hu7k.s:230    .text.chHeapAlloc:00000084 $d
     /tmp/ccX3Hu7k.s:235    .text.chHeapFree:00000000 $t
     /tmp/ccX3Hu7k.s:241    .text.chHeapFree:00000000 chHeapFree
     /tmp/ccX3Hu7k.s:355    .text.chHeapStatus:00000000 $t
     /tmp/ccX3Hu7k.s:361    .text.chHeapStatus:00000000 chHeapStatus
     /tmp/ccX3Hu7k.s:430    .text.chHeapStatus:0000003c $d
     /tmp/ccX3Hu7k.s:435    .bss.default_heap:00000000 $d
     /tmp/ccX3Hu7k.s:439    .bss.default_heap:00000000 default_heap
                     .debug_frame:00000010 $d
     /tmp/ccX3Hu7k.s:234    .text.chHeapAlloc:00000088 $t

UNDEFINED SYMBOLS
chCoreAlloc
chMtxInit
chMtxLock
chMtxUnlock
