ARM GAS  /tmp/ccZ0AJum.s 			page 1


   1              		.syntax unified
   2              		.cpu cortex-m4
   3              		.fpu softvfp
   4              		.eabi_attribute 20, 1
   5              		.eabi_attribute 21, 1
   6              		.eabi_attribute 23, 3
   7              		.eabi_attribute 24, 1
   8              		.eabi_attribute 25, 1
   9              		.eabi_attribute 26, 1
  10              		.eabi_attribute 30, 2
  11              		.eabi_attribute 34, 1
  12              		.eabi_attribute 18, 4
  13              		.thumb
  14              		.file	"chmempools.c"
  15              		.text
  16              	.Ltext0:
  17              		.cfi_sections	.debug_frame
  18              		.section	.text.chPoolInit,"ax",%progbits
  19              		.align	2
  20              		.p2align 4,,15
  21              		.global	chPoolInit
  22              		.thumb
  23              		.thumb_func
  24              		.type	chPoolInit, %function
  25              	chPoolInit:
  26              	.LFB7:
  27              		.file 1 "../../ChibiOS_2.4.3/os/kernel/src/chmempools.c"
  28              		.loc 1 61 0
  29              		.cfi_startproc
  30              		@ args = 0, pretend = 0, frame = 0
  31              		@ frame_needed = 0, uses_anonymous_args = 0
  32              		@ link register save eliminated.
  33              	.LVL0:
  34              		.loc 1 66 0
  35 0000 0731     		adds	r1, r1, #7
  36              	.LVL1:
  37 0002 21F00701 		bic	r1, r1, #7
  38              	.LVL2:
  39              		.loc 1 65 0
  40 0006 0023     		movs	r3, #0
  41 0008 0360     		str	r3, [r0, #0]
  42              		.loc 1 66 0
  43 000a 4160     		str	r1, [r0, #4]
  44              		.loc 1 67 0
  45 000c 8260     		str	r2, [r0, #8]
  46 000e 7047     		bx	lr
  47              		.cfi_endproc
  48              	.LFE7:
  49              		.size	chPoolInit, .-chPoolInit
  50              		.section	.text.chPoolAllocI,"ax",%progbits
  51              		.align	2
  52              		.p2align 4,,15
  53              		.global	chPoolAllocI
  54              		.thumb
  55              		.thumb_func
  56              		.type	chPoolAllocI, %function
  57              	chPoolAllocI:
ARM GAS  /tmp/ccZ0AJum.s 			page 2


  58              	.LFB8:
  59              		.loc 1 79 0
  60              		.cfi_startproc
  61              		@ args = 0, pretend = 0, frame = 0
  62              		@ frame_needed = 0, uses_anonymous_args = 0
  63              	.LVL3:
  64 0000 08B5     		push	{r3, lr}
  65              	.LCFI0:
  66              		.cfi_def_cfa_offset 8
  67              		.cfi_offset 3, -8
  68              		.cfi_offset 14, -4
  69              		.loc 1 79 0
  70 0002 0346     		mov	r3, r0
  71              		.loc 1 85 0
  72 0004 0068     		ldr	r0, [r0, #0]
  73              	.LVL4:
  74 0006 10B1     		cbz	r0, .L3
  75              		.loc 1 86 0
  76 0008 0168     		ldr	r1, [r0, #0]
  77 000a 1960     		str	r1, [r3, #0]
  78 000c 08BD     		pop	{r3, pc}
  79              	.L3:
  80              		.loc 1 87 0
  81 000e 9A68     		ldr	r2, [r3, #8]
  82 0010 0AB1     		cbz	r2, .L4
  83              		.loc 1 88 0
  84 0012 5868     		ldr	r0, [r3, #4]
  85              	.LVL5:
  86 0014 9047     		blx	r2
  87              	.LVL6:
  88              	.L4:
  89              		.loc 1 90 0
  90 0016 08BD     		pop	{r3, pc}
  91              		.cfi_endproc
  92              	.LFE8:
  93              		.size	chPoolAllocI, .-chPoolAllocI
  94 0018 AFF30080 		.section	.text.chPoolAlloc,"ax",%progbits
  94      AFF30080 
  95              		.align	2
  96              		.p2align 4,,15
  97              		.global	chPoolAlloc
  98              		.thumb
  99              		.thumb_func
 100              		.type	chPoolAlloc, %function
 101              	chPoolAlloc:
 102              	.LFB9:
 103              		.loc 1 101 0
 104              		.cfi_startproc
 105              		@ args = 0, pretend = 0, frame = 0
 106              		@ frame_needed = 0, uses_anonymous_args = 0
 107              	.LVL7:
 108 0000 08B5     		push	{r3, lr}
 109              	.LCFI1:
 110              		.cfi_def_cfa_offset 8
 111              		.cfi_offset 3, -8
 112              		.cfi_offset 14, -4
 113              		.loc 1 101 0
ARM GAS  /tmp/ccZ0AJum.s 			page 3


 114 0002 0246     		mov	r2, r0
 115              	.LBB10:
 116              		.loc 1 104 0
 117 0004 2023     		movs	r3, #32
 118              	.LVL8:
 119              	@ 104 "../../ChibiOS_2.4.3/os/kernel/src/chmempools.c" 1
 120 0006 83F31188 		msr     BASEPRI, r3
 121              	@ 0 "" 2
 122              	.LVL9:
 123              		.thumb
 124              	.LBE10:
 125              	.LBB11:
 126              	.LBB12:
 127              		.loc 1 85 0
 128 000a 0068     		ldr	r0, [r0, #0]
 129              	.LVL10:
 130 000c 28B1     		cbz	r0, .L10
 131              		.loc 1 86 0
 132 000e 0168     		ldr	r1, [r0, #0]
 133 0010 1160     		str	r1, [r2, #0]
 134              	.LVL11:
 135              	.L11:
 136              	.LBE12:
 137              	.LBE11:
 138              	.LBB14:
 139              		.loc 1 106 0
 140 0012 0023     		movs	r3, #0
 141              	.LVL12:
 142              	@ 106 "../../ChibiOS_2.4.3/os/kernel/src/chmempools.c" 1
 143 0014 83F31188 		msr     BASEPRI, r3
 144              	@ 0 "" 2
 145              	.LVL13:
 146              		.thumb
 147              	.LBE14:
 148              		.loc 1 108 0
 149 0018 08BD     		pop	{r3, pc}
 150              	.LVL14:
 151              	.L10:
 152              	.LBB15:
 153              	.LBB13:
 154              		.loc 1 87 0
 155 001a 9368     		ldr	r3, [r2, #8]
 156              	.LVL15:
 157 001c 002B     		cmp	r3, #0
 158 001e F8D0     		beq	.L11
 159              		.loc 1 88 0
 160 0020 5068     		ldr	r0, [r2, #4]
 161              	.LVL16:
 162 0022 9847     		blx	r3
 163              	.LVL17:
 164 0024 F5E7     		b	.L11
 165              	.LBE13:
 166              	.LBE15:
 167              		.cfi_endproc
 168              	.LFE9:
 169              		.size	chPoolAlloc, .-chPoolAlloc
 170 0026 00BFAFF3 		.section	.text.chPoolFreeI,"ax",%progbits
ARM GAS  /tmp/ccZ0AJum.s 			page 4


 170      0080AFF3 
 170      0080
 171              		.align	2
 172              		.p2align 4,,15
 173              		.global	chPoolFreeI
 174              		.thumb
 175              		.thumb_func
 176              		.type	chPoolFreeI, %function
 177              	chPoolFreeI:
 178              	.LFB10:
 179              		.loc 1 122 0
 180              		.cfi_startproc
 181              		@ args = 0, pretend = 0, frame = 0
 182              		@ frame_needed = 0, uses_anonymous_args = 0
 183              		@ link register save eliminated.
 184              	.LVL18:
 185              		.loc 1 129 0
 186 0000 0368     		ldr	r3, [r0, #0]
 187 0002 0B60     		str	r3, [r1, #0]
 188              		.loc 1 130 0
 189 0004 0160     		str	r1, [r0, #0]
 190 0006 7047     		bx	lr
 191              		.cfi_endproc
 192              	.LFE10:
 193              		.size	chPoolFreeI, .-chPoolFreeI
 194 0008 AFF30080 		.section	.text.chPoolFree,"ax",%progbits
 194      AFF30080 
 195              		.align	2
 196              		.p2align 4,,15
 197              		.global	chPoolFree
 198              		.thumb
 199              		.thumb_func
 200              		.type	chPoolFree, %function
 201              	chPoolFree:
 202              	.LFB11:
 203              		.loc 1 145 0
 204              		.cfi_startproc
 205              		@ args = 0, pretend = 0, frame = 0
 206              		@ frame_needed = 0, uses_anonymous_args = 0
 207              		@ link register save eliminated.
 208              	.LVL19:
 209              	.LBB16:
 210              		.loc 1 147 0
 211 0000 2023     		movs	r3, #32
 212              	.LVL20:
 213              	@ 147 "../../ChibiOS_2.4.3/os/kernel/src/chmempools.c" 1
 214 0002 83F31188 		msr     BASEPRI, r3
 215              	@ 0 "" 2
 216              	.LVL21:
 217              		.thumb
 218              	.LBE16:
 219              	.LBB17:
 220              	.LBB18:
 221              		.loc 1 129 0
 222 0006 0268     		ldr	r2, [r0, #0]
 223              	.LBE18:
 224              	.LBE17:
ARM GAS  /tmp/ccZ0AJum.s 			page 5


 225              	.LBB20:
 226              		.loc 1 149 0
 227 0008 0023     		movs	r3, #0
 228              	.LVL22:
 229              	.LBE20:
 230              	.LBB21:
 231              	.LBB19:
 232              		.loc 1 129 0
 233 000a 0A60     		str	r2, [r1, #0]
 234              		.loc 1 130 0
 235 000c 0160     		str	r1, [r0, #0]
 236              	.LBE19:
 237              	.LBE21:
 238              	.LBB22:
 239              		.loc 1 149 0
 240              	@ 149 "../../ChibiOS_2.4.3/os/kernel/src/chmempools.c" 1
 241 000e 83F31188 		msr     BASEPRI, r3
 242              	@ 0 "" 2
 243              	.LVL23:
 244              		.thumb
 245 0012 7047     		bx	lr
 246              	.LBE22:
 247              		.cfi_endproc
 248              	.LFE11:
 249              		.size	chPoolFree, .-chPoolFree
 250 0014 AFF30080 		.text
 250      AFF30080 
 250      AFF30080 
 251              	.Letext0:
 252              		.file 2 "/opt/ARM/bin/../lib/gcc/arm-none-eabi/4.7.3/include/stddef.h"
 253              		.file 3 "/opt/ARM/bin/../lib/gcc/arm-none-eabi/4.7.3/../../../../arm-none-eabi/include/stdint.h"
 254              		.file 4 "../../ChibiOS_2.4.3/os/kernel/include/chmemcore.h"
 255              		.file 5 "../../ChibiOS_2.4.3/os/kernel/include/chmempools.h"
 256              		.section	.debug_info,"",%progbits
 257              	.Ldebug_info0:
 258 0000 31030000 		.4byte	0x331
 259 0004 0200     		.2byte	0x2
 260 0006 00000000 		.4byte	.Ldebug_abbrev0
 261 000a 04       		.byte	0x4
 262 000b 01       		.uleb128 0x1
 263 000c 17010000 		.4byte	.LASF22
 264 0010 01       		.byte	0x1
 265 0011 9C010000 		.4byte	.LASF23
 266 0015 60010000 		.4byte	.LASF24
 267 0019 78000000 		.4byte	.Ldebug_ranges0+0x78
 268 001d 00000000 		.4byte	0
 269 0021 00000000 		.4byte	0
 270 0025 00000000 		.4byte	.Ldebug_line0
 271 0029 02       		.uleb128 0x2
 272 002a 04       		.byte	0x4
 273 002b 05       		.byte	0x5
 274 002c 696E7400 		.ascii	"int\000"
 275 0030 03       		.uleb128 0x3
 276 0031 00000000 		.4byte	.LASF6
 277 0035 02       		.byte	0x2
 278 0036 D5       		.byte	0xd5
 279 0037 3B000000 		.4byte	0x3b
ARM GAS  /tmp/ccZ0AJum.s 			page 6


 280 003b 04       		.uleb128 0x4
 281 003c 04       		.byte	0x4
 282 003d 07       		.byte	0x7
 283 003e A0000000 		.4byte	.LASF0
 284 0042 04       		.uleb128 0x4
 285 0043 01       		.byte	0x1
 286 0044 06       		.byte	0x6
 287 0045 CB010000 		.4byte	.LASF1
 288 0049 04       		.uleb128 0x4
 289 004a 01       		.byte	0x1
 290 004b 08       		.byte	0x8
 291 004c 6A000000 		.4byte	.LASF2
 292 0050 04       		.uleb128 0x4
 293 0051 02       		.byte	0x2
 294 0052 05       		.byte	0x5
 295 0053 01010000 		.4byte	.LASF3
 296 0057 04       		.uleb128 0x4
 297 0058 02       		.byte	0x2
 298 0059 07       		.byte	0x7
 299 005a 39000000 		.4byte	.LASF4
 300 005e 04       		.uleb128 0x4
 301 005f 04       		.byte	0x4
 302 0060 05       		.byte	0x5
 303 0061 93010000 		.4byte	.LASF5
 304 0065 03       		.uleb128 0x3
 305 0066 55000000 		.4byte	.LASF7
 306 006a 03       		.byte	0x3
 307 006b 50       		.byte	0x50
 308 006c 70000000 		.4byte	0x70
 309 0070 04       		.uleb128 0x4
 310 0071 04       		.byte	0x4
 311 0072 07       		.byte	0x7
 312 0073 27000000 		.4byte	.LASF8
 313 0077 04       		.uleb128 0x4
 314 0078 08       		.byte	0x8
 315 0079 05       		.byte	0x5
 316 007a D5000000 		.4byte	.LASF9
 317 007e 04       		.uleb128 0x4
 318 007f 08       		.byte	0x8
 319 0080 07       		.byte	0x7
 320 0081 AD000000 		.4byte	.LASF10
 321 0085 05       		.uleb128 0x5
 322 0086 04       		.byte	0x4
 323 0087 04       		.uleb128 0x4
 324 0088 04       		.byte	0x4
 325 0089 07       		.byte	0x7
 326 008a CC000000 		.4byte	.LASF11
 327 008e 03       		.uleb128 0x3
 328 008f E8000000 		.4byte	.LASF12
 329 0093 04       		.byte	0x4
 330 0094 2C       		.byte	0x2c
 331 0095 99000000 		.4byte	0x99
 332 0099 06       		.uleb128 0x6
 333 009a 04       		.byte	0x4
 334 009b 9F000000 		.4byte	0x9f
 335 009f 07       		.uleb128 0x7
 336 00a0 01       		.byte	0x1
ARM GAS  /tmp/ccZ0AJum.s 			page 7


 337 00a1 85000000 		.4byte	0x85
 338 00a5 AF000000 		.4byte	0xaf
 339 00a9 08       		.uleb128 0x8
 340 00aa 30000000 		.4byte	0x30
 341 00ae 00       		.byte	0
 342 00af 09       		.uleb128 0x9
 343 00b0 16000000 		.4byte	.LASF25
 344 00b4 04       		.byte	0x4
 345 00b5 05       		.byte	0x5
 346 00b6 2C       		.byte	0x2c
 347 00b7 CA000000 		.4byte	0xca
 348 00bb 0A       		.uleb128 0xa
 349 00bc C4000000 		.4byte	.LASF13
 350 00c0 05       		.byte	0x5
 351 00c1 2D       		.byte	0x2d
 352 00c2 CA000000 		.4byte	0xca
 353 00c6 02       		.byte	0x2
 354 00c7 23       		.byte	0x23
 355 00c8 00       		.uleb128 0
 356 00c9 00       		.byte	0
 357 00ca 06       		.uleb128 0x6
 358 00cb 04       		.byte	0x4
 359 00cc AF000000 		.4byte	0xaf
 360 00d0 0B       		.uleb128 0xb
 361 00d1 0C       		.byte	0xc
 362 00d2 05       		.byte	0x5
 363 00d3 34       		.byte	0x34
 364 00d4 03010000 		.4byte	0x103
 365 00d8 0A       		.uleb128 0xa
 366 00d9 D7010000 		.4byte	.LASF14
 367 00dd 05       		.byte	0x5
 368 00de 35       		.byte	0x35
 369 00df CA000000 		.4byte	0xca
 370 00e3 02       		.byte	0x2
 371 00e4 23       		.byte	0x23
 372 00e5 00       		.uleb128 0
 373 00e6 0A       		.uleb128 0xa
 374 00e7 07000000 		.4byte	.LASF15
 375 00eb 05       		.byte	0x5
 376 00ec 36       		.byte	0x36
 377 00ed 30000000 		.4byte	0x30
 378 00f1 02       		.byte	0x2
 379 00f2 23       		.byte	0x23
 380 00f3 04       		.uleb128 0x4
 381 00f4 0A       		.uleb128 0xa
 382 00f5 F5000000 		.4byte	.LASF16
 383 00f9 05       		.byte	0x5
 384 00fa 38       		.byte	0x38
 385 00fb 8E000000 		.4byte	0x8e
 386 00ff 02       		.byte	0x2
 387 0100 23       		.byte	0x23
 388 0101 08       		.uleb128 0x8
 389 0102 00       		.byte	0
 390 0103 03       		.uleb128 0x3
 391 0104 83000000 		.4byte	.LASF17
 392 0108 05       		.byte	0x5
 393 0109 3A       		.byte	0x3a
ARM GAS  /tmp/ccZ0AJum.s 			page 8


 394 010a D0000000 		.4byte	0xd0
 395 010e 04       		.uleb128 0x4
 396 010f 01       		.byte	0x1
 397 0110 08       		.byte	0x8
 398 0111 E3000000 		.4byte	.LASF18
 399 0115 0C       		.uleb128 0xc
 400 0116 01       		.byte	0x1
 401 0117 93000000 		.4byte	.LASF26
 402 011b 01       		.byte	0x1
 403 011c 4F       		.byte	0x4f
 404 011d 01       		.byte	0x1
 405 011e 85000000 		.4byte	0x85
 406 0122 01       		.byte	0x1
 407 0123 3D010000 		.4byte	0x13d
 408 0127 0D       		.uleb128 0xd
 409 0128 6D7000   		.ascii	"mp\000"
 410 012b 01       		.byte	0x1
 411 012c 4F       		.byte	0x4f
 412 012d 3D010000 		.4byte	0x13d
 413 0131 0E       		.uleb128 0xe
 414 0132 8E000000 		.4byte	.LASF19
 415 0136 01       		.byte	0x1
 416 0137 50       		.byte	0x50
 417 0138 85000000 		.4byte	0x85
 418 013c 00       		.byte	0
 419 013d 06       		.uleb128 0x6
 420 013e 04       		.byte	0x4
 421 013f 03010000 		.4byte	0x103
 422 0143 0F       		.uleb128 0xf
 423 0144 01       		.byte	0x1
 424 0145 5E000000 		.4byte	.LASF27
 425 0149 01       		.byte	0x1
 426 014a 7A       		.byte	0x7a
 427 014b 01       		.byte	0x1
 428 014c 01       		.byte	0x1
 429 014d 72010000 		.4byte	0x172
 430 0151 0D       		.uleb128 0xd
 431 0152 6D7000   		.ascii	"mp\000"
 432 0155 01       		.byte	0x1
 433 0156 7A       		.byte	0x7a
 434 0157 3D010000 		.4byte	0x13d
 435 015b 10       		.uleb128 0x10
 436 015c 8E000000 		.4byte	.LASF19
 437 0160 01       		.byte	0x1
 438 0161 7A       		.byte	0x7a
 439 0162 85000000 		.4byte	0x85
 440 0166 11       		.uleb128 0x11
 441 0167 70687000 		.ascii	"php\000"
 442 016b 01       		.byte	0x1
 443 016c 7B       		.byte	0x7b
 444 016d CA000000 		.4byte	0xca
 445 0171 00       		.byte	0
 446 0172 12       		.uleb128 0x12
 447 0173 01       		.byte	0x1
 448 0174 DF010000 		.4byte	.LASF28
 449 0178 01       		.byte	0x1
 450 0179 3D       		.byte	0x3d
ARM GAS  /tmp/ccZ0AJum.s 			page 9


 451 017a 01       		.byte	0x1
 452 017b 00000000 		.4byte	.LFB7
 453 017f 10000000 		.4byte	.LFE7
 454 0183 02       		.byte	0x2
 455 0184 7D       		.byte	0x7d
 456 0185 00       		.sleb128 0
 457 0186 01       		.byte	0x1
 458 0187 B4010000 		.4byte	0x1b4
 459 018b 13       		.uleb128 0x13
 460 018c 6D7000   		.ascii	"mp\000"
 461 018f 01       		.byte	0x1
 462 0190 3D       		.byte	0x3d
 463 0191 3D010000 		.4byte	0x13d
 464 0195 01       		.byte	0x1
 465 0196 50       		.byte	0x50
 466 0197 14       		.uleb128 0x14
 467 0198 22000000 		.4byte	.LASF20
 468 019c 01       		.byte	0x1
 469 019d 3D       		.byte	0x3d
 470 019e 30000000 		.4byte	0x30
 471 01a2 00000000 		.4byte	.LLST0
 472 01a6 15       		.uleb128 0x15
 473 01a7 4C000000 		.4byte	.LASF21
 474 01ab 01       		.byte	0x1
 475 01ac 3D       		.byte	0x3d
 476 01ad 8E000000 		.4byte	0x8e
 477 01b1 01       		.byte	0x1
 478 01b2 52       		.byte	0x52
 479 01b3 00       		.byte	0
 480 01b4 16       		.uleb128 0x16
 481 01b5 15010000 		.4byte	0x115
 482 01b9 00000000 		.4byte	.LFB8
 483 01bd 18000000 		.4byte	.LFE8
 484 01c1 2E000000 		.4byte	.LLST1
 485 01c5 01       		.byte	0x1
 486 01c6 DD010000 		.4byte	0x1dd
 487 01ca 17       		.uleb128 0x17
 488 01cb 27010000 		.4byte	0x127
 489 01cf 4E000000 		.4byte	.LLST2
 490 01d3 18       		.uleb128 0x18
 491 01d4 31010000 		.4byte	0x131
 492 01d8 7A000000 		.4byte	.LLST3
 493 01dc 00       		.byte	0
 494 01dd 19       		.uleb128 0x19
 495 01de 01       		.byte	0x1
 496 01df 0B010000 		.4byte	.LASF29
 497 01e3 01       		.byte	0x1
 498 01e4 65       		.byte	0x65
 499 01e5 01       		.byte	0x1
 500 01e6 85000000 		.4byte	0x85
 501 01ea 00000000 		.4byte	.LFB9
 502 01ee 26000000 		.4byte	.LFE9
 503 01f2 A4000000 		.4byte	.LLST4
 504 01f6 01       		.byte	0x1
 505 01f7 79020000 		.4byte	0x279
 506 01fb 1A       		.uleb128 0x1a
 507 01fc 6D7000   		.ascii	"mp\000"
ARM GAS  /tmp/ccZ0AJum.s 			page 10


 508 01ff 01       		.byte	0x1
 509 0200 65       		.byte	0x65
 510 0201 3D010000 		.4byte	0x13d
 511 0205 C4000000 		.4byte	.LLST5
 512 0209 1B       		.uleb128 0x1b
 513 020a 8E000000 		.4byte	.LASF19
 514 020e 01       		.byte	0x1
 515 020f 66       		.byte	0x66
 516 0210 85000000 		.4byte	0x85
 517 0214 01       		.byte	0x1
 518 0215 50       		.byte	0x50
 519 0216 1C       		.uleb128 0x1c
 520 0217 04000000 		.4byte	.LBB10
 521 021b 0A000000 		.4byte	.LBE10
 522 021f 33020000 		.4byte	0x233
 523 0223 1D       		.uleb128 0x1d
 524 0224 746D7000 		.ascii	"tmp\000"
 525 0228 01       		.byte	0x1
 526 0229 68       		.byte	0x68
 527 022a 65000000 		.4byte	0x65
 528 022e 09010000 		.4byte	.LLST6
 529 0232 00       		.byte	0
 530 0233 1E       		.uleb128 0x1e
 531 0234 15010000 		.4byte	0x115
 532 0238 0A000000 		.4byte	.LBB11
 533 023c 00000000 		.4byte	.Ldebug_ranges0+0
 534 0240 01       		.byte	0x1
 535 0241 69       		.byte	0x69
 536 0242 5F020000 		.4byte	0x25f
 537 0246 17       		.uleb128 0x17
 538 0247 27010000 		.4byte	0x127
 539 024b 27010000 		.4byte	.LLST7
 540 024f 1F       		.uleb128 0x1f
 541 0250 18000000 		.4byte	.Ldebug_ranges0+0x18
 542 0254 18       		.uleb128 0x18
 543 0255 31010000 		.4byte	0x131
 544 0259 6C010000 		.4byte	.LLST8
 545 025d 00       		.byte	0
 546 025e 00       		.byte	0
 547 025f 20       		.uleb128 0x20
 548 0260 12000000 		.4byte	.LBB14
 549 0264 18000000 		.4byte	.LBE14
 550 0268 1D       		.uleb128 0x1d
 551 0269 746D7000 		.ascii	"tmp\000"
 552 026d 01       		.byte	0x1
 553 026e 6A       		.byte	0x6a
 554 026f 65000000 		.4byte	0x65
 555 0273 96010000 		.4byte	.LLST9
 556 0277 00       		.byte	0
 557 0278 00       		.byte	0
 558 0279 21       		.uleb128 0x21
 559 027a 43010000 		.4byte	0x143
 560 027e 00000000 		.4byte	.LFB10
 561 0282 08000000 		.4byte	.LFE10
 562 0286 02       		.byte	0x2
 563 0287 7D       		.byte	0x7d
 564 0288 00       		.sleb128 0
ARM GAS  /tmp/ccZ0AJum.s 			page 11


 565 0289 01       		.byte	0x1
 566 028a A4020000 		.4byte	0x2a4
 567 028e 22       		.uleb128 0x22
 568 028f 51010000 		.4byte	0x151
 569 0293 01       		.byte	0x1
 570 0294 50       		.byte	0x50
 571 0295 22       		.uleb128 0x22
 572 0296 5B010000 		.4byte	0x15b
 573 029a 01       		.byte	0x1
 574 029b 51       		.byte	0x51
 575 029c 23       		.uleb128 0x23
 576 029d 66010000 		.4byte	0x166
 577 02a1 01       		.byte	0x1
 578 02a2 51       		.byte	0x51
 579 02a3 00       		.byte	0
 580 02a4 24       		.uleb128 0x24
 581 02a5 01       		.byte	0x1
 582 02a6 78000000 		.4byte	.LASF30
 583 02aa 01       		.byte	0x1
 584 02ab 91       		.byte	0x91
 585 02ac 01       		.byte	0x1
 586 02ad 00000000 		.4byte	.LFB11
 587 02b1 14000000 		.4byte	.LFE11
 588 02b5 02       		.byte	0x2
 589 02b6 7D       		.byte	0x7d
 590 02b7 00       		.sleb128 0
 591 02b8 01       		.byte	0x1
 592 02b9 13       		.uleb128 0x13
 593 02ba 6D7000   		.ascii	"mp\000"
 594 02bd 01       		.byte	0x1
 595 02be 91       		.byte	0x91
 596 02bf 3D010000 		.4byte	0x13d
 597 02c3 01       		.byte	0x1
 598 02c4 50       		.byte	0x50
 599 02c5 15       		.uleb128 0x15
 600 02c6 8E000000 		.4byte	.LASF19
 601 02ca 01       		.byte	0x1
 602 02cb 91       		.byte	0x91
 603 02cc 85000000 		.4byte	0x85
 604 02d0 01       		.byte	0x1
 605 02d1 51       		.byte	0x51
 606 02d2 1C       		.uleb128 0x1c
 607 02d3 00000000 		.4byte	.LBB16
 608 02d7 06000000 		.4byte	.LBE16
 609 02db EF020000 		.4byte	0x2ef
 610 02df 1D       		.uleb128 0x1d
 611 02e0 746D7000 		.ascii	"tmp\000"
 612 02e4 01       		.byte	0x1
 613 02e5 93       		.byte	0x93
 614 02e6 65000000 		.4byte	0x65
 615 02ea A9010000 		.4byte	.LLST10
 616 02ee 00       		.byte	0
 617 02ef 1E       		.uleb128 0x1e
 618 02f0 43010000 		.4byte	0x143
 619 02f4 06000000 		.4byte	.LBB17
 620 02f8 30000000 		.4byte	.Ldebug_ranges0+0x30
 621 02fc 01       		.byte	0x1
ARM GAS  /tmp/ccZ0AJum.s 			page 12


 622 02fd 94       		.byte	0x94
 623 02fe 1E030000 		.4byte	0x31e
 624 0302 22       		.uleb128 0x22
 625 0303 5B010000 		.4byte	0x15b
 626 0307 01       		.byte	0x1
 627 0308 51       		.byte	0x51
 628 0309 22       		.uleb128 0x22
 629 030a 51010000 		.4byte	0x151
 630 030e 01       		.byte	0x1
 631 030f 50       		.byte	0x50
 632 0310 1F       		.uleb128 0x1f
 633 0311 48000000 		.4byte	.Ldebug_ranges0+0x48
 634 0315 23       		.uleb128 0x23
 635 0316 66010000 		.4byte	0x166
 636 031a 01       		.byte	0x1
 637 031b 51       		.byte	0x51
 638 031c 00       		.byte	0
 639 031d 00       		.byte	0
 640 031e 1F       		.uleb128 0x1f
 641 031f 60000000 		.4byte	.Ldebug_ranges0+0x60
 642 0323 1D       		.uleb128 0x1d
 643 0324 746D7000 		.ascii	"tmp\000"
 644 0328 01       		.byte	0x1
 645 0329 95       		.byte	0x95
 646 032a 65000000 		.4byte	0x65
 647 032e BC010000 		.4byte	.LLST11
 648 0332 00       		.byte	0
 649 0333 00       		.byte	0
 650 0334 00       		.byte	0
 651              		.section	.debug_abbrev,"",%progbits
 652              	.Ldebug_abbrev0:
 653 0000 01       		.uleb128 0x1
 654 0001 11       		.uleb128 0x11
 655 0002 01       		.byte	0x1
 656 0003 25       		.uleb128 0x25
 657 0004 0E       		.uleb128 0xe
 658 0005 13       		.uleb128 0x13
 659 0006 0B       		.uleb128 0xb
 660 0007 03       		.uleb128 0x3
 661 0008 0E       		.uleb128 0xe
 662 0009 1B       		.uleb128 0x1b
 663 000a 0E       		.uleb128 0xe
 664 000b 55       		.uleb128 0x55
 665 000c 06       		.uleb128 0x6
 666 000d 11       		.uleb128 0x11
 667 000e 01       		.uleb128 0x1
 668 000f 52       		.uleb128 0x52
 669 0010 01       		.uleb128 0x1
 670 0011 10       		.uleb128 0x10
 671 0012 06       		.uleb128 0x6
 672 0013 00       		.byte	0
 673 0014 00       		.byte	0
 674 0015 02       		.uleb128 0x2
 675 0016 24       		.uleb128 0x24
 676 0017 00       		.byte	0
 677 0018 0B       		.uleb128 0xb
 678 0019 0B       		.uleb128 0xb
ARM GAS  /tmp/ccZ0AJum.s 			page 13


 679 001a 3E       		.uleb128 0x3e
 680 001b 0B       		.uleb128 0xb
 681 001c 03       		.uleb128 0x3
 682 001d 08       		.uleb128 0x8
 683 001e 00       		.byte	0
 684 001f 00       		.byte	0
 685 0020 03       		.uleb128 0x3
 686 0021 16       		.uleb128 0x16
 687 0022 00       		.byte	0
 688 0023 03       		.uleb128 0x3
 689 0024 0E       		.uleb128 0xe
 690 0025 3A       		.uleb128 0x3a
 691 0026 0B       		.uleb128 0xb
 692 0027 3B       		.uleb128 0x3b
 693 0028 0B       		.uleb128 0xb
 694 0029 49       		.uleb128 0x49
 695 002a 13       		.uleb128 0x13
 696 002b 00       		.byte	0
 697 002c 00       		.byte	0
 698 002d 04       		.uleb128 0x4
 699 002e 24       		.uleb128 0x24
 700 002f 00       		.byte	0
 701 0030 0B       		.uleb128 0xb
 702 0031 0B       		.uleb128 0xb
 703 0032 3E       		.uleb128 0x3e
 704 0033 0B       		.uleb128 0xb
 705 0034 03       		.uleb128 0x3
 706 0035 0E       		.uleb128 0xe
 707 0036 00       		.byte	0
 708 0037 00       		.byte	0
 709 0038 05       		.uleb128 0x5
 710 0039 0F       		.uleb128 0xf
 711 003a 00       		.byte	0
 712 003b 0B       		.uleb128 0xb
 713 003c 0B       		.uleb128 0xb
 714 003d 00       		.byte	0
 715 003e 00       		.byte	0
 716 003f 06       		.uleb128 0x6
 717 0040 0F       		.uleb128 0xf
 718 0041 00       		.byte	0
 719 0042 0B       		.uleb128 0xb
 720 0043 0B       		.uleb128 0xb
 721 0044 49       		.uleb128 0x49
 722 0045 13       		.uleb128 0x13
 723 0046 00       		.byte	0
 724 0047 00       		.byte	0
 725 0048 07       		.uleb128 0x7
 726 0049 15       		.uleb128 0x15
 727 004a 01       		.byte	0x1
 728 004b 27       		.uleb128 0x27
 729 004c 0C       		.uleb128 0xc
 730 004d 49       		.uleb128 0x49
 731 004e 13       		.uleb128 0x13
 732 004f 01       		.uleb128 0x1
 733 0050 13       		.uleb128 0x13
 734 0051 00       		.byte	0
 735 0052 00       		.byte	0
ARM GAS  /tmp/ccZ0AJum.s 			page 14


 736 0053 08       		.uleb128 0x8
 737 0054 05       		.uleb128 0x5
 738 0055 00       		.byte	0
 739 0056 49       		.uleb128 0x49
 740 0057 13       		.uleb128 0x13
 741 0058 00       		.byte	0
 742 0059 00       		.byte	0
 743 005a 09       		.uleb128 0x9
 744 005b 13       		.uleb128 0x13
 745 005c 01       		.byte	0x1
 746 005d 03       		.uleb128 0x3
 747 005e 0E       		.uleb128 0xe
 748 005f 0B       		.uleb128 0xb
 749 0060 0B       		.uleb128 0xb
 750 0061 3A       		.uleb128 0x3a
 751 0062 0B       		.uleb128 0xb
 752 0063 3B       		.uleb128 0x3b
 753 0064 0B       		.uleb128 0xb
 754 0065 01       		.uleb128 0x1
 755 0066 13       		.uleb128 0x13
 756 0067 00       		.byte	0
 757 0068 00       		.byte	0
 758 0069 0A       		.uleb128 0xa
 759 006a 0D       		.uleb128 0xd
 760 006b 00       		.byte	0
 761 006c 03       		.uleb128 0x3
 762 006d 0E       		.uleb128 0xe
 763 006e 3A       		.uleb128 0x3a
 764 006f 0B       		.uleb128 0xb
 765 0070 3B       		.uleb128 0x3b
 766 0071 0B       		.uleb128 0xb
 767 0072 49       		.uleb128 0x49
 768 0073 13       		.uleb128 0x13
 769 0074 38       		.uleb128 0x38
 770 0075 0A       		.uleb128 0xa
 771 0076 00       		.byte	0
 772 0077 00       		.byte	0
 773 0078 0B       		.uleb128 0xb
 774 0079 13       		.uleb128 0x13
 775 007a 01       		.byte	0x1
 776 007b 0B       		.uleb128 0xb
 777 007c 0B       		.uleb128 0xb
 778 007d 3A       		.uleb128 0x3a
 779 007e 0B       		.uleb128 0xb
 780 007f 3B       		.uleb128 0x3b
 781 0080 0B       		.uleb128 0xb
 782 0081 01       		.uleb128 0x1
 783 0082 13       		.uleb128 0x13
 784 0083 00       		.byte	0
 785 0084 00       		.byte	0
 786 0085 0C       		.uleb128 0xc
 787 0086 2E       		.uleb128 0x2e
 788 0087 01       		.byte	0x1
 789 0088 3F       		.uleb128 0x3f
 790 0089 0C       		.uleb128 0xc
 791 008a 03       		.uleb128 0x3
 792 008b 0E       		.uleb128 0xe
ARM GAS  /tmp/ccZ0AJum.s 			page 15


 793 008c 3A       		.uleb128 0x3a
 794 008d 0B       		.uleb128 0xb
 795 008e 3B       		.uleb128 0x3b
 796 008f 0B       		.uleb128 0xb
 797 0090 27       		.uleb128 0x27
 798 0091 0C       		.uleb128 0xc
 799 0092 49       		.uleb128 0x49
 800 0093 13       		.uleb128 0x13
 801 0094 20       		.uleb128 0x20
 802 0095 0B       		.uleb128 0xb
 803 0096 01       		.uleb128 0x1
 804 0097 13       		.uleb128 0x13
 805 0098 00       		.byte	0
 806 0099 00       		.byte	0
 807 009a 0D       		.uleb128 0xd
 808 009b 05       		.uleb128 0x5
 809 009c 00       		.byte	0
 810 009d 03       		.uleb128 0x3
 811 009e 08       		.uleb128 0x8
 812 009f 3A       		.uleb128 0x3a
 813 00a0 0B       		.uleb128 0xb
 814 00a1 3B       		.uleb128 0x3b
 815 00a2 0B       		.uleb128 0xb
 816 00a3 49       		.uleb128 0x49
 817 00a4 13       		.uleb128 0x13
 818 00a5 00       		.byte	0
 819 00a6 00       		.byte	0
 820 00a7 0E       		.uleb128 0xe
 821 00a8 34       		.uleb128 0x34
 822 00a9 00       		.byte	0
 823 00aa 03       		.uleb128 0x3
 824 00ab 0E       		.uleb128 0xe
 825 00ac 3A       		.uleb128 0x3a
 826 00ad 0B       		.uleb128 0xb
 827 00ae 3B       		.uleb128 0x3b
 828 00af 0B       		.uleb128 0xb
 829 00b0 49       		.uleb128 0x49
 830 00b1 13       		.uleb128 0x13
 831 00b2 00       		.byte	0
 832 00b3 00       		.byte	0
 833 00b4 0F       		.uleb128 0xf
 834 00b5 2E       		.uleb128 0x2e
 835 00b6 01       		.byte	0x1
 836 00b7 3F       		.uleb128 0x3f
 837 00b8 0C       		.uleb128 0xc
 838 00b9 03       		.uleb128 0x3
 839 00ba 0E       		.uleb128 0xe
 840 00bb 3A       		.uleb128 0x3a
 841 00bc 0B       		.uleb128 0xb
 842 00bd 3B       		.uleb128 0x3b
 843 00be 0B       		.uleb128 0xb
 844 00bf 27       		.uleb128 0x27
 845 00c0 0C       		.uleb128 0xc
 846 00c1 20       		.uleb128 0x20
 847 00c2 0B       		.uleb128 0xb
 848 00c3 01       		.uleb128 0x1
 849 00c4 13       		.uleb128 0x13
ARM GAS  /tmp/ccZ0AJum.s 			page 16


 850 00c5 00       		.byte	0
 851 00c6 00       		.byte	0
 852 00c7 10       		.uleb128 0x10
 853 00c8 05       		.uleb128 0x5
 854 00c9 00       		.byte	0
 855 00ca 03       		.uleb128 0x3
 856 00cb 0E       		.uleb128 0xe
 857 00cc 3A       		.uleb128 0x3a
 858 00cd 0B       		.uleb128 0xb
 859 00ce 3B       		.uleb128 0x3b
 860 00cf 0B       		.uleb128 0xb
 861 00d0 49       		.uleb128 0x49
 862 00d1 13       		.uleb128 0x13
 863 00d2 00       		.byte	0
 864 00d3 00       		.byte	0
 865 00d4 11       		.uleb128 0x11
 866 00d5 34       		.uleb128 0x34
 867 00d6 00       		.byte	0
 868 00d7 03       		.uleb128 0x3
 869 00d8 08       		.uleb128 0x8
 870 00d9 3A       		.uleb128 0x3a
 871 00da 0B       		.uleb128 0xb
 872 00db 3B       		.uleb128 0x3b
 873 00dc 0B       		.uleb128 0xb
 874 00dd 49       		.uleb128 0x49
 875 00de 13       		.uleb128 0x13
 876 00df 00       		.byte	0
 877 00e0 00       		.byte	0
 878 00e1 12       		.uleb128 0x12
 879 00e2 2E       		.uleb128 0x2e
 880 00e3 01       		.byte	0x1
 881 00e4 3F       		.uleb128 0x3f
 882 00e5 0C       		.uleb128 0xc
 883 00e6 03       		.uleb128 0x3
 884 00e7 0E       		.uleb128 0xe
 885 00e8 3A       		.uleb128 0x3a
 886 00e9 0B       		.uleb128 0xb
 887 00ea 3B       		.uleb128 0x3b
 888 00eb 0B       		.uleb128 0xb
 889 00ec 27       		.uleb128 0x27
 890 00ed 0C       		.uleb128 0xc
 891 00ee 11       		.uleb128 0x11
 892 00ef 01       		.uleb128 0x1
 893 00f0 12       		.uleb128 0x12
 894 00f1 01       		.uleb128 0x1
 895 00f2 40       		.uleb128 0x40
 896 00f3 0A       		.uleb128 0xa
 897 00f4 9742     		.uleb128 0x2117
 898 00f6 0C       		.uleb128 0xc
 899 00f7 01       		.uleb128 0x1
 900 00f8 13       		.uleb128 0x13
 901 00f9 00       		.byte	0
 902 00fa 00       		.byte	0
 903 00fb 13       		.uleb128 0x13
 904 00fc 05       		.uleb128 0x5
 905 00fd 00       		.byte	0
 906 00fe 03       		.uleb128 0x3
ARM GAS  /tmp/ccZ0AJum.s 			page 17


 907 00ff 08       		.uleb128 0x8
 908 0100 3A       		.uleb128 0x3a
 909 0101 0B       		.uleb128 0xb
 910 0102 3B       		.uleb128 0x3b
 911 0103 0B       		.uleb128 0xb
 912 0104 49       		.uleb128 0x49
 913 0105 13       		.uleb128 0x13
 914 0106 02       		.uleb128 0x2
 915 0107 0A       		.uleb128 0xa
 916 0108 00       		.byte	0
 917 0109 00       		.byte	0
 918 010a 14       		.uleb128 0x14
 919 010b 05       		.uleb128 0x5
 920 010c 00       		.byte	0
 921 010d 03       		.uleb128 0x3
 922 010e 0E       		.uleb128 0xe
 923 010f 3A       		.uleb128 0x3a
 924 0110 0B       		.uleb128 0xb
 925 0111 3B       		.uleb128 0x3b
 926 0112 0B       		.uleb128 0xb
 927 0113 49       		.uleb128 0x49
 928 0114 13       		.uleb128 0x13
 929 0115 02       		.uleb128 0x2
 930 0116 06       		.uleb128 0x6
 931 0117 00       		.byte	0
 932 0118 00       		.byte	0
 933 0119 15       		.uleb128 0x15
 934 011a 05       		.uleb128 0x5
 935 011b 00       		.byte	0
 936 011c 03       		.uleb128 0x3
 937 011d 0E       		.uleb128 0xe
 938 011e 3A       		.uleb128 0x3a
 939 011f 0B       		.uleb128 0xb
 940 0120 3B       		.uleb128 0x3b
 941 0121 0B       		.uleb128 0xb
 942 0122 49       		.uleb128 0x49
 943 0123 13       		.uleb128 0x13
 944 0124 02       		.uleb128 0x2
 945 0125 0A       		.uleb128 0xa
 946 0126 00       		.byte	0
 947 0127 00       		.byte	0
 948 0128 16       		.uleb128 0x16
 949 0129 2E       		.uleb128 0x2e
 950 012a 01       		.byte	0x1
 951 012b 31       		.uleb128 0x31
 952 012c 13       		.uleb128 0x13
 953 012d 11       		.uleb128 0x11
 954 012e 01       		.uleb128 0x1
 955 012f 12       		.uleb128 0x12
 956 0130 01       		.uleb128 0x1
 957 0131 40       		.uleb128 0x40
 958 0132 06       		.uleb128 0x6
 959 0133 9642     		.uleb128 0x2116
 960 0135 0C       		.uleb128 0xc
 961 0136 01       		.uleb128 0x1
 962 0137 13       		.uleb128 0x13
 963 0138 00       		.byte	0
ARM GAS  /tmp/ccZ0AJum.s 			page 18


 964 0139 00       		.byte	0
 965 013a 17       		.uleb128 0x17
 966 013b 05       		.uleb128 0x5
 967 013c 00       		.byte	0
 968 013d 31       		.uleb128 0x31
 969 013e 13       		.uleb128 0x13
 970 013f 02       		.uleb128 0x2
 971 0140 06       		.uleb128 0x6
 972 0141 00       		.byte	0
 973 0142 00       		.byte	0
 974 0143 18       		.uleb128 0x18
 975 0144 34       		.uleb128 0x34
 976 0145 00       		.byte	0
 977 0146 31       		.uleb128 0x31
 978 0147 13       		.uleb128 0x13
 979 0148 02       		.uleb128 0x2
 980 0149 06       		.uleb128 0x6
 981 014a 00       		.byte	0
 982 014b 00       		.byte	0
 983 014c 19       		.uleb128 0x19
 984 014d 2E       		.uleb128 0x2e
 985 014e 01       		.byte	0x1
 986 014f 3F       		.uleb128 0x3f
 987 0150 0C       		.uleb128 0xc
 988 0151 03       		.uleb128 0x3
 989 0152 0E       		.uleb128 0xe
 990 0153 3A       		.uleb128 0x3a
 991 0154 0B       		.uleb128 0xb
 992 0155 3B       		.uleb128 0x3b
 993 0156 0B       		.uleb128 0xb
 994 0157 27       		.uleb128 0x27
 995 0158 0C       		.uleb128 0xc
 996 0159 49       		.uleb128 0x49
 997 015a 13       		.uleb128 0x13
 998 015b 11       		.uleb128 0x11
 999 015c 01       		.uleb128 0x1
 1000 015d 12       		.uleb128 0x12
 1001 015e 01       		.uleb128 0x1
 1002 015f 40       		.uleb128 0x40
 1003 0160 06       		.uleb128 0x6
 1004 0161 9642     		.uleb128 0x2116
 1005 0163 0C       		.uleb128 0xc
 1006 0164 01       		.uleb128 0x1
 1007 0165 13       		.uleb128 0x13
 1008 0166 00       		.byte	0
 1009 0167 00       		.byte	0
 1010 0168 1A       		.uleb128 0x1a
 1011 0169 05       		.uleb128 0x5
 1012 016a 00       		.byte	0
 1013 016b 03       		.uleb128 0x3
 1014 016c 08       		.uleb128 0x8
 1015 016d 3A       		.uleb128 0x3a
 1016 016e 0B       		.uleb128 0xb
 1017 016f 3B       		.uleb128 0x3b
 1018 0170 0B       		.uleb128 0xb
 1019 0171 49       		.uleb128 0x49
 1020 0172 13       		.uleb128 0x13
ARM GAS  /tmp/ccZ0AJum.s 			page 19


 1021 0173 02       		.uleb128 0x2
 1022 0174 06       		.uleb128 0x6
 1023 0175 00       		.byte	0
 1024 0176 00       		.byte	0
 1025 0177 1B       		.uleb128 0x1b
 1026 0178 34       		.uleb128 0x34
 1027 0179 00       		.byte	0
 1028 017a 03       		.uleb128 0x3
 1029 017b 0E       		.uleb128 0xe
 1030 017c 3A       		.uleb128 0x3a
 1031 017d 0B       		.uleb128 0xb
 1032 017e 3B       		.uleb128 0x3b
 1033 017f 0B       		.uleb128 0xb
 1034 0180 49       		.uleb128 0x49
 1035 0181 13       		.uleb128 0x13
 1036 0182 02       		.uleb128 0x2
 1037 0183 0A       		.uleb128 0xa
 1038 0184 00       		.byte	0
 1039 0185 00       		.byte	0
 1040 0186 1C       		.uleb128 0x1c
 1041 0187 0B       		.uleb128 0xb
 1042 0188 01       		.byte	0x1
 1043 0189 11       		.uleb128 0x11
 1044 018a 01       		.uleb128 0x1
 1045 018b 12       		.uleb128 0x12
 1046 018c 01       		.uleb128 0x1
 1047 018d 01       		.uleb128 0x1
 1048 018e 13       		.uleb128 0x13
 1049 018f 00       		.byte	0
 1050 0190 00       		.byte	0
 1051 0191 1D       		.uleb128 0x1d
 1052 0192 34       		.uleb128 0x34
 1053 0193 00       		.byte	0
 1054 0194 03       		.uleb128 0x3
 1055 0195 08       		.uleb128 0x8
 1056 0196 3A       		.uleb128 0x3a
 1057 0197 0B       		.uleb128 0xb
 1058 0198 3B       		.uleb128 0x3b
 1059 0199 0B       		.uleb128 0xb
 1060 019a 49       		.uleb128 0x49
 1061 019b 13       		.uleb128 0x13
 1062 019c 02       		.uleb128 0x2
 1063 019d 06       		.uleb128 0x6
 1064 019e 00       		.byte	0
 1065 019f 00       		.byte	0
 1066 01a0 1E       		.uleb128 0x1e
 1067 01a1 1D       		.uleb128 0x1d
 1068 01a2 01       		.byte	0x1
 1069 01a3 31       		.uleb128 0x31
 1070 01a4 13       		.uleb128 0x13
 1071 01a5 52       		.uleb128 0x52
 1072 01a6 01       		.uleb128 0x1
 1073 01a7 55       		.uleb128 0x55
 1074 01a8 06       		.uleb128 0x6
 1075 01a9 58       		.uleb128 0x58
 1076 01aa 0B       		.uleb128 0xb
 1077 01ab 59       		.uleb128 0x59
ARM GAS  /tmp/ccZ0AJum.s 			page 20


 1078 01ac 0B       		.uleb128 0xb
 1079 01ad 01       		.uleb128 0x1
 1080 01ae 13       		.uleb128 0x13
 1081 01af 00       		.byte	0
 1082 01b0 00       		.byte	0
 1083 01b1 1F       		.uleb128 0x1f
 1084 01b2 0B       		.uleb128 0xb
 1085 01b3 01       		.byte	0x1
 1086 01b4 55       		.uleb128 0x55
 1087 01b5 06       		.uleb128 0x6
 1088 01b6 00       		.byte	0
 1089 01b7 00       		.byte	0
 1090 01b8 20       		.uleb128 0x20
 1091 01b9 0B       		.uleb128 0xb
 1092 01ba 01       		.byte	0x1
 1093 01bb 11       		.uleb128 0x11
 1094 01bc 01       		.uleb128 0x1
 1095 01bd 12       		.uleb128 0x12
 1096 01be 01       		.uleb128 0x1
 1097 01bf 00       		.byte	0
 1098 01c0 00       		.byte	0
 1099 01c1 21       		.uleb128 0x21
 1100 01c2 2E       		.uleb128 0x2e
 1101 01c3 01       		.byte	0x1
 1102 01c4 31       		.uleb128 0x31
 1103 01c5 13       		.uleb128 0x13
 1104 01c6 11       		.uleb128 0x11
 1105 01c7 01       		.uleb128 0x1
 1106 01c8 12       		.uleb128 0x12
 1107 01c9 01       		.uleb128 0x1
 1108 01ca 40       		.uleb128 0x40
 1109 01cb 0A       		.uleb128 0xa
 1110 01cc 9742     		.uleb128 0x2117
 1111 01ce 0C       		.uleb128 0xc
 1112 01cf 01       		.uleb128 0x1
 1113 01d0 13       		.uleb128 0x13
 1114 01d1 00       		.byte	0
 1115 01d2 00       		.byte	0
 1116 01d3 22       		.uleb128 0x22
 1117 01d4 05       		.uleb128 0x5
 1118 01d5 00       		.byte	0
 1119 01d6 31       		.uleb128 0x31
 1120 01d7 13       		.uleb128 0x13
 1121 01d8 02       		.uleb128 0x2
 1122 01d9 0A       		.uleb128 0xa
 1123 01da 00       		.byte	0
 1124 01db 00       		.byte	0
 1125 01dc 23       		.uleb128 0x23
 1126 01dd 34       		.uleb128 0x34
 1127 01de 00       		.byte	0
 1128 01df 31       		.uleb128 0x31
 1129 01e0 13       		.uleb128 0x13
 1130 01e1 02       		.uleb128 0x2
 1131 01e2 0A       		.uleb128 0xa
 1132 01e3 00       		.byte	0
 1133 01e4 00       		.byte	0
 1134 01e5 24       		.uleb128 0x24
ARM GAS  /tmp/ccZ0AJum.s 			page 21


 1135 01e6 2E       		.uleb128 0x2e
 1136 01e7 01       		.byte	0x1
 1137 01e8 3F       		.uleb128 0x3f
 1138 01e9 0C       		.uleb128 0xc
 1139 01ea 03       		.uleb128 0x3
 1140 01eb 0E       		.uleb128 0xe
 1141 01ec 3A       		.uleb128 0x3a
 1142 01ed 0B       		.uleb128 0xb
 1143 01ee 3B       		.uleb128 0x3b
 1144 01ef 0B       		.uleb128 0xb
 1145 01f0 27       		.uleb128 0x27
 1146 01f1 0C       		.uleb128 0xc
 1147 01f2 11       		.uleb128 0x11
 1148 01f3 01       		.uleb128 0x1
 1149 01f4 12       		.uleb128 0x12
 1150 01f5 01       		.uleb128 0x1
 1151 01f6 40       		.uleb128 0x40
 1152 01f7 0A       		.uleb128 0xa
 1153 01f8 9742     		.uleb128 0x2117
 1154 01fa 0C       		.uleb128 0xc
 1155 01fb 00       		.byte	0
 1156 01fc 00       		.byte	0
 1157 01fd 00       		.byte	0
 1158              		.section	.debug_loc,"",%progbits
 1159              	.Ldebug_loc0:
 1160              	.LLST0:
 1161 0000 00000000 		.4byte	.LVL0
 1162 0004 02000000 		.4byte	.LVL1
 1163 0008 0100     		.2byte	0x1
 1164 000a 51       		.byte	0x51
 1165 000b 02000000 		.4byte	.LVL1
 1166 000f 06000000 		.4byte	.LVL2
 1167 0013 0300     		.2byte	0x3
 1168 0015 71       		.byte	0x71
 1169 0016 79       		.sleb128 -7
 1170 0017 9F       		.byte	0x9f
 1171 0018 06000000 		.4byte	.LVL2
 1172 001c 10000000 		.4byte	.LFE7
 1173 0020 0400     		.2byte	0x4
 1174 0022 F3       		.byte	0xf3
 1175 0023 01       		.uleb128 0x1
 1176 0024 51       		.byte	0x51
 1177 0025 9F       		.byte	0x9f
 1178 0026 00000000 		.4byte	0
 1179 002a 00000000 		.4byte	0
 1180              	.LLST1:
 1181 002e 00000000 		.4byte	.LFB8
 1182 0032 02000000 		.4byte	.LCFI0
 1183 0036 0200     		.2byte	0x2
 1184 0038 7D       		.byte	0x7d
 1185 0039 00       		.sleb128 0
 1186 003a 02000000 		.4byte	.LCFI0
 1187 003e 18000000 		.4byte	.LFE8
 1188 0042 0200     		.2byte	0x2
 1189 0044 7D       		.byte	0x7d
 1190 0045 08       		.sleb128 8
 1191 0046 00000000 		.4byte	0
ARM GAS  /tmp/ccZ0AJum.s 			page 22


 1192 004a 00000000 		.4byte	0
 1193              	.LLST2:
 1194 004e 00000000 		.4byte	.LVL3
 1195 0052 06000000 		.4byte	.LVL4
 1196 0056 0100     		.2byte	0x1
 1197 0058 50       		.byte	0x50
 1198 0059 06000000 		.4byte	.LVL4
 1199 005d 15000000 		.4byte	.LVL6-1
 1200 0061 0100     		.2byte	0x1
 1201 0063 53       		.byte	0x53
 1202 0064 15000000 		.4byte	.LVL6-1
 1203 0068 18000000 		.4byte	.LFE8
 1204 006c 0400     		.2byte	0x4
 1205 006e F3       		.byte	0xf3
 1206 006f 01       		.uleb128 0x1
 1207 0070 50       		.byte	0x50
 1208 0071 9F       		.byte	0x9f
 1209 0072 00000000 		.4byte	0
 1210 0076 00000000 		.4byte	0
 1211              	.LLST3:
 1212 007a 06000000 		.4byte	.LVL4
 1213 007e 14000000 		.4byte	.LVL5
 1214 0082 0100     		.2byte	0x1
 1215 0084 50       		.byte	0x50
 1216 0085 14000000 		.4byte	.LVL5
 1217 0089 15000000 		.4byte	.LVL6-1
 1218 008d 0200     		.2byte	0x2
 1219 008f 73       		.byte	0x73
 1220 0090 00       		.sleb128 0
 1221 0091 16000000 		.4byte	.LVL6
 1222 0095 18000000 		.4byte	.LFE8
 1223 0099 0100     		.2byte	0x1
 1224 009b 50       		.byte	0x50
 1225 009c 00000000 		.4byte	0
 1226 00a0 00000000 		.4byte	0
 1227              	.LLST4:
 1228 00a4 00000000 		.4byte	.LFB9
 1229 00a8 02000000 		.4byte	.LCFI1
 1230 00ac 0200     		.2byte	0x2
 1231 00ae 7D       		.byte	0x7d
 1232 00af 00       		.sleb128 0
 1233 00b0 02000000 		.4byte	.LCFI1
 1234 00b4 26000000 		.4byte	.LFE9
 1235 00b8 0200     		.2byte	0x2
 1236 00ba 7D       		.byte	0x7d
 1237 00bb 08       		.sleb128 8
 1238 00bc 00000000 		.4byte	0
 1239 00c0 00000000 		.4byte	0
 1240              	.LLST5:
 1241 00c4 00000000 		.4byte	.LVL7
 1242 00c8 0C000000 		.4byte	.LVL10
 1243 00cc 0100     		.2byte	0x1
 1244 00ce 50       		.byte	0x50
 1245 00cf 0C000000 		.4byte	.LVL10
 1246 00d3 12000000 		.4byte	.LVL11
 1247 00d7 0100     		.2byte	0x1
 1248 00d9 52       		.byte	0x52
ARM GAS  /tmp/ccZ0AJum.s 			page 23


 1249 00da 12000000 		.4byte	.LVL11
 1250 00de 1A000000 		.4byte	.LVL14
 1251 00e2 0400     		.2byte	0x4
 1252 00e4 F3       		.byte	0xf3
 1253 00e5 01       		.uleb128 0x1
 1254 00e6 50       		.byte	0x50
 1255 00e7 9F       		.byte	0x9f
 1256 00e8 1A000000 		.4byte	.LVL14
 1257 00ec 23000000 		.4byte	.LVL17-1
 1258 00f0 0100     		.2byte	0x1
 1259 00f2 52       		.byte	0x52
 1260 00f3 23000000 		.4byte	.LVL17-1
 1261 00f7 26000000 		.4byte	.LFE9
 1262 00fb 0400     		.2byte	0x4
 1263 00fd F3       		.byte	0xf3
 1264 00fe 01       		.uleb128 0x1
 1265 00ff 50       		.byte	0x50
 1266 0100 9F       		.byte	0x9f
 1267 0101 00000000 		.4byte	0
 1268 0105 00000000 		.4byte	0
 1269              	.LLST6:
 1270 0109 0A000000 		.4byte	.LVL9
 1271 010d 14000000 		.4byte	.LVL12
 1272 0111 0100     		.2byte	0x1
 1273 0113 53       		.byte	0x53
 1274 0114 1A000000 		.4byte	.LVL14
 1275 0118 1C000000 		.4byte	.LVL15
 1276 011c 0100     		.2byte	0x1
 1277 011e 53       		.byte	0x53
 1278 011f 00000000 		.4byte	0
 1279 0123 00000000 		.4byte	0
 1280              	.LLST7:
 1281 0127 0A000000 		.4byte	.LVL9
 1282 012b 0C000000 		.4byte	.LVL10
 1283 012f 0100     		.2byte	0x1
 1284 0131 50       		.byte	0x50
 1285 0132 0C000000 		.4byte	.LVL10
 1286 0136 12000000 		.4byte	.LVL11
 1287 013a 0100     		.2byte	0x1
 1288 013c 52       		.byte	0x52
 1289 013d 12000000 		.4byte	.LVL11
 1290 0141 1A000000 		.4byte	.LVL14
 1291 0145 0400     		.2byte	0x4
 1292 0147 F3       		.byte	0xf3
 1293 0148 01       		.uleb128 0x1
 1294 0149 50       		.byte	0x50
 1295 014a 9F       		.byte	0x9f
 1296 014b 1A000000 		.4byte	.LVL14
 1297 014f 23000000 		.4byte	.LVL17-1
 1298 0153 0100     		.2byte	0x1
 1299 0155 52       		.byte	0x52
 1300 0156 23000000 		.4byte	.LVL17-1
 1301 015a 26000000 		.4byte	.LFE9
 1302 015e 0400     		.2byte	0x4
 1303 0160 F3       		.byte	0xf3
 1304 0161 01       		.uleb128 0x1
 1305 0162 50       		.byte	0x50
ARM GAS  /tmp/ccZ0AJum.s 			page 24


 1306 0163 9F       		.byte	0x9f
 1307 0164 00000000 		.4byte	0
 1308 0168 00000000 		.4byte	0
 1309              	.LLST8:
 1310 016c 0C000000 		.4byte	.LVL10
 1311 0170 22000000 		.4byte	.LVL16
 1312 0174 0100     		.2byte	0x1
 1313 0176 50       		.byte	0x50
 1314 0177 22000000 		.4byte	.LVL16
 1315 017b 23000000 		.4byte	.LVL17-1
 1316 017f 0200     		.2byte	0x2
 1317 0181 72       		.byte	0x72
 1318 0182 00       		.sleb128 0
 1319 0183 24000000 		.4byte	.LVL17
 1320 0187 26000000 		.4byte	.LFE9
 1321 018b 0100     		.2byte	0x1
 1322 018d 50       		.byte	0x50
 1323 018e 00000000 		.4byte	0
 1324 0192 00000000 		.4byte	0
 1325              	.LLST9:
 1326 0196 18000000 		.4byte	.LVL13
 1327 019a 1A000000 		.4byte	.LVL14
 1328 019e 0100     		.2byte	0x1
 1329 01a0 53       		.byte	0x53
 1330 01a1 00000000 		.4byte	0
 1331 01a5 00000000 		.4byte	0
 1332              	.LLST10:
 1333 01a9 06000000 		.4byte	.LVL21
 1334 01ad 0A000000 		.4byte	.LVL22
 1335 01b1 0100     		.2byte	0x1
 1336 01b3 53       		.byte	0x53
 1337 01b4 00000000 		.4byte	0
 1338 01b8 00000000 		.4byte	0
 1339              	.LLST11:
 1340 01bc 12000000 		.4byte	.LVL23
 1341 01c0 14000000 		.4byte	.LFE11
 1342 01c4 0100     		.2byte	0x1
 1343 01c6 53       		.byte	0x53
 1344 01c7 00000000 		.4byte	0
 1345 01cb 00000000 		.4byte	0
 1346              		.section	.debug_aranges,"",%progbits
 1347 0000 3C000000 		.4byte	0x3c
 1348 0004 0200     		.2byte	0x2
 1349 0006 00000000 		.4byte	.Ldebug_info0
 1350 000a 04       		.byte	0x4
 1351 000b 00       		.byte	0
 1352 000c 0000     		.2byte	0
 1353 000e 0000     		.2byte	0
 1354 0010 00000000 		.4byte	.LFB7
 1355 0014 10000000 		.4byte	.LFE7-.LFB7
 1356 0018 00000000 		.4byte	.LFB8
 1357 001c 18000000 		.4byte	.LFE8-.LFB8
 1358 0020 00000000 		.4byte	.LFB9
 1359 0024 26000000 		.4byte	.LFE9-.LFB9
 1360 0028 00000000 		.4byte	.LFB10
 1361 002c 08000000 		.4byte	.LFE10-.LFB10
 1362 0030 00000000 		.4byte	.LFB11
ARM GAS  /tmp/ccZ0AJum.s 			page 25


 1363 0034 14000000 		.4byte	.LFE11-.LFB11
 1364 0038 00000000 		.4byte	0
 1365 003c 00000000 		.4byte	0
 1366              		.section	.debug_ranges,"",%progbits
 1367              	.Ldebug_ranges0:
 1368 0000 0A000000 		.4byte	.LBB11
 1369 0004 12000000 		.4byte	.LBE11
 1370 0008 1A000000 		.4byte	.LBB15
 1371 000c 26000000 		.4byte	.LBE15
 1372 0010 00000000 		.4byte	0
 1373 0014 00000000 		.4byte	0
 1374 0018 0A000000 		.4byte	.LBB12
 1375 001c 12000000 		.4byte	.LBE12
 1376 0020 1A000000 		.4byte	.LBB13
 1377 0024 26000000 		.4byte	.LBE13
 1378 0028 00000000 		.4byte	0
 1379 002c 00000000 		.4byte	0
 1380 0030 06000000 		.4byte	.LBB17
 1381 0034 08000000 		.4byte	.LBE17
 1382 0038 0A000000 		.4byte	.LBB21
 1383 003c 0E000000 		.4byte	.LBE21
 1384 0040 00000000 		.4byte	0
 1385 0044 00000000 		.4byte	0
 1386 0048 06000000 		.4byte	.LBB18
 1387 004c 08000000 		.4byte	.LBE18
 1388 0050 0A000000 		.4byte	.LBB19
 1389 0054 0E000000 		.4byte	.LBE19
 1390 0058 00000000 		.4byte	0
 1391 005c 00000000 		.4byte	0
 1392 0060 08000000 		.4byte	.LBB20
 1393 0064 0A000000 		.4byte	.LBE20
 1394 0068 0E000000 		.4byte	.LBB22
 1395 006c 14000000 		.4byte	.LBE22
 1396 0070 00000000 		.4byte	0
 1397 0074 00000000 		.4byte	0
 1398 0078 00000000 		.4byte	.LFB7
 1399 007c 10000000 		.4byte	.LFE7
 1400 0080 00000000 		.4byte	.LFB8
 1401 0084 18000000 		.4byte	.LFE8
 1402 0088 00000000 		.4byte	.LFB9
 1403 008c 26000000 		.4byte	.LFE9
 1404 0090 00000000 		.4byte	.LFB10
 1405 0094 08000000 		.4byte	.LFE10
 1406 0098 00000000 		.4byte	.LFB11
 1407 009c 14000000 		.4byte	.LFE11
 1408 00a0 00000000 		.4byte	0
 1409 00a4 00000000 		.4byte	0
 1410              		.section	.debug_line,"",%progbits
 1411              	.Ldebug_line0:
 1412 0000 A1010000 		.section	.debug_str,"MS",%progbits,1
 1412      02002401 
 1412      00000201 
 1412      FB0E0D00 
 1412      01010101 
 1413              	.LASF6:
 1414 0000 73697A65 		.ascii	"size_t\000"
 1414      5F7400
ARM GAS  /tmp/ccZ0AJum.s 			page 26


 1415              	.LASF15:
 1416 0007 6D705F6F 		.ascii	"mp_object_size\000"
 1416      626A6563 
 1416      745F7369 
 1416      7A6500
 1417              	.LASF25:
 1418 0016 706F6F6C 		.ascii	"pool_header\000"
 1418      5F686561 
 1418      64657200 
 1419              	.LASF20:
 1420 0022 73697A65 		.ascii	"size\000"
 1420      00
 1421              	.LASF8:
 1422 0027 6C6F6E67 		.ascii	"long unsigned int\000"
 1422      20756E73 
 1422      69676E65 
 1422      6420696E 
 1422      7400
 1423              	.LASF4:
 1424 0039 73686F72 		.ascii	"short unsigned int\000"
 1424      7420756E 
 1424      7369676E 
 1424      65642069 
 1424      6E7400
 1425              	.LASF21:
 1426 004c 70726F76 		.ascii	"provider\000"
 1426      69646572 
 1426      00
 1427              	.LASF7:
 1428 0055 75696E74 		.ascii	"uint32_t\000"
 1428      33325F74 
 1428      00
 1429              	.LASF27:
 1430 005e 6368506F 		.ascii	"chPoolFreeI\000"
 1430      6F6C4672 
 1430      65654900 
 1431              	.LASF2:
 1432 006a 756E7369 		.ascii	"unsigned char\000"
 1432      676E6564 
 1432      20636861 
 1432      7200
 1433              	.LASF30:
 1434 0078 6368506F 		.ascii	"chPoolFree\000"
 1434      6F6C4672 
 1434      656500
 1435              	.LASF17:
 1436 0083 4D656D6F 		.ascii	"MemoryPool\000"
 1436      7279506F 
 1436      6F6C00
 1437              	.LASF19:
 1438 008e 6F626A70 		.ascii	"objp\000"
 1438      00
 1439              	.LASF26:
 1440 0093 6368506F 		.ascii	"chPoolAllocI\000"
 1440      6F6C416C 
 1440      6C6F6349 
 1440      00
ARM GAS  /tmp/ccZ0AJum.s 			page 27


 1441              	.LASF0:
 1442 00a0 756E7369 		.ascii	"unsigned int\000"
 1442      676E6564 
 1442      20696E74 
 1442      00
 1443              	.LASF10:
 1444 00ad 6C6F6E67 		.ascii	"long long unsigned int\000"
 1444      206C6F6E 
 1444      6720756E 
 1444      7369676E 
 1444      65642069 
 1445              	.LASF13:
 1446 00c4 70685F6E 		.ascii	"ph_next\000"
 1446      65787400 
 1447              	.LASF11:
 1448 00cc 73697A65 		.ascii	"sizetype\000"
 1448      74797065 
 1448      00
 1449              	.LASF9:
 1450 00d5 6C6F6E67 		.ascii	"long long int\000"
 1450      206C6F6E 
 1450      6720696E 
 1450      7400
 1451              	.LASF18:
 1452 00e3 63686172 		.ascii	"char\000"
 1452      00
 1453              	.LASF12:
 1454 00e8 6D656D67 		.ascii	"memgetfunc_t\000"
 1454      65746675 
 1454      6E635F74 
 1454      00
 1455              	.LASF16:
 1456 00f5 6D705F70 		.ascii	"mp_provider\000"
 1456      726F7669 
 1456      64657200 
 1457              	.LASF3:
 1458 0101 73686F72 		.ascii	"short int\000"
 1458      7420696E 
 1458      7400
 1459              	.LASF29:
 1460 010b 6368506F 		.ascii	"chPoolAlloc\000"
 1460      6F6C416C 
 1460      6C6F6300 
 1461              	.LASF22:
 1462 0117 474E5520 		.ascii	"GNU C 4.7.3 20130312 (release) [ARM/embedded-4_7-br"
 1462      4320342E 
 1462      372E3320 
 1462      32303133 
 1462      30333132 
 1463 014a 616E6368 		.ascii	"anch revision 196615]\000"
 1463      20726576 
 1463      6973696F 
 1463      6E203139 
 1463      36363135 
 1464              	.LASF24:
 1465 0160 2F686F6D 		.ascii	"/home/rumman/Documents/ChibiOS_Examples/HelloWorld\000"
 1465      652F7275 
ARM GAS  /tmp/ccZ0AJum.s 			page 28


 1465      6D6D616E 
 1465      2F446F63 
 1465      756D656E 
 1466              	.LASF5:
 1467 0193 6C6F6E67 		.ascii	"long int\000"
 1467      20696E74 
 1467      00
 1468              	.LASF23:
 1469 019c 2E2E2F2E 		.ascii	"../../ChibiOS_2.4.3/os/kernel/src/chmempools.c\000"
 1469      2E2F4368 
 1469      6962694F 
 1469      535F322E 
 1469      342E332F 
 1470              	.LASF1:
 1471 01cb 7369676E 		.ascii	"signed char\000"
 1471      65642063 
 1471      68617200 
 1472              	.LASF14:
 1473 01d7 6D705F6E 		.ascii	"mp_next\000"
 1473      65787400 
 1474              	.LASF28:
 1475 01df 6368506F 		.ascii	"chPoolInit\000"
 1475      6F6C496E 
 1475      697400
 1476              		.ident	"GCC: (GNU Tools for ARM Embedded Processors) 4.7.3 20130312 (release) [ARM/embedded-4_7-br
ARM GAS  /tmp/ccZ0AJum.s 			page 29


DEFINED SYMBOLS
                            *ABS*:00000000 chmempools.c
     /tmp/ccZ0AJum.s:19     .text.chPoolInit:00000000 $t
     /tmp/ccZ0AJum.s:25     .text.chPoolInit:00000000 chPoolInit
     /tmp/ccZ0AJum.s:51     .text.chPoolAllocI:00000000 $t
     /tmp/ccZ0AJum.s:57     .text.chPoolAllocI:00000000 chPoolAllocI
     /tmp/ccZ0AJum.s:95     .text.chPoolAlloc:00000000 $t
     /tmp/ccZ0AJum.s:101    .text.chPoolAlloc:00000000 chPoolAlloc
     /tmp/ccZ0AJum.s:171    .text.chPoolFreeI:00000000 $t
     /tmp/ccZ0AJum.s:177    .text.chPoolFreeI:00000000 chPoolFreeI
     /tmp/ccZ0AJum.s:195    .text.chPoolFree:00000000 $t
     /tmp/ccZ0AJum.s:201    .text.chPoolFree:00000000 chPoolFree
                     .debug_frame:00000010 $d

NO UNDEFINED SYMBOLS
