ARM GAS  /tmp/ccOe4QOu.s 			page 1


   1              		.syntax unified
   2              		.cpu cortex-m4
   3              		.fpu softvfp
   4              		.eabi_attribute 20, 1
   5              		.eabi_attribute 21, 1
   6              		.eabi_attribute 23, 3
   7              		.eabi_attribute 24, 1
   8              		.eabi_attribute 25, 1
   9              		.eabi_attribute 26, 1
  10              		.eabi_attribute 30, 2
  11              		.eabi_attribute 34, 1
  12              		.eabi_attribute 18, 4
  13              		.thumb
  14              		.file	"main.c"
  15              		.text
  16              	.Ltext0:
  17              		.cfi_sections	.debug_frame
  18              		.section	.text.startup.main,"ax",%progbits
  19              		.align	2
  20              		.p2align 4,,15
  21              		.global	main
  22              		.thumb
  23              		.thumb_func
  24              		.type	main, %function
  25              	main:
  26              	.LFB117:
  27              		.file 1 "main.c"
  28              		.loc 1 9 0
  29              		.cfi_startproc
  30              		@ args = 0, pretend = 0, frame = 0
  31              		@ frame_needed = 0, uses_anonymous_args = 0
  32 0000 70B5     		push	{r4, r5, r6, lr}
  33              	.LCFI0:
  34              		.cfi_def_cfa_offset 16
  35              		.cfi_offset 4, -16
  36              		.cfi_offset 5, -12
  37              		.cfi_offset 6, -8
  38              		.cfi_offset 14, -4
  39              		.loc 1 11 0
  40 0002 FFF7FEFF 		bl	halInit
  41              	.LVL0:
  42              		.loc 1 14 0
  43 0006 FFF7FEFF 		bl	chSysInit
  44              	.LVL1:
  45              		.loc 1 17 0
  46 000a 4FF44060 		mov	r0, #3072
  47 000e C4F20200 		movt	r0, 16386
  48 0012 4FF40041 		mov	r1, #32768
  49 0016 0122     		movs	r2, #1
  50 0018 FFF7FEFF 		bl	_pal_lld_setgroupmode
  51              	.LVL2:
  52              		.loc 1 21 0
  53 001c 4FF44064 		mov	r4, #3072
  54 0020 C4F20204 		movt	r4, 16386
  55 0024 4FF40046 		mov	r6, #32768
  56 0028 48F20005 		movw	r5, 32768	@ movhi
  57              	.L2:
ARM GAS  /tmp/ccOe4QOu.s 			page 2


  58              		.loc 1 21 0 is_stmt 0 discriminator 1
  59 002c 2583     		strh	r5, [r4, #24]	@ movhi
  60              		.loc 1 24 0 is_stmt 1 discriminator 1
  61 002e 4FF4FA70 		mov	r0, #500
  62 0032 FFF7FEFF 		bl	chThdSleep
  63              	.LVL3:
  64              		.loc 1 26 0 discriminator 1
  65 0036 6683     		strh	r6, [r4, #26]	@ movhi
  66              		.loc 1 27 0 discriminator 1
  67 0038 4FF4FA70 		mov	r0, #500
  68 003c FFF7FEFF 		bl	chThdSleep
  69              	.LVL4:
  70 0040 F4E7     		b	.L2
  71              		.cfi_endproc
  72              	.LFE117:
  73              		.size	main, .-main
  74 0042 00BFAFF3 		.text
  74      0080AFF3 
  74      0080AFF3 
  74      0080
  75              	.Letext0:
  76              		.file 2 "/opt/ARM/bin/../lib/gcc/arm-none-eabi/4.7.3/../../../../arm-none-eabi/include/stdint.h"
  77              		.file 3 "../../ChibiOS_2.4.3/os/ports/GCC/ARMCMx/chtypes.h"
  78              		.file 4 "../../ChibiOS_2.4.3/os/hal/platforms/STM32/GPIOv2/pal_lld.h"
  79              		.file 5 "../../ChibiOS_2.4.3/os/hal/include/hal.h"
  80              		.file 6 "../../ChibiOS_2.4.3/os/kernel/include/chsys.h"
  81              		.file 7 "../../ChibiOS_2.4.3/os/ports/common/ARMCMx/CMSIS/include/core_cm4.h"
  82              		.file 8 "../../ChibiOS_2.4.3/os/kernel/include/chthreads.h"
  83              		.section	.debug_info,"",%progbits
  84              	.Ldebug_info0:
  85 0000 7F020000 		.4byte	0x27f
  86 0004 0200     		.2byte	0x2
  87 0006 00000000 		.4byte	.Ldebug_abbrev0
  88 000a 04       		.byte	0x4
  89 000b 01       		.uleb128 0x1
  90 000c 39010000 		.4byte	.LASF30
  91 0010 01       		.byte	0x1
  92 0011 1E010000 		.4byte	.LASF31
  93 0015 82010000 		.4byte	.LASF32
  94 0019 00000000 		.4byte	.Ldebug_ranges0+0
  95 001d 00000000 		.4byte	0
  96 0021 00000000 		.4byte	0
  97 0025 00000000 		.4byte	.Ldebug_line0
  98 0029 02       		.uleb128 0x2
  99 002a 04       		.byte	0x4
 100 002b 05       		.byte	0x5
 101 002c 696E7400 		.ascii	"int\000"
 102 0030 03       		.uleb128 0x3
 103 0031 04       		.byte	0x4
 104 0032 07       		.byte	0x7
 105 0033 DA000000 		.4byte	.LASF0
 106 0037 03       		.uleb128 0x3
 107 0038 01       		.byte	0x1
 108 0039 06       		.byte	0x6
 109 003a BE010000 		.4byte	.LASF1
 110 003e 03       		.uleb128 0x3
 111 003f 01       		.byte	0x1
ARM GAS  /tmp/ccOe4QOu.s 			page 3


 112 0040 08       		.byte	0x8
 113 0041 4F000000 		.4byte	.LASF2
 114 0045 03       		.uleb128 0x3
 115 0046 02       		.byte	0x2
 116 0047 05       		.byte	0x5
 117 0048 28000000 		.4byte	.LASF3
 118 004c 04       		.uleb128 0x4
 119 004d 30010000 		.4byte	.LASF5
 120 0051 02       		.byte	0x2
 121 0052 36       		.byte	0x36
 122 0053 57000000 		.4byte	0x57
 123 0057 03       		.uleb128 0x3
 124 0058 02       		.byte	0x2
 125 0059 07       		.byte	0x7
 126 005a 89000000 		.4byte	.LASF4
 127 005e 04       		.uleb128 0x4
 128 005f F9000000 		.4byte	.LASF6
 129 0063 02       		.byte	0x2
 130 0064 4F       		.byte	0x4f
 131 0065 69000000 		.4byte	0x69
 132 0069 03       		.uleb128 0x3
 133 006a 04       		.byte	0x4
 134 006b 05       		.byte	0x5
 135 006c B5010000 		.4byte	.LASF7
 136 0070 04       		.uleb128 0x4
 137 0071 A1000000 		.4byte	.LASF8
 138 0075 02       		.byte	0x2
 139 0076 50       		.byte	0x50
 140 0077 7B000000 		.4byte	0x7b
 141 007b 03       		.uleb128 0x3
 142 007c 04       		.byte	0x4
 143 007d 07       		.byte	0x7
 144 007e 77000000 		.4byte	.LASF9
 145 0082 03       		.uleb128 0x3
 146 0083 08       		.byte	0x8
 147 0084 05       		.byte	0x5
 148 0085 10010000 		.4byte	.LASF10
 149 0089 03       		.uleb128 0x3
 150 008a 08       		.byte	0x8
 151 008b 07       		.byte	0x7
 152 008c CA010000 		.4byte	.LASF11
 153 0090 04       		.uleb128 0x4
 154 0091 11000000 		.4byte	.LASF12
 155 0095 03       		.byte	0x3
 156 0096 36       		.byte	0x36
 157 0097 70000000 		.4byte	0x70
 158 009b 05       		.uleb128 0x5
 159 009c 70000000 		.4byte	0x70
 160 00a0 03       		.uleb128 0x3
 161 00a1 04       		.byte	0x4
 162 00a2 07       		.byte	0x7
 163 00a3 01010000 		.4byte	.LASF13
 164 00a7 03       		.uleb128 0x3
 165 00a8 01       		.byte	0x1
 166 00a9 08       		.byte	0x8
 167 00aa F4000000 		.4byte	.LASF14
 168 00ae 05       		.uleb128 0x5
ARM GAS  /tmp/ccOe4QOu.s 			page 4


 169 00af 5E000000 		.4byte	0x5e
 170 00b3 06       		.uleb128 0x6
 171 00b4 04       		.byte	0x4
 172 00b5 04       		.byte	0x4
 173 00b6 9D       		.byte	0x9d
 174 00b7 D8000000 		.4byte	0xd8
 175 00bb 07       		.uleb128 0x7
 176 00bc 73657400 		.ascii	"set\000"
 177 00c0 04       		.byte	0x4
 178 00c1 9E       		.byte	0x9e
 179 00c2 4C000000 		.4byte	0x4c
 180 00c6 02       		.byte	0x2
 181 00c7 23       		.byte	0x23
 182 00c8 00       		.uleb128 0
 183 00c9 08       		.uleb128 0x8
 184 00ca 05000000 		.4byte	.LASF15
 185 00ce 04       		.byte	0x4
 186 00cf 9F       		.byte	0x9f
 187 00d0 4C000000 		.4byte	0x4c
 188 00d4 02       		.byte	0x2
 189 00d5 23       		.byte	0x23
 190 00d6 02       		.uleb128 0x2
 191 00d7 00       		.byte	0
 192 00d8 09       		.uleb128 0x9
 193 00d9 04       		.byte	0x4
 194 00da 04       		.byte	0x4
 195 00db 9B       		.byte	0x9b
 196 00dc F3000000 		.4byte	0xf3
 197 00e0 0A       		.uleb128 0xa
 198 00e1 5700     		.ascii	"W\000"
 199 00e3 04       		.byte	0x4
 200 00e4 9C       		.byte	0x9c
 201 00e5 70000000 		.4byte	0x70
 202 00e9 0A       		.uleb128 0xa
 203 00ea 4800     		.ascii	"H\000"
 204 00ec 04       		.byte	0x4
 205 00ed A0       		.byte	0xa0
 206 00ee B3000000 		.4byte	0xb3
 207 00f2 00       		.byte	0
 208 00f3 06       		.uleb128 0x6
 209 00f4 28       		.byte	0x28
 210 00f5 04       		.byte	0x4
 211 00f6 93       		.byte	0x93
 212 00f7 88010000 		.4byte	0x188
 213 00fb 08       		.uleb128 0x8
 214 00fc 0B000000 		.4byte	.LASF16
 215 0100 04       		.byte	0x4
 216 0101 95       		.byte	0x95
 217 0102 9B000000 		.4byte	0x9b
 218 0106 02       		.byte	0x2
 219 0107 23       		.byte	0x23
 220 0108 00       		.uleb128 0
 221 0109 08       		.uleb128 0x8
 222 010a 3F000000 		.4byte	.LASF17
 223 010e 04       		.byte	0x4
 224 010f 96       		.byte	0x96
 225 0110 9B000000 		.4byte	0x9b
ARM GAS  /tmp/ccOe4QOu.s 			page 5


 226 0114 02       		.byte	0x2
 227 0115 23       		.byte	0x23
 228 0116 04       		.uleb128 0x4
 229 0117 08       		.uleb128 0x8
 230 0118 BC000000 		.4byte	.LASF18
 231 011c 04       		.byte	0x4
 232 011d 97       		.byte	0x97
 233 011e 9B000000 		.4byte	0x9b
 234 0122 02       		.byte	0x2
 235 0123 23       		.byte	0x23
 236 0124 08       		.uleb128 0x8
 237 0125 08       		.uleb128 0x8
 238 0126 0A010000 		.4byte	.LASF19
 239 012a 04       		.byte	0x4
 240 012b 98       		.byte	0x98
 241 012c 9B000000 		.4byte	0x9b
 242 0130 02       		.byte	0x2
 243 0131 23       		.byte	0x23
 244 0132 0C       		.uleb128 0xc
 245 0133 07       		.uleb128 0x7
 246 0134 49445200 		.ascii	"IDR\000"
 247 0138 04       		.byte	0x4
 248 0139 99       		.byte	0x99
 249 013a 9B000000 		.4byte	0x9b
 250 013e 02       		.byte	0x2
 251 013f 23       		.byte	0x23
 252 0140 10       		.uleb128 0x10
 253 0141 07       		.uleb128 0x7
 254 0142 4F445200 		.ascii	"ODR\000"
 255 0146 04       		.byte	0x4
 256 0147 9A       		.byte	0x9a
 257 0148 9B000000 		.4byte	0x9b
 258 014c 02       		.byte	0x2
 259 014d 23       		.byte	0x23
 260 014e 14       		.uleb128 0x14
 261 014f 08       		.uleb128 0x8
 262 0150 1B000000 		.4byte	.LASF20
 263 0154 04       		.byte	0x4
 264 0155 A1       		.byte	0xa1
 265 0156 88010000 		.4byte	0x188
 266 015a 02       		.byte	0x2
 267 015b 23       		.byte	0x23
 268 015c 18       		.uleb128 0x18
 269 015d 08       		.uleb128 0x8
 270 015e 00000000 		.4byte	.LASF21
 271 0162 04       		.byte	0x4
 272 0163 A2       		.byte	0xa2
 273 0164 9B000000 		.4byte	0x9b
 274 0168 02       		.byte	0x2
 275 0169 23       		.byte	0x23
 276 016a 1C       		.uleb128 0x1c
 277 016b 08       		.uleb128 0x8
 278 016c 9C000000 		.4byte	.LASF22
 279 0170 04       		.byte	0x4
 280 0171 A3       		.byte	0xa3
 281 0172 9B000000 		.4byte	0x9b
 282 0176 02       		.byte	0x2
ARM GAS  /tmp/ccOe4QOu.s 			page 6


 283 0177 23       		.byte	0x23
 284 0178 20       		.uleb128 0x20
 285 0179 08       		.uleb128 0x8
 286 017a 72000000 		.4byte	.LASF23
 287 017e 04       		.byte	0x4
 288 017f A4       		.byte	0xa4
 289 0180 9B000000 		.4byte	0x9b
 290 0184 02       		.byte	0x2
 291 0185 23       		.byte	0x23
 292 0186 24       		.uleb128 0x24
 293 0187 00       		.byte	0
 294 0188 05       		.uleb128 0x5
 295 0189 D8000000 		.4byte	0xd8
 296 018d 04       		.uleb128 0x4
 297 018e E7000000 		.4byte	.LASF24
 298 0192 04       		.byte	0x4
 299 0193 A5       		.byte	0xa5
 300 0194 F3000000 		.4byte	0xf3
 301 0198 04       		.uleb128 0x4
 302 0199 32000000 		.4byte	.LASF25
 303 019d 04       		.byte	0x4
 304 019e EF       		.byte	0xef
 305 019f 70000000 		.4byte	0x70
 306 01a3 04       		.uleb128 0x4
 307 01a4 46000000 		.4byte	.LASF26
 308 01a8 04       		.byte	0x4
 309 01a9 F4       		.byte	0xf4
 310 01aa 70000000 		.4byte	0x70
 311 01ae 04       		.uleb128 0x4
 312 01af 25010000 		.4byte	.LASF27
 313 01b3 04       		.byte	0x4
 314 01b4 FC       		.byte	0xfc
 315 01b5 B9010000 		.4byte	0x1b9
 316 01b9 0B       		.uleb128 0xb
 317 01ba 04       		.byte	0x4
 318 01bb 8D010000 		.4byte	0x18d
 319 01bf 0C       		.uleb128 0xc
 320 01c0 01       		.byte	0x1
 321 01c1 B7000000 		.4byte	.LASF33
 322 01c5 01       		.byte	0x1
 323 01c6 09       		.byte	0x9
 324 01c7 01       		.byte	0x1
 325 01c8 29000000 		.4byte	0x29
 326 01cc 00000000 		.4byte	.LFB117
 327 01d0 42000000 		.4byte	.LFE117
 328 01d4 00000000 		.4byte	.LLST0
 329 01d8 01       		.byte	0x1
 330 01d9 30020000 		.4byte	0x230
 331 01dd 0D       		.uleb128 0xd
 332 01de 06000000 		.4byte	.LVL0
 333 01e2 3E020000 		.4byte	0x23e
 334 01e6 0D       		.uleb128 0xd
 335 01e7 0A000000 		.4byte	.LVL1
 336 01eb 48020000 		.4byte	0x248
 337 01ef 0E       		.uleb128 0xe
 338 01f0 1C000000 		.4byte	.LVL2
 339 01f4 52020000 		.4byte	0x252
ARM GAS  /tmp/ccOe4QOu.s 			page 7


 340 01f8 09020000 		.4byte	0x209
 341 01fc 0F       		.uleb128 0xf
 342 01fd 01       		.byte	0x1
 343 01fe 52       		.byte	0x52
 344 01ff 01       		.byte	0x1
 345 0200 31       		.byte	0x31
 346 0201 0F       		.uleb128 0xf
 347 0202 01       		.byte	0x1
 348 0203 51       		.byte	0x51
 349 0204 03       		.byte	0x3
 350 0205 0A       		.byte	0xa
 351 0206 0080     		.2byte	0x8000
 352 0208 00       		.byte	0
 353 0209 0E       		.uleb128 0xe
 354 020a 36000000 		.4byte	.LVL3
 355 020e 71020000 		.4byte	0x271
 356 0212 1E020000 		.4byte	0x21e
 357 0216 0F       		.uleb128 0xf
 358 0217 01       		.byte	0x1
 359 0218 50       		.byte	0x50
 360 0219 03       		.byte	0x3
 361 021a 0A       		.byte	0xa
 362 021b F401     		.2byte	0x1f4
 363 021d 00       		.byte	0
 364 021e 10       		.uleb128 0x10
 365 021f 40000000 		.4byte	.LVL4
 366 0223 71020000 		.4byte	0x271
 367 0227 0F       		.uleb128 0xf
 368 0228 01       		.byte	0x1
 369 0229 50       		.byte	0x50
 370 022a 03       		.byte	0x3
 371 022b 0A       		.byte	0xa
 372 022c F401     		.2byte	0x1f4
 373 022e 00       		.byte	0
 374 022f 00       		.byte	0
 375 0230 11       		.uleb128 0x11
 376 0231 AA000000 		.4byte	.LASF34
 377 0235 07       		.byte	0x7
 378 0236 1A05     		.2byte	0x51a
 379 0238 AE000000 		.4byte	0xae
 380 023c 01       		.byte	0x1
 381 023d 01       		.byte	0x1
 382 023e 12       		.uleb128 0x12
 383 023f 01       		.byte	0x1
 384 0240 20000000 		.4byte	.LASF28
 385 0244 05       		.byte	0x5
 386 0245 A4       		.byte	0xa4
 387 0246 01       		.byte	0x1
 388 0247 01       		.byte	0x1
 389 0248 12       		.uleb128 0x12
 390 0249 01       		.byte	0x1
 391 024a 68000000 		.4byte	.LASF29
 392 024e 06       		.byte	0x6
 393 024f F6       		.byte	0xf6
 394 0250 01       		.byte	0x1
 395 0251 01       		.byte	0x1
 396 0252 13       		.uleb128 0x13
ARM GAS  /tmp/ccOe4QOu.s 			page 8


 397 0253 01       		.byte	0x1
 398 0254 C4000000 		.4byte	.LASF35
 399 0258 04       		.byte	0x4
 400 0259 C101     		.2byte	0x1c1
 401 025b 01       		.byte	0x1
 402 025c 01       		.byte	0x1
 403 025d 71020000 		.4byte	0x271
 404 0261 14       		.uleb128 0x14
 405 0262 AE010000 		.4byte	0x1ae
 406 0266 14       		.uleb128 0x14
 407 0267 98010000 		.4byte	0x198
 408 026b 14       		.uleb128 0x14
 409 026c A3010000 		.4byte	0x1a3
 410 0270 00       		.byte	0
 411 0271 15       		.uleb128 0x15
 412 0272 01       		.byte	0x1
 413 0273 5D000000 		.4byte	.LASF36
 414 0277 08       		.byte	0x8
 415 0278 6901     		.2byte	0x169
 416 027a 01       		.byte	0x1
 417 027b 01       		.byte	0x1
 418 027c 14       		.uleb128 0x14
 419 027d 90000000 		.4byte	0x90
 420 0281 00       		.byte	0
 421 0282 00       		.byte	0
 422              		.section	.debug_abbrev,"",%progbits
 423              	.Ldebug_abbrev0:
 424 0000 01       		.uleb128 0x1
 425 0001 11       		.uleb128 0x11
 426 0002 01       		.byte	0x1
 427 0003 25       		.uleb128 0x25
 428 0004 0E       		.uleb128 0xe
 429 0005 13       		.uleb128 0x13
 430 0006 0B       		.uleb128 0xb
 431 0007 03       		.uleb128 0x3
 432 0008 0E       		.uleb128 0xe
 433 0009 1B       		.uleb128 0x1b
 434 000a 0E       		.uleb128 0xe
 435 000b 55       		.uleb128 0x55
 436 000c 06       		.uleb128 0x6
 437 000d 11       		.uleb128 0x11
 438 000e 01       		.uleb128 0x1
 439 000f 52       		.uleb128 0x52
 440 0010 01       		.uleb128 0x1
 441 0011 10       		.uleb128 0x10
 442 0012 06       		.uleb128 0x6
 443 0013 00       		.byte	0
 444 0014 00       		.byte	0
 445 0015 02       		.uleb128 0x2
 446 0016 24       		.uleb128 0x24
 447 0017 00       		.byte	0
 448 0018 0B       		.uleb128 0xb
 449 0019 0B       		.uleb128 0xb
 450 001a 3E       		.uleb128 0x3e
 451 001b 0B       		.uleb128 0xb
 452 001c 03       		.uleb128 0x3
 453 001d 08       		.uleb128 0x8
ARM GAS  /tmp/ccOe4QOu.s 			page 9


 454 001e 00       		.byte	0
 455 001f 00       		.byte	0
 456 0020 03       		.uleb128 0x3
 457 0021 24       		.uleb128 0x24
 458 0022 00       		.byte	0
 459 0023 0B       		.uleb128 0xb
 460 0024 0B       		.uleb128 0xb
 461 0025 3E       		.uleb128 0x3e
 462 0026 0B       		.uleb128 0xb
 463 0027 03       		.uleb128 0x3
 464 0028 0E       		.uleb128 0xe
 465 0029 00       		.byte	0
 466 002a 00       		.byte	0
 467 002b 04       		.uleb128 0x4
 468 002c 16       		.uleb128 0x16
 469 002d 00       		.byte	0
 470 002e 03       		.uleb128 0x3
 471 002f 0E       		.uleb128 0xe
 472 0030 3A       		.uleb128 0x3a
 473 0031 0B       		.uleb128 0xb
 474 0032 3B       		.uleb128 0x3b
 475 0033 0B       		.uleb128 0xb
 476 0034 49       		.uleb128 0x49
 477 0035 13       		.uleb128 0x13
 478 0036 00       		.byte	0
 479 0037 00       		.byte	0
 480 0038 05       		.uleb128 0x5
 481 0039 35       		.uleb128 0x35
 482 003a 00       		.byte	0
 483 003b 49       		.uleb128 0x49
 484 003c 13       		.uleb128 0x13
 485 003d 00       		.byte	0
 486 003e 00       		.byte	0
 487 003f 06       		.uleb128 0x6
 488 0040 13       		.uleb128 0x13
 489 0041 01       		.byte	0x1
 490 0042 0B       		.uleb128 0xb
 491 0043 0B       		.uleb128 0xb
 492 0044 3A       		.uleb128 0x3a
 493 0045 0B       		.uleb128 0xb
 494 0046 3B       		.uleb128 0x3b
 495 0047 0B       		.uleb128 0xb
 496 0048 01       		.uleb128 0x1
 497 0049 13       		.uleb128 0x13
 498 004a 00       		.byte	0
 499 004b 00       		.byte	0
 500 004c 07       		.uleb128 0x7
 501 004d 0D       		.uleb128 0xd
 502 004e 00       		.byte	0
 503 004f 03       		.uleb128 0x3
 504 0050 08       		.uleb128 0x8
 505 0051 3A       		.uleb128 0x3a
 506 0052 0B       		.uleb128 0xb
 507 0053 3B       		.uleb128 0x3b
 508 0054 0B       		.uleb128 0xb
 509 0055 49       		.uleb128 0x49
 510 0056 13       		.uleb128 0x13
ARM GAS  /tmp/ccOe4QOu.s 			page 10


 511 0057 38       		.uleb128 0x38
 512 0058 0A       		.uleb128 0xa
 513 0059 00       		.byte	0
 514 005a 00       		.byte	0
 515 005b 08       		.uleb128 0x8
 516 005c 0D       		.uleb128 0xd
 517 005d 00       		.byte	0
 518 005e 03       		.uleb128 0x3
 519 005f 0E       		.uleb128 0xe
 520 0060 3A       		.uleb128 0x3a
 521 0061 0B       		.uleb128 0xb
 522 0062 3B       		.uleb128 0x3b
 523 0063 0B       		.uleb128 0xb
 524 0064 49       		.uleb128 0x49
 525 0065 13       		.uleb128 0x13
 526 0066 38       		.uleb128 0x38
 527 0067 0A       		.uleb128 0xa
 528 0068 00       		.byte	0
 529 0069 00       		.byte	0
 530 006a 09       		.uleb128 0x9
 531 006b 17       		.uleb128 0x17
 532 006c 01       		.byte	0x1
 533 006d 0B       		.uleb128 0xb
 534 006e 0B       		.uleb128 0xb
 535 006f 3A       		.uleb128 0x3a
 536 0070 0B       		.uleb128 0xb
 537 0071 3B       		.uleb128 0x3b
 538 0072 0B       		.uleb128 0xb
 539 0073 01       		.uleb128 0x1
 540 0074 13       		.uleb128 0x13
 541 0075 00       		.byte	0
 542 0076 00       		.byte	0
 543 0077 0A       		.uleb128 0xa
 544 0078 0D       		.uleb128 0xd
 545 0079 00       		.byte	0
 546 007a 03       		.uleb128 0x3
 547 007b 08       		.uleb128 0x8
 548 007c 3A       		.uleb128 0x3a
 549 007d 0B       		.uleb128 0xb
 550 007e 3B       		.uleb128 0x3b
 551 007f 0B       		.uleb128 0xb
 552 0080 49       		.uleb128 0x49
 553 0081 13       		.uleb128 0x13
 554 0082 00       		.byte	0
 555 0083 00       		.byte	0
 556 0084 0B       		.uleb128 0xb
 557 0085 0F       		.uleb128 0xf
 558 0086 00       		.byte	0
 559 0087 0B       		.uleb128 0xb
 560 0088 0B       		.uleb128 0xb
 561 0089 49       		.uleb128 0x49
 562 008a 13       		.uleb128 0x13
 563 008b 00       		.byte	0
 564 008c 00       		.byte	0
 565 008d 0C       		.uleb128 0xc
 566 008e 2E       		.uleb128 0x2e
 567 008f 01       		.byte	0x1
ARM GAS  /tmp/ccOe4QOu.s 			page 11


 568 0090 3F       		.uleb128 0x3f
 569 0091 0C       		.uleb128 0xc
 570 0092 03       		.uleb128 0x3
 571 0093 0E       		.uleb128 0xe
 572 0094 3A       		.uleb128 0x3a
 573 0095 0B       		.uleb128 0xb
 574 0096 3B       		.uleb128 0x3b
 575 0097 0B       		.uleb128 0xb
 576 0098 27       		.uleb128 0x27
 577 0099 0C       		.uleb128 0xc
 578 009a 49       		.uleb128 0x49
 579 009b 13       		.uleb128 0x13
 580 009c 11       		.uleb128 0x11
 581 009d 01       		.uleb128 0x1
 582 009e 12       		.uleb128 0x12
 583 009f 01       		.uleb128 0x1
 584 00a0 40       		.uleb128 0x40
 585 00a1 06       		.uleb128 0x6
 586 00a2 9742     		.uleb128 0x2117
 587 00a4 0C       		.uleb128 0xc
 588 00a5 01       		.uleb128 0x1
 589 00a6 13       		.uleb128 0x13
 590 00a7 00       		.byte	0
 591 00a8 00       		.byte	0
 592 00a9 0D       		.uleb128 0xd
 593 00aa 898201   		.uleb128 0x4109
 594 00ad 00       		.byte	0
 595 00ae 11       		.uleb128 0x11
 596 00af 01       		.uleb128 0x1
 597 00b0 31       		.uleb128 0x31
 598 00b1 13       		.uleb128 0x13
 599 00b2 00       		.byte	0
 600 00b3 00       		.byte	0
 601 00b4 0E       		.uleb128 0xe
 602 00b5 898201   		.uleb128 0x4109
 603 00b8 01       		.byte	0x1
 604 00b9 11       		.uleb128 0x11
 605 00ba 01       		.uleb128 0x1
 606 00bb 31       		.uleb128 0x31
 607 00bc 13       		.uleb128 0x13
 608 00bd 01       		.uleb128 0x1
 609 00be 13       		.uleb128 0x13
 610 00bf 00       		.byte	0
 611 00c0 00       		.byte	0
 612 00c1 0F       		.uleb128 0xf
 613 00c2 8A8201   		.uleb128 0x410a
 614 00c5 00       		.byte	0
 615 00c6 02       		.uleb128 0x2
 616 00c7 0A       		.uleb128 0xa
 617 00c8 9142     		.uleb128 0x2111
 618 00ca 0A       		.uleb128 0xa
 619 00cb 00       		.byte	0
 620 00cc 00       		.byte	0
 621 00cd 10       		.uleb128 0x10
 622 00ce 898201   		.uleb128 0x4109
 623 00d1 01       		.byte	0x1
 624 00d2 11       		.uleb128 0x11
ARM GAS  /tmp/ccOe4QOu.s 			page 12


 625 00d3 01       		.uleb128 0x1
 626 00d4 31       		.uleb128 0x31
 627 00d5 13       		.uleb128 0x13
 628 00d6 00       		.byte	0
 629 00d7 00       		.byte	0
 630 00d8 11       		.uleb128 0x11
 631 00d9 34       		.uleb128 0x34
 632 00da 00       		.byte	0
 633 00db 03       		.uleb128 0x3
 634 00dc 0E       		.uleb128 0xe
 635 00dd 3A       		.uleb128 0x3a
 636 00de 0B       		.uleb128 0xb
 637 00df 3B       		.uleb128 0x3b
 638 00e0 05       		.uleb128 0x5
 639 00e1 49       		.uleb128 0x49
 640 00e2 13       		.uleb128 0x13
 641 00e3 3F       		.uleb128 0x3f
 642 00e4 0C       		.uleb128 0xc
 643 00e5 3C       		.uleb128 0x3c
 644 00e6 0C       		.uleb128 0xc
 645 00e7 00       		.byte	0
 646 00e8 00       		.byte	0
 647 00e9 12       		.uleb128 0x12
 648 00ea 2E       		.uleb128 0x2e
 649 00eb 00       		.byte	0
 650 00ec 3F       		.uleb128 0x3f
 651 00ed 0C       		.uleb128 0xc
 652 00ee 03       		.uleb128 0x3
 653 00ef 0E       		.uleb128 0xe
 654 00f0 3A       		.uleb128 0x3a
 655 00f1 0B       		.uleb128 0xb
 656 00f2 3B       		.uleb128 0x3b
 657 00f3 0B       		.uleb128 0xb
 658 00f4 27       		.uleb128 0x27
 659 00f5 0C       		.uleb128 0xc
 660 00f6 3C       		.uleb128 0x3c
 661 00f7 0C       		.uleb128 0xc
 662 00f8 00       		.byte	0
 663 00f9 00       		.byte	0
 664 00fa 13       		.uleb128 0x13
 665 00fb 2E       		.uleb128 0x2e
 666 00fc 01       		.byte	0x1
 667 00fd 3F       		.uleb128 0x3f
 668 00fe 0C       		.uleb128 0xc
 669 00ff 03       		.uleb128 0x3
 670 0100 0E       		.uleb128 0xe
 671 0101 3A       		.uleb128 0x3a
 672 0102 0B       		.uleb128 0xb
 673 0103 3B       		.uleb128 0x3b
 674 0104 05       		.uleb128 0x5
 675 0105 27       		.uleb128 0x27
 676 0106 0C       		.uleb128 0xc
 677 0107 3C       		.uleb128 0x3c
 678 0108 0C       		.uleb128 0xc
 679 0109 01       		.uleb128 0x1
 680 010a 13       		.uleb128 0x13
 681 010b 00       		.byte	0
ARM GAS  /tmp/ccOe4QOu.s 			page 13


 682 010c 00       		.byte	0
 683 010d 14       		.uleb128 0x14
 684 010e 05       		.uleb128 0x5
 685 010f 00       		.byte	0
 686 0110 49       		.uleb128 0x49
 687 0111 13       		.uleb128 0x13
 688 0112 00       		.byte	0
 689 0113 00       		.byte	0
 690 0114 15       		.uleb128 0x15
 691 0115 2E       		.uleb128 0x2e
 692 0116 01       		.byte	0x1
 693 0117 3F       		.uleb128 0x3f
 694 0118 0C       		.uleb128 0xc
 695 0119 03       		.uleb128 0x3
 696 011a 0E       		.uleb128 0xe
 697 011b 3A       		.uleb128 0x3a
 698 011c 0B       		.uleb128 0xb
 699 011d 3B       		.uleb128 0x3b
 700 011e 05       		.uleb128 0x5
 701 011f 27       		.uleb128 0x27
 702 0120 0C       		.uleb128 0xc
 703 0121 3C       		.uleb128 0x3c
 704 0122 0C       		.uleb128 0xc
 705 0123 00       		.byte	0
 706 0124 00       		.byte	0
 707 0125 00       		.byte	0
 708              		.section	.debug_loc,"",%progbits
 709              	.Ldebug_loc0:
 710              	.LLST0:
 711 0000 00000000 		.4byte	.LFB117
 712 0004 02000000 		.4byte	.LCFI0
 713 0008 0200     		.2byte	0x2
 714 000a 7D       		.byte	0x7d
 715 000b 00       		.sleb128 0
 716 000c 02000000 		.4byte	.LCFI0
 717 0010 42000000 		.4byte	.LFE117
 718 0014 0200     		.2byte	0x2
 719 0016 7D       		.byte	0x7d
 720 0017 10       		.sleb128 16
 721 0018 00000000 		.4byte	0
 722 001c 00000000 		.4byte	0
 723              		.section	.debug_aranges,"",%progbits
 724 0000 1C000000 		.4byte	0x1c
 725 0004 0200     		.2byte	0x2
 726 0006 00000000 		.4byte	.Ldebug_info0
 727 000a 04       		.byte	0x4
 728 000b 00       		.byte	0
 729 000c 0000     		.2byte	0
 730 000e 0000     		.2byte	0
 731 0010 00000000 		.4byte	.LFB117
 732 0014 42000000 		.4byte	.LFE117-.LFB117
 733 0018 00000000 		.4byte	0
 734 001c 00000000 		.4byte	0
 735              		.section	.debug_ranges,"",%progbits
 736              	.Ldebug_ranges0:
 737 0000 00000000 		.4byte	.LFB117
 738 0004 42000000 		.4byte	.LFE117
ARM GAS  /tmp/ccOe4QOu.s 			page 14


 739 0008 00000000 		.4byte	0
 740 000c 00000000 		.4byte	0
 741              		.section	.debug_line,"",%progbits
 742              	.Ldebug_line0:
 743 0000 CB010000 		.section	.debug_str,"MS",%progbits,1
 743      02009E01 
 743      00000201 
 743      FB0E0D00 
 743      01010101 
 744              	.LASF21:
 745 0000 4C434B52 		.ascii	"LCKR\000"
 745      00
 746              	.LASF15:
 747 0005 636C6561 		.ascii	"clear\000"
 747      7200
 748              	.LASF16:
 749 000b 4D4F4445 		.ascii	"MODER\000"
 749      5200
 750              	.LASF12:
 751 0011 73797374 		.ascii	"systime_t\000"
 751      696D655F 
 751      7400
 752              	.LASF20:
 753 001b 42535252 		.ascii	"BSRR\000"
 753      00
 754              	.LASF28:
 755 0020 68616C49 		.ascii	"halInit\000"
 755      6E697400 
 756              	.LASF3:
 757 0028 73686F72 		.ascii	"short int\000"
 757      7420696E 
 757      7400
 758              	.LASF25:
 759 0032 696F706F 		.ascii	"ioportmask_t\000"
 759      72746D61 
 759      736B5F74 
 759      00
 760              	.LASF17:
 761 003f 4F545950 		.ascii	"OTYPER\000"
 761      455200
 762              	.LASF26:
 763 0046 696F6D6F 		.ascii	"iomode_t\000"
 763      64655F74 
 763      00
 764              	.LASF2:
 765 004f 756E7369 		.ascii	"unsigned char\000"
 765      676E6564 
 765      20636861 
 765      7200
 766              	.LASF36:
 767 005d 63685468 		.ascii	"chThdSleep\000"
 767      64536C65 
 767      657000
 768              	.LASF29:
 769 0068 63685379 		.ascii	"chSysInit\000"
 769      73496E69 
 769      7400
ARM GAS  /tmp/ccOe4QOu.s 			page 15


 770              	.LASF23:
 771 0072 41465248 		.ascii	"AFRH\000"
 771      00
 772              	.LASF9:
 773 0077 6C6F6E67 		.ascii	"long unsigned int\000"
 773      20756E73 
 773      69676E65 
 773      6420696E 
 773      7400
 774              	.LASF4:
 775 0089 73686F72 		.ascii	"short unsigned int\000"
 775      7420756E 
 775      7369676E 
 775      65642069 
 775      6E7400
 776              	.LASF22:
 777 009c 4146524C 		.ascii	"AFRL\000"
 777      00
 778              	.LASF8:
 779 00a1 75696E74 		.ascii	"uint32_t\000"
 779      33325F74 
 779      00
 780              	.LASF34:
 781 00aa 49544D5F 		.ascii	"ITM_RxBuffer\000"
 781      52784275 
 781      66666572 
 781      00
 782              	.LASF33:
 783 00b7 6D61696E 		.ascii	"main\000"
 783      00
 784              	.LASF18:
 785 00bc 4F535045 		.ascii	"OSPEEDR\000"
 785      45445200 
 786              	.LASF35:
 787 00c4 5F70616C 		.ascii	"_pal_lld_setgroupmode\000"
 787      5F6C6C64 
 787      5F736574 
 787      67726F75 
 787      706D6F64 
 788              	.LASF0:
 789 00da 756E7369 		.ascii	"unsigned int\000"
 789      676E6564 
 789      20696E74 
 789      00
 790              	.LASF24:
 791 00e7 4750494F 		.ascii	"GPIO_TypeDef\000"
 791      5F547970 
 791      65446566 
 791      00
 792              	.LASF14:
 793 00f4 63686172 		.ascii	"char\000"
 793      00
 794              	.LASF6:
 795 00f9 696E7433 		.ascii	"int32_t\000"
 795      325F7400 
 796              	.LASF13:
 797 0101 73697A65 		.ascii	"sizetype\000"
ARM GAS  /tmp/ccOe4QOu.s 			page 16


 797      74797065 
 797      00
 798              	.LASF19:
 799 010a 50555044 		.ascii	"PUPDR\000"
 799      5200
 800              	.LASF10:
 801 0110 6C6F6E67 		.ascii	"long long int\000"
 801      206C6F6E 
 801      6720696E 
 801      7400
 802              	.LASF31:
 803 011e 6D61696E 		.ascii	"main.c\000"
 803      2E6300
 804              	.LASF27:
 805 0125 696F706F 		.ascii	"ioportid_t\000"
 805      72746964 
 805      5F7400
 806              	.LASF5:
 807 0130 75696E74 		.ascii	"uint16_t\000"
 807      31365F74 
 807      00
 808              	.LASF30:
 809 0139 474E5520 		.ascii	"GNU C 4.7.3 20130312 (release) [ARM/embedded-4_7-br"
 809      4320342E 
 809      372E3320 
 809      32303133 
 809      30333132 
 810 016c 616E6368 		.ascii	"anch revision 196615]\000"
 810      20726576 
 810      6973696F 
 810      6E203139 
 810      36363135 
 811              	.LASF32:
 812 0182 2F686F6D 		.ascii	"/home/rumman/Documents/ChibiOS_Examples/HelloWorld\000"
 812      652F7275 
 812      6D6D616E 
 812      2F446F63 
 812      756D656E 
 813              	.LASF7:
 814 01b5 6C6F6E67 		.ascii	"long int\000"
 814      20696E74 
 814      00
 815              	.LASF1:
 816 01be 7369676E 		.ascii	"signed char\000"
 816      65642063 
 816      68617200 
 817              	.LASF11:
 818 01ca 6C6F6E67 		.ascii	"long long unsigned int\000"
 818      206C6F6E 
 818      6720756E 
 818      7369676E 
 818      65642069 
 819              		.ident	"GCC: (GNU Tools for ARM Embedded Processors) 4.7.3 20130312 (release) [ARM/embedded-4_7-br
ARM GAS  /tmp/ccOe4QOu.s 			page 17


DEFINED SYMBOLS
                            *ABS*:00000000 main.c
     /tmp/ccOe4QOu.s:19     .text.startup.main:00000000 $t
     /tmp/ccOe4QOu.s:25     .text.startup.main:00000000 main
                     .debug_frame:00000010 $d

UNDEFINED SYMBOLS
halInit
chSysInit
_pal_lld_setgroupmode
chThdSleep
