ARM GAS  /tmp/ccJ25vvG.s 			page 1


   1              		.syntax unified
   2              		.cpu cortex-m4
   3              		.fpu softvfp
   4              		.eabi_attribute 20, 1
   5              		.eabi_attribute 21, 1
   6              		.eabi_attribute 23, 3
   7              		.eabi_attribute 24, 1
   8              		.eabi_attribute 25, 1
   9              		.eabi_attribute 26, 1
  10              		.eabi_attribute 30, 2
  11              		.eabi_attribute 34, 1
  12              		.eabi_attribute 18, 4
  13              		.thumb
  14              		.file	"chsys.c"
  15              		.text
  16              	.Ltext0:
  17              		.cfi_sections	.debug_frame
  18              		.section	.text._idle_thread,"ax",%progbits
  19              		.align	2
  20              		.p2align 4,,15
  21              		.global	_idle_thread
  22              		.thumb
  23              		.thumb_func
  24              		.type	_idle_thread, %function
  25              	_idle_thread:
  26              	.LFB7:
  27              		.file 1 "../../ChibiOS_2.4.3/os/kernel/src/chsys.c"
  28              		.loc 1 61 0
  29              		.cfi_startproc
  30              		@ args = 0, pretend = 0, frame = 0
  31              		@ frame_needed = 0, uses_anonymous_args = 0
  32              		@ link register save eliminated.
  33              	.LVL0:
  34              		.loc 1 64 0
  35 0000 024B     		ldr	r3, .L4
  36 0002 034A     		ldr	r2, .L4+4
  37 0004 D869     		ldr	r0, [r3, #28]
  38              	.LVL1:
  39 0006 8261     		str	r2, [r0, #24]
  40              	.L2:
  41 0008 FEE7     		b	.L2
  42              	.L5:
  43 000a 00BF     		.align	2
  44              	.L4:
  45 000c 00000000 		.word	rlist
  46 0010 00000000 		.word	.LC0
  47              		.cfi_endproc
  48              	.LFE7:
  49              		.size	_idle_thread, .-_idle_thread
  50 0014 AFF30080 		.section	.text.chSysInit,"ax",%progbits
  50      AFF30080 
  50      AFF30080 
  51              		.align	2
  52              		.p2align 4,,15
  53              		.global	chSysInit
  54              		.thumb
  55              		.thumb_func
ARM GAS  /tmp/ccJ25vvG.s 			page 2


  56              		.type	chSysInit, %function
  57              	chSysInit:
  58              	.LFB8:
  59              		.loc 1 84 0
  60              		.cfi_startproc
  61              		@ args = 0, pretend = 0, frame = 0
  62              		@ frame_needed = 0, uses_anonymous_args = 0
  63 0000 00B5     		push	{lr}
  64              	.LCFI0:
  65              		.cfi_def_cfa_offset 4
  66              		.cfi_offset 14, -4
  67 0002 83B0     		sub	sp, sp, #12
  68              	.LCFI1:
  69              		.cfi_def_cfa_offset 16
  70              		.loc 1 90 0
  71 0004 FFF7FEFF 		bl	_port_init
  72              	.LVL2:
  73              		.loc 1 91 0
  74 0008 FFF7FEFF 		bl	_scheduler_init
  75              	.LVL3:
  76              		.loc 1 92 0
  77 000c FFF7FEFF 		bl	_vt_init
  78              	.LVL4:
  79              		.loc 1 94 0
  80 0010 FFF7FEFF 		bl	_core_init
  81              	.LVL5:
  82              		.loc 1 97 0
  83 0014 FFF7FEFF 		bl	_heap_init
  84              	.LVL6:
  85              		.loc 1 104 0
  86 0018 40F20000 		movw	r0, #:lower16:.LANCHOR0
  87 001c 4021     		movs	r1, #64
  88 001e C0F20000 		movt	r0, #:upper16:.LANCHOR0
  89 0022 FFF7FEFF 		bl	_thread_init
  90              	.LVL7:
  91 0026 40F20001 		movw	r1, #:lower16:rlist
  92 002a C0F20001 		movt	r1, #:upper16:rlist
  93              		.loc 1 105 0
  94 002e 0122     		movs	r2, #1
  95              		.loc 1 104 0
  96 0030 C861     		str	r0, [r1, #28]
  97              		.loc 1 105 0
  98 0032 0277     		strb	r2, [r0, #28]
  99              	.LBB2:
 100              		.loc 1 111 0
 101 0034 0023     		movs	r3, #0
 102              	.LVL8:
 103              	@ 111 "../../ChibiOS_2.4.3/os/kernel/src/chsys.c" 1
 104 0036 83F31188 		msr     BASEPRI, r3                    
 105 003a 62B6     		cpsie   i
 106              	@ 0 "" 2
 107              	.LVL9:
 108              		.thumb
 109              	.LBE2:
 110              		.loc 1 115 0
 111 003c 40F20000 		movw	r0, #:lower16:ch_debug
 112 0040 C969     		ldr	r1, [r1, #28]
ARM GAS  /tmp/ccJ25vvG.s 			page 3


 113 0042 C0F20000 		movt	r0, #:upper16:ch_debug
 114 0046 8861     		str	r0, [r1, #24]
 115              		.loc 1 121 0
 116 0048 0093     		str	r3, [sp, #0]
 117 004a 40F20000 		movw	r0, #:lower16:.LANCHOR1
 118 004e 40F20003 		movw	r3, #:lower16:_idle_thread
 119              	.LVL10:
 120 0052 C021     		movs	r1, #192
 121 0054 C0F20003 		movt	r3, #:upper16:_idle_thread
 122 0058 C0F20000 		movt	r0, #:upper16:.LANCHOR1
 123 005c FFF7FEFF 		bl	chThdCreateStatic
 124              	.LVL11:
 125              		.loc 1 124 0
 126 0060 03B0     		add	sp, sp, #12
 127 0062 00BD     		pop	{pc}
 128              		.cfi_endproc
 129              	.LFE8:
 130              		.size	chSysInit, .-chSysInit
 131 0064 AFF30080 		.section	.text.chSysTimerHandlerI,"ax",%progbits
 131      AFF30080 
 131      AFF30080 
 132              		.align	2
 133              		.p2align 4,,15
 134              		.global	chSysTimerHandlerI
 135              		.thumb
 136              		.thumb_func
 137              		.type	chSysTimerHandlerI, %function
 138              	chSysTimerHandlerI:
 139              	.LFB9:
 140              		.loc 1 137 0
 141              		.cfi_startproc
 142              		@ args = 0, pretend = 0, frame = 0
 143              		@ frame_needed = 0, uses_anonymous_args = 0
 144 0000 38B5     		push	{r3, r4, r5, lr}
 145              	.LCFI2:
 146              		.cfi_def_cfa_offset 16
 147              		.cfi_offset 3, -16
 148              		.cfi_offset 4, -12
 149              		.cfi_offset 5, -8
 150              		.cfi_offset 14, -4
 151              		.loc 1 143 0
 152 0002 104B     		ldr	r3, .L17
 153 0004 9A69     		ldr	r2, [r3, #24]
 154 0006 002A     		cmp	r2, #0
 155 0008 01DD     		ble	.L8
 156              		.loc 1 145 0
 157 000a 501E     		subs	r0, r2, #1
 158 000c 9861     		str	r0, [r3, #24]
 159              	.L8:
 160              		.loc 1 148 0
 161 000e DA69     		ldr	r2, [r3, #28]
 162              		.loc 1 150 0
 163 0010 0D4C     		ldr	r4, .L17+4
 164              		.loc 1 148 0
 165 0012 116A     		ldr	r1, [r2, #32]
 166              		.loc 1 150 0
 167 0014 2368     		ldr	r3, [r4, #0]
ARM GAS  /tmp/ccJ25vvG.s 			page 4


 168              		.loc 1 148 0
 169 0016 481C     		adds	r0, r1, #1
 170 0018 1062     		str	r0, [r2, #32]
 171              		.loc 1 150 0
 172 001a E268     		ldr	r2, [r4, #12]
 173 001c 511C     		adds	r1, r2, #1
 174 001e A342     		cmp	r3, r4
 175 0020 E160     		str	r1, [r4, #12]
 176 0022 0ED0     		beq	.L7
 177              	.LBB3:
 178              		.loc 1 150 0 is_stmt 0 discriminator 1
 179 0024 9D68     		ldr	r5, [r3, #8]
 180 0026 013D     		subs	r5, r5, #1
 181 0028 9D60     		str	r5, [r3, #8]
 182              	.LVL12:
 183 002a 55B9     		cbnz	r5, .L7
 184              	.L14:
 185              	.LBB4:
 186              		.loc 1 150 0 discriminator 3
 187 002c 1A68     		ldr	r2, [r3, #0]
 188 002e D968     		ldr	r1, [r3, #12]
 189              	.LVL13:
 190 0030 1869     		ldr	r0, [r3, #16]
 191 0032 DD60     		str	r5, [r3, #12]
 192 0034 5460     		str	r4, [r2, #4]
 193 0036 2260     		str	r2, [r4, #0]
 194 0038 8847     		blx	r1
 195              	.LVL14:
 196              	.LBE4:
 197 003a 2368     		ldr	r3, [r4, #0]
 198              	.LVL15:
 199 003c 9868     		ldr	r0, [r3, #8]
 200 003e 0028     		cmp	r0, #0
 201 0040 F4D0     		beq	.L14
 202              	.LVL16:
 203              	.L7:
 204 0042 38BD     		pop	{r3, r4, r5, pc}
 205              	.L18:
 206              		.align	2
 207              	.L17:
 208 0044 00000000 		.word	rlist
 209 0048 00000000 		.word	vtlist
 210              	.LBE3:
 211              		.cfi_endproc
 212              	.LFE9:
 213              		.size	chSysTimerHandlerI, .-chSysTimerHandlerI
 214              		.global	_idle_thread_wa
 215 004c AFF30080 		.section	.bss.mainthread.4819,"aw",%nobits
 216              		.align	2
 217              		.set	.LANCHOR0,. + 0
 218              		.type	mainthread.4819, %object
 219              		.size	mainthread.4819, 72
 220              	mainthread.4819:
 221 0000 00000000 		.space	72
 221      00000000 
 221      00000000 
 221      00000000 
ARM GAS  /tmp/ccJ25vvG.s 			page 5


 221      00000000 
 222              		.section	.rodata.str1.4,"aMS",%progbits,1
 223              		.align	2
 224              	.LC0:
 225 0000 69646C65 		.ascii	"idle\000"
 225      00
 226 0005 000000   		.section	.bss._idle_thread_wa,"aw",%nobits
 227              		.align	3
 228              		.set	.LANCHOR1,. + 0
 229              		.type	_idle_thread_wa, %object
 230              		.size	_idle_thread_wa, 192
 231              	_idle_thread_wa:
 232 0000 00000000 		.space	192
 232      00000000 
 232      00000000 
 232      00000000 
 232      00000000 
 233              		.text
 234              	.Letext0:
 235              		.file 2 "/opt/ARM/bin/../lib/gcc/arm-none-eabi/4.7.3/include/stddef.h"
 236              		.file 3 "/opt/ARM/bin/../lib/gcc/arm-none-eabi/4.7.3/../../../../arm-none-eabi/include/stdint.h"
 237              		.file 4 "../../ChibiOS_2.4.3/os/ports/GCC/ARMCMx/chtypes.h"
 238              		.file 5 "../../ChibiOS_2.4.3/os/kernel/include/chlists.h"
 239              		.file 6 "../../ChibiOS_2.4.3/os/kernel/include/chthreads.h"
 240              		.file 7 "../../ChibiOS_2.4.3/os/ports/GCC/ARMCMx/chcore_v7m.h"
 241              		.file 8 "../../ChibiOS_2.4.3/os/kernel/include/chvt.h"
 242              		.file 9 "../../ChibiOS_2.4.3/os/kernel/include/chschd.h"
 243              		.file 10 "../../ChibiOS_2.4.3/os/kernel/include/chmtx.h"
 244              		.file 11 "../../ChibiOS_2.4.3/os/kernel/include/chregistry.h"
 245              		.file 12 "../../ChibiOS_2.4.3/os/kernel/include/chmemcore.h"
 246              		.file 13 "../../ChibiOS_2.4.3/os/kernel/include/chheap.h"
 247              		.section	.debug_info,"",%progbits
 248              	.Ldebug_info0:
 249 0000 68080000 		.4byte	0x868
 250 0004 0200     		.2byte	0x2
 251 0006 00000000 		.4byte	.Ldebug_abbrev0
 252 000a 04       		.byte	0x4
 253 000b 01       		.uleb128 0x1
 254 000c B9020000 		.4byte	.LASF108
 255 0010 01       		.byte	0x1
 256 0011 38040000 		.4byte	.LASF109
 257 0015 C5030000 		.4byte	.LASF110
 258 0019 00000000 		.4byte	.Ldebug_ranges0+0
 259 001d 00000000 		.4byte	0
 260 0021 00000000 		.4byte	0
 261 0025 00000000 		.4byte	.Ldebug_line0
 262 0029 02       		.uleb128 0x2
 263 002a 04       		.byte	0x4
 264 002b 05       		.byte	0x5
 265 002c 696E7400 		.ascii	"int\000"
 266 0030 03       		.uleb128 0x3
 267 0031 1B000000 		.4byte	.LASF2
 268 0035 02       		.byte	0x2
 269 0036 D5       		.byte	0xd5
 270 0037 3B000000 		.4byte	0x3b
 271 003b 04       		.uleb128 0x4
 272 003c 04       		.byte	0x4
ARM GAS  /tmp/ccJ25vvG.s 			page 6


 273 003d 07       		.byte	0x7
 274 003e 6F010000 		.4byte	.LASF0
 275 0042 04       		.uleb128 0x4
 276 0043 01       		.byte	0x1
 277 0044 06       		.byte	0x6
 278 0045 B7000000 		.4byte	.LASF1
 279 0049 03       		.uleb128 0x3
 280 004a 8B040000 		.4byte	.LASF3
 281 004e 03       		.byte	0x3
 282 004f 2A       		.byte	0x2a
 283 0050 54000000 		.4byte	0x54
 284 0054 04       		.uleb128 0x4
 285 0055 01       		.byte	0x1
 286 0056 08       		.byte	0x8
 287 0057 0A030000 		.4byte	.LASF4
 288 005b 04       		.uleb128 0x4
 289 005c 02       		.byte	0x2
 290 005d 05       		.byte	0x5
 291 005e 2D030000 		.4byte	.LASF5
 292 0062 03       		.uleb128 0x3
 293 0063 10010000 		.4byte	.LASF6
 294 0067 03       		.byte	0x3
 295 0068 36       		.byte	0x36
 296 0069 6D000000 		.4byte	0x6d
 297 006d 04       		.uleb128 0x4
 298 006e 02       		.byte	0x2
 299 006f 07       		.byte	0x7
 300 0070 B4010000 		.4byte	.LASF7
 301 0074 03       		.uleb128 0x3
 302 0075 02030000 		.4byte	.LASF8
 303 0079 03       		.byte	0x3
 304 007a 4F       		.byte	0x4f
 305 007b 7F000000 		.4byte	0x7f
 306 007f 04       		.uleb128 0x4
 307 0080 04       		.byte	0x4
 308 0081 05       		.byte	0x5
 309 0082 FE000000 		.4byte	.LASF9
 310 0086 03       		.uleb128 0x3
 311 0087 96030000 		.4byte	.LASF10
 312 008b 03       		.byte	0x3
 313 008c 50       		.byte	0x50
 314 008d 91000000 		.4byte	0x91
 315 0091 04       		.uleb128 0x4
 316 0092 04       		.byte	0x4
 317 0093 07       		.byte	0x7
 318 0094 91010000 		.4byte	.LASF11
 319 0098 04       		.uleb128 0x4
 320 0099 08       		.byte	0x8
 321 009a 05       		.byte	0x5
 322 009b A9000000 		.4byte	.LASF12
 323 009f 03       		.uleb128 0x3
 324 00a0 29000000 		.4byte	.LASF13
 325 00a4 03       		.byte	0x3
 326 00a5 78       		.byte	0x78
 327 00a6 AA000000 		.4byte	0xaa
 328 00aa 04       		.uleb128 0x4
 329 00ab 08       		.byte	0x8
ARM GAS  /tmp/ccJ25vvG.s 			page 7


 330 00ac 07       		.byte	0x7
 331 00ad 4C000000 		.4byte	.LASF14
 332 00b1 03       		.uleb128 0x3
 333 00b2 CD010000 		.4byte	.LASF15
 334 00b6 04       		.byte	0x4
 335 00b7 2F       		.byte	0x2f
 336 00b8 49000000 		.4byte	0x49
 337 00bc 03       		.uleb128 0x3
 338 00bd 07010000 		.4byte	.LASF16
 339 00c1 04       		.byte	0x4
 340 00c2 30       		.byte	0x30
 341 00c3 49000000 		.4byte	0x49
 342 00c7 03       		.uleb128 0x3
 343 00c8 97020000 		.4byte	.LASF17
 344 00cc 04       		.byte	0x4
 345 00cd 31       		.byte	0x31
 346 00ce 49000000 		.4byte	0x49
 347 00d2 03       		.uleb128 0x3
 348 00d3 B1020000 		.4byte	.LASF18
 349 00d7 04       		.byte	0x4
 350 00d8 32       		.byte	0x32
 351 00d9 86000000 		.4byte	0x86
 352 00dd 03       		.uleb128 0x3
 353 00de C7010000 		.4byte	.LASF19
 354 00e2 04       		.byte	0x4
 355 00e3 33       		.byte	0x33
 356 00e4 74000000 		.4byte	0x74
 357 00e8 03       		.uleb128 0x3
 358 00e9 E1010000 		.4byte	.LASF20
 359 00ed 04       		.byte	0x4
 360 00ee 35       		.byte	0x35
 361 00ef 86000000 		.4byte	0x86
 362 00f3 03       		.uleb128 0x3
 363 00f4 F8030000 		.4byte	.LASF21
 364 00f8 04       		.byte	0x4
 365 00f9 36       		.byte	0x36
 366 00fa 86000000 		.4byte	0x86
 367 00fe 03       		.uleb128 0x3
 368 00ff 69010000 		.4byte	.LASF22
 369 0103 04       		.byte	0x4
 370 0104 37       		.byte	0x37
 371 0105 74000000 		.4byte	0x74
 372 0109 03       		.uleb128 0x3
 373 010a 77030000 		.4byte	.LASF23
 374 010e 05       		.byte	0x5
 375 010f 2A       		.byte	0x2a
 376 0110 14010000 		.4byte	0x114
 377 0114 05       		.uleb128 0x5
 378 0115 77030000 		.4byte	.LASF23
 379 0119 48       		.byte	0x48
 380 011a 06       		.byte	0x6
 381 011b 5E       		.byte	0x5e
 382 011c 2B020000 		.4byte	0x22b
 383 0120 06       		.uleb128 0x6
 384 0121 59030000 		.4byte	.LASF24
 385 0125 06       		.byte	0x6
 386 0126 5F       		.byte	0x5f
ARM GAS  /tmp/ccJ25vvG.s 			page 8


 387 0127 50020000 		.4byte	0x250
 388 012b 02       		.byte	0x2
 389 012c 23       		.byte	0x23
 390 012d 00       		.uleb128 0
 391 012e 06       		.uleb128 0x6
 392 012f AA020000 		.4byte	.LASF25
 393 0133 06       		.byte	0x6
 394 0134 61       		.byte	0x61
 395 0135 50020000 		.4byte	0x250
 396 0139 02       		.byte	0x2
 397 013a 23       		.byte	0x23
 398 013b 04       		.uleb128 0x4
 399 013c 06       		.uleb128 0x6
 400 013d 85000000 		.4byte	.LASF26
 401 0141 06       		.byte	0x6
 402 0142 63       		.byte	0x63
 403 0143 D2000000 		.4byte	0xd2
 404 0147 02       		.byte	0x2
 405 0148 23       		.byte	0x23
 406 0149 08       		.uleb128 0x8
 407 014a 06       		.uleb128 0x6
 408 014b DB040000 		.4byte	.LASF27
 409 014f 06       		.byte	0x6
 410 0150 64       		.byte	0x64
 411 0151 28030000 		.4byte	0x328
 412 0155 02       		.byte	0x2
 413 0156 23       		.byte	0x23
 414 0157 0C       		.uleb128 0xc
 415 0158 06       		.uleb128 0x6
 416 0159 23010000 		.4byte	.LASF28
 417 015d 06       		.byte	0x6
 418 015e 66       		.byte	0x66
 419 015f 50020000 		.4byte	0x250
 420 0163 02       		.byte	0x2
 421 0164 23       		.byte	0x23
 422 0165 10       		.uleb128 0x10
 423 0166 06       		.uleb128 0x6
 424 0167 55020000 		.4byte	.LASF29
 425 016b 06       		.byte	0x6
 426 016c 67       		.byte	0x67
 427 016d 50020000 		.4byte	0x250
 428 0171 02       		.byte	0x2
 429 0172 23       		.byte	0x23
 430 0173 14       		.uleb128 0x14
 431 0174 06       		.uleb128 0x6
 432 0175 A5040000 		.4byte	.LASF30
 433 0179 06       		.byte	0x6
 434 017a 6E       		.byte	0x6e
 435 017b 17050000 		.4byte	0x517
 436 017f 02       		.byte	0x2
 437 0180 23       		.byte	0x23
 438 0181 18       		.uleb128 0x18
 439 0182 06       		.uleb128 0x6
 440 0183 37030000 		.4byte	.LASF31
 441 0187 06       		.byte	0x6
 442 0188 79       		.byte	0x79
 443 0189 BC000000 		.4byte	0xbc
ARM GAS  /tmp/ccJ25vvG.s 			page 9


 444 018d 02       		.byte	0x2
 445 018e 23       		.byte	0x23
 446 018f 1C       		.uleb128 0x1c
 447 0190 06       		.uleb128 0x6
 448 0191 6F030000 		.4byte	.LASF32
 449 0195 06       		.byte	0x6
 450 0196 7D       		.byte	0x7d
 451 0197 B1000000 		.4byte	0xb1
 452 019b 02       		.byte	0x2
 453 019c 23       		.byte	0x23
 454 019d 1D       		.uleb128 0x1d
 455 019e 06       		.uleb128 0x6
 456 019f 74040000 		.4byte	.LASF33
 457 01a3 06       		.byte	0x6
 458 01a4 82       		.byte	0x82
 459 01a5 C7000000 		.4byte	0xc7
 460 01a9 02       		.byte	0x2
 461 01aa 23       		.byte	0x23
 462 01ab 1E       		.uleb128 0x1e
 463 01ac 06       		.uleb128 0x6
 464 01ad 1F040000 		.4byte	.LASF34
 465 01b1 06       		.byte	0x6
 466 01b2 89       		.byte	0x89
 467 01b3 14040000 		.4byte	0x414
 468 01b7 02       		.byte	0x2
 469 01b8 23       		.byte	0x23
 470 01b9 20       		.uleb128 0x20
 471 01ba 07       		.uleb128 0x7
 472 01bb 705F7500 		.ascii	"p_u\000"
 473 01bf 06       		.byte	0x6
 474 01c0 AE       		.byte	0xae
 475 01c1 E2040000 		.4byte	0x4e2
 476 01c5 02       		.byte	0x2
 477 01c6 23       		.byte	0x23
 478 01c7 24       		.uleb128 0x24
 479 01c8 06       		.uleb128 0x6
 480 01c9 E1040000 		.4byte	.LASF35
 481 01cd 06       		.byte	0x6
 482 01ce B3       		.byte	0xb3
 483 01cf 78020000 		.4byte	0x278
 484 01d3 02       		.byte	0x2
 485 01d4 23       		.byte	0x23
 486 01d5 28       		.uleb128 0x28
 487 01d6 06       		.uleb128 0x6
 488 01d7 2D040000 		.4byte	.LASF36
 489 01db 06       		.byte	0x6
 490 01dc B9       		.byte	0xb9
 491 01dd 56020000 		.4byte	0x256
 492 01e1 02       		.byte	0x2
 493 01e2 23       		.byte	0x23
 494 01e3 2C       		.uleb128 0x2c
 495 01e4 06       		.uleb128 0x6
 496 01e5 15000000 		.4byte	.LASF37
 497 01e9 06       		.byte	0x6
 498 01ea BD       		.byte	0xbd
 499 01eb DD000000 		.4byte	0xdd
 500 01ef 02       		.byte	0x2
ARM GAS  /tmp/ccJ25vvG.s 			page 10


 501 01f0 23       		.byte	0x23
 502 01f1 34       		.uleb128 0x34
 503 01f2 06       		.uleb128 0x6
 504 01f3 8B030000 		.4byte	.LASF38
 505 01f7 06       		.byte	0x6
 506 01f8 C3       		.byte	0xc3
 507 01f9 E8000000 		.4byte	0xe8
 508 01fd 02       		.byte	0x2
 509 01fe 23       		.byte	0x23
 510 01ff 38       		.uleb128 0x38
 511 0200 06       		.uleb128 0x6
 512 0201 23030000 		.4byte	.LASF39
 513 0205 06       		.byte	0x6
 514 0206 CA       		.byte	0xca
 515 0207 29050000 		.4byte	0x529
 516 020b 02       		.byte	0x2
 517 020c 23       		.byte	0x23
 518 020d 3C       		.uleb128 0x3c
 519 020e 06       		.uleb128 0x6
 520 020f 02040000 		.4byte	.LASF40
 521 0213 06       		.byte	0x6
 522 0214 CE       		.byte	0xce
 523 0215 D2000000 		.4byte	0xd2
 524 0219 02       		.byte	0x2
 525 021a 23       		.byte	0x23
 526 021b 40       		.uleb128 0x40
 527 021c 06       		.uleb128 0x6
 528 021d E0000000 		.4byte	.LASF41
 529 0221 06       		.byte	0x6
 530 0222 D4       		.byte	0xd4
 531 0223 8E020000 		.4byte	0x28e
 532 0227 02       		.byte	0x2
 533 0228 23       		.byte	0x23
 534 0229 44       		.uleb128 0x44
 535 022a 00       		.byte	0
 536 022b 08       		.uleb128 0x8
 537 022c 08       		.byte	0x8
 538 022d 05       		.byte	0x5
 539 022e 61       		.byte	0x61
 540 022f 50020000 		.4byte	0x250
 541 0233 06       		.uleb128 0x6
 542 0234 59030000 		.4byte	.LASF24
 543 0238 05       		.byte	0x5
 544 0239 62       		.byte	0x62
 545 023a 50020000 		.4byte	0x250
 546 023e 02       		.byte	0x2
 547 023f 23       		.byte	0x23
 548 0240 00       		.uleb128 0
 549 0241 06       		.uleb128 0x6
 550 0242 AA020000 		.4byte	.LASF25
 551 0246 05       		.byte	0x5
 552 0247 64       		.byte	0x64
 553 0248 50020000 		.4byte	0x250
 554 024c 02       		.byte	0x2
 555 024d 23       		.byte	0x23
 556 024e 04       		.uleb128 0x4
 557 024f 00       		.byte	0
ARM GAS  /tmp/ccJ25vvG.s 			page 11


 558 0250 09       		.uleb128 0x9
 559 0251 04       		.byte	0x4
 560 0252 09010000 		.4byte	0x109
 561 0256 03       		.uleb128 0x3
 562 0257 63020000 		.4byte	.LASF42
 563 025b 05       		.byte	0x5
 564 025c 66       		.byte	0x66
 565 025d 2B020000 		.4byte	0x22b
 566 0261 08       		.uleb128 0x8
 567 0262 04       		.byte	0x4
 568 0263 05       		.byte	0x5
 569 0264 6B       		.byte	0x6b
 570 0265 78020000 		.4byte	0x278
 571 0269 06       		.uleb128 0x6
 572 026a 59030000 		.4byte	.LASF24
 573 026e 05       		.byte	0x5
 574 026f 6D       		.byte	0x6d
 575 0270 50020000 		.4byte	0x250
 576 0274 02       		.byte	0x2
 577 0275 23       		.byte	0x23
 578 0276 00       		.uleb128 0
 579 0277 00       		.byte	0
 580 0278 03       		.uleb128 0x3
 581 0279 D5010000 		.4byte	.LASF43
 582 027d 05       		.byte	0x5
 583 027e 70       		.byte	0x70
 584 027f 61020000 		.4byte	0x261
 585 0283 03       		.uleb128 0x3
 586 0284 43010000 		.4byte	.LASF44
 587 0288 07       		.byte	0x7
 588 0289 D7       		.byte	0xd7
 589 028a 8E020000 		.4byte	0x28e
 590 028e 0A       		.uleb128 0xa
 591 028f 04       		.byte	0x4
 592 0290 03       		.uleb128 0x3
 593 0291 F3010000 		.4byte	.LASF45
 594 0295 07       		.byte	0x7
 595 0296 DD       		.byte	0xdd
 596 0297 9F000000 		.4byte	0x9f
 597 029b 05       		.uleb128 0x5
 598 029c 26040000 		.4byte	.LASF46
 599 02a0 24       		.byte	0x24
 600 02a1 07       		.byte	0x7
 601 02a2 FE       		.byte	0xfe
 602 02a3 28030000 		.4byte	0x328
 603 02a7 0B       		.uleb128 0xb
 604 02a8 723400   		.ascii	"r4\000"
 605 02ab 07       		.byte	0x7
 606 02ac 1101     		.2byte	0x111
 607 02ae 83020000 		.4byte	0x283
 608 02b2 02       		.byte	0x2
 609 02b3 23       		.byte	0x23
 610 02b4 00       		.uleb128 0
 611 02b5 0B       		.uleb128 0xb
 612 02b6 723500   		.ascii	"r5\000"
 613 02b9 07       		.byte	0x7
 614 02ba 1201     		.2byte	0x112
ARM GAS  /tmp/ccJ25vvG.s 			page 12


 615 02bc 83020000 		.4byte	0x283
 616 02c0 02       		.byte	0x2
 617 02c1 23       		.byte	0x23
 618 02c2 04       		.uleb128 0x4
 619 02c3 0B       		.uleb128 0xb
 620 02c4 723600   		.ascii	"r6\000"
 621 02c7 07       		.byte	0x7
 622 02c8 1301     		.2byte	0x113
 623 02ca 83020000 		.4byte	0x283
 624 02ce 02       		.byte	0x2
 625 02cf 23       		.byte	0x23
 626 02d0 08       		.uleb128 0x8
 627 02d1 0B       		.uleb128 0xb
 628 02d2 723700   		.ascii	"r7\000"
 629 02d5 07       		.byte	0x7
 630 02d6 1401     		.2byte	0x114
 631 02d8 83020000 		.4byte	0x283
 632 02dc 02       		.byte	0x2
 633 02dd 23       		.byte	0x23
 634 02de 0C       		.uleb128 0xc
 635 02df 0B       		.uleb128 0xb
 636 02e0 723800   		.ascii	"r8\000"
 637 02e3 07       		.byte	0x7
 638 02e4 1501     		.2byte	0x115
 639 02e6 83020000 		.4byte	0x283
 640 02ea 02       		.byte	0x2
 641 02eb 23       		.byte	0x23
 642 02ec 10       		.uleb128 0x10
 643 02ed 0B       		.uleb128 0xb
 644 02ee 723900   		.ascii	"r9\000"
 645 02f1 07       		.byte	0x7
 646 02f2 1601     		.2byte	0x116
 647 02f4 83020000 		.4byte	0x283
 648 02f8 02       		.byte	0x2
 649 02f9 23       		.byte	0x23
 650 02fa 14       		.uleb128 0x14
 651 02fb 0B       		.uleb128 0xb
 652 02fc 72313000 		.ascii	"r10\000"
 653 0300 07       		.byte	0x7
 654 0301 1701     		.2byte	0x117
 655 0303 83020000 		.4byte	0x283
 656 0307 02       		.byte	0x2
 657 0308 23       		.byte	0x23
 658 0309 18       		.uleb128 0x18
 659 030a 0B       		.uleb128 0xb
 660 030b 72313100 		.ascii	"r11\000"
 661 030f 07       		.byte	0x7
 662 0310 1801     		.2byte	0x118
 663 0312 83020000 		.4byte	0x283
 664 0316 02       		.byte	0x2
 665 0317 23       		.byte	0x23
 666 0318 1C       		.uleb128 0x1c
 667 0319 0B       		.uleb128 0xb
 668 031a 6C7200   		.ascii	"lr\000"
 669 031d 07       		.byte	0x7
 670 031e 1901     		.2byte	0x119
 671 0320 83020000 		.4byte	0x283
ARM GAS  /tmp/ccJ25vvG.s 			page 13


 672 0324 02       		.byte	0x2
 673 0325 23       		.byte	0x23
 674 0326 20       		.uleb128 0x20
 675 0327 00       		.byte	0
 676 0328 0C       		.uleb128 0xc
 677 0329 AC010000 		.4byte	.LASF47
 678 032d 04       		.byte	0x4
 679 032e 07       		.byte	0x7
 680 032f 2301     		.2byte	0x123
 681 0331 45030000 		.4byte	0x345
 682 0335 0B       		.uleb128 0xb
 683 0336 72313300 		.ascii	"r13\000"
 684 033a 07       		.byte	0x7
 685 033b 2401     		.2byte	0x124
 686 033d 45030000 		.4byte	0x345
 687 0341 02       		.byte	0x2
 688 0342 23       		.byte	0x23
 689 0343 00       		.uleb128 0
 690 0344 00       		.byte	0
 691 0345 09       		.uleb128 0x9
 692 0346 04       		.byte	0x4
 693 0347 9B020000 		.4byte	0x29b
 694 034b 04       		.uleb128 0x4
 695 034c 04       		.byte	0x4
 696 034d 07       		.byte	0x7
 697 034e 2C020000 		.4byte	.LASF48
 698 0352 03       		.uleb128 0x3
 699 0353 0D040000 		.4byte	.LASF49
 700 0357 08       		.byte	0x8
 701 0358 53       		.byte	0x53
 702 0359 5D030000 		.4byte	0x35d
 703 035d 09       		.uleb128 0x9
 704 035e 04       		.byte	0x4
 705 035f 63030000 		.4byte	0x363
 706 0363 0D       		.uleb128 0xd
 707 0364 01       		.byte	0x1
 708 0365 6F030000 		.4byte	0x36f
 709 0369 0E       		.uleb128 0xe
 710 036a 8E020000 		.4byte	0x28e
 711 036e 00       		.byte	0
 712 036f 03       		.uleb128 0x3
 713 0370 B3030000 		.4byte	.LASF50
 714 0374 08       		.byte	0x8
 715 0375 58       		.byte	0x58
 716 0376 7A030000 		.4byte	0x37a
 717 037a 05       		.uleb128 0x5
 718 037b B3030000 		.4byte	.LASF50
 719 037f 14       		.byte	0x14
 720 0380 08       		.byte	0x8
 721 0381 5F       		.byte	0x5f
 722 0382 CD030000 		.4byte	0x3cd
 723 0386 06       		.uleb128 0x6
 724 0387 89010000 		.4byte	.LASF51
 725 038b 08       		.byte	0x8
 726 038c 60       		.byte	0x60
 727 038d CD030000 		.4byte	0x3cd
 728 0391 02       		.byte	0x2
ARM GAS  /tmp/ccJ25vvG.s 			page 14


 729 0392 23       		.byte	0x23
 730 0393 00       		.uleb128 0
 731 0394 06       		.uleb128 0x6
 732 0395 4C010000 		.4byte	.LASF52
 733 0399 08       		.byte	0x8
 734 039a 62       		.byte	0x62
 735 039b CD030000 		.4byte	0x3cd
 736 039f 02       		.byte	0x2
 737 03a0 23       		.byte	0x23
 738 03a1 04       		.uleb128 0x4
 739 03a2 06       		.uleb128 0x6
 740 03a3 24020000 		.4byte	.LASF53
 741 03a7 08       		.byte	0x8
 742 03a8 64       		.byte	0x64
 743 03a9 F3000000 		.4byte	0xf3
 744 03ad 02       		.byte	0x2
 745 03ae 23       		.byte	0x23
 746 03af 08       		.uleb128 0x8
 747 03b0 06       		.uleb128 0x6
 748 03b1 35020000 		.4byte	.LASF54
 749 03b5 08       		.byte	0x8
 750 03b6 65       		.byte	0x65
 751 03b7 52030000 		.4byte	0x352
 752 03bb 02       		.byte	0x2
 753 03bc 23       		.byte	0x23
 754 03bd 0C       		.uleb128 0xc
 755 03be 06       		.uleb128 0x6
 756 03bf 62040000 		.4byte	.LASF55
 757 03c3 08       		.byte	0x8
 758 03c4 67       		.byte	0x67
 759 03c5 8E020000 		.4byte	0x28e
 760 03c9 02       		.byte	0x2
 761 03ca 23       		.byte	0x23
 762 03cb 10       		.uleb128 0x10
 763 03cc 00       		.byte	0
 764 03cd 09       		.uleb128 0x9
 765 03ce 04       		.byte	0x4
 766 03cf 6F030000 		.4byte	0x36f
 767 03d3 08       		.uleb128 0x8
 768 03d4 10       		.byte	0x10
 769 03d5 08       		.byte	0x8
 770 03d6 71       		.byte	0x71
 771 03d7 14040000 		.4byte	0x414
 772 03db 06       		.uleb128 0x6
 773 03dc 89010000 		.4byte	.LASF51
 774 03e0 08       		.byte	0x8
 775 03e1 72       		.byte	0x72
 776 03e2 CD030000 		.4byte	0x3cd
 777 03e6 02       		.byte	0x2
 778 03e7 23       		.byte	0x23
 779 03e8 00       		.uleb128 0
 780 03e9 06       		.uleb128 0x6
 781 03ea 4C010000 		.4byte	.LASF52
 782 03ee 08       		.byte	0x8
 783 03ef 74       		.byte	0x74
 784 03f0 CD030000 		.4byte	0x3cd
 785 03f4 02       		.byte	0x2
ARM GAS  /tmp/ccJ25vvG.s 			page 15


 786 03f5 23       		.byte	0x23
 787 03f6 04       		.uleb128 0x4
 788 03f7 06       		.uleb128 0x6
 789 03f8 24020000 		.4byte	.LASF53
 790 03fc 08       		.byte	0x8
 791 03fd 76       		.byte	0x76
 792 03fe F3000000 		.4byte	0xf3
 793 0402 02       		.byte	0x2
 794 0403 23       		.byte	0x23
 795 0404 08       		.uleb128 0x8
 796 0405 06       		.uleb128 0x6
 797 0406 AC040000 		.4byte	.LASF56
 798 040a 08       		.byte	0x8
 799 040b 77       		.byte	0x77
 800 040c 14040000 		.4byte	0x414
 801 0410 02       		.byte	0x2
 802 0411 23       		.byte	0x23
 803 0412 0C       		.uleb128 0xc
 804 0413 00       		.byte	0
 805 0414 0F       		.uleb128 0xf
 806 0415 F3000000 		.4byte	0xf3
 807 0419 03       		.uleb128 0x3
 808 041a C2040000 		.4byte	.LASF57
 809 041e 08       		.byte	0x8
 810 041f 78       		.byte	0x78
 811 0420 D3030000 		.4byte	0x3d3
 812 0424 08       		.uleb128 0x8
 813 0425 20       		.byte	0x20
 814 0426 09       		.byte	0x9
 815 0427 5E       		.byte	0x5e
 816 0428 8F040000 		.4byte	0x48f
 817 042c 06       		.uleb128 0x6
 818 042d AB030000 		.4byte	.LASF58
 819 0431 09       		.byte	0x9
 820 0432 5F       		.byte	0x5f
 821 0433 56020000 		.4byte	0x256
 822 0437 02       		.byte	0x2
 823 0438 23       		.byte	0x23
 824 0439 00       		.uleb128 0
 825 043a 06       		.uleb128 0x6
 826 043b 4B030000 		.4byte	.LASF59
 827 043f 09       		.byte	0x9
 828 0440 60       		.byte	0x60
 829 0441 D2000000 		.4byte	0xd2
 830 0445 02       		.byte	0x2
 831 0446 23       		.byte	0x23
 832 0447 08       		.uleb128 0x8
 833 0448 06       		.uleb128 0x6
 834 0449 5D020000 		.4byte	.LASF60
 835 044d 09       		.byte	0x9
 836 044e 62       		.byte	0x62
 837 044f 28030000 		.4byte	0x328
 838 0453 02       		.byte	0x2
 839 0454 23       		.byte	0x23
 840 0455 0C       		.uleb128 0xc
 841 0456 06       		.uleb128 0x6
 842 0457 3B010000 		.4byte	.LASF61
ARM GAS  /tmp/ccJ25vvG.s 			page 16


 843 045b 09       		.byte	0x9
 844 045c 65       		.byte	0x65
 845 045d 50020000 		.4byte	0x250
 846 0461 02       		.byte	0x2
 847 0462 23       		.byte	0x23
 848 0463 10       		.uleb128 0x10
 849 0464 06       		.uleb128 0x6
 850 0465 82020000 		.4byte	.LASF62
 851 0469 09       		.byte	0x9
 852 046a 66       		.byte	0x66
 853 046b 50020000 		.4byte	0x250
 854 046f 02       		.byte	0x2
 855 0470 23       		.byte	0x23
 856 0471 14       		.uleb128 0x14
 857 0472 06       		.uleb128 0x6
 858 0473 C9040000 		.4byte	.LASF63
 859 0477 09       		.byte	0x9
 860 0478 6A       		.byte	0x6a
 861 0479 FE000000 		.4byte	0xfe
 862 047d 02       		.byte	0x2
 863 047e 23       		.byte	0x23
 864 047f 18       		.uleb128 0x18
 865 0480 06       		.uleb128 0x6
 866 0481 78020000 		.4byte	.LASF64
 867 0485 09       		.byte	0x9
 868 0486 6C       		.byte	0x6c
 869 0487 50020000 		.4byte	0x250
 870 048b 02       		.byte	0x2
 871 048c 23       		.byte	0x23
 872 048d 1C       		.uleb128 0x1c
 873 048e 00       		.byte	0
 874 048f 03       		.uleb128 0x3
 875 0490 7B040000 		.4byte	.LASF65
 876 0494 09       		.byte	0x9
 877 0495 6E       		.byte	0x6e
 878 0496 24040000 		.4byte	0x424
 879 049a 05       		.uleb128 0x5
 880 049b ED010000 		.4byte	.LASF66
 881 049f 10       		.byte	0x10
 882 04a0 0A       		.byte	0xa
 883 04a1 2C       		.byte	0x2c
 884 04a2 D1040000 		.4byte	0x4d1
 885 04a6 06       		.uleb128 0x6
 886 04a7 E8000000 		.4byte	.LASF67
 887 04ab 0A       		.byte	0xa
 888 04ac 2D       		.byte	0x2d
 889 04ad 56020000 		.4byte	0x256
 890 04b1 02       		.byte	0x2
 891 04b2 23       		.byte	0x23
 892 04b3 00       		.uleb128 0
 893 04b4 06       		.uleb128 0x6
 894 04b5 D3040000 		.4byte	.LASF68
 895 04b9 0A       		.byte	0xa
 896 04ba 2F       		.byte	0x2f
 897 04bb 50020000 		.4byte	0x250
 898 04bf 02       		.byte	0x2
 899 04c0 23       		.byte	0x23
ARM GAS  /tmp/ccJ25vvG.s 			page 17


 900 04c1 08       		.uleb128 0x8
 901 04c2 06       		.uleb128 0x6
 902 04c3 F1030000 		.4byte	.LASF69
 903 04c7 0A       		.byte	0xa
 904 04c8 31       		.byte	0x31
 905 04c9 D1040000 		.4byte	0x4d1
 906 04cd 02       		.byte	0x2
 907 04ce 23       		.byte	0x23
 908 04cf 0C       		.uleb128 0xc
 909 04d0 00       		.byte	0
 910 04d1 09       		.uleb128 0x9
 911 04d2 04       		.byte	0x4
 912 04d3 9A040000 		.4byte	0x49a
 913 04d7 03       		.uleb128 0x3
 914 04d8 ED010000 		.4byte	.LASF66
 915 04dc 0A       		.byte	0xa
 916 04dd 33       		.byte	0x33
 917 04de 9A040000 		.4byte	0x49a
 918 04e2 10       		.uleb128 0x10
 919 04e3 04       		.byte	0x4
 920 04e4 06       		.byte	0x6
 921 04e5 90       		.byte	0x90
 922 04e6 17050000 		.4byte	0x517
 923 04ea 11       		.uleb128 0x11
 924 04eb 22000000 		.4byte	.LASF70
 925 04ef 06       		.byte	0x6
 926 04f0 97       		.byte	0x97
 927 04f1 DD000000 		.4byte	0xdd
 928 04f5 11       		.uleb128 0x11
 929 04f6 71000000 		.4byte	.LASF71
 930 04fa 06       		.byte	0x6
 931 04fb 9E       		.byte	0x9e
 932 04fc DD000000 		.4byte	0xdd
 933 0500 11       		.uleb128 0x11
 934 0501 9E040000 		.4byte	.LASF72
 935 0505 06       		.byte	0x6
 936 0506 A5       		.byte	0xa5
 937 0507 8E020000 		.4byte	0x28e
 938 050b 11       		.uleb128 0x11
 939 050c 52030000 		.4byte	.LASF73
 940 0510 06       		.byte	0x6
 941 0511 AC       		.byte	0xac
 942 0512 E8000000 		.4byte	0xe8
 943 0516 00       		.byte	0
 944 0517 09       		.uleb128 0x9
 945 0518 04       		.byte	0x4
 946 0519 1D050000 		.4byte	0x51d
 947 051d 12       		.uleb128 0x12
 948 051e 22050000 		.4byte	0x522
 949 0522 04       		.uleb128 0x4
 950 0523 01       		.byte	0x1
 951 0524 08       		.byte	0x8
 952 0525 C0030000 		.4byte	.LASF74
 953 0529 09       		.uleb128 0x9
 954 052a 04       		.byte	0x4
 955 052b D7040000 		.4byte	0x4d7
 956 052f 03       		.uleb128 0x3
ARM GAS  /tmp/ccJ25vvG.s 			page 18


 957 0530 00000000 		.4byte	.LASF75
 958 0534 06       		.byte	0x6
 959 0535 DF       		.byte	0xdf
 960 0536 3A050000 		.4byte	0x53a
 961 053a 09       		.uleb128 0x9
 962 053b 04       		.byte	0x4
 963 053c 40050000 		.4byte	0x540
 964 0540 13       		.uleb128 0x13
 965 0541 01       		.byte	0x1
 966 0542 DD000000 		.4byte	0xdd
 967 0546 50050000 		.4byte	0x550
 968 054a 0E       		.uleb128 0xe
 969 054b 8E020000 		.4byte	0x28e
 970 054f 00       		.byte	0
 971 0550 08       		.uleb128 0x8
 972 0551 16       		.byte	0x16
 973 0552 0B       		.byte	0xb
 974 0553 2C       		.byte	0x2c
 975 0554 55060000 		.4byte	0x655
 976 0558 06       		.uleb128 0x6
 977 0559 F0000000 		.4byte	.LASF76
 978 055d 0B       		.byte	0xb
 979 055e 2D       		.byte	0x2d
 980 055f 55060000 		.4byte	0x655
 981 0563 02       		.byte	0x2
 982 0564 23       		.byte	0x23
 983 0565 00       		.uleb128 0
 984 0566 06       		.uleb128 0x6
 985 0567 10020000 		.4byte	.LASF77
 986 056b 0B       		.byte	0xb
 987 056c 2E       		.byte	0x2e
 988 056d 49000000 		.4byte	0x49
 989 0571 02       		.byte	0x2
 990 0572 23       		.byte	0x23
 991 0573 04       		.uleb128 0x4
 992 0574 06       		.uleb128 0x6
 993 0575 70020000 		.4byte	.LASF78
 994 0579 0B       		.byte	0xb
 995 057a 2F       		.byte	0x2f
 996 057b 49000000 		.4byte	0x49
 997 057f 02       		.byte	0x2
 998 0580 23       		.byte	0x23
 999 0581 05       		.uleb128 0x5
 1000 0582 06       		.uleb128 0x6
 1001 0583 B7040000 		.4byte	.LASF79
 1002 0587 0B       		.byte	0xb
 1003 0588 30       		.byte	0x30
 1004 0589 62000000 		.4byte	0x62
 1005 058d 02       		.byte	0x2
 1006 058e 23       		.byte	0x23
 1007 058f 06       		.uleb128 0x6
 1008 0590 06       		.uleb128 0x6
 1009 0591 9F020000 		.4byte	.LASF80
 1010 0595 0B       		.byte	0xb
 1011 0596 31       		.byte	0x31
 1012 0597 49000000 		.4byte	0x49
 1013 059b 02       		.byte	0x2
ARM GAS  /tmp/ccJ25vvG.s 			page 19


 1014 059c 23       		.byte	0x23
 1015 059d 08       		.uleb128 0x8
 1016 059e 06       		.uleb128 0x6
 1017 059f 3D020000 		.4byte	.LASF81
 1018 05a3 0B       		.byte	0xb
 1019 05a4 32       		.byte	0x32
 1020 05a5 49000000 		.4byte	0x49
 1021 05a9 02       		.byte	0x2
 1022 05aa 23       		.byte	0x23
 1023 05ab 09       		.uleb128 0x9
 1024 05ac 06       		.uleb128 0x6
 1025 05ad 63000000 		.4byte	.LASF82
 1026 05b1 0B       		.byte	0xb
 1027 05b2 33       		.byte	0x33
 1028 05b3 49000000 		.4byte	0x49
 1029 05b7 02       		.byte	0x2
 1030 05b8 23       		.byte	0x23
 1031 05b9 0A       		.uleb128 0xa
 1032 05ba 06       		.uleb128 0x6
 1033 05bb 9F030000 		.4byte	.LASF83
 1034 05bf 0B       		.byte	0xb
 1035 05c0 34       		.byte	0x34
 1036 05c1 49000000 		.4byte	0x49
 1037 05c5 02       		.byte	0x2
 1038 05c6 23       		.byte	0x23
 1039 05c7 0B       		.uleb128 0xb
 1040 05c8 06       		.uleb128 0x6
 1041 05c9 69040000 		.4byte	.LASF84
 1042 05cd 0B       		.byte	0xb
 1043 05ce 35       		.byte	0x35
 1044 05cf 49000000 		.4byte	0x49
 1045 05d3 02       		.byte	0x2
 1046 05d4 23       		.byte	0x23
 1047 05d5 0C       		.uleb128 0xc
 1048 05d6 06       		.uleb128 0x6
 1049 05d7 7E030000 		.4byte	.LASF85
 1050 05db 0B       		.byte	0xb
 1051 05dc 36       		.byte	0x36
 1052 05dd 49000000 		.4byte	0x49
 1053 05e1 02       		.byte	0x2
 1054 05e2 23       		.byte	0x23
 1055 05e3 0D       		.uleb128 0xd
 1056 05e4 06       		.uleb128 0x6
 1057 05e5 08000000 		.4byte	.LASF86
 1058 05e9 0B       		.byte	0xb
 1059 05ea 37       		.byte	0x37
 1060 05eb 49000000 		.4byte	0x49
 1061 05ef 02       		.byte	0x2
 1062 05f0 23       		.byte	0x23
 1063 05f1 0E       		.uleb128 0xe
 1064 05f2 06       		.uleb128 0x6
 1065 05f3 49020000 		.4byte	.LASF87
 1066 05f7 0B       		.byte	0xb
 1067 05f8 38       		.byte	0x38
 1068 05f9 49000000 		.4byte	0x49
 1069 05fd 02       		.byte	0x2
 1070 05fe 23       		.byte	0x23
ARM GAS  /tmp/ccJ25vvG.s 			page 20


 1071 05ff 0F       		.uleb128 0xf
 1072 0600 06       		.uleb128 0x6
 1073 0601 C3000000 		.4byte	.LASF88
 1074 0605 0B       		.byte	0xb
 1075 0606 39       		.byte	0x39
 1076 0607 49000000 		.4byte	0x49
 1077 060b 02       		.byte	0x2
 1078 060c 23       		.byte	0x23
 1079 060d 10       		.uleb128 0x10
 1080 060e 06       		.uleb128 0x6
 1081 060f 8C000000 		.4byte	.LASF89
 1082 0613 0B       		.byte	0xb
 1083 0614 3B       		.byte	0x3b
 1084 0615 49000000 		.4byte	0x49
 1085 0619 02       		.byte	0x2
 1086 061a 23       		.byte	0x23
 1087 061b 11       		.uleb128 0x11
 1088 061c 06       		.uleb128 0x6
 1089 061d D3000000 		.4byte	.LASF90
 1090 0621 0B       		.byte	0xb
 1091 0622 3C       		.byte	0x3c
 1092 0623 49000000 		.4byte	0x49
 1093 0627 02       		.byte	0x2
 1094 0628 23       		.byte	0x23
 1095 0629 12       		.uleb128 0x12
 1096 062a 06       		.uleb128 0x6
 1097 062b 18020000 		.4byte	.LASF91
 1098 062f 0B       		.byte	0xb
 1099 0630 3D       		.byte	0x3d
 1100 0631 49000000 		.4byte	0x49
 1101 0635 02       		.byte	0x2
 1102 0636 23       		.byte	0x23
 1103 0637 13       		.uleb128 0x13
 1104 0638 06       		.uleb128 0x6
 1105 0639 60030000 		.4byte	.LASF92
 1106 063d 0B       		.byte	0xb
 1107 063e 3E       		.byte	0x3e
 1108 063f 49000000 		.4byte	0x49
 1109 0643 02       		.byte	0x2
 1110 0644 23       		.byte	0x23
 1111 0645 14       		.uleb128 0x14
 1112 0646 06       		.uleb128 0x6
 1113 0647 3F030000 		.4byte	.LASF93
 1114 064b 0B       		.byte	0xb
 1115 064c 40       		.byte	0x40
 1116 064d 49000000 		.4byte	0x49
 1117 0651 02       		.byte	0x2
 1118 0652 23       		.byte	0x23
 1119 0653 15       		.uleb128 0x15
 1120 0654 00       		.byte	0
 1121 0655 14       		.uleb128 0x14
 1122 0656 22050000 		.4byte	0x522
 1123 065a 65060000 		.4byte	0x665
 1124 065e 15       		.uleb128 0x15
 1125 065f 4B030000 		.4byte	0x34b
 1126 0663 03       		.byte	0x3
 1127 0664 00       		.byte	0
ARM GAS  /tmp/ccJ25vvG.s 			page 21


 1128 0665 03       		.uleb128 0x3
 1129 0666 19010000 		.4byte	.LASF94
 1130 066a 0B       		.byte	0xb
 1131 066b 41       		.byte	0x41
 1132 066c 50050000 		.4byte	0x550
 1133 0670 16       		.uleb128 0x16
 1134 0671 01       		.byte	0x1
 1135 0672 8A020000 		.4byte	.LASF95
 1136 0676 01       		.byte	0x1
 1137 0677 3D       		.byte	0x3d
 1138 0678 01       		.byte	0x1
 1139 0679 00000000 		.4byte	.LFB7
 1140 067d 14000000 		.4byte	.LFE7
 1141 0681 02       		.byte	0x2
 1142 0682 7D       		.byte	0x7d
 1143 0683 00       		.sleb128 0
 1144 0684 01       		.byte	0x1
 1145 0685 97060000 		.4byte	0x697
 1146 0689 17       		.uleb128 0x17
 1147 068a 7000     		.ascii	"p\000"
 1148 068c 01       		.byte	0x1
 1149 068d 3D       		.byte	0x3d
 1150 068e 8E020000 		.4byte	0x28e
 1151 0692 00000000 		.4byte	.LLST0
 1152 0696 00       		.byte	0
 1153 0697 18       		.uleb128 0x18
 1154 0698 01       		.byte	0x1
 1155 0699 54010000 		.4byte	.LASF96
 1156 069d 01       		.byte	0x1
 1157 069e 54       		.byte	0x54
 1158 069f 01       		.byte	0x1
 1159 06a0 00000000 		.4byte	.LFB8
 1160 06a4 64000000 		.4byte	.LFE8
 1161 06a8 21000000 		.4byte	.LLST1
 1162 06ac 01       		.byte	0x1
 1163 06ad 57070000 		.4byte	0x757
 1164 06b1 19       		.uleb128 0x19
 1165 06b2 7A000000 		.4byte	.LASF97
 1166 06b6 01       		.byte	0x1
 1167 06b7 55       		.byte	0x55
 1168 06b8 09010000 		.4byte	0x109
 1169 06bc 05       		.byte	0x5
 1170 06bd 03       		.byte	0x3
 1171 06be 00000000 		.4byte	mainthread.4819
 1172 06c2 1A       		.uleb128 0x1a
 1173 06c3 34000000 		.4byte	.LBB2
 1174 06c7 3C000000 		.4byte	.LBE2
 1175 06cb DF060000 		.4byte	0x6df
 1176 06cf 1B       		.uleb128 0x1b
 1177 06d0 746D7000 		.ascii	"tmp\000"
 1178 06d4 01       		.byte	0x1
 1179 06d5 6F       		.byte	0x6f
 1180 06d6 86000000 		.4byte	0x86
 1181 06da 4D000000 		.4byte	.LLST2
 1182 06de 00       		.byte	0
 1183 06df 1C       		.uleb128 0x1c
 1184 06e0 08000000 		.4byte	.LVL2
ARM GAS  /tmp/ccJ25vvG.s 			page 22


 1185 06e4 F1070000 		.4byte	0x7f1
 1186 06e8 1C       		.uleb128 0x1c
 1187 06e9 0C000000 		.4byte	.LVL3
 1188 06ed FC070000 		.4byte	0x7fc
 1189 06f1 1C       		.uleb128 0x1c
 1190 06f2 10000000 		.4byte	.LVL4
 1191 06f6 06080000 		.4byte	0x806
 1192 06fa 1C       		.uleb128 0x1c
 1193 06fb 14000000 		.4byte	.LVL5
 1194 06ff 10080000 		.4byte	0x810
 1195 0703 1C       		.uleb128 0x1c
 1196 0704 18000000 		.4byte	.LVL6
 1197 0708 1A080000 		.4byte	0x81a
 1198 070c 1D       		.uleb128 0x1d
 1199 070d 26000000 		.4byte	.LVL7
 1200 0711 24080000 		.4byte	0x824
 1201 0715 29070000 		.4byte	0x729
 1202 0719 1E       		.uleb128 0x1e
 1203 071a 01       		.byte	0x1
 1204 071b 51       		.byte	0x51
 1205 071c 02       		.byte	0x2
 1206 071d 08       		.byte	0x8
 1207 071e 40       		.byte	0x40
 1208 071f 1E       		.uleb128 0x1e
 1209 0720 01       		.byte	0x1
 1210 0721 50       		.byte	0x50
 1211 0722 05       		.byte	0x5
 1212 0723 03       		.byte	0x3
 1213 0724 00000000 		.4byte	.LANCHOR0
 1214 0728 00       		.byte	0
 1215 0729 1F       		.uleb128 0x1f
 1216 072a 60000000 		.4byte	.LVL11
 1217 072e 42080000 		.4byte	0x842
 1218 0732 1E       		.uleb128 0x1e
 1219 0733 01       		.byte	0x1
 1220 0734 53       		.byte	0x53
 1221 0735 05       		.byte	0x5
 1222 0736 03       		.byte	0x3
 1223 0737 00000000 		.4byte	_idle_thread
 1224 073b 1E       		.uleb128 0x1e
 1225 073c 01       		.byte	0x1
 1226 073d 52       		.byte	0x52
 1227 073e 01       		.byte	0x1
 1228 073f 31       		.byte	0x31
 1229 0740 1E       		.uleb128 0x1e
 1230 0741 01       		.byte	0x1
 1231 0742 51       		.byte	0x51
 1232 0743 02       		.byte	0x2
 1233 0744 08       		.byte	0x8
 1234 0745 C0       		.byte	0xc0
 1235 0746 1E       		.uleb128 0x1e
 1236 0747 01       		.byte	0x1
 1237 0748 50       		.byte	0x50
 1238 0749 05       		.byte	0x5
 1239 074a 03       		.byte	0x3
 1240 074b 00000000 		.4byte	.LANCHOR1
 1241 074f 1E       		.uleb128 0x1e
ARM GAS  /tmp/ccJ25vvG.s 			page 23


 1242 0750 02       		.byte	0x2
 1243 0751 7D       		.byte	0x7d
 1244 0752 00       		.sleb128 0
 1245 0753 01       		.byte	0x1
 1246 0754 30       		.byte	0x30
 1247 0755 00       		.byte	0
 1248 0756 00       		.byte	0
 1249 0757 20       		.uleb128 0x20
 1250 0758 01       		.byte	0x1
 1251 0759 39000000 		.4byte	.LASF98
 1252 075d 01       		.byte	0x1
 1253 075e 89       		.byte	0x89
 1254 075f 01       		.byte	0x1
 1255 0760 00000000 		.4byte	.LFB9
 1256 0764 4C000000 		.4byte	.LFE9
 1257 0768 60000000 		.4byte	.LLST3
 1258 076c 01       		.byte	0x1
 1259 076d A3070000 		.4byte	0x7a3
 1260 0771 21       		.uleb128 0x21
 1261 0772 24000000 		.4byte	.LBB3
 1262 0776 4C000000 		.4byte	.LBE3
 1263 077a 1B       		.uleb128 0x1b
 1264 077b 76747000 		.ascii	"vtp\000"
 1265 077f 01       		.byte	0x1
 1266 0780 96       		.byte	0x96
 1267 0781 CD030000 		.4byte	0x3cd
 1268 0785 80000000 		.4byte	.LLST4
 1269 0789 21       		.uleb128 0x21
 1270 078a 2C000000 		.4byte	.LBB4
 1271 078e 3A000000 		.4byte	.LBE4
 1272 0792 1B       		.uleb128 0x1b
 1273 0793 666E00   		.ascii	"fn\000"
 1274 0796 01       		.byte	0x1
 1275 0797 96       		.byte	0x96
 1276 0798 52030000 		.4byte	0x352
 1277 079c 9E000000 		.4byte	.LLST5
 1278 07a0 00       		.byte	0
 1279 07a1 00       		.byte	0
 1280 07a2 00       		.byte	0
 1281 07a3 22       		.uleb128 0x22
 1282 07a4 32000000 		.4byte	.LASF99
 1283 07a8 08       		.byte	0x8
 1284 07a9 7A       		.byte	0x7a
 1285 07aa 19040000 		.4byte	0x419
 1286 07ae 01       		.byte	0x1
 1287 07af 01       		.byte	0x1
 1288 07b0 22       		.uleb128 0x22
 1289 07b1 85040000 		.4byte	.LASF100
 1290 07b5 09       		.byte	0x9
 1291 07b6 72       		.byte	0x72
 1292 07b7 8F040000 		.4byte	0x48f
 1293 07bb 01       		.byte	0x1
 1294 07bc 01       		.byte	0x1
 1295 07bd 22       		.uleb128 0x22
 1296 07be A3010000 		.4byte	.LASF101
 1297 07c2 0B       		.byte	0xb
 1298 07c3 7E       		.byte	0x7e
ARM GAS  /tmp/ccJ25vvG.s 			page 24


 1299 07c4 CA070000 		.4byte	0x7ca
 1300 07c8 01       		.byte	0x1
 1301 07c9 01       		.byte	0x1
 1302 07ca 12       		.uleb128 0x12
 1303 07cb 65060000 		.4byte	0x665
 1304 07cf 14       		.uleb128 0x14
 1305 07d0 90020000 		.4byte	0x290
 1306 07d4 DF070000 		.4byte	0x7df
 1307 07d8 15       		.uleb128 0x15
 1308 07d9 4B030000 		.4byte	0x34b
 1309 07dd 17       		.byte	0x17
 1310 07de 00       		.byte	0
 1311 07df 23       		.uleb128 0x23
 1312 07e0 2B010000 		.4byte	.LASF102
 1313 07e4 01       		.byte	0x1
 1314 07e5 31       		.byte	0x31
 1315 07e6 CF070000 		.4byte	0x7cf
 1316 07ea 01       		.byte	0x1
 1317 07eb 05       		.byte	0x5
 1318 07ec 03       		.byte	0x3
 1319 07ed 00000000 		.4byte	_idle_thread_wa
 1320 07f1 24       		.uleb128 0x24
 1321 07f2 01       		.byte	0x1
 1322 07f3 93040000 		.4byte	.LASF103
 1323 07f7 07       		.byte	0x7
 1324 07f8 F401     		.2byte	0x1f4
 1325 07fa 01       		.byte	0x1
 1326 07fb 01       		.byte	0x1
 1327 07fc 25       		.uleb128 0x25
 1328 07fd 01       		.byte	0x1
 1329 07fe 99000000 		.4byte	.LASF104
 1330 0802 09       		.byte	0x9
 1331 0803 91       		.byte	0x91
 1332 0804 01       		.byte	0x1
 1333 0805 01       		.byte	0x1
 1334 0806 25       		.uleb128 0x25
 1335 0807 01       		.byte	0x1
 1336 0808 16040000 		.4byte	.LASF105
 1337 080c 08       		.byte	0x8
 1338 080d B0       		.byte	0xb0
 1339 080e 01       		.byte	0x1
 1340 080f 01       		.byte	0x1
 1341 0810 25       		.uleb128 0x25
 1342 0811 01       		.byte	0x1
 1343 0812 18030000 		.4byte	.LASF106
 1344 0816 0C       		.byte	0xc
 1345 0817 51       		.byte	0x51
 1346 0818 01       		.byte	0x1
 1347 0819 01       		.byte	0x1
 1348 081a 25       		.uleb128 0x25
 1349 081b 01       		.byte	0x1
 1350 081c 5E010000 		.4byte	.LASF107
 1351 0820 0D       		.byte	0xd
 1352 0821 55       		.byte	0x55
 1353 0822 01       		.byte	0x1
 1354 0823 01       		.byte	0x1
 1355 0824 26       		.uleb128 0x26
ARM GAS  /tmp/ccJ25vvG.s 			page 25


 1356 0825 01       		.byte	0x1
 1357 0826 7C010000 		.4byte	.LASF111
 1358 082a 06       		.byte	0x6
 1359 082b 5E01     		.2byte	0x15e
 1360 082d 01       		.byte	0x1
 1361 082e 50020000 		.4byte	0x250
 1362 0832 01       		.byte	0x1
 1363 0833 42080000 		.4byte	0x842
 1364 0837 0E       		.uleb128 0xe
 1365 0838 50020000 		.4byte	0x250
 1366 083c 0E       		.uleb128 0xe
 1367 083d D2000000 		.4byte	0xd2
 1368 0841 00       		.byte	0
 1369 0842 27       		.uleb128 0x27
 1370 0843 01       		.byte	0x1
 1371 0844 FE010000 		.4byte	.LASF112
 1372 0848 06       		.byte	0x6
 1373 0849 6401     		.2byte	0x164
 1374 084b 01       		.byte	0x1
 1375 084c 50020000 		.4byte	0x250
 1376 0850 01       		.byte	0x1
 1377 0851 0E       		.uleb128 0xe
 1378 0852 8E020000 		.4byte	0x28e
 1379 0856 0E       		.uleb128 0xe
 1380 0857 30000000 		.4byte	0x30
 1381 085b 0E       		.uleb128 0xe
 1382 085c D2000000 		.4byte	0xd2
 1383 0860 0E       		.uleb128 0xe
 1384 0861 2F050000 		.4byte	0x52f
 1385 0865 0E       		.uleb128 0xe
 1386 0866 8E020000 		.4byte	0x28e
 1387 086a 00       		.byte	0
 1388 086b 00       		.byte	0
 1389              		.section	.debug_abbrev,"",%progbits
 1390              	.Ldebug_abbrev0:
 1391 0000 01       		.uleb128 0x1
 1392 0001 11       		.uleb128 0x11
 1393 0002 01       		.byte	0x1
 1394 0003 25       		.uleb128 0x25
 1395 0004 0E       		.uleb128 0xe
 1396 0005 13       		.uleb128 0x13
 1397 0006 0B       		.uleb128 0xb
 1398 0007 03       		.uleb128 0x3
 1399 0008 0E       		.uleb128 0xe
 1400 0009 1B       		.uleb128 0x1b
 1401 000a 0E       		.uleb128 0xe
 1402 000b 55       		.uleb128 0x55
 1403 000c 06       		.uleb128 0x6
 1404 000d 11       		.uleb128 0x11
 1405 000e 01       		.uleb128 0x1
 1406 000f 52       		.uleb128 0x52
 1407 0010 01       		.uleb128 0x1
 1408 0011 10       		.uleb128 0x10
 1409 0012 06       		.uleb128 0x6
 1410 0013 00       		.byte	0
 1411 0014 00       		.byte	0
 1412 0015 02       		.uleb128 0x2
ARM GAS  /tmp/ccJ25vvG.s 			page 26


 1413 0016 24       		.uleb128 0x24
 1414 0017 00       		.byte	0
 1415 0018 0B       		.uleb128 0xb
 1416 0019 0B       		.uleb128 0xb
 1417 001a 3E       		.uleb128 0x3e
 1418 001b 0B       		.uleb128 0xb
 1419 001c 03       		.uleb128 0x3
 1420 001d 08       		.uleb128 0x8
 1421 001e 00       		.byte	0
 1422 001f 00       		.byte	0
 1423 0020 03       		.uleb128 0x3
 1424 0021 16       		.uleb128 0x16
 1425 0022 00       		.byte	0
 1426 0023 03       		.uleb128 0x3
 1427 0024 0E       		.uleb128 0xe
 1428 0025 3A       		.uleb128 0x3a
 1429 0026 0B       		.uleb128 0xb
 1430 0027 3B       		.uleb128 0x3b
 1431 0028 0B       		.uleb128 0xb
 1432 0029 49       		.uleb128 0x49
 1433 002a 13       		.uleb128 0x13
 1434 002b 00       		.byte	0
 1435 002c 00       		.byte	0
 1436 002d 04       		.uleb128 0x4
 1437 002e 24       		.uleb128 0x24
 1438 002f 00       		.byte	0
 1439 0030 0B       		.uleb128 0xb
 1440 0031 0B       		.uleb128 0xb
 1441 0032 3E       		.uleb128 0x3e
 1442 0033 0B       		.uleb128 0xb
 1443 0034 03       		.uleb128 0x3
 1444 0035 0E       		.uleb128 0xe
 1445 0036 00       		.byte	0
 1446 0037 00       		.byte	0
 1447 0038 05       		.uleb128 0x5
 1448 0039 13       		.uleb128 0x13
 1449 003a 01       		.byte	0x1
 1450 003b 03       		.uleb128 0x3
 1451 003c 0E       		.uleb128 0xe
 1452 003d 0B       		.uleb128 0xb
 1453 003e 0B       		.uleb128 0xb
 1454 003f 3A       		.uleb128 0x3a
 1455 0040 0B       		.uleb128 0xb
 1456 0041 3B       		.uleb128 0x3b
 1457 0042 0B       		.uleb128 0xb
 1458 0043 01       		.uleb128 0x1
 1459 0044 13       		.uleb128 0x13
 1460 0045 00       		.byte	0
 1461 0046 00       		.byte	0
 1462 0047 06       		.uleb128 0x6
 1463 0048 0D       		.uleb128 0xd
 1464 0049 00       		.byte	0
 1465 004a 03       		.uleb128 0x3
 1466 004b 0E       		.uleb128 0xe
 1467 004c 3A       		.uleb128 0x3a
 1468 004d 0B       		.uleb128 0xb
 1469 004e 3B       		.uleb128 0x3b
ARM GAS  /tmp/ccJ25vvG.s 			page 27


 1470 004f 0B       		.uleb128 0xb
 1471 0050 49       		.uleb128 0x49
 1472 0051 13       		.uleb128 0x13
 1473 0052 38       		.uleb128 0x38
 1474 0053 0A       		.uleb128 0xa
 1475 0054 00       		.byte	0
 1476 0055 00       		.byte	0
 1477 0056 07       		.uleb128 0x7
 1478 0057 0D       		.uleb128 0xd
 1479 0058 00       		.byte	0
 1480 0059 03       		.uleb128 0x3
 1481 005a 08       		.uleb128 0x8
 1482 005b 3A       		.uleb128 0x3a
 1483 005c 0B       		.uleb128 0xb
 1484 005d 3B       		.uleb128 0x3b
 1485 005e 0B       		.uleb128 0xb
 1486 005f 49       		.uleb128 0x49
 1487 0060 13       		.uleb128 0x13
 1488 0061 38       		.uleb128 0x38
 1489 0062 0A       		.uleb128 0xa
 1490 0063 00       		.byte	0
 1491 0064 00       		.byte	0
 1492 0065 08       		.uleb128 0x8
 1493 0066 13       		.uleb128 0x13
 1494 0067 01       		.byte	0x1
 1495 0068 0B       		.uleb128 0xb
 1496 0069 0B       		.uleb128 0xb
 1497 006a 3A       		.uleb128 0x3a
 1498 006b 0B       		.uleb128 0xb
 1499 006c 3B       		.uleb128 0x3b
 1500 006d 0B       		.uleb128 0xb
 1501 006e 01       		.uleb128 0x1
 1502 006f 13       		.uleb128 0x13
 1503 0070 00       		.byte	0
 1504 0071 00       		.byte	0
 1505 0072 09       		.uleb128 0x9
 1506 0073 0F       		.uleb128 0xf
 1507 0074 00       		.byte	0
 1508 0075 0B       		.uleb128 0xb
 1509 0076 0B       		.uleb128 0xb
 1510 0077 49       		.uleb128 0x49
 1511 0078 13       		.uleb128 0x13
 1512 0079 00       		.byte	0
 1513 007a 00       		.byte	0
 1514 007b 0A       		.uleb128 0xa
 1515 007c 0F       		.uleb128 0xf
 1516 007d 00       		.byte	0
 1517 007e 0B       		.uleb128 0xb
 1518 007f 0B       		.uleb128 0xb
 1519 0080 00       		.byte	0
 1520 0081 00       		.byte	0
 1521 0082 0B       		.uleb128 0xb
 1522 0083 0D       		.uleb128 0xd
 1523 0084 00       		.byte	0
 1524 0085 03       		.uleb128 0x3
 1525 0086 08       		.uleb128 0x8
 1526 0087 3A       		.uleb128 0x3a
ARM GAS  /tmp/ccJ25vvG.s 			page 28


 1527 0088 0B       		.uleb128 0xb
 1528 0089 3B       		.uleb128 0x3b
 1529 008a 05       		.uleb128 0x5
 1530 008b 49       		.uleb128 0x49
 1531 008c 13       		.uleb128 0x13
 1532 008d 38       		.uleb128 0x38
 1533 008e 0A       		.uleb128 0xa
 1534 008f 00       		.byte	0
 1535 0090 00       		.byte	0
 1536 0091 0C       		.uleb128 0xc
 1537 0092 13       		.uleb128 0x13
 1538 0093 01       		.byte	0x1
 1539 0094 03       		.uleb128 0x3
 1540 0095 0E       		.uleb128 0xe
 1541 0096 0B       		.uleb128 0xb
 1542 0097 0B       		.uleb128 0xb
 1543 0098 3A       		.uleb128 0x3a
 1544 0099 0B       		.uleb128 0xb
 1545 009a 3B       		.uleb128 0x3b
 1546 009b 05       		.uleb128 0x5
 1547 009c 01       		.uleb128 0x1
 1548 009d 13       		.uleb128 0x13
 1549 009e 00       		.byte	0
 1550 009f 00       		.byte	0
 1551 00a0 0D       		.uleb128 0xd
 1552 00a1 15       		.uleb128 0x15
 1553 00a2 01       		.byte	0x1
 1554 00a3 27       		.uleb128 0x27
 1555 00a4 0C       		.uleb128 0xc
 1556 00a5 01       		.uleb128 0x1
 1557 00a6 13       		.uleb128 0x13
 1558 00a7 00       		.byte	0
 1559 00a8 00       		.byte	0
 1560 00a9 0E       		.uleb128 0xe
 1561 00aa 05       		.uleb128 0x5
 1562 00ab 00       		.byte	0
 1563 00ac 49       		.uleb128 0x49
 1564 00ad 13       		.uleb128 0x13
 1565 00ae 00       		.byte	0
 1566 00af 00       		.byte	0
 1567 00b0 0F       		.uleb128 0xf
 1568 00b1 35       		.uleb128 0x35
 1569 00b2 00       		.byte	0
 1570 00b3 49       		.uleb128 0x49
 1571 00b4 13       		.uleb128 0x13
 1572 00b5 00       		.byte	0
 1573 00b6 00       		.byte	0
 1574 00b7 10       		.uleb128 0x10
 1575 00b8 17       		.uleb128 0x17
 1576 00b9 01       		.byte	0x1
 1577 00ba 0B       		.uleb128 0xb
 1578 00bb 0B       		.uleb128 0xb
 1579 00bc 3A       		.uleb128 0x3a
 1580 00bd 0B       		.uleb128 0xb
 1581 00be 3B       		.uleb128 0x3b
 1582 00bf 0B       		.uleb128 0xb
 1583 00c0 01       		.uleb128 0x1
ARM GAS  /tmp/ccJ25vvG.s 			page 29


 1584 00c1 13       		.uleb128 0x13
 1585 00c2 00       		.byte	0
 1586 00c3 00       		.byte	0
 1587 00c4 11       		.uleb128 0x11
 1588 00c5 0D       		.uleb128 0xd
 1589 00c6 00       		.byte	0
 1590 00c7 03       		.uleb128 0x3
 1591 00c8 0E       		.uleb128 0xe
 1592 00c9 3A       		.uleb128 0x3a
 1593 00ca 0B       		.uleb128 0xb
 1594 00cb 3B       		.uleb128 0x3b
 1595 00cc 0B       		.uleb128 0xb
 1596 00cd 49       		.uleb128 0x49
 1597 00ce 13       		.uleb128 0x13
 1598 00cf 00       		.byte	0
 1599 00d0 00       		.byte	0
 1600 00d1 12       		.uleb128 0x12
 1601 00d2 26       		.uleb128 0x26
 1602 00d3 00       		.byte	0
 1603 00d4 49       		.uleb128 0x49
 1604 00d5 13       		.uleb128 0x13
 1605 00d6 00       		.byte	0
 1606 00d7 00       		.byte	0
 1607 00d8 13       		.uleb128 0x13
 1608 00d9 15       		.uleb128 0x15
 1609 00da 01       		.byte	0x1
 1610 00db 27       		.uleb128 0x27
 1611 00dc 0C       		.uleb128 0xc
 1612 00dd 49       		.uleb128 0x49
 1613 00de 13       		.uleb128 0x13
 1614 00df 01       		.uleb128 0x1
 1615 00e0 13       		.uleb128 0x13
 1616 00e1 00       		.byte	0
 1617 00e2 00       		.byte	0
 1618 00e3 14       		.uleb128 0x14
 1619 00e4 01       		.uleb128 0x1
 1620 00e5 01       		.byte	0x1
 1621 00e6 49       		.uleb128 0x49
 1622 00e7 13       		.uleb128 0x13
 1623 00e8 01       		.uleb128 0x1
 1624 00e9 13       		.uleb128 0x13
 1625 00ea 00       		.byte	0
 1626 00eb 00       		.byte	0
 1627 00ec 15       		.uleb128 0x15
 1628 00ed 21       		.uleb128 0x21
 1629 00ee 00       		.byte	0
 1630 00ef 49       		.uleb128 0x49
 1631 00f0 13       		.uleb128 0x13
 1632 00f1 2F       		.uleb128 0x2f
 1633 00f2 0B       		.uleb128 0xb
 1634 00f3 00       		.byte	0
 1635 00f4 00       		.byte	0
 1636 00f5 16       		.uleb128 0x16
 1637 00f6 2E       		.uleb128 0x2e
 1638 00f7 01       		.byte	0x1
 1639 00f8 3F       		.uleb128 0x3f
 1640 00f9 0C       		.uleb128 0xc
ARM GAS  /tmp/ccJ25vvG.s 			page 30


 1641 00fa 03       		.uleb128 0x3
 1642 00fb 0E       		.uleb128 0xe
 1643 00fc 3A       		.uleb128 0x3a
 1644 00fd 0B       		.uleb128 0xb
 1645 00fe 3B       		.uleb128 0x3b
 1646 00ff 0B       		.uleb128 0xb
 1647 0100 27       		.uleb128 0x27
 1648 0101 0C       		.uleb128 0xc
 1649 0102 11       		.uleb128 0x11
 1650 0103 01       		.uleb128 0x1
 1651 0104 12       		.uleb128 0x12
 1652 0105 01       		.uleb128 0x1
 1653 0106 40       		.uleb128 0x40
 1654 0107 0A       		.uleb128 0xa
 1655 0108 9742     		.uleb128 0x2117
 1656 010a 0C       		.uleb128 0xc
 1657 010b 01       		.uleb128 0x1
 1658 010c 13       		.uleb128 0x13
 1659 010d 00       		.byte	0
 1660 010e 00       		.byte	0
 1661 010f 17       		.uleb128 0x17
 1662 0110 05       		.uleb128 0x5
 1663 0111 00       		.byte	0
 1664 0112 03       		.uleb128 0x3
 1665 0113 08       		.uleb128 0x8
 1666 0114 3A       		.uleb128 0x3a
 1667 0115 0B       		.uleb128 0xb
 1668 0116 3B       		.uleb128 0x3b
 1669 0117 0B       		.uleb128 0xb
 1670 0118 49       		.uleb128 0x49
 1671 0119 13       		.uleb128 0x13
 1672 011a 02       		.uleb128 0x2
 1673 011b 06       		.uleb128 0x6
 1674 011c 00       		.byte	0
 1675 011d 00       		.byte	0
 1676 011e 18       		.uleb128 0x18
 1677 011f 2E       		.uleb128 0x2e
 1678 0120 01       		.byte	0x1
 1679 0121 3F       		.uleb128 0x3f
 1680 0122 0C       		.uleb128 0xc
 1681 0123 03       		.uleb128 0x3
 1682 0124 0E       		.uleb128 0xe
 1683 0125 3A       		.uleb128 0x3a
 1684 0126 0B       		.uleb128 0xb
 1685 0127 3B       		.uleb128 0x3b
 1686 0128 0B       		.uleb128 0xb
 1687 0129 27       		.uleb128 0x27
 1688 012a 0C       		.uleb128 0xc
 1689 012b 11       		.uleb128 0x11
 1690 012c 01       		.uleb128 0x1
 1691 012d 12       		.uleb128 0x12
 1692 012e 01       		.uleb128 0x1
 1693 012f 40       		.uleb128 0x40
 1694 0130 06       		.uleb128 0x6
 1695 0131 9742     		.uleb128 0x2117
 1696 0133 0C       		.uleb128 0xc
 1697 0134 01       		.uleb128 0x1
ARM GAS  /tmp/ccJ25vvG.s 			page 31


 1698 0135 13       		.uleb128 0x13
 1699 0136 00       		.byte	0
 1700 0137 00       		.byte	0
 1701 0138 19       		.uleb128 0x19
 1702 0139 34       		.uleb128 0x34
 1703 013a 00       		.byte	0
 1704 013b 03       		.uleb128 0x3
 1705 013c 0E       		.uleb128 0xe
 1706 013d 3A       		.uleb128 0x3a
 1707 013e 0B       		.uleb128 0xb
 1708 013f 3B       		.uleb128 0x3b
 1709 0140 0B       		.uleb128 0xb
 1710 0141 49       		.uleb128 0x49
 1711 0142 13       		.uleb128 0x13
 1712 0143 02       		.uleb128 0x2
 1713 0144 0A       		.uleb128 0xa
 1714 0145 00       		.byte	0
 1715 0146 00       		.byte	0
 1716 0147 1A       		.uleb128 0x1a
 1717 0148 0B       		.uleb128 0xb
 1718 0149 01       		.byte	0x1
 1719 014a 11       		.uleb128 0x11
 1720 014b 01       		.uleb128 0x1
 1721 014c 12       		.uleb128 0x12
 1722 014d 01       		.uleb128 0x1
 1723 014e 01       		.uleb128 0x1
 1724 014f 13       		.uleb128 0x13
 1725 0150 00       		.byte	0
 1726 0151 00       		.byte	0
 1727 0152 1B       		.uleb128 0x1b
 1728 0153 34       		.uleb128 0x34
 1729 0154 00       		.byte	0
 1730 0155 03       		.uleb128 0x3
 1731 0156 08       		.uleb128 0x8
 1732 0157 3A       		.uleb128 0x3a
 1733 0158 0B       		.uleb128 0xb
 1734 0159 3B       		.uleb128 0x3b
 1735 015a 0B       		.uleb128 0xb
 1736 015b 49       		.uleb128 0x49
 1737 015c 13       		.uleb128 0x13
 1738 015d 02       		.uleb128 0x2
 1739 015e 06       		.uleb128 0x6
 1740 015f 00       		.byte	0
 1741 0160 00       		.byte	0
 1742 0161 1C       		.uleb128 0x1c
 1743 0162 898201   		.uleb128 0x4109
 1744 0165 00       		.byte	0
 1745 0166 11       		.uleb128 0x11
 1746 0167 01       		.uleb128 0x1
 1747 0168 31       		.uleb128 0x31
 1748 0169 13       		.uleb128 0x13
 1749 016a 00       		.byte	0
 1750 016b 00       		.byte	0
 1751 016c 1D       		.uleb128 0x1d
 1752 016d 898201   		.uleb128 0x4109
 1753 0170 01       		.byte	0x1
 1754 0171 11       		.uleb128 0x11
ARM GAS  /tmp/ccJ25vvG.s 			page 32


 1755 0172 01       		.uleb128 0x1
 1756 0173 31       		.uleb128 0x31
 1757 0174 13       		.uleb128 0x13
 1758 0175 01       		.uleb128 0x1
 1759 0176 13       		.uleb128 0x13
 1760 0177 00       		.byte	0
 1761 0178 00       		.byte	0
 1762 0179 1E       		.uleb128 0x1e
 1763 017a 8A8201   		.uleb128 0x410a
 1764 017d 00       		.byte	0
 1765 017e 02       		.uleb128 0x2
 1766 017f 0A       		.uleb128 0xa
 1767 0180 9142     		.uleb128 0x2111
 1768 0182 0A       		.uleb128 0xa
 1769 0183 00       		.byte	0
 1770 0184 00       		.byte	0
 1771 0185 1F       		.uleb128 0x1f
 1772 0186 898201   		.uleb128 0x4109
 1773 0189 01       		.byte	0x1
 1774 018a 11       		.uleb128 0x11
 1775 018b 01       		.uleb128 0x1
 1776 018c 31       		.uleb128 0x31
 1777 018d 13       		.uleb128 0x13
 1778 018e 00       		.byte	0
 1779 018f 00       		.byte	0
 1780 0190 20       		.uleb128 0x20
 1781 0191 2E       		.uleb128 0x2e
 1782 0192 01       		.byte	0x1
 1783 0193 3F       		.uleb128 0x3f
 1784 0194 0C       		.uleb128 0xc
 1785 0195 03       		.uleb128 0x3
 1786 0196 0E       		.uleb128 0xe
 1787 0197 3A       		.uleb128 0x3a
 1788 0198 0B       		.uleb128 0xb
 1789 0199 3B       		.uleb128 0x3b
 1790 019a 0B       		.uleb128 0xb
 1791 019b 27       		.uleb128 0x27
 1792 019c 0C       		.uleb128 0xc
 1793 019d 11       		.uleb128 0x11
 1794 019e 01       		.uleb128 0x1
 1795 019f 12       		.uleb128 0x12
 1796 01a0 01       		.uleb128 0x1
 1797 01a1 40       		.uleb128 0x40
 1798 01a2 06       		.uleb128 0x6
 1799 01a3 9642     		.uleb128 0x2116
 1800 01a5 0C       		.uleb128 0xc
 1801 01a6 01       		.uleb128 0x1
 1802 01a7 13       		.uleb128 0x13
 1803 01a8 00       		.byte	0
 1804 01a9 00       		.byte	0
 1805 01aa 21       		.uleb128 0x21
 1806 01ab 0B       		.uleb128 0xb
 1807 01ac 01       		.byte	0x1
 1808 01ad 11       		.uleb128 0x11
 1809 01ae 01       		.uleb128 0x1
 1810 01af 12       		.uleb128 0x12
 1811 01b0 01       		.uleb128 0x1
ARM GAS  /tmp/ccJ25vvG.s 			page 33


 1812 01b1 00       		.byte	0
 1813 01b2 00       		.byte	0
 1814 01b3 22       		.uleb128 0x22
 1815 01b4 34       		.uleb128 0x34
 1816 01b5 00       		.byte	0
 1817 01b6 03       		.uleb128 0x3
 1818 01b7 0E       		.uleb128 0xe
 1819 01b8 3A       		.uleb128 0x3a
 1820 01b9 0B       		.uleb128 0xb
 1821 01ba 3B       		.uleb128 0x3b
 1822 01bb 0B       		.uleb128 0xb
 1823 01bc 49       		.uleb128 0x49
 1824 01bd 13       		.uleb128 0x13
 1825 01be 3F       		.uleb128 0x3f
 1826 01bf 0C       		.uleb128 0xc
 1827 01c0 3C       		.uleb128 0x3c
 1828 01c1 0C       		.uleb128 0xc
 1829 01c2 00       		.byte	0
 1830 01c3 00       		.byte	0
 1831 01c4 23       		.uleb128 0x23
 1832 01c5 34       		.uleb128 0x34
 1833 01c6 00       		.byte	0
 1834 01c7 03       		.uleb128 0x3
 1835 01c8 0E       		.uleb128 0xe
 1836 01c9 3A       		.uleb128 0x3a
 1837 01ca 0B       		.uleb128 0xb
 1838 01cb 3B       		.uleb128 0x3b
 1839 01cc 0B       		.uleb128 0xb
 1840 01cd 49       		.uleb128 0x49
 1841 01ce 13       		.uleb128 0x13
 1842 01cf 3F       		.uleb128 0x3f
 1843 01d0 0C       		.uleb128 0xc
 1844 01d1 02       		.uleb128 0x2
 1845 01d2 0A       		.uleb128 0xa
 1846 01d3 00       		.byte	0
 1847 01d4 00       		.byte	0
 1848 01d5 24       		.uleb128 0x24
 1849 01d6 2E       		.uleb128 0x2e
 1850 01d7 00       		.byte	0
 1851 01d8 3F       		.uleb128 0x3f
 1852 01d9 0C       		.uleb128 0xc
 1853 01da 03       		.uleb128 0x3
 1854 01db 0E       		.uleb128 0xe
 1855 01dc 3A       		.uleb128 0x3a
 1856 01dd 0B       		.uleb128 0xb
 1857 01de 3B       		.uleb128 0x3b
 1858 01df 05       		.uleb128 0x5
 1859 01e0 27       		.uleb128 0x27
 1860 01e1 0C       		.uleb128 0xc
 1861 01e2 3C       		.uleb128 0x3c
 1862 01e3 0C       		.uleb128 0xc
 1863 01e4 00       		.byte	0
 1864 01e5 00       		.byte	0
 1865 01e6 25       		.uleb128 0x25
 1866 01e7 2E       		.uleb128 0x2e
 1867 01e8 00       		.byte	0
 1868 01e9 3F       		.uleb128 0x3f
ARM GAS  /tmp/ccJ25vvG.s 			page 34


 1869 01ea 0C       		.uleb128 0xc
 1870 01eb 03       		.uleb128 0x3
 1871 01ec 0E       		.uleb128 0xe
 1872 01ed 3A       		.uleb128 0x3a
 1873 01ee 0B       		.uleb128 0xb
 1874 01ef 3B       		.uleb128 0x3b
 1875 01f0 0B       		.uleb128 0xb
 1876 01f1 27       		.uleb128 0x27
 1877 01f2 0C       		.uleb128 0xc
 1878 01f3 3C       		.uleb128 0x3c
 1879 01f4 0C       		.uleb128 0xc
 1880 01f5 00       		.byte	0
 1881 01f6 00       		.byte	0
 1882 01f7 26       		.uleb128 0x26
 1883 01f8 2E       		.uleb128 0x2e
 1884 01f9 01       		.byte	0x1
 1885 01fa 3F       		.uleb128 0x3f
 1886 01fb 0C       		.uleb128 0xc
 1887 01fc 03       		.uleb128 0x3
 1888 01fd 0E       		.uleb128 0xe
 1889 01fe 3A       		.uleb128 0x3a
 1890 01ff 0B       		.uleb128 0xb
 1891 0200 3B       		.uleb128 0x3b
 1892 0201 05       		.uleb128 0x5
 1893 0202 27       		.uleb128 0x27
 1894 0203 0C       		.uleb128 0xc
 1895 0204 49       		.uleb128 0x49
 1896 0205 13       		.uleb128 0x13
 1897 0206 3C       		.uleb128 0x3c
 1898 0207 0C       		.uleb128 0xc
 1899 0208 01       		.uleb128 0x1
 1900 0209 13       		.uleb128 0x13
 1901 020a 00       		.byte	0
 1902 020b 00       		.byte	0
 1903 020c 27       		.uleb128 0x27
 1904 020d 2E       		.uleb128 0x2e
 1905 020e 01       		.byte	0x1
 1906 020f 3F       		.uleb128 0x3f
 1907 0210 0C       		.uleb128 0xc
 1908 0211 03       		.uleb128 0x3
 1909 0212 0E       		.uleb128 0xe
 1910 0213 3A       		.uleb128 0x3a
 1911 0214 0B       		.uleb128 0xb
 1912 0215 3B       		.uleb128 0x3b
 1913 0216 05       		.uleb128 0x5
 1914 0217 27       		.uleb128 0x27
 1915 0218 0C       		.uleb128 0xc
 1916 0219 49       		.uleb128 0x49
 1917 021a 13       		.uleb128 0x13
 1918 021b 3C       		.uleb128 0x3c
 1919 021c 0C       		.uleb128 0xc
 1920 021d 00       		.byte	0
 1921 021e 00       		.byte	0
 1922 021f 00       		.byte	0
 1923              		.section	.debug_loc,"",%progbits
 1924              	.Ldebug_loc0:
 1925              	.LLST0:
ARM GAS  /tmp/ccJ25vvG.s 			page 35


 1926 0000 00000000 		.4byte	.LVL0
 1927 0004 06000000 		.4byte	.LVL1
 1928 0008 0100     		.2byte	0x1
 1929 000a 50       		.byte	0x50
 1930 000b 06000000 		.4byte	.LVL1
 1931 000f 14000000 		.4byte	.LFE7
 1932 0013 0400     		.2byte	0x4
 1933 0015 F3       		.byte	0xf3
 1934 0016 01       		.uleb128 0x1
 1935 0017 50       		.byte	0x50
 1936 0018 9F       		.byte	0x9f
 1937 0019 00000000 		.4byte	0
 1938 001d 00000000 		.4byte	0
 1939              	.LLST1:
 1940 0021 00000000 		.4byte	.LFB8
 1941 0025 02000000 		.4byte	.LCFI0
 1942 0029 0200     		.2byte	0x2
 1943 002b 7D       		.byte	0x7d
 1944 002c 00       		.sleb128 0
 1945 002d 02000000 		.4byte	.LCFI0
 1946 0031 04000000 		.4byte	.LCFI1
 1947 0035 0200     		.2byte	0x2
 1948 0037 7D       		.byte	0x7d
 1949 0038 04       		.sleb128 4
 1950 0039 04000000 		.4byte	.LCFI1
 1951 003d 64000000 		.4byte	.LFE8
 1952 0041 0200     		.2byte	0x2
 1953 0043 7D       		.byte	0x7d
 1954 0044 10       		.sleb128 16
 1955 0045 00000000 		.4byte	0
 1956 0049 00000000 		.4byte	0
 1957              	.LLST2:
 1958 004d 3C000000 		.4byte	.LVL9
 1959 0051 52000000 		.4byte	.LVL10
 1960 0055 0100     		.2byte	0x1
 1961 0057 53       		.byte	0x53
 1962 0058 00000000 		.4byte	0
 1963 005c 00000000 		.4byte	0
 1964              	.LLST3:
 1965 0060 00000000 		.4byte	.LFB9
 1966 0064 02000000 		.4byte	.LCFI2
 1967 0068 0200     		.2byte	0x2
 1968 006a 7D       		.byte	0x7d
 1969 006b 00       		.sleb128 0
 1970 006c 02000000 		.4byte	.LCFI2
 1971 0070 4C000000 		.4byte	.LFE9
 1972 0074 0200     		.2byte	0x2
 1973 0076 7D       		.byte	0x7d
 1974 0077 10       		.sleb128 16
 1975 0078 00000000 		.4byte	0
 1976 007c 00000000 		.4byte	0
 1977              	.LLST4:
 1978 0080 2A000000 		.4byte	.LVL12
 1979 0084 39000000 		.4byte	.LVL14-1
 1980 0088 0100     		.2byte	0x1
 1981 008a 53       		.byte	0x53
 1982 008b 3C000000 		.4byte	.LVL15
ARM GAS  /tmp/ccJ25vvG.s 			page 36


 1983 008f 42000000 		.4byte	.LVL16
 1984 0093 0100     		.2byte	0x1
 1985 0095 53       		.byte	0x53
 1986 0096 00000000 		.4byte	0
 1987 009a 00000000 		.4byte	0
 1988              	.LLST5:
 1989 009e 30000000 		.4byte	.LVL13
 1990 00a2 39000000 		.4byte	.LVL14-1
 1991 00a6 0100     		.2byte	0x1
 1992 00a8 51       		.byte	0x51
 1993 00a9 00000000 		.4byte	0
 1994 00ad 00000000 		.4byte	0
 1995              		.section	.debug_aranges,"",%progbits
 1996 0000 2C000000 		.4byte	0x2c
 1997 0004 0200     		.2byte	0x2
 1998 0006 00000000 		.4byte	.Ldebug_info0
 1999 000a 04       		.byte	0x4
 2000 000b 00       		.byte	0
 2001 000c 0000     		.2byte	0
 2002 000e 0000     		.2byte	0
 2003 0010 00000000 		.4byte	.LFB7
 2004 0014 14000000 		.4byte	.LFE7-.LFB7
 2005 0018 00000000 		.4byte	.LFB8
 2006 001c 64000000 		.4byte	.LFE8-.LFB8
 2007 0020 00000000 		.4byte	.LFB9
 2008 0024 4C000000 		.4byte	.LFE9-.LFB9
 2009 0028 00000000 		.4byte	0
 2010 002c 00000000 		.4byte	0
 2011              		.section	.debug_ranges,"",%progbits
 2012              	.Ldebug_ranges0:
 2013 0000 00000000 		.4byte	.LFB7
 2014 0004 14000000 		.4byte	.LFE7
 2015 0008 00000000 		.4byte	.LFB8
 2016 000c 64000000 		.4byte	.LFE8
 2017 0010 00000000 		.4byte	.LFB9
 2018 0014 4C000000 		.4byte	.LFE9
 2019 0018 00000000 		.4byte	0
 2020 001c 00000000 		.4byte	0
 2021              		.section	.debug_line,"",%progbits
 2022              	.Ldebug_line0:
 2023 0000 03020000 		.section	.debug_str,"MS",%progbits,1
 2023      0200AD01 
 2023      00000201 
 2023      FB0E0D00 
 2023      01010101 
 2024              	.LASF75:
 2025 0000 7466756E 		.ascii	"tfunc_t\000"
 2025      635F7400 
 2026              	.LASF86:
 2027 0008 63665F6F 		.ascii	"cf_off_older\000"
 2027      66665F6F 
 2027      6C646572 
 2027      00
 2028              	.LASF37:
 2029 0015 705F6D73 		.ascii	"p_msg\000"
 2029      6700
 2030              	.LASF2:
ARM GAS  /tmp/ccJ25vvG.s 			page 37


 2031 001b 73697A65 		.ascii	"size_t\000"
 2031      5F7400
 2032              	.LASF70:
 2033 0022 7264796D 		.ascii	"rdymsg\000"
 2033      736700
 2034              	.LASF13:
 2035 0029 75696E74 		.ascii	"uint64_t\000"
 2035      36345F74 
 2035      00
 2036              	.LASF99:
 2037 0032 76746C69 		.ascii	"vtlist\000"
 2037      737400
 2038              	.LASF98:
 2039 0039 63685379 		.ascii	"chSysTimerHandlerI\000"
 2039      7354696D 
 2039      65724861 
 2039      6E646C65 
 2039      724900
 2040              	.LASF14:
 2041 004c 6C6F6E67 		.ascii	"long long unsigned int\000"
 2041      206C6F6E 
 2041      6720756E 
 2041      7369676E 
 2041      65642069 
 2042              	.LASF82:
 2043 0063 63685F74 		.ascii	"ch_threadsize\000"
 2043      68726561 
 2043      6473697A 
 2043      6500
 2044              	.LASF71:
 2045 0071 65786974 		.ascii	"exitcode\000"
 2045      636F6465 
 2045      00
 2046              	.LASF97:
 2047 007a 6D61696E 		.ascii	"mainthread\000"
 2047      74687265 
 2047      616400
 2048              	.LASF26:
 2049 0085 705F7072 		.ascii	"p_prio\000"
 2049      696F00
 2050              	.LASF89:
 2051 008c 63665F6F 		.ascii	"cf_off_state\000"
 2051      66665F73 
 2051      74617465 
 2051      00
 2052              	.LASF104:
 2053 0099 5F736368 		.ascii	"_scheduler_init\000"
 2053      6564756C 
 2053      65725F69 
 2053      6E697400 
 2054              	.LASF12:
 2055 00a9 6C6F6E67 		.ascii	"long long int\000"
 2055      206C6F6E 
 2055      6720696E 
 2055      7400
 2056              	.LASF1:
 2057 00b7 7369676E 		.ascii	"signed char\000"
ARM GAS  /tmp/ccJ25vvG.s 			page 38


 2057      65642063 
 2057      68617200 
 2058              	.LASF88:
 2059 00c3 63665F6F 		.ascii	"cf_off_stklimit\000"
 2059      66665F73 
 2059      746B6C69 
 2059      6D697400 
 2060              	.LASF90:
 2061 00d3 63665F6F 		.ascii	"cf_off_flags\000"
 2061      66665F66 
 2061      6C616773 
 2061      00
 2062              	.LASF41:
 2063 00e0 705F6D70 		.ascii	"p_mpool\000"
 2063      6F6F6C00 
 2064              	.LASF67:
 2065 00e8 6D5F7175 		.ascii	"m_queue\000"
 2065      65756500 
 2066              	.LASF76:
 2067 00f0 63685F69 		.ascii	"ch_identifier\000"
 2067      64656E74 
 2067      69666965 
 2067      7200
 2068              	.LASF9:
 2069 00fe 6C6F6E67 		.ascii	"long int\000"
 2069      20696E74 
 2069      00
 2070              	.LASF16:
 2071 0107 74737461 		.ascii	"tstate_t\000"
 2071      74655F74 
 2071      00
 2072              	.LASF6:
 2073 0110 75696E74 		.ascii	"uint16_t\000"
 2073      31365F74 
 2073      00
 2074              	.LASF94:
 2075 0119 63686465 		.ascii	"chdebug_t\000"
 2075      6275675F 
 2075      7400
 2076              	.LASF28:
 2077 0123 705F6E65 		.ascii	"p_newer\000"
 2077      77657200 
 2078              	.LASF102:
 2079 012b 5F69646C 		.ascii	"_idle_thread_wa\000"
 2079      655F7468 
 2079      72656164 
 2079      5F776100 
 2080              	.LASF61:
 2081 013b 725F6E65 		.ascii	"r_newer\000"
 2081      77657200 
 2082              	.LASF44:
 2083 0143 72656761 		.ascii	"regarm_t\000"
 2083      726D5F74 
 2083      00
 2084              	.LASF52:
 2085 014c 76745F70 		.ascii	"vt_prev\000"
 2085      72657600 
ARM GAS  /tmp/ccJ25vvG.s 			page 39


 2086              	.LASF96:
 2087 0154 63685379 		.ascii	"chSysInit\000"
 2087      73496E69 
 2087      7400
 2088              	.LASF107:
 2089 015e 5F686561 		.ascii	"_heap_init\000"
 2089      705F696E 
 2089      697400
 2090              	.LASF22:
 2091 0169 636E745F 		.ascii	"cnt_t\000"
 2091      7400
 2092              	.LASF0:
 2093 016f 756E7369 		.ascii	"unsigned int\000"
 2093      676E6564 
 2093      20696E74 
 2093      00
 2094              	.LASF111:
 2095 017c 5F746872 		.ascii	"_thread_init\000"
 2095      6561645F 
 2095      696E6974 
 2095      00
 2096              	.LASF51:
 2097 0189 76745F6E 		.ascii	"vt_next\000"
 2097      65787400 
 2098              	.LASF11:
 2099 0191 6C6F6E67 		.ascii	"long unsigned int\000"
 2099      20756E73 
 2099      69676E65 
 2099      6420696E 
 2099      7400
 2100              	.LASF101:
 2101 01a3 63685F64 		.ascii	"ch_debug\000"
 2101      65627567 
 2101      00
 2102              	.LASF47:
 2103 01ac 636F6E74 		.ascii	"context\000"
 2103      65787400 
 2104              	.LASF7:
 2105 01b4 73686F72 		.ascii	"short unsigned int\000"
 2105      7420756E 
 2105      7369676E 
 2105      65642069 
 2105      6E7400
 2106              	.LASF19:
 2107 01c7 6D73675F 		.ascii	"msg_t\000"
 2107      7400
 2108              	.LASF15:
 2109 01cd 746D6F64 		.ascii	"tmode_t\000"
 2109      655F7400 
 2110              	.LASF43:
 2111 01d5 54687265 		.ascii	"ThreadsList\000"
 2111      6164734C 
 2111      69737400 
 2112              	.LASF20:
 2113 01e1 6576656E 		.ascii	"eventmask_t\000"
 2113      746D6173 
 2113      6B5F7400 
ARM GAS  /tmp/ccJ25vvG.s 			page 40


 2114              	.LASF66:
 2115 01ed 4D757465 		.ascii	"Mutex\000"
 2115      7800
 2116              	.LASF45:
 2117 01f3 73746B61 		.ascii	"stkalign_t\000"
 2117      6C69676E 
 2117      5F7400
 2118              	.LASF112:
 2119 01fe 63685468 		.ascii	"chThdCreateStatic\000"
 2119      64437265 
 2119      61746553 
 2119      74617469 
 2119      6300
 2120              	.LASF77:
 2121 0210 63685F7A 		.ascii	"ch_zero\000"
 2121      65726F00 
 2122              	.LASF91:
 2123 0218 63665F6F 		.ascii	"cf_off_refs\000"
 2123      66665F72 
 2123      65667300 
 2124              	.LASF53:
 2125 0224 76745F74 		.ascii	"vt_time\000"
 2125      696D6500 
 2126              	.LASF48:
 2127 022c 73697A65 		.ascii	"sizetype\000"
 2127      74797065 
 2127      00
 2128              	.LASF54:
 2129 0235 76745F66 		.ascii	"vt_func\000"
 2129      756E6300 
 2130              	.LASF81:
 2131 023d 63685F74 		.ascii	"ch_timesize\000"
 2131      696D6573 
 2131      697A6500 
 2132              	.LASF87:
 2133 0249 63665F6F 		.ascii	"cf_off_name\000"
 2133      66665F6E 
 2133      616D6500 
 2134              	.LASF29:
 2135 0255 705F6F6C 		.ascii	"p_older\000"
 2135      64657200 
 2136              	.LASF60:
 2137 025d 725F6374 		.ascii	"r_ctx\000"
 2137      7800
 2138              	.LASF42:
 2139 0263 54687265 		.ascii	"ThreadsQueue\000"
 2139      61647351 
 2139      75657565 
 2139      00
 2140              	.LASF78:
 2141 0270 63685F73 		.ascii	"ch_size\000"
 2141      697A6500 
 2142              	.LASF64:
 2143 0278 725F6375 		.ascii	"r_current\000"
 2143      7272656E 
 2143      7400
 2144              	.LASF62:
ARM GAS  /tmp/ccJ25vvG.s 			page 41


 2145 0282 725F6F6C 		.ascii	"r_older\000"
 2145      64657200 
 2146              	.LASF95:
 2147 028a 5F69646C 		.ascii	"_idle_thread\000"
 2147      655F7468 
 2147      72656164 
 2147      00
 2148              	.LASF17:
 2149 0297 74726566 		.ascii	"trefs_t\000"
 2149      735F7400 
 2150              	.LASF80:
 2151 029f 63685F70 		.ascii	"ch_ptrsize\000"
 2151      74727369 
 2151      7A6500
 2152              	.LASF25:
 2153 02aa 705F7072 		.ascii	"p_prev\000"
 2153      657600
 2154              	.LASF18:
 2155 02b1 74707269 		.ascii	"tprio_t\000"
 2155      6F5F7400 
 2156              	.LASF108:
 2157 02b9 474E5520 		.ascii	"GNU C 4.7.3 20130312 (release) [ARM/embedded-4_7-br"
 2157      4320342E 
 2157      372E3320 
 2157      32303133 
 2157      30333132 
 2158 02ec 616E6368 		.ascii	"anch revision 196615]\000"
 2158      20726576 
 2158      6973696F 
 2158      6E203139 
 2158      36363135 
 2159              	.LASF8:
 2160 0302 696E7433 		.ascii	"int32_t\000"
 2160      325F7400 
 2161              	.LASF4:
 2162 030a 756E7369 		.ascii	"unsigned char\000"
 2162      676E6564 
 2162      20636861 
 2162      7200
 2163              	.LASF106:
 2164 0318 5F636F72 		.ascii	"_core_init\000"
 2164      655F696E 
 2164      697400
 2165              	.LASF39:
 2166 0323 705F6D74 		.ascii	"p_mtxlist\000"
 2166      786C6973 
 2166      7400
 2167              	.LASF5:
 2168 032d 73686F72 		.ascii	"short int\000"
 2168      7420696E 
 2168      7400
 2169              	.LASF31:
 2170 0337 705F7374 		.ascii	"p_state\000"
 2170      61746500 
 2171              	.LASF93:
 2172 033f 63665F6F 		.ascii	"cf_off_time\000"
 2172      66665F74 
ARM GAS  /tmp/ccJ25vvG.s 			page 42


 2172      696D6500 
 2173              	.LASF59:
 2174 034b 725F7072 		.ascii	"r_prio\000"
 2174      696F00
 2175              	.LASF73:
 2176 0352 65776D61 		.ascii	"ewmask\000"
 2176      736B00
 2177              	.LASF24:
 2178 0359 705F6E65 		.ascii	"p_next\000"
 2178      787400
 2179              	.LASF92:
 2180 0360 63665F6F 		.ascii	"cf_off_preempt\000"
 2180      66665F70 
 2180      7265656D 
 2180      707400
 2181              	.LASF32:
 2182 036f 705F666C 		.ascii	"p_flags\000"
 2182      61677300 
 2183              	.LASF23:
 2184 0377 54687265 		.ascii	"Thread\000"
 2184      616400
 2185              	.LASF85:
 2186 037e 63665F6F 		.ascii	"cf_off_newer\000"
 2186      66665F6E 
 2186      65776572 
 2186      00
 2187              	.LASF38:
 2188 038b 705F6570 		.ascii	"p_epending\000"
 2188      656E6469 
 2188      6E6700
 2189              	.LASF10:
 2190 0396 75696E74 		.ascii	"uint32_t\000"
 2190      33325F74 
 2190      00
 2191              	.LASF83:
 2192 039f 63665F6F 		.ascii	"cf_off_prio\000"
 2192      66665F70 
 2192      72696F00 
 2193              	.LASF58:
 2194 03ab 725F7175 		.ascii	"r_queue\000"
 2194      65756500 
 2195              	.LASF50:
 2196 03b3 56697274 		.ascii	"VirtualTimer\000"
 2196      75616C54 
 2196      696D6572 
 2196      00
 2197              	.LASF74:
 2198 03c0 63686172 		.ascii	"char\000"
 2198      00
 2199              	.LASF110:
 2200 03c5 2F686F6D 		.ascii	"/home/rumman/Documents/ChibiOS_Examples/ADC\000"
 2200      652F7275 
 2200      6D6D616E 
 2200      2F446F63 
 2200      756D656E 
 2201              	.LASF69:
 2202 03f1 6D5F6E65 		.ascii	"m_next\000"
ARM GAS  /tmp/ccJ25vvG.s 			page 43


 2202      787400
 2203              	.LASF21:
 2204 03f8 73797374 		.ascii	"systime_t\000"
 2204      696D655F 
 2204      7400
 2205              	.LASF40:
 2206 0402 705F7265 		.ascii	"p_realprio\000"
 2206      616C7072 
 2206      696F00
 2207              	.LASF49:
 2208 040d 76746675 		.ascii	"vtfunc_t\000"
 2208      6E635F74 
 2208      00
 2209              	.LASF105:
 2210 0416 5F76745F 		.ascii	"_vt_init\000"
 2210      696E6974 
 2210      00
 2211              	.LASF34:
 2212 041f 705F7469 		.ascii	"p_time\000"
 2212      6D6500
 2213              	.LASF46:
 2214 0426 696E7463 		.ascii	"intctx\000"
 2214      747800
 2215              	.LASF36:
 2216 042d 705F6D73 		.ascii	"p_msgqueue\000"
 2216      67717565 
 2216      756500
 2217              	.LASF109:
 2218 0438 2E2E2F2E 		.ascii	"../../ChibiOS_2.4.3/os/kernel/src/chsys.c\000"
 2218      2E2F4368 
 2218      6962694F 
 2218      535F322E 
 2218      342E332F 
 2219              	.LASF55:
 2220 0462 76745F70 		.ascii	"vt_par\000"
 2220      617200
 2221              	.LASF84:
 2222 0469 63665F6F 		.ascii	"cf_off_ctx\000"
 2222      66665F63 
 2222      747800
 2223              	.LASF33:
 2224 0474 705F7265 		.ascii	"p_refs\000"
 2224      667300
 2225              	.LASF65:
 2226 047b 52656164 		.ascii	"ReadyList\000"
 2226      794C6973 
 2226      7400
 2227              	.LASF100:
 2228 0485 726C6973 		.ascii	"rlist\000"
 2228      7400
 2229              	.LASF3:
 2230 048b 75696E74 		.ascii	"uint8_t\000"
 2230      385F7400 
 2231              	.LASF103:
 2232 0493 5F706F72 		.ascii	"_port_init\000"
 2232      745F696E 
 2232      697400
ARM GAS  /tmp/ccJ25vvG.s 			page 44


 2233              	.LASF72:
 2234 049e 77746F62 		.ascii	"wtobjp\000"
 2234      6A7000
 2235              	.LASF30:
 2236 04a5 705F6E61 		.ascii	"p_name\000"
 2236      6D6500
 2237              	.LASF56:
 2238 04ac 76745F73 		.ascii	"vt_systime\000"
 2238      79737469 
 2238      6D6500
 2239              	.LASF79:
 2240 04b7 63685F76 		.ascii	"ch_version\000"
 2240      65727369 
 2240      6F6E00
 2241              	.LASF57:
 2242 04c2 56544C69 		.ascii	"VTList\000"
 2242      737400
 2243              	.LASF63:
 2244 04c9 725F7072 		.ascii	"r_preempt\000"
 2244      65656D70 
 2244      7400
 2245              	.LASF68:
 2246 04d3 6D5F6F77 		.ascii	"m_owner\000"
 2246      6E657200 
 2247              	.LASF27:
 2248 04db 705F6374 		.ascii	"p_ctx\000"
 2248      7800
 2249              	.LASF35:
 2250 04e1 705F7761 		.ascii	"p_waiting\000"
 2250      6974696E 
 2250      6700
 2251              		.ident	"GCC: (GNU Tools for ARM Embedded Processors) 4.7.3 20130312 (release) [ARM/embedded-4_7-br
ARM GAS  /tmp/ccJ25vvG.s 			page 45


DEFINED SYMBOLS
                            *ABS*:00000000 chsys.c
     /tmp/ccJ25vvG.s:19     .text._idle_thread:00000000 $t
     /tmp/ccJ25vvG.s:25     .text._idle_thread:00000000 _idle_thread
     /tmp/ccJ25vvG.s:45     .text._idle_thread:0000000c $d
     /tmp/ccJ25vvG.s:51     .text.chSysInit:00000000 $t
     /tmp/ccJ25vvG.s:57     .text.chSysInit:00000000 chSysInit
     /tmp/ccJ25vvG.s:217    .bss.mainthread.4819:00000000 .LANCHOR0
     /tmp/ccJ25vvG.s:228    .bss._idle_thread_wa:00000000 .LANCHOR1
     /tmp/ccJ25vvG.s:132    .text.chSysTimerHandlerI:00000000 $t
     /tmp/ccJ25vvG.s:138    .text.chSysTimerHandlerI:00000000 chSysTimerHandlerI
     /tmp/ccJ25vvG.s:208    .text.chSysTimerHandlerI:00000044 $d
     /tmp/ccJ25vvG.s:231    .bss._idle_thread_wa:00000000 _idle_thread_wa
     /tmp/ccJ25vvG.s:216    .bss.mainthread.4819:00000000 $d
     /tmp/ccJ25vvG.s:220    .bss.mainthread.4819:00000000 mainthread.4819
     /tmp/ccJ25vvG.s:223    .rodata.str1.4:00000000 $d
     /tmp/ccJ25vvG.s:227    .bss._idle_thread_wa:00000000 $d
                     .debug_frame:00000010 $d
     /tmp/ccJ25vvG.s:50     .text._idle_thread:00000014 $t
     /tmp/ccJ25vvG.s:215    .text.chSysTimerHandlerI:0000004c $t

UNDEFINED SYMBOLS
rlist
_port_init
_scheduler_init
_vt_init
_core_init
_heap_init
_thread_init
ch_debug
chThdCreateStatic
vtlist
