ARM GAS  /tmp/ccO1plq8.s 			page 1


   1              		.syntax unified
   2              		.cpu cortex-m4
   3              		.fpu softvfp
   4              		.eabi_attribute 20, 1
   5              		.eabi_attribute 21, 1
   6              		.eabi_attribute 23, 3
   7              		.eabi_attribute 24, 1
   8              		.eabi_attribute 25, 1
   9              		.eabi_attribute 26, 1
  10              		.eabi_attribute 30, 2
  11              		.eabi_attribute 34, 1
  12              		.eabi_attribute 18, 4
  13              		.thumb
  14              		.file	"pwm.c"
  15              		.text
  16              	.Ltext0:
  17              		.cfi_sections	.debug_frame
  18              		.section	.text.pwmInit,"ax",%progbits
  19              		.align	2
  20              		.p2align 4,,15
  21              		.global	pwmInit
  22              		.thumb
  23              		.thumb_func
  24              		.type	pwmInit, %function
  25              	pwmInit:
  26              	.LFB117:
  27              		.file 1 "../../ChibiOS_2.4.3/os/hal/src/pwm.c"
  28              		.loc 1 68 0
  29              		.cfi_startproc
  30              		@ args = 0, pretend = 0, frame = 0
  31              		@ frame_needed = 0, uses_anonymous_args = 0
  32              		@ link register save eliminated.
  33              		.loc 1 71 0
  34              		.loc 1 70 0
  35 0000 FFF7FEBF 		b	pwm_lld_init
  36              	.LVL0:
  37              		.cfi_endproc
  38              	.LFE117:
  39              		.size	pwmInit, .-pwmInit
  40 0004 AFF30080 		.section	.text.pwmObjectInit,"ax",%progbits
  40      AFF30080 
  40      AFF30080 
  41              		.align	2
  42              		.p2align 4,,15
  43              		.global	pwmObjectInit
  44              		.thumb
  45              		.thumb_func
  46              		.type	pwmObjectInit, %function
  47              	pwmObjectInit:
  48              	.LFB118:
  49              		.loc 1 80 0
  50              		.cfi_startproc
  51              		@ args = 0, pretend = 0, frame = 0
  52              		@ frame_needed = 0, uses_anonymous_args = 0
  53              		@ link register save eliminated.
  54              	.LVL1:
  55              		.loc 1 82 0
ARM GAS  /tmp/ccO1plq8.s 			page 2


  56 0000 0123     		movs	r3, #1
  57              		.loc 1 83 0
  58 0002 0021     		movs	r1, #0
  59              		.loc 1 82 0
  60 0004 0370     		strb	r3, [r0, #0]
  61              		.loc 1 83 0
  62 0006 4160     		str	r1, [r0, #4]
  63 0008 7047     		bx	lr
  64              		.cfi_endproc
  65              	.LFE118:
  66              		.size	pwmObjectInit, .-pwmObjectInit
  67 000a 00BFAFF3 		.section	.text.pwmStart,"ax",%progbits
  67      0080
  68              		.align	2
  69              		.p2align 4,,15
  70              		.global	pwmStart
  71              		.thumb
  72              		.thumb_func
  73              		.type	pwmStart, %function
  74              	pwmStart:
  75              	.LFB119:
  76              		.loc 1 99 0
  77              		.cfi_startproc
  78              		@ args = 0, pretend = 0, frame = 0
  79              		@ frame_needed = 0, uses_anonymous_args = 0
  80              	.LVL2:
  81 0000 10B5     		push	{r4, lr}
  82              	.LCFI0:
  83              		.cfi_def_cfa_offset 8
  84              		.cfi_offset 4, -8
  85              		.cfi_offset 14, -4
  86              	.LBB2:
  87              		.loc 1 103 0
  88 0002 2023     		movs	r3, #32
  89              	.LVL3:
  90              	.LBE2:
  91              		.loc 1 99 0
  92 0004 0446     		mov	r4, r0
  93              	.LBB3:
  94              		.loc 1 103 0
  95              	@ 103 "../../ChibiOS_2.4.3/os/hal/src/pwm.c" 1
  96 0006 83F31188 		msr     BASEPRI, r3
  97              	@ 0 "" 2
  98              	.LVL4:
  99              		.thumb
 100              	.LBE3:
 101              		.loc 1 107 0
 102 000a 8B88     		ldrh	r3, [r1, #4]
 103              	.LVL5:
 104              		.loc 1 106 0
 105 000c 4160     		str	r1, [r0, #4]
 106              		.loc 1 107 0
 107 000e 0381     		strh	r3, [r0, #8]	@ movhi
 108              		.loc 1 108 0
 109 0010 FFF7FEFF 		bl	pwm_lld_start
 110              	.LVL6:
 111              		.loc 1 109 0
ARM GAS  /tmp/ccO1plq8.s 			page 3


 112 0014 0220     		movs	r0, #2
 113 0016 2070     		strb	r0, [r4, #0]
 114              	.LBB4:
 115              		.loc 1 110 0
 116 0018 0023     		movs	r3, #0
 117              	.LVL7:
 118              	@ 110 "../../ChibiOS_2.4.3/os/hal/src/pwm.c" 1
 119 001a 83F31188 		msr     BASEPRI, r3
 120              	@ 0 "" 2
 121              	.LVL8:
 122              		.thumb
 123 001e 10BD     		pop	{r4, pc}
 124              	.LBE4:
 125              		.cfi_endproc
 126              	.LFE119:
 127              		.size	pwmStart, .-pwmStart
 128              		.section	.text.pwmStop,"ax",%progbits
 129              		.align	2
 130              		.p2align 4,,15
 131              		.global	pwmStop
 132              		.thumb
 133              		.thumb_func
 134              		.type	pwmStop, %function
 135              	pwmStop:
 136              	.LFB120:
 137              		.loc 1 120 0
 138              		.cfi_startproc
 139              		@ args = 0, pretend = 0, frame = 0
 140              		@ frame_needed = 0, uses_anonymous_args = 0
 141              	.LVL9:
 142 0000 10B5     		push	{r4, lr}
 143              	.LCFI1:
 144              		.cfi_def_cfa_offset 8
 145              		.cfi_offset 4, -8
 146              		.cfi_offset 14, -4
 147              	.LBB5:
 148              		.loc 1 124 0
 149 0002 2023     		movs	r3, #32
 150              	.LVL10:
 151              	.LBE5:
 152              		.loc 1 120 0
 153 0004 0446     		mov	r4, r0
 154              	.LBB6:
 155              		.loc 1 124 0
 156              	@ 124 "../../ChibiOS_2.4.3/os/hal/src/pwm.c" 1
 157 0006 83F31188 		msr     BASEPRI, r3
 158              	@ 0 "" 2
 159              	.LVL11:
 160              		.thumb
 161              	.LBE6:
 162              		.loc 1 127 0
 163 000a FFF7FEFF 		bl	pwm_lld_stop
 164              	.LVL12:
 165              		.loc 1 128 0
 166 000e 0123     		movs	r3, #1
 167 0010 2370     		strb	r3, [r4, #0]
 168              	.LBB7:
ARM GAS  /tmp/ccO1plq8.s 			page 4


 169              		.loc 1 129 0
 170 0012 0023     		movs	r3, #0
 171              	.LVL13:
 172              	@ 129 "../../ChibiOS_2.4.3/os/hal/src/pwm.c" 1
 173 0014 83F31188 		msr     BASEPRI, r3
 174              	@ 0 "" 2
 175              	.LVL14:
 176              		.thumb
 177 0018 10BD     		pop	{r4, pc}
 178              	.LBE7:
 179              		.cfi_endproc
 180              	.LFE120:
 181              		.size	pwmStop, .-pwmStop
 182 001a 00BFAFF3 		.section	.text.pwmChangePeriod,"ax",%progbits
 182      0080
 183              		.align	2
 184              		.p2align 4,,15
 185              		.global	pwmChangePeriod
 186              		.thumb
 187              		.thumb_func
 188              		.type	pwmChangePeriod, %function
 189              	pwmChangePeriod:
 190              	.LFB121:
 191              		.loc 1 147 0
 192              		.cfi_startproc
 193              		@ args = 0, pretend = 0, frame = 0
 194              		@ frame_needed = 0, uses_anonymous_args = 0
 195              		@ link register save eliminated.
 196              	.LVL15:
 197              	.LBB8:
 198              		.loc 1 151 0
 199 0000 2023     		movs	r3, #32
 200              	.LVL16:
 201              	@ 151 "../../ChibiOS_2.4.3/os/hal/src/pwm.c" 1
 202 0002 83F31188 		msr     BASEPRI, r3
 203              	@ 0 "" 2
 204              	.LVL17:
 205              		.thumb
 206              	.LBE8:
 207              		.loc 1 154 0
 208 0006 0369     		ldr	r3, [r0, #16]
 209              	.LVL18:
 210 0008 0181     		strh	r1, [r0, #8]	@ movhi
 211 000a 0139     		subs	r1, r1, #1
 212              	.LVL19:
 213 000c 88B2     		uxth	r0, r1
 214              	.LVL20:
 215 000e D862     		str	r0, [r3, #44]
 216              	.LBB9:
 217              		.loc 1 155 0
 218 0010 0023     		movs	r3, #0
 219              	.LVL21:
 220              	@ 155 "../../ChibiOS_2.4.3/os/hal/src/pwm.c" 1
 221 0012 83F31188 		msr     BASEPRI, r3
 222              	@ 0 "" 2
 223              	.LVL22:
 224              		.thumb
ARM GAS  /tmp/ccO1plq8.s 			page 5


 225 0016 7047     		bx	lr
 226              	.LBE9:
 227              		.cfi_endproc
 228              	.LFE121:
 229              		.size	pwmChangePeriod, .-pwmChangePeriod
 230 0018 AFF30080 		.section	.text.pwmEnableChannel,"ax",%progbits
 230      AFF30080 
 231              		.align	2
 232              		.p2align 4,,15
 233              		.global	pwmEnableChannel
 234              		.thumb
 235              		.thumb_func
 236              		.type	pwmEnableChannel, %function
 237              	pwmEnableChannel:
 238              	.LFB122:
 239              		.loc 1 174 0
 240              		.cfi_startproc
 241              		@ args = 0, pretend = 0, frame = 0
 242              		@ frame_needed = 0, uses_anonymous_args = 0
 243              	.LVL23:
 244 0000 08B5     		push	{r3, lr}
 245              	.LCFI2:
 246              		.cfi_def_cfa_offset 8
 247              		.cfi_offset 3, -8
 248              		.cfi_offset 14, -4
 249              	.LBB10:
 250              		.loc 1 179 0
 251 0002 2023     		movs	r3, #32
 252              	.LVL24:
 253              	@ 179 "../../ChibiOS_2.4.3/os/hal/src/pwm.c" 1
 254 0004 83F31188 		msr     BASEPRI, r3
 255              	@ 0 "" 2
 256              	.LVL25:
 257              		.thumb
 258              	.LBE10:
 259              		.loc 1 182 0
 260 0008 FFF7FEFF 		bl	pwm_lld_enable_channel
 261              	.LVL26:
 262              	.LBB11:
 263              		.loc 1 183 0
 264 000c 0023     		movs	r3, #0
 265              	.LVL27:
 266              	@ 183 "../../ChibiOS_2.4.3/os/hal/src/pwm.c" 1
 267 000e 83F31188 		msr     BASEPRI, r3
 268              	@ 0 "" 2
 269              	.LVL28:
 270              		.thumb
 271 0012 08BD     		pop	{r3, pc}
 272              	.LBE11:
 273              		.cfi_endproc
 274              	.LFE122:
 275              		.size	pwmEnableChannel, .-pwmEnableChannel
 276 0014 AFF30080 		.section	.text.pwmDisableChannel,"ax",%progbits
 276      AFF30080 
 276      AFF30080 
 277              		.align	2
 278              		.p2align 4,,15
ARM GAS  /tmp/ccO1plq8.s 			page 6


 279              		.global	pwmDisableChannel
 280              		.thumb
 281              		.thumb_func
 282              		.type	pwmDisableChannel, %function
 283              	pwmDisableChannel:
 284              	.LFB123:
 285              		.loc 1 200 0
 286              		.cfi_startproc
 287              		@ args = 0, pretend = 0, frame = 0
 288              		@ frame_needed = 0, uses_anonymous_args = 0
 289              	.LVL29:
 290 0000 08B5     		push	{r3, lr}
 291              	.LCFI3:
 292              		.cfi_def_cfa_offset 8
 293              		.cfi_offset 3, -8
 294              		.cfi_offset 14, -4
 295              	.LBB12:
 296              		.loc 1 205 0
 297 0002 2023     		movs	r3, #32
 298              	.LVL30:
 299              	@ 205 "../../ChibiOS_2.4.3/os/hal/src/pwm.c" 1
 300 0004 83F31188 		msr     BASEPRI, r3
 301              	@ 0 "" 2
 302              	.LVL31:
 303              		.thumb
 304              	.LBE12:
 305              		.loc 1 208 0
 306 0008 FFF7FEFF 		bl	pwm_lld_disable_channel
 307              	.LVL32:
 308              	.LBB13:
 309              		.loc 1 209 0
 310 000c 0023     		movs	r3, #0
 311              	.LVL33:
 312              	@ 209 "../../ChibiOS_2.4.3/os/hal/src/pwm.c" 1
 313 000e 83F31188 		msr     BASEPRI, r3
 314              	@ 0 "" 2
 315              	.LVL34:
 316              		.thumb
 317 0012 08BD     		pop	{r3, pc}
 318              	.LBE13:
 319              		.cfi_endproc
 320              	.LFE123:
 321              		.size	pwmDisableChannel, .-pwmDisableChannel
 322 0014 AFF30080 		.text
 322      AFF30080 
 322      AFF30080 
 323              	.Letext0:
 324              		.file 2 "/opt/ARM/bin/../lib/gcc/arm-none-eabi/4.7.3/../../../../arm-none-eabi/include/stdint.h"
 325              		.file 3 "../../ChibiOS_2.4.3/os/hal/platforms/STM32/stm32.h"
 326              		.file 4 "../../ChibiOS_2.4.3/os/hal/include/pwm.h"
 327              		.file 5 "../../ChibiOS_2.4.3/os/hal/platforms/STM32/pwm_lld.h"
 328              		.file 6 "../../ChibiOS_2.4.3/os/ports/common/ARMCMx/CMSIS/include/core_cm4.h"
 329              		.section	.debug_info,"",%progbits
 330              	.Ldebug_info0:
 331 0000 64070000 		.4byte	0x764
 332 0004 0200     		.2byte	0x2
 333 0006 00000000 		.4byte	.Ldebug_abbrev0
ARM GAS  /tmp/ccO1plq8.s 			page 7


 334 000a 04       		.byte	0x4
 335 000b 01       		.uleb128 0x1
 336 000c 63010000 		.4byte	.LASF70
 337 0010 01       		.byte	0x1
 338 0011 F8010000 		.4byte	.LASF71
 339 0015 B8000000 		.4byte	.LASF72
 340 0019 30000000 		.4byte	.Ldebug_ranges0+0x30
 341 001d 00000000 		.4byte	0
 342 0021 00000000 		.4byte	0
 343 0025 00000000 		.4byte	.Ldebug_line0
 344 0029 02       		.uleb128 0x2
 345 002a 04       		.byte	0x4
 346 002b 05       		.byte	0x5
 347 002c 696E7400 		.ascii	"int\000"
 348 0030 03       		.uleb128 0x3
 349 0031 04       		.byte	0x4
 350 0032 07       		.byte	0x7
 351 0033 3D020000 		.4byte	.LASF0
 352 0037 03       		.uleb128 0x3
 353 0038 01       		.byte	0x1
 354 0039 06       		.byte	0x6
 355 003a 04010000 		.4byte	.LASF1
 356 003e 04       		.uleb128 0x4
 357 003f 8F000000 		.4byte	.LASF4
 358 0043 02       		.byte	0x2
 359 0044 2A       		.byte	0x2a
 360 0045 49000000 		.4byte	0x49
 361 0049 03       		.uleb128 0x3
 362 004a 01       		.byte	0x1
 363 004b 08       		.byte	0x8
 364 004c C1010000 		.4byte	.LASF2
 365 0050 03       		.uleb128 0x3
 366 0051 02       		.byte	0x2
 367 0052 05       		.byte	0x5
 368 0053 23000000 		.4byte	.LASF3
 369 0057 04       		.uleb128 0x4
 370 0058 4A020000 		.4byte	.LASF5
 371 005c 02       		.byte	0x2
 372 005d 36       		.byte	0x36
 373 005e 62000000 		.4byte	0x62
 374 0062 03       		.uleb128 0x3
 375 0063 02       		.byte	0x2
 376 0064 07       		.byte	0x7
 377 0065 81020000 		.4byte	.LASF6
 378 0069 04       		.uleb128 0x4
 379 006a BC020000 		.4byte	.LASF7
 380 006e 02       		.byte	0x2
 381 006f 4F       		.byte	0x4f
 382 0070 74000000 		.4byte	0x74
 383 0074 03       		.uleb128 0x3
 384 0075 04       		.byte	0x4
 385 0076 05       		.byte	0x5
 386 0077 2D010000 		.4byte	.LASF8
 387 007b 04       		.uleb128 0x4
 388 007c 34020000 		.4byte	.LASF9
 389 0080 02       		.byte	0x2
 390 0081 50       		.byte	0x50
ARM GAS  /tmp/ccO1plq8.s 			page 8


 391 0082 86000000 		.4byte	0x86
 392 0086 03       		.uleb128 0x3
 393 0087 04       		.byte	0x4
 394 0088 07       		.byte	0x7
 395 0089 DC020000 		.4byte	.LASF10
 396 008d 03       		.uleb128 0x3
 397 008e 08       		.byte	0x8
 398 008f 05       		.byte	0x5
 399 0090 1F010000 		.4byte	.LASF11
 400 0094 03       		.uleb128 0x3
 401 0095 08       		.byte	0x8
 402 0096 07       		.byte	0x7
 403 0097 1D020000 		.4byte	.LASF12
 404 009b 05       		.uleb128 0x5
 405 009c 7B000000 		.4byte	0x7b
 406 00a0 03       		.uleb128 0x3
 407 00a1 04       		.byte	0x4
 408 00a2 07       		.byte	0x7
 409 00a3 36000000 		.4byte	.LASF13
 410 00a7 03       		.uleb128 0x3
 411 00a8 01       		.byte	0x1
 412 00a9 08       		.byte	0x8
 413 00aa A1020000 		.4byte	.LASF14
 414 00ae 06       		.uleb128 0x6
 415 00af 7B000000 		.4byte	0x7b
 416 00b3 BE000000 		.4byte	0xbe
 417 00b7 07       		.uleb128 0x7
 418 00b8 A0000000 		.4byte	0xa0
 419 00bc 03       		.byte	0x3
 420 00bd 00       		.byte	0
 421 00be 05       		.uleb128 0x5
 422 00bf 57000000 		.4byte	0x57
 423 00c3 05       		.uleb128 0x5
 424 00c4 69000000 		.4byte	0x69
 425 00c8 08       		.uleb128 0x8
 426 00c9 54       		.byte	0x54
 427 00ca 03       		.byte	0x3
 428 00cb 72       		.byte	0x72
 429 00cc 9D020000 		.4byte	0x29d
 430 00d0 09       		.uleb128 0x9
 431 00d1 43523100 		.ascii	"CR1\000"
 432 00d5 03       		.byte	0x3
 433 00d6 73       		.byte	0x73
 434 00d7 BE000000 		.4byte	0xbe
 435 00db 02       		.byte	0x2
 436 00dc 23       		.byte	0x23
 437 00dd 00       		.uleb128 0
 438 00de 0A       		.uleb128 0xa
 439 00df 87000000 		.4byte	.LASF15
 440 00e3 03       		.byte	0x3
 441 00e4 74       		.byte	0x74
 442 00e5 57000000 		.4byte	0x57
 443 00e9 02       		.byte	0x2
 444 00ea 23       		.byte	0x23
 445 00eb 02       		.uleb128 0x2
 446 00ec 09       		.uleb128 0x9
 447 00ed 43523200 		.ascii	"CR2\000"
ARM GAS  /tmp/ccO1plq8.s 			page 9


 448 00f1 03       		.byte	0x3
 449 00f2 75       		.byte	0x75
 450 00f3 BE000000 		.4byte	0xbe
 451 00f7 02       		.byte	0x2
 452 00f8 23       		.byte	0x23
 453 00f9 04       		.uleb128 0x4
 454 00fa 0A       		.uleb128 0xa
 455 00fb 4A030000 		.4byte	.LASF16
 456 00ff 03       		.byte	0x3
 457 0100 76       		.byte	0x76
 458 0101 57000000 		.4byte	0x57
 459 0105 02       		.byte	0x2
 460 0106 23       		.byte	0x23
 461 0107 06       		.uleb128 0x6
 462 0108 0A       		.uleb128 0xa
 463 0109 B1010000 		.4byte	.LASF17
 464 010d 03       		.byte	0x3
 465 010e 77       		.byte	0x77
 466 010f BE000000 		.4byte	0xbe
 467 0113 02       		.byte	0x2
 468 0114 23       		.byte	0x23
 469 0115 08       		.uleb128 0x8
 470 0116 0A       		.uleb128 0xa
 471 0117 97000000 		.4byte	.LASF18
 472 011b 03       		.byte	0x3
 473 011c 78       		.byte	0x78
 474 011d 57000000 		.4byte	0x57
 475 0121 02       		.byte	0x2
 476 0122 23       		.byte	0x23
 477 0123 0A       		.uleb128 0xa
 478 0124 0A       		.uleb128 0xa
 479 0125 58020000 		.4byte	.LASF19
 480 0129 03       		.byte	0x3
 481 012a 79       		.byte	0x79
 482 012b BE000000 		.4byte	0xbe
 483 012f 02       		.byte	0x2
 484 0130 23       		.byte	0x23
 485 0131 0C       		.uleb128 0xc
 486 0132 0A       		.uleb128 0xa
 487 0133 9F000000 		.4byte	.LASF20
 488 0137 03       		.byte	0x3
 489 0138 7A       		.byte	0x7a
 490 0139 57000000 		.4byte	0x57
 491 013d 02       		.byte	0x2
 492 013e 23       		.byte	0x23
 493 013f 0E       		.uleb128 0xe
 494 0140 09       		.uleb128 0x9
 495 0141 535200   		.ascii	"SR\000"
 496 0144 03       		.byte	0x3
 497 0145 7B       		.byte	0x7b
 498 0146 BE000000 		.4byte	0xbe
 499 014a 02       		.byte	0x2
 500 014b 23       		.byte	0x23
 501 014c 10       		.uleb128 0x10
 502 014d 0A       		.uleb128 0xa
 503 014e 6B030000 		.4byte	.LASF21
 504 0152 03       		.byte	0x3
ARM GAS  /tmp/ccO1plq8.s 			page 10


 505 0153 7C       		.byte	0x7c
 506 0154 57000000 		.4byte	0x57
 507 0158 02       		.byte	0x2
 508 0159 23       		.byte	0x23
 509 015a 12       		.uleb128 0x12
 510 015b 09       		.uleb128 0x9
 511 015c 45475200 		.ascii	"EGR\000"
 512 0160 03       		.byte	0x3
 513 0161 7D       		.byte	0x7d
 514 0162 BE000000 		.4byte	0xbe
 515 0166 02       		.byte	0x2
 516 0167 23       		.byte	0x23
 517 0168 14       		.uleb128 0x14
 518 0169 0A       		.uleb128 0xa
 519 016a 73030000 		.4byte	.LASF22
 520 016e 03       		.byte	0x3
 521 016f 7E       		.byte	0x7e
 522 0170 57000000 		.4byte	0x57
 523 0174 02       		.byte	0x2
 524 0175 23       		.byte	0x23
 525 0176 16       		.uleb128 0x16
 526 0177 0A       		.uleb128 0xa
 527 0178 45010000 		.4byte	.LASF23
 528 017c 03       		.byte	0x3
 529 017d 7F       		.byte	0x7f
 530 017e BE000000 		.4byte	0xbe
 531 0182 02       		.byte	0x2
 532 0183 23       		.byte	0x23
 533 0184 18       		.uleb128 0x18
 534 0185 0A       		.uleb128 0xa
 535 0186 E4000000 		.4byte	.LASF24
 536 018a 03       		.byte	0x3
 537 018b 80       		.byte	0x80
 538 018c 57000000 		.4byte	0x57
 539 0190 02       		.byte	0x2
 540 0191 23       		.byte	0x23
 541 0192 1A       		.uleb128 0x1a
 542 0193 0A       		.uleb128 0xa
 543 0194 1D000000 		.4byte	.LASF25
 544 0198 03       		.byte	0x3
 545 0199 81       		.byte	0x81
 546 019a BE000000 		.4byte	0xbe
 547 019e 02       		.byte	0x2
 548 019f 23       		.byte	0x23
 549 01a0 1C       		.uleb128 0x1c
 550 01a1 0A       		.uleb128 0xa
 551 01a2 EC000000 		.4byte	.LASF26
 552 01a6 03       		.byte	0x3
 553 01a7 82       		.byte	0x82
 554 01a8 57000000 		.4byte	0x57
 555 01ac 02       		.byte	0x2
 556 01ad 23       		.byte	0x23
 557 01ae 1E       		.uleb128 0x1e
 558 01af 0A       		.uleb128 0xa
 559 01b0 00000000 		.4byte	.LASF27
 560 01b4 03       		.byte	0x3
 561 01b5 83       		.byte	0x83
ARM GAS  /tmp/ccO1plq8.s 			page 11


 562 01b6 BE000000 		.4byte	0xbe
 563 01ba 02       		.byte	0x2
 564 01bb 23       		.byte	0x23
 565 01bc 20       		.uleb128 0x20
 566 01bd 0A       		.uleb128 0xa
 567 01be F4000000 		.4byte	.LASF28
 568 01c2 03       		.byte	0x3
 569 01c3 84       		.byte	0x84
 570 01c4 57000000 		.4byte	0x57
 571 01c8 02       		.byte	0x2
 572 01c9 23       		.byte	0x23
 573 01ca 22       		.uleb128 0x22
 574 01cb 09       		.uleb128 0x9
 575 01cc 434E5400 		.ascii	"CNT\000"
 576 01d0 03       		.byte	0x3
 577 01d1 85       		.byte	0x85
 578 01d2 9B000000 		.4byte	0x9b
 579 01d6 02       		.byte	0x2
 580 01d7 23       		.byte	0x23
 581 01d8 24       		.uleb128 0x24
 582 01d9 09       		.uleb128 0x9
 583 01da 50534300 		.ascii	"PSC\000"
 584 01de 03       		.byte	0x3
 585 01df 86       		.byte	0x86
 586 01e0 BE000000 		.4byte	0xbe
 587 01e4 02       		.byte	0x2
 588 01e5 23       		.byte	0x23
 589 01e6 28       		.uleb128 0x28
 590 01e7 0A       		.uleb128 0xa
 591 01e8 FC000000 		.4byte	.LASF29
 592 01ec 03       		.byte	0x3
 593 01ed 87       		.byte	0x87
 594 01ee 57000000 		.4byte	0x57
 595 01f2 02       		.byte	0x2
 596 01f3 23       		.byte	0x23
 597 01f4 2A       		.uleb128 0x2a
 598 01f5 09       		.uleb128 0x9
 599 01f6 41525200 		.ascii	"ARR\000"
 600 01fa 03       		.byte	0x3
 601 01fb 88       		.byte	0x88
 602 01fc 9B000000 		.4byte	0x9b
 603 0200 02       		.byte	0x2
 604 0201 23       		.byte	0x23
 605 0202 2C       		.uleb128 0x2c
 606 0203 09       		.uleb128 0x9
 607 0204 52435200 		.ascii	"RCR\000"
 608 0208 03       		.byte	0x3
 609 0209 89       		.byte	0x89
 610 020a BE000000 		.4byte	0xbe
 611 020e 02       		.byte	0x2
 612 020f 23       		.byte	0x23
 613 0210 30       		.uleb128 0x30
 614 0211 0A       		.uleb128 0xa
 615 0212 F4020000 		.4byte	.LASF30
 616 0216 03       		.byte	0x3
 617 0217 8A       		.byte	0x8a
 618 0218 57000000 		.4byte	0x57
ARM GAS  /tmp/ccO1plq8.s 			page 12


 619 021c 02       		.byte	0x2
 620 021d 23       		.byte	0x23
 621 021e 32       		.uleb128 0x32
 622 021f 09       		.uleb128 0x9
 623 0220 43435200 		.ascii	"CCR\000"
 624 0224 03       		.byte	0x3
 625 0225 8B       		.byte	0x8b
 626 0226 9D020000 		.4byte	0x29d
 627 022a 02       		.byte	0x2
 628 022b 23       		.byte	0x23
 629 022c 34       		.uleb128 0x34
 630 022d 0A       		.uleb128 0xa
 631 022e 53020000 		.4byte	.LASF31
 632 0232 03       		.byte	0x3
 633 0233 8C       		.byte	0x8c
 634 0234 BE000000 		.4byte	0xbe
 635 0238 02       		.byte	0x2
 636 0239 23       		.byte	0x23
 637 023a 44       		.uleb128 0x44
 638 023b 0A       		.uleb128 0xa
 639 023c 5D020000 		.4byte	.LASF32
 640 0240 03       		.byte	0x3
 641 0241 8D       		.byte	0x8d
 642 0242 57000000 		.4byte	0x57
 643 0246 02       		.byte	0x2
 644 0247 23       		.byte	0x23
 645 0248 46       		.uleb128 0x46
 646 0249 09       		.uleb128 0x9
 647 024a 44435200 		.ascii	"DCR\000"
 648 024e 03       		.byte	0x3
 649 024f 8E       		.byte	0x8e
 650 0250 BE000000 		.4byte	0xbe
 651 0254 02       		.byte	0x2
 652 0255 23       		.byte	0x23
 653 0256 48       		.uleb128 0x48
 654 0257 0A       		.uleb128 0xa
 655 0258 66020000 		.4byte	.LASF33
 656 025c 03       		.byte	0x3
 657 025d 8F       		.byte	0x8f
 658 025e 57000000 		.4byte	0x57
 659 0262 02       		.byte	0x2
 660 0263 23       		.byte	0x23
 661 0264 4A       		.uleb128 0x4a
 662 0265 0A       		.uleb128 0xa
 663 0266 12000000 		.4byte	.LASF34
 664 026a 03       		.byte	0x3
 665 026b 90       		.byte	0x90
 666 026c BE000000 		.4byte	0xbe
 667 0270 02       		.byte	0x2
 668 0271 23       		.byte	0x23
 669 0272 4C       		.uleb128 0x4c
 670 0273 0A       		.uleb128 0xa
 671 0274 6F020000 		.4byte	.LASF35
 672 0278 03       		.byte	0x3
 673 0279 91       		.byte	0x91
 674 027a 57000000 		.4byte	0x57
 675 027e 02       		.byte	0x2
ARM GAS  /tmp/ccO1plq8.s 			page 13


 676 027f 23       		.byte	0x23
 677 0280 4E       		.uleb128 0x4e
 678 0281 09       		.uleb128 0x9
 679 0282 4F5200   		.ascii	"OR\000"
 680 0285 03       		.byte	0x3
 681 0286 92       		.byte	0x92
 682 0287 BE000000 		.4byte	0xbe
 683 028b 02       		.byte	0x2
 684 028c 23       		.byte	0x23
 685 028d 50       		.uleb128 0x50
 686 028e 0A       		.uleb128 0xa
 687 028f 78020000 		.4byte	.LASF36
 688 0293 03       		.byte	0x3
 689 0294 93       		.byte	0x93
 690 0295 57000000 		.4byte	0x57
 691 0299 02       		.byte	0x2
 692 029a 23       		.byte	0x23
 693 029b 52       		.uleb128 0x52
 694 029c 00       		.byte	0
 695 029d 05       		.uleb128 0x5
 696 029e AE000000 		.4byte	0xae
 697 02a2 04       		.uleb128 0x4
 698 02a3 A6020000 		.4byte	.LASF37
 699 02a7 03       		.byte	0x3
 700 02a8 94       		.byte	0x94
 701 02a9 C8000000 		.4byte	0xc8
 702 02ad 0B       		.uleb128 0xb
 703 02ae 01       		.byte	0x1
 704 02af 04       		.byte	0x4
 705 02b0 55       		.byte	0x55
 706 02b1 C8020000 		.4byte	0x2c8
 707 02b5 0C       		.uleb128 0xc
 708 02b6 B6010000 		.4byte	.LASF38
 709 02ba 00       		.sleb128 0
 710 02bb 0C       		.uleb128 0xc
 711 02bc 07030000 		.4byte	.LASF39
 712 02c0 01       		.sleb128 1
 713 02c1 0C       		.uleb128 0xc
 714 02c2 FD020000 		.4byte	.LASF40
 715 02c6 02       		.sleb128 2
 716 02c7 00       		.byte	0
 717 02c8 04       		.uleb128 0x4
 718 02c9 52030000 		.4byte	.LASF41
 719 02cd 04       		.byte	0x4
 720 02ce 59       		.byte	0x59
 721 02cf AD020000 		.4byte	0x2ad
 722 02d3 04       		.uleb128 0x4
 723 02d4 B2020000 		.4byte	.LASF42
 724 02d8 04       		.byte	0x4
 725 02d9 5E       		.byte	0x5e
 726 02da DE020000 		.4byte	0x2de
 727 02de 0D       		.uleb128 0xd
 728 02df B2020000 		.4byte	.LASF42
 729 02e3 14       		.byte	0x14
 730 02e4 05       		.byte	0x5
 731 02e5 3901     		.2byte	0x139
 732 02e7 37030000 		.4byte	0x337
ARM GAS  /tmp/ccO1plq8.s 			page 14


 733 02eb 0E       		.uleb128 0xe
 734 02ec 17000000 		.4byte	.LASF43
 735 02f0 05       		.byte	0x5
 736 02f1 3D01     		.2byte	0x13d
 737 02f3 C8020000 		.4byte	0x2c8
 738 02f7 02       		.byte	0x2
 739 02f8 23       		.byte	0x23
 740 02f9 00       		.uleb128 0
 741 02fa 0E       		.uleb128 0xe
 742 02fb 72000000 		.4byte	.LASF44
 743 02ff 05       		.byte	0x5
 744 0300 4101     		.2byte	0x141
 745 0302 1F040000 		.4byte	0x41f
 746 0306 02       		.byte	0x2
 747 0307 23       		.byte	0x23
 748 0308 04       		.uleb128 0x4
 749 0309 0E       		.uleb128 0xe
 750 030a 3E010000 		.4byte	.LASF45
 751 030e 05       		.byte	0x5
 752 030f 4501     		.2byte	0x145
 753 0311 70030000 		.4byte	0x370
 754 0315 02       		.byte	0x2
 755 0316 23       		.byte	0x23
 756 0317 08       		.uleb128 0x8
 757 0318 0E       		.uleb128 0xe
 758 0319 EE020000 		.4byte	.LASF46
 759 031d 05       		.byte	0x5
 760 031e 4D01     		.2byte	0x14d
 761 0320 7B000000 		.4byte	0x7b
 762 0324 02       		.byte	0x2
 763 0325 23       		.byte	0x23
 764 0326 0C       		.uleb128 0xc
 765 0327 0F       		.uleb128 0xf
 766 0328 74696D00 		.ascii	"tim\000"
 767 032c 05       		.byte	0x5
 768 032d 5101     		.2byte	0x151
 769 032f 2A040000 		.4byte	0x42a
 770 0333 02       		.byte	0x2
 771 0334 23       		.byte	0x23
 772 0335 10       		.uleb128 0x10
 773 0336 00       		.byte	0
 774 0337 04       		.uleb128 0x4
 775 0338 5D030000 		.4byte	.LASF47
 776 033c 04       		.byte	0x4
 777 033d 65       		.byte	0x65
 778 033e 42030000 		.4byte	0x342
 779 0342 10       		.uleb128 0x10
 780 0343 04       		.byte	0x4
 781 0344 48030000 		.4byte	0x348
 782 0348 11       		.uleb128 0x11
 783 0349 01       		.byte	0x1
 784 034a 54030000 		.4byte	0x354
 785 034e 12       		.uleb128 0x12
 786 034f 54030000 		.4byte	0x354
 787 0353 00       		.byte	0
 788 0354 10       		.uleb128 0x10
 789 0355 04       		.byte	0x4
ARM GAS  /tmp/ccO1plq8.s 			page 15


 790 0356 D3020000 		.4byte	0x2d3
 791 035a 04       		.uleb128 0x4
 792 035b 33030000 		.4byte	.LASF48
 793 035f 05       		.byte	0x5
 794 0360 F0       		.byte	0xf0
 795 0361 7B000000 		.4byte	0x7b
 796 0365 04       		.uleb128 0x4
 797 0366 57000000 		.4byte	.LASF49
 798 036a 05       		.byte	0x5
 799 036b F5       		.byte	0xf5
 800 036c 3E000000 		.4byte	0x3e
 801 0370 04       		.uleb128 0x4
 802 0371 2D000000 		.4byte	.LASF50
 803 0375 05       		.byte	0x5
 804 0376 FA       		.byte	0xfa
 805 0377 57000000 		.4byte	0x57
 806 037b 08       		.uleb128 0x8
 807 037c 08       		.byte	0x8
 808 037d 05       		.byte	0x5
 809 037e FF       		.byte	0xff
 810 037f A2030000 		.4byte	0x3a2
 811 0383 0E       		.uleb128 0xe
 812 0384 64000000 		.4byte	.LASF51
 813 0388 05       		.byte	0x5
 814 0389 0301     		.2byte	0x103
 815 038b 5A030000 		.4byte	0x35a
 816 038f 02       		.byte	0x2
 817 0390 23       		.byte	0x23
 818 0391 00       		.uleb128 0
 819 0392 0E       		.uleb128 0xe
 820 0393 7B030000 		.4byte	.LASF52
 821 0397 05       		.byte	0x5
 822 0398 0901     		.2byte	0x109
 823 039a 37030000 		.4byte	0x337
 824 039e 02       		.byte	0x2
 825 039f 23       		.byte	0x23
 826 03a0 04       		.uleb128 0x4
 827 03a1 00       		.byte	0
 828 03a2 13       		.uleb128 0x13
 829 03a3 22030000 		.4byte	.LASF53
 830 03a7 05       		.byte	0x5
 831 03a8 0B01     		.2byte	0x10b
 832 03aa 7B030000 		.4byte	0x37b
 833 03ae 14       		.uleb128 0x14
 834 03af 30       		.byte	0x30
 835 03b0 05       		.byte	0x5
 836 03b1 1001     		.2byte	0x110
 837 03b3 03040000 		.4byte	0x403
 838 03b7 0E       		.uleb128 0xe
 839 03b8 18030000 		.4byte	.LASF54
 840 03bc 05       		.byte	0x5
 841 03bd 1601     		.2byte	0x116
 842 03bf 7B000000 		.4byte	0x7b
 843 03c3 02       		.byte	0x2
 844 03c4 23       		.byte	0x23
 845 03c5 00       		.uleb128 0
 846 03c6 0E       		.uleb128 0xe
ARM GAS  /tmp/ccO1plq8.s 			page 16


 847 03c7 3E010000 		.4byte	.LASF45
 848 03cb 05       		.byte	0x5
 849 03cc 1C01     		.2byte	0x11c
 850 03ce 70030000 		.4byte	0x370
 851 03d2 02       		.byte	0x2
 852 03d3 23       		.byte	0x23
 853 03d4 04       		.uleb128 0x4
 854 03d5 0E       		.uleb128 0xe
 855 03d6 7B030000 		.4byte	.LASF52
 856 03da 05       		.byte	0x5
 857 03db 2201     		.2byte	0x122
 858 03dd 37030000 		.4byte	0x337
 859 03e1 02       		.byte	0x2
 860 03e2 23       		.byte	0x23
 861 03e3 08       		.uleb128 0x8
 862 03e4 0E       		.uleb128 0xe
 863 03e5 69000000 		.4byte	.LASF55
 864 03e9 05       		.byte	0x5
 865 03ea 2601     		.2byte	0x126
 866 03ec 03040000 		.4byte	0x403
 867 03f0 02       		.byte	0x2
 868 03f1 23       		.byte	0x23
 869 03f2 0C       		.uleb128 0xc
 870 03f3 0F       		.uleb128 0xf
 871 03f4 63723200 		.ascii	"cr2\000"
 872 03f8 05       		.byte	0x5
 873 03f9 2C01     		.2byte	0x12c
 874 03fb 57000000 		.4byte	0x57
 875 03ff 02       		.byte	0x2
 876 0400 23       		.byte	0x23
 877 0401 2C       		.uleb128 0x2c
 878 0402 00       		.byte	0
 879 0403 06       		.uleb128 0x6
 880 0404 A2030000 		.4byte	0x3a2
 881 0408 13040000 		.4byte	0x413
 882 040c 07       		.uleb128 0x7
 883 040d A0000000 		.4byte	0xa0
 884 0411 03       		.byte	0x3
 885 0412 00       		.byte	0
 886 0413 13       		.uleb128 0x13
 887 0414 59010000 		.4byte	.LASF56
 888 0418 05       		.byte	0x5
 889 0419 3401     		.2byte	0x134
 890 041b AE030000 		.4byte	0x3ae
 891 041f 10       		.uleb128 0x10
 892 0420 04       		.byte	0x4
 893 0421 25040000 		.4byte	0x425
 894 0425 15       		.uleb128 0x15
 895 0426 13040000 		.4byte	0x413
 896 042a 10       		.uleb128 0x10
 897 042b 04       		.byte	0x4
 898 042c A2020000 		.4byte	0x2a2
 899 0430 16       		.uleb128 0x16
 900 0431 01       		.byte	0x1
 901 0432 36010000 		.4byte	.LASF57
 902 0436 01       		.byte	0x1
 903 0437 44       		.byte	0x44
ARM GAS  /tmp/ccO1plq8.s 			page 17


 904 0438 01       		.byte	0x1
 905 0439 00000000 		.4byte	.LFB117
 906 043d 04000000 		.4byte	.LFE117
 907 0441 02       		.byte	0x2
 908 0442 7D       		.byte	0x7d
 909 0443 00       		.sleb128 0
 910 0444 01       		.byte	0x1
 911 0445 54040000 		.4byte	0x454
 912 0449 17       		.uleb128 0x17
 913 044a 04000000 		.4byte	.LVL0
 914 044e 01       		.byte	0x1
 915 044f FD060000 		.4byte	0x6fd
 916 0453 00       		.byte	0
 917 0454 16       		.uleb128 0x16
 918 0455 01       		.byte	0x1
 919 0456 79000000 		.4byte	.LASF58
 920 045a 01       		.byte	0x1
 921 045b 50       		.byte	0x50
 922 045c 01       		.byte	0x1
 923 045d 00000000 		.4byte	.LFB118
 924 0461 0A000000 		.4byte	.LFE118
 925 0465 02       		.byte	0x2
 926 0466 7D       		.byte	0x7d
 927 0467 00       		.sleb128 0
 928 0468 01       		.byte	0x1
 929 0469 7B040000 		.4byte	0x47b
 930 046d 18       		.uleb128 0x18
 931 046e AC010000 		.4byte	.LASF60
 932 0472 01       		.byte	0x1
 933 0473 50       		.byte	0x50
 934 0474 54030000 		.4byte	0x354
 935 0478 01       		.byte	0x1
 936 0479 50       		.byte	0x50
 937 047a 00       		.byte	0
 938 047b 19       		.uleb128 0x19
 939 047c 01       		.byte	0x1
 940 047d 16010000 		.4byte	.LASF59
 941 0481 01       		.byte	0x1
 942 0482 63       		.byte	0x63
 943 0483 01       		.byte	0x1
 944 0484 00000000 		.4byte	.LFB119
 945 0488 20000000 		.4byte	.LFE119
 946 048c 00000000 		.4byte	.LLST0
 947 0490 01       		.byte	0x1
 948 0491 FA040000 		.4byte	0x4fa
 949 0495 1A       		.uleb128 0x1a
 950 0496 AC010000 		.4byte	.LASF60
 951 049a 01       		.byte	0x1
 952 049b 63       		.byte	0x63
 953 049c 54030000 		.4byte	0x354
 954 04a0 20000000 		.4byte	.LLST1
 955 04a4 1A       		.uleb128 0x1a
 956 04a5 72000000 		.4byte	.LASF44
 957 04a9 01       		.byte	0x1
 958 04aa 63       		.byte	0x63
 959 04ab 1F040000 		.4byte	0x41f
 960 04af 3E000000 		.4byte	.LLST2
ARM GAS  /tmp/ccO1plq8.s 			page 18


 961 04b3 1B       		.uleb128 0x1b
 962 04b4 00000000 		.4byte	.Ldebug_ranges0+0
 963 04b8 CC040000 		.4byte	0x4cc
 964 04bc 1C       		.uleb128 0x1c
 965 04bd 746D7000 		.ascii	"tmp\000"
 966 04c1 01       		.byte	0x1
 967 04c2 67       		.byte	0x67
 968 04c3 7B000000 		.4byte	0x7b
 969 04c7 5F000000 		.4byte	.LLST3
 970 04cb 00       		.byte	0
 971 04cc 1D       		.uleb128 0x1d
 972 04cd 18000000 		.4byte	.LBB4
 973 04d1 20000000 		.4byte	.LBE4
 974 04d5 E9040000 		.4byte	0x4e9
 975 04d9 1C       		.uleb128 0x1c
 976 04da 746D7000 		.ascii	"tmp\000"
 977 04de 01       		.byte	0x1
 978 04df 6E       		.byte	0x6e
 979 04e0 7B000000 		.4byte	0x7b
 980 04e4 72000000 		.4byte	.LLST4
 981 04e8 00       		.byte	0
 982 04e9 1E       		.uleb128 0x1e
 983 04ea 14000000 		.4byte	.LVL6
 984 04ee 08070000 		.4byte	0x708
 985 04f2 1F       		.uleb128 0x1f
 986 04f3 01       		.byte	0x1
 987 04f4 50       		.byte	0x50
 988 04f5 02       		.byte	0x2
 989 04f6 74       		.byte	0x74
 990 04f7 00       		.sleb128 0
 991 04f8 00       		.byte	0
 992 04f9 00       		.byte	0
 993 04fa 19       		.uleb128 0x19
 994 04fb 01       		.byte	0x1
 995 04fc 10030000 		.4byte	.LASF61
 996 0500 01       		.byte	0x1
 997 0501 78       		.byte	0x78
 998 0502 01       		.byte	0x1
 999 0503 00000000 		.4byte	.LFB120
 1000 0507 1A000000 		.4byte	.LFE120
 1001 050b 85000000 		.4byte	.LLST5
 1002 050f 01       		.byte	0x1
 1003 0510 6A050000 		.4byte	0x56a
 1004 0514 1A       		.uleb128 0x1a
 1005 0515 AC010000 		.4byte	.LASF60
 1006 0519 01       		.byte	0x1
 1007 051a 78       		.byte	0x78
 1008 051b 54030000 		.4byte	0x354
 1009 051f A5000000 		.4byte	.LLST6
 1010 0523 1B       		.uleb128 0x1b
 1011 0524 18000000 		.4byte	.Ldebug_ranges0+0x18
 1012 0528 3C050000 		.4byte	0x53c
 1013 052c 1C       		.uleb128 0x1c
 1014 052d 746D7000 		.ascii	"tmp\000"
 1015 0531 01       		.byte	0x1
 1016 0532 7C       		.byte	0x7c
 1017 0533 7B000000 		.4byte	0x7b
ARM GAS  /tmp/ccO1plq8.s 			page 19


 1018 0537 C3000000 		.4byte	.LLST7
 1019 053b 00       		.byte	0
 1020 053c 1D       		.uleb128 0x1d
 1021 053d 12000000 		.4byte	.LBB7
 1022 0541 1A000000 		.4byte	.LBE7
 1023 0545 59050000 		.4byte	0x559
 1024 0549 1C       		.uleb128 0x1c
 1025 054a 746D7000 		.ascii	"tmp\000"
 1026 054e 01       		.byte	0x1
 1027 054f 81       		.byte	0x81
 1028 0550 7B000000 		.4byte	0x7b
 1029 0554 D6000000 		.4byte	.LLST8
 1030 0558 00       		.byte	0
 1031 0559 1E       		.uleb128 0x1e
 1032 055a 0E000000 		.4byte	.LVL12
 1033 055e 1D070000 		.4byte	0x71d
 1034 0562 1F       		.uleb128 0x1f
 1035 0563 01       		.byte	0x1
 1036 0564 50       		.byte	0x50
 1037 0565 02       		.byte	0x2
 1038 0566 74       		.byte	0x74
 1039 0567 00       		.sleb128 0
 1040 0568 00       		.byte	0
 1041 0569 00       		.byte	0
 1042 056a 16       		.uleb128 0x16
 1043 056b 01       		.byte	0x1
 1044 056c CC020000 		.4byte	.LASF62
 1045 0570 01       		.byte	0x1
 1046 0571 93       		.byte	0x93
 1047 0572 01       		.byte	0x1
 1048 0573 00000000 		.4byte	.LFB121
 1049 0577 18000000 		.4byte	.LFE121
 1050 057b 02       		.byte	0x2
 1051 057c 7D       		.byte	0x7d
 1052 057d 00       		.sleb128 0
 1053 057e 01       		.byte	0x1
 1054 057f D8050000 		.4byte	0x5d8
 1055 0583 1A       		.uleb128 0x1a
 1056 0584 AC010000 		.4byte	.LASF60
 1057 0588 01       		.byte	0x1
 1058 0589 93       		.byte	0x93
 1059 058a 54030000 		.4byte	0x354
 1060 058e E9000000 		.4byte	.LLST9
 1061 0592 1A       		.uleb128 0x1a
 1062 0593 3E010000 		.4byte	.LASF45
 1063 0597 01       		.byte	0x1
 1064 0598 93       		.byte	0x93
 1065 0599 70030000 		.4byte	0x370
 1066 059d 0A010000 		.4byte	.LLST10
 1067 05a1 1D       		.uleb128 0x1d
 1068 05a2 00000000 		.4byte	.LBB8
 1069 05a6 06000000 		.4byte	.LBE8
 1070 05aa BE050000 		.4byte	0x5be
 1071 05ae 1C       		.uleb128 0x1c
 1072 05af 746D7000 		.ascii	"tmp\000"
 1073 05b3 01       		.byte	0x1
 1074 05b4 97       		.byte	0x97
ARM GAS  /tmp/ccO1plq8.s 			page 20


 1075 05b5 7B000000 		.4byte	0x7b
 1076 05b9 38010000 		.4byte	.LLST11
 1077 05bd 00       		.byte	0
 1078 05be 20       		.uleb128 0x20
 1079 05bf 10000000 		.4byte	.LBB9
 1080 05c3 18000000 		.4byte	.LBE9
 1081 05c7 1C       		.uleb128 0x1c
 1082 05c8 746D7000 		.ascii	"tmp\000"
 1083 05cc 01       		.byte	0x1
 1084 05cd 9B       		.byte	0x9b
 1085 05ce 7B000000 		.4byte	0x7b
 1086 05d2 4B010000 		.4byte	.LLST12
 1087 05d6 00       		.byte	0
 1088 05d7 00       		.byte	0
 1089 05d8 19       		.uleb128 0x19
 1090 05d9 01       		.byte	0x1
 1091 05da A7000000 		.4byte	.LASF63
 1092 05de 01       		.byte	0x1
 1093 05df AC       		.byte	0xac
 1094 05e0 01       		.byte	0x1
 1095 05e1 00000000 		.4byte	.LFB122
 1096 05e5 14000000 		.4byte	.LFE122
 1097 05e9 5E010000 		.4byte	.LLST13
 1098 05ed 01       		.byte	0x1
 1099 05ee 6B060000 		.4byte	0x66b
 1100 05f2 1A       		.uleb128 0x1a
 1101 05f3 AC010000 		.4byte	.LASF60
 1102 05f7 01       		.byte	0x1
 1103 05f8 AC       		.byte	0xac
 1104 05f9 54030000 		.4byte	0x354
 1105 05fd 7E010000 		.4byte	.LLST14
 1106 0601 1A       		.uleb128 0x1a
 1107 0602 C4020000 		.4byte	.LASF64
 1108 0606 01       		.byte	0x1
 1109 0607 AD       		.byte	0xad
 1110 0608 65030000 		.4byte	0x365
 1111 060c 9F010000 		.4byte	.LLST15
 1112 0610 1A       		.uleb128 0x1a
 1113 0611 10010000 		.4byte	.LASF65
 1114 0615 01       		.byte	0x1
 1115 0616 AE       		.byte	0xae
 1116 0617 70030000 		.4byte	0x370
 1117 061b C0010000 		.4byte	.LLST16
 1118 061f 1D       		.uleb128 0x1d
 1119 0620 02000000 		.4byte	.LBB10
 1120 0624 08000000 		.4byte	.LBE10
 1121 0628 3C060000 		.4byte	0x63c
 1122 062c 1C       		.uleb128 0x1c
 1123 062d 746D7000 		.ascii	"tmp\000"
 1124 0631 01       		.byte	0x1
 1125 0632 B3       		.byte	0xb3
 1126 0633 7B000000 		.4byte	0x7b
 1127 0637 E1010000 		.4byte	.LLST17
 1128 063b 00       		.byte	0
 1129 063c 1D       		.uleb128 0x1d
 1130 063d 0C000000 		.4byte	.LBB11
 1131 0641 14000000 		.4byte	.LBE11
ARM GAS  /tmp/ccO1plq8.s 			page 21


 1132 0645 59060000 		.4byte	0x659
 1133 0649 1C       		.uleb128 0x1c
 1134 064a 746D7000 		.ascii	"tmp\000"
 1135 064e 01       		.byte	0x1
 1136 064f B7       		.byte	0xb7
 1137 0650 7B000000 		.4byte	0x7b
 1138 0654 F4010000 		.4byte	.LLST18
 1139 0658 00       		.byte	0
 1140 0659 1E       		.uleb128 0x1e
 1141 065a 0C000000 		.4byte	.LVL26
 1142 065e 32070000 		.4byte	0x732
 1143 0662 1F       		.uleb128 0x1f
 1144 0663 01       		.byte	0x1
 1145 0664 50       		.byte	0x50
 1146 0665 03       		.byte	0x3
 1147 0666 F3       		.byte	0xf3
 1148 0667 01       		.uleb128 0x1
 1149 0668 50       		.byte	0x50
 1150 0669 00       		.byte	0
 1151 066a 00       		.byte	0
 1152 066b 19       		.uleb128 0x19
 1153 066c 01       		.byte	0x1
 1154 066d E6010000 		.4byte	.LASF66
 1155 0671 01       		.byte	0x1
 1156 0672 C8       		.byte	0xc8
 1157 0673 01       		.byte	0x1
 1158 0674 00000000 		.4byte	.LFB123
 1159 0678 14000000 		.4byte	.LFE123
 1160 067c 07020000 		.4byte	.LLST19
 1161 0680 01       		.byte	0x1
 1162 0681 EF060000 		.4byte	0x6ef
 1163 0685 1A       		.uleb128 0x1a
 1164 0686 AC010000 		.4byte	.LASF60
 1165 068a 01       		.byte	0x1
 1166 068b C8       		.byte	0xc8
 1167 068c 54030000 		.4byte	0x354
 1168 0690 27020000 		.4byte	.LLST20
 1169 0694 1A       		.uleb128 0x1a
 1170 0695 C4020000 		.4byte	.LASF64
 1171 0699 01       		.byte	0x1
 1172 069a C8       		.byte	0xc8
 1173 069b 65030000 		.4byte	0x365
 1174 069f 48020000 		.4byte	.LLST21
 1175 06a3 1D       		.uleb128 0x1d
 1176 06a4 02000000 		.4byte	.LBB12
 1177 06a8 08000000 		.4byte	.LBE12
 1178 06ac C0060000 		.4byte	0x6c0
 1179 06b0 1C       		.uleb128 0x1c
 1180 06b1 746D7000 		.ascii	"tmp\000"
 1181 06b5 01       		.byte	0x1
 1182 06b6 CD       		.byte	0xcd
 1183 06b7 7B000000 		.4byte	0x7b
 1184 06bb 69020000 		.4byte	.LLST22
 1185 06bf 00       		.byte	0
 1186 06c0 1D       		.uleb128 0x1d
 1187 06c1 0C000000 		.4byte	.LBB13
 1188 06c5 14000000 		.4byte	.LBE13
ARM GAS  /tmp/ccO1plq8.s 			page 22


 1189 06c9 DD060000 		.4byte	0x6dd
 1190 06cd 1C       		.uleb128 0x1c
 1191 06ce 746D7000 		.ascii	"tmp\000"
 1192 06d2 01       		.byte	0x1
 1193 06d3 D1       		.byte	0xd1
 1194 06d4 7B000000 		.4byte	0x7b
 1195 06d8 7C020000 		.4byte	.LLST23
 1196 06dc 00       		.byte	0
 1197 06dd 1E       		.uleb128 0x1e
 1198 06de 0C000000 		.4byte	.LVL32
 1199 06e2 51070000 		.4byte	0x751
 1200 06e6 1F       		.uleb128 0x1f
 1201 06e7 01       		.byte	0x1
 1202 06e8 50       		.byte	0x50
 1203 06e9 03       		.byte	0x3
 1204 06ea F3       		.byte	0xf3
 1205 06eb 01       		.uleb128 0x1
 1206 06ec 50       		.byte	0x50
 1207 06ed 00       		.byte	0
 1208 06ee 00       		.byte	0
 1209 06ef 21       		.uleb128 0x21
 1210 06f0 3D030000 		.4byte	.LASF73
 1211 06f4 06       		.byte	0x6
 1212 06f5 1A05     		.2byte	0x51a
 1213 06f7 C3000000 		.4byte	0xc3
 1214 06fb 01       		.byte	0x1
 1215 06fc 01       		.byte	0x1
 1216 06fd 22       		.uleb128 0x22
 1217 06fe 01       		.byte	0x1
 1218 06ff 94020000 		.4byte	.LASF74
 1219 0703 05       		.byte	0x5
 1220 0704 8A01     		.2byte	0x18a
 1221 0706 01       		.byte	0x1
 1222 0707 01       		.byte	0x1
 1223 0708 23       		.uleb128 0x23
 1224 0709 01       		.byte	0x1
 1225 070a 4B010000 		.4byte	.LASF67
 1226 070e 05       		.byte	0x5
 1227 070f 8B01     		.2byte	0x18b
 1228 0711 01       		.byte	0x1
 1229 0712 01       		.byte	0x1
 1230 0713 1D070000 		.4byte	0x71d
 1231 0717 12       		.uleb128 0x12
 1232 0718 54030000 		.4byte	0x354
 1233 071c 00       		.byte	0
 1234 071d 23       		.uleb128 0x23
 1235 071e 01       		.byte	0x1
 1236 071f 05000000 		.4byte	.LASF68
 1237 0723 05       		.byte	0x5
 1238 0724 8C01     		.2byte	0x18c
 1239 0726 01       		.byte	0x1
 1240 0727 01       		.byte	0x1
 1241 0728 32070000 		.4byte	0x732
 1242 072c 12       		.uleb128 0x12
 1243 072d 54030000 		.4byte	0x354
 1244 0731 00       		.byte	0
 1245 0732 23       		.uleb128 0x23
ARM GAS  /tmp/ccO1plq8.s 			page 23


 1246 0733 01       		.byte	0x1
 1247 0734 CF010000 		.4byte	.LASF69
 1248 0738 05       		.byte	0x5
 1249 0739 8D01     		.2byte	0x18d
 1250 073b 01       		.byte	0x1
 1251 073c 01       		.byte	0x1
 1252 073d 51070000 		.4byte	0x751
 1253 0741 12       		.uleb128 0x12
 1254 0742 54030000 		.4byte	0x354
 1255 0746 12       		.uleb128 0x12
 1256 0747 65030000 		.4byte	0x365
 1257 074b 12       		.uleb128 0x12
 1258 074c 70030000 		.4byte	0x370
 1259 0750 00       		.byte	0
 1260 0751 24       		.uleb128 0x24
 1261 0752 01       		.byte	0x1
 1262 0753 3F000000 		.4byte	.LASF75
 1263 0757 05       		.byte	0x5
 1264 0758 9001     		.2byte	0x190
 1265 075a 01       		.byte	0x1
 1266 075b 01       		.byte	0x1
 1267 075c 12       		.uleb128 0x12
 1268 075d 54030000 		.4byte	0x354
 1269 0761 12       		.uleb128 0x12
 1270 0762 65030000 		.4byte	0x365
 1271 0766 00       		.byte	0
 1272 0767 00       		.byte	0
 1273              		.section	.debug_abbrev,"",%progbits
 1274              	.Ldebug_abbrev0:
 1275 0000 01       		.uleb128 0x1
 1276 0001 11       		.uleb128 0x11
 1277 0002 01       		.byte	0x1
 1278 0003 25       		.uleb128 0x25
 1279 0004 0E       		.uleb128 0xe
 1280 0005 13       		.uleb128 0x13
 1281 0006 0B       		.uleb128 0xb
 1282 0007 03       		.uleb128 0x3
 1283 0008 0E       		.uleb128 0xe
 1284 0009 1B       		.uleb128 0x1b
 1285 000a 0E       		.uleb128 0xe
 1286 000b 55       		.uleb128 0x55
 1287 000c 06       		.uleb128 0x6
 1288 000d 11       		.uleb128 0x11
 1289 000e 01       		.uleb128 0x1
 1290 000f 52       		.uleb128 0x52
 1291 0010 01       		.uleb128 0x1
 1292 0011 10       		.uleb128 0x10
 1293 0012 06       		.uleb128 0x6
 1294 0013 00       		.byte	0
 1295 0014 00       		.byte	0
 1296 0015 02       		.uleb128 0x2
 1297 0016 24       		.uleb128 0x24
 1298 0017 00       		.byte	0
 1299 0018 0B       		.uleb128 0xb
 1300 0019 0B       		.uleb128 0xb
 1301 001a 3E       		.uleb128 0x3e
 1302 001b 0B       		.uleb128 0xb
ARM GAS  /tmp/ccO1plq8.s 			page 24


 1303 001c 03       		.uleb128 0x3
 1304 001d 08       		.uleb128 0x8
 1305 001e 00       		.byte	0
 1306 001f 00       		.byte	0
 1307 0020 03       		.uleb128 0x3
 1308 0021 24       		.uleb128 0x24
 1309 0022 00       		.byte	0
 1310 0023 0B       		.uleb128 0xb
 1311 0024 0B       		.uleb128 0xb
 1312 0025 3E       		.uleb128 0x3e
 1313 0026 0B       		.uleb128 0xb
 1314 0027 03       		.uleb128 0x3
 1315 0028 0E       		.uleb128 0xe
 1316 0029 00       		.byte	0
 1317 002a 00       		.byte	0
 1318 002b 04       		.uleb128 0x4
 1319 002c 16       		.uleb128 0x16
 1320 002d 00       		.byte	0
 1321 002e 03       		.uleb128 0x3
 1322 002f 0E       		.uleb128 0xe
 1323 0030 3A       		.uleb128 0x3a
 1324 0031 0B       		.uleb128 0xb
 1325 0032 3B       		.uleb128 0x3b
 1326 0033 0B       		.uleb128 0xb
 1327 0034 49       		.uleb128 0x49
 1328 0035 13       		.uleb128 0x13
 1329 0036 00       		.byte	0
 1330 0037 00       		.byte	0
 1331 0038 05       		.uleb128 0x5
 1332 0039 35       		.uleb128 0x35
 1333 003a 00       		.byte	0
 1334 003b 49       		.uleb128 0x49
 1335 003c 13       		.uleb128 0x13
 1336 003d 00       		.byte	0
 1337 003e 00       		.byte	0
 1338 003f 06       		.uleb128 0x6
 1339 0040 01       		.uleb128 0x1
 1340 0041 01       		.byte	0x1
 1341 0042 49       		.uleb128 0x49
 1342 0043 13       		.uleb128 0x13
 1343 0044 01       		.uleb128 0x1
 1344 0045 13       		.uleb128 0x13
 1345 0046 00       		.byte	0
 1346 0047 00       		.byte	0
 1347 0048 07       		.uleb128 0x7
 1348 0049 21       		.uleb128 0x21
 1349 004a 00       		.byte	0
 1350 004b 49       		.uleb128 0x49
 1351 004c 13       		.uleb128 0x13
 1352 004d 2F       		.uleb128 0x2f
 1353 004e 0B       		.uleb128 0xb
 1354 004f 00       		.byte	0
 1355 0050 00       		.byte	0
 1356 0051 08       		.uleb128 0x8
 1357 0052 13       		.uleb128 0x13
 1358 0053 01       		.byte	0x1
 1359 0054 0B       		.uleb128 0xb
ARM GAS  /tmp/ccO1plq8.s 			page 25


 1360 0055 0B       		.uleb128 0xb
 1361 0056 3A       		.uleb128 0x3a
 1362 0057 0B       		.uleb128 0xb
 1363 0058 3B       		.uleb128 0x3b
 1364 0059 0B       		.uleb128 0xb
 1365 005a 01       		.uleb128 0x1
 1366 005b 13       		.uleb128 0x13
 1367 005c 00       		.byte	0
 1368 005d 00       		.byte	0
 1369 005e 09       		.uleb128 0x9
 1370 005f 0D       		.uleb128 0xd
 1371 0060 00       		.byte	0
 1372 0061 03       		.uleb128 0x3
 1373 0062 08       		.uleb128 0x8
 1374 0063 3A       		.uleb128 0x3a
 1375 0064 0B       		.uleb128 0xb
 1376 0065 3B       		.uleb128 0x3b
 1377 0066 0B       		.uleb128 0xb
 1378 0067 49       		.uleb128 0x49
 1379 0068 13       		.uleb128 0x13
 1380 0069 38       		.uleb128 0x38
 1381 006a 0A       		.uleb128 0xa
 1382 006b 00       		.byte	0
 1383 006c 00       		.byte	0
 1384 006d 0A       		.uleb128 0xa
 1385 006e 0D       		.uleb128 0xd
 1386 006f 00       		.byte	0
 1387 0070 03       		.uleb128 0x3
 1388 0071 0E       		.uleb128 0xe
 1389 0072 3A       		.uleb128 0x3a
 1390 0073 0B       		.uleb128 0xb
 1391 0074 3B       		.uleb128 0x3b
 1392 0075 0B       		.uleb128 0xb
 1393 0076 49       		.uleb128 0x49
 1394 0077 13       		.uleb128 0x13
 1395 0078 38       		.uleb128 0x38
 1396 0079 0A       		.uleb128 0xa
 1397 007a 00       		.byte	0
 1398 007b 00       		.byte	0
 1399 007c 0B       		.uleb128 0xb
 1400 007d 04       		.uleb128 0x4
 1401 007e 01       		.byte	0x1
 1402 007f 0B       		.uleb128 0xb
 1403 0080 0B       		.uleb128 0xb
 1404 0081 3A       		.uleb128 0x3a
 1405 0082 0B       		.uleb128 0xb
 1406 0083 3B       		.uleb128 0x3b
 1407 0084 0B       		.uleb128 0xb
 1408 0085 01       		.uleb128 0x1
 1409 0086 13       		.uleb128 0x13
 1410 0087 00       		.byte	0
 1411 0088 00       		.byte	0
 1412 0089 0C       		.uleb128 0xc
 1413 008a 28       		.uleb128 0x28
 1414 008b 00       		.byte	0
 1415 008c 03       		.uleb128 0x3
 1416 008d 0E       		.uleb128 0xe
ARM GAS  /tmp/ccO1plq8.s 			page 26


 1417 008e 1C       		.uleb128 0x1c
 1418 008f 0D       		.uleb128 0xd
 1419 0090 00       		.byte	0
 1420 0091 00       		.byte	0
 1421 0092 0D       		.uleb128 0xd
 1422 0093 13       		.uleb128 0x13
 1423 0094 01       		.byte	0x1
 1424 0095 03       		.uleb128 0x3
 1425 0096 0E       		.uleb128 0xe
 1426 0097 0B       		.uleb128 0xb
 1427 0098 0B       		.uleb128 0xb
 1428 0099 3A       		.uleb128 0x3a
 1429 009a 0B       		.uleb128 0xb
 1430 009b 3B       		.uleb128 0x3b
 1431 009c 05       		.uleb128 0x5
 1432 009d 01       		.uleb128 0x1
 1433 009e 13       		.uleb128 0x13
 1434 009f 00       		.byte	0
 1435 00a0 00       		.byte	0
 1436 00a1 0E       		.uleb128 0xe
 1437 00a2 0D       		.uleb128 0xd
 1438 00a3 00       		.byte	0
 1439 00a4 03       		.uleb128 0x3
 1440 00a5 0E       		.uleb128 0xe
 1441 00a6 3A       		.uleb128 0x3a
 1442 00a7 0B       		.uleb128 0xb
 1443 00a8 3B       		.uleb128 0x3b
 1444 00a9 05       		.uleb128 0x5
 1445 00aa 49       		.uleb128 0x49
 1446 00ab 13       		.uleb128 0x13
 1447 00ac 38       		.uleb128 0x38
 1448 00ad 0A       		.uleb128 0xa
 1449 00ae 00       		.byte	0
 1450 00af 00       		.byte	0
 1451 00b0 0F       		.uleb128 0xf
 1452 00b1 0D       		.uleb128 0xd
 1453 00b2 00       		.byte	0
 1454 00b3 03       		.uleb128 0x3
 1455 00b4 08       		.uleb128 0x8
 1456 00b5 3A       		.uleb128 0x3a
 1457 00b6 0B       		.uleb128 0xb
 1458 00b7 3B       		.uleb128 0x3b
 1459 00b8 05       		.uleb128 0x5
 1460 00b9 49       		.uleb128 0x49
 1461 00ba 13       		.uleb128 0x13
 1462 00bb 38       		.uleb128 0x38
 1463 00bc 0A       		.uleb128 0xa
 1464 00bd 00       		.byte	0
 1465 00be 00       		.byte	0
 1466 00bf 10       		.uleb128 0x10
 1467 00c0 0F       		.uleb128 0xf
 1468 00c1 00       		.byte	0
 1469 00c2 0B       		.uleb128 0xb
 1470 00c3 0B       		.uleb128 0xb
 1471 00c4 49       		.uleb128 0x49
 1472 00c5 13       		.uleb128 0x13
 1473 00c6 00       		.byte	0
ARM GAS  /tmp/ccO1plq8.s 			page 27


 1474 00c7 00       		.byte	0
 1475 00c8 11       		.uleb128 0x11
 1476 00c9 15       		.uleb128 0x15
 1477 00ca 01       		.byte	0x1
 1478 00cb 27       		.uleb128 0x27
 1479 00cc 0C       		.uleb128 0xc
 1480 00cd 01       		.uleb128 0x1
 1481 00ce 13       		.uleb128 0x13
 1482 00cf 00       		.byte	0
 1483 00d0 00       		.byte	0
 1484 00d1 12       		.uleb128 0x12
 1485 00d2 05       		.uleb128 0x5
 1486 00d3 00       		.byte	0
 1487 00d4 49       		.uleb128 0x49
 1488 00d5 13       		.uleb128 0x13
 1489 00d6 00       		.byte	0
 1490 00d7 00       		.byte	0
 1491 00d8 13       		.uleb128 0x13
 1492 00d9 16       		.uleb128 0x16
 1493 00da 00       		.byte	0
 1494 00db 03       		.uleb128 0x3
 1495 00dc 0E       		.uleb128 0xe
 1496 00dd 3A       		.uleb128 0x3a
 1497 00de 0B       		.uleb128 0xb
 1498 00df 3B       		.uleb128 0x3b
 1499 00e0 05       		.uleb128 0x5
 1500 00e1 49       		.uleb128 0x49
 1501 00e2 13       		.uleb128 0x13
 1502 00e3 00       		.byte	0
 1503 00e4 00       		.byte	0
 1504 00e5 14       		.uleb128 0x14
 1505 00e6 13       		.uleb128 0x13
 1506 00e7 01       		.byte	0x1
 1507 00e8 0B       		.uleb128 0xb
 1508 00e9 0B       		.uleb128 0xb
 1509 00ea 3A       		.uleb128 0x3a
 1510 00eb 0B       		.uleb128 0xb
 1511 00ec 3B       		.uleb128 0x3b
 1512 00ed 05       		.uleb128 0x5
 1513 00ee 01       		.uleb128 0x1
 1514 00ef 13       		.uleb128 0x13
 1515 00f0 00       		.byte	0
 1516 00f1 00       		.byte	0
 1517 00f2 15       		.uleb128 0x15
 1518 00f3 26       		.uleb128 0x26
 1519 00f4 00       		.byte	0
 1520 00f5 49       		.uleb128 0x49
 1521 00f6 13       		.uleb128 0x13
 1522 00f7 00       		.byte	0
 1523 00f8 00       		.byte	0
 1524 00f9 16       		.uleb128 0x16
 1525 00fa 2E       		.uleb128 0x2e
 1526 00fb 01       		.byte	0x1
 1527 00fc 3F       		.uleb128 0x3f
 1528 00fd 0C       		.uleb128 0xc
 1529 00fe 03       		.uleb128 0x3
 1530 00ff 0E       		.uleb128 0xe
ARM GAS  /tmp/ccO1plq8.s 			page 28


 1531 0100 3A       		.uleb128 0x3a
 1532 0101 0B       		.uleb128 0xb
 1533 0102 3B       		.uleb128 0x3b
 1534 0103 0B       		.uleb128 0xb
 1535 0104 27       		.uleb128 0x27
 1536 0105 0C       		.uleb128 0xc
 1537 0106 11       		.uleb128 0x11
 1538 0107 01       		.uleb128 0x1
 1539 0108 12       		.uleb128 0x12
 1540 0109 01       		.uleb128 0x1
 1541 010a 40       		.uleb128 0x40
 1542 010b 0A       		.uleb128 0xa
 1543 010c 9742     		.uleb128 0x2117
 1544 010e 0C       		.uleb128 0xc
 1545 010f 01       		.uleb128 0x1
 1546 0110 13       		.uleb128 0x13
 1547 0111 00       		.byte	0
 1548 0112 00       		.byte	0
 1549 0113 17       		.uleb128 0x17
 1550 0114 898201   		.uleb128 0x4109
 1551 0117 00       		.byte	0
 1552 0118 11       		.uleb128 0x11
 1553 0119 01       		.uleb128 0x1
 1554 011a 9542     		.uleb128 0x2115
 1555 011c 0C       		.uleb128 0xc
 1556 011d 31       		.uleb128 0x31
 1557 011e 13       		.uleb128 0x13
 1558 011f 00       		.byte	0
 1559 0120 00       		.byte	0
 1560 0121 18       		.uleb128 0x18
 1561 0122 05       		.uleb128 0x5
 1562 0123 00       		.byte	0
 1563 0124 03       		.uleb128 0x3
 1564 0125 0E       		.uleb128 0xe
 1565 0126 3A       		.uleb128 0x3a
 1566 0127 0B       		.uleb128 0xb
 1567 0128 3B       		.uleb128 0x3b
 1568 0129 0B       		.uleb128 0xb
 1569 012a 49       		.uleb128 0x49
 1570 012b 13       		.uleb128 0x13
 1571 012c 02       		.uleb128 0x2
 1572 012d 0A       		.uleb128 0xa
 1573 012e 00       		.byte	0
 1574 012f 00       		.byte	0
 1575 0130 19       		.uleb128 0x19
 1576 0131 2E       		.uleb128 0x2e
 1577 0132 01       		.byte	0x1
 1578 0133 3F       		.uleb128 0x3f
 1579 0134 0C       		.uleb128 0xc
 1580 0135 03       		.uleb128 0x3
 1581 0136 0E       		.uleb128 0xe
 1582 0137 3A       		.uleb128 0x3a
 1583 0138 0B       		.uleb128 0xb
 1584 0139 3B       		.uleb128 0x3b
 1585 013a 0B       		.uleb128 0xb
 1586 013b 27       		.uleb128 0x27
 1587 013c 0C       		.uleb128 0xc
ARM GAS  /tmp/ccO1plq8.s 			page 29


 1588 013d 11       		.uleb128 0x11
 1589 013e 01       		.uleb128 0x1
 1590 013f 12       		.uleb128 0x12
 1591 0140 01       		.uleb128 0x1
 1592 0141 40       		.uleb128 0x40
 1593 0142 06       		.uleb128 0x6
 1594 0143 9742     		.uleb128 0x2117
 1595 0145 0C       		.uleb128 0xc
 1596 0146 01       		.uleb128 0x1
 1597 0147 13       		.uleb128 0x13
 1598 0148 00       		.byte	0
 1599 0149 00       		.byte	0
 1600 014a 1A       		.uleb128 0x1a
 1601 014b 05       		.uleb128 0x5
 1602 014c 00       		.byte	0
 1603 014d 03       		.uleb128 0x3
 1604 014e 0E       		.uleb128 0xe
 1605 014f 3A       		.uleb128 0x3a
 1606 0150 0B       		.uleb128 0xb
 1607 0151 3B       		.uleb128 0x3b
 1608 0152 0B       		.uleb128 0xb
 1609 0153 49       		.uleb128 0x49
 1610 0154 13       		.uleb128 0x13
 1611 0155 02       		.uleb128 0x2
 1612 0156 06       		.uleb128 0x6
 1613 0157 00       		.byte	0
 1614 0158 00       		.byte	0
 1615 0159 1B       		.uleb128 0x1b
 1616 015a 0B       		.uleb128 0xb
 1617 015b 01       		.byte	0x1
 1618 015c 55       		.uleb128 0x55
 1619 015d 06       		.uleb128 0x6
 1620 015e 01       		.uleb128 0x1
 1621 015f 13       		.uleb128 0x13
 1622 0160 00       		.byte	0
 1623 0161 00       		.byte	0
 1624 0162 1C       		.uleb128 0x1c
 1625 0163 34       		.uleb128 0x34
 1626 0164 00       		.byte	0
 1627 0165 03       		.uleb128 0x3
 1628 0166 08       		.uleb128 0x8
 1629 0167 3A       		.uleb128 0x3a
 1630 0168 0B       		.uleb128 0xb
 1631 0169 3B       		.uleb128 0x3b
 1632 016a 0B       		.uleb128 0xb
 1633 016b 49       		.uleb128 0x49
 1634 016c 13       		.uleb128 0x13
 1635 016d 02       		.uleb128 0x2
 1636 016e 06       		.uleb128 0x6
 1637 016f 00       		.byte	0
 1638 0170 00       		.byte	0
 1639 0171 1D       		.uleb128 0x1d
 1640 0172 0B       		.uleb128 0xb
 1641 0173 01       		.byte	0x1
 1642 0174 11       		.uleb128 0x11
 1643 0175 01       		.uleb128 0x1
 1644 0176 12       		.uleb128 0x12
ARM GAS  /tmp/ccO1plq8.s 			page 30


 1645 0177 01       		.uleb128 0x1
 1646 0178 01       		.uleb128 0x1
 1647 0179 13       		.uleb128 0x13
 1648 017a 00       		.byte	0
 1649 017b 00       		.byte	0
 1650 017c 1E       		.uleb128 0x1e
 1651 017d 898201   		.uleb128 0x4109
 1652 0180 01       		.byte	0x1
 1653 0181 11       		.uleb128 0x11
 1654 0182 01       		.uleb128 0x1
 1655 0183 31       		.uleb128 0x31
 1656 0184 13       		.uleb128 0x13
 1657 0185 00       		.byte	0
 1658 0186 00       		.byte	0
 1659 0187 1F       		.uleb128 0x1f
 1660 0188 8A8201   		.uleb128 0x410a
 1661 018b 00       		.byte	0
 1662 018c 02       		.uleb128 0x2
 1663 018d 0A       		.uleb128 0xa
 1664 018e 9142     		.uleb128 0x2111
 1665 0190 0A       		.uleb128 0xa
 1666 0191 00       		.byte	0
 1667 0192 00       		.byte	0
 1668 0193 20       		.uleb128 0x20
 1669 0194 0B       		.uleb128 0xb
 1670 0195 01       		.byte	0x1
 1671 0196 11       		.uleb128 0x11
 1672 0197 01       		.uleb128 0x1
 1673 0198 12       		.uleb128 0x12
 1674 0199 01       		.uleb128 0x1
 1675 019a 00       		.byte	0
 1676 019b 00       		.byte	0
 1677 019c 21       		.uleb128 0x21
 1678 019d 34       		.uleb128 0x34
 1679 019e 00       		.byte	0
 1680 019f 03       		.uleb128 0x3
 1681 01a0 0E       		.uleb128 0xe
 1682 01a1 3A       		.uleb128 0x3a
 1683 01a2 0B       		.uleb128 0xb
 1684 01a3 3B       		.uleb128 0x3b
 1685 01a4 05       		.uleb128 0x5
 1686 01a5 49       		.uleb128 0x49
 1687 01a6 13       		.uleb128 0x13
 1688 01a7 3F       		.uleb128 0x3f
 1689 01a8 0C       		.uleb128 0xc
 1690 01a9 3C       		.uleb128 0x3c
 1691 01aa 0C       		.uleb128 0xc
 1692 01ab 00       		.byte	0
 1693 01ac 00       		.byte	0
 1694 01ad 22       		.uleb128 0x22
 1695 01ae 2E       		.uleb128 0x2e
 1696 01af 00       		.byte	0
 1697 01b0 3F       		.uleb128 0x3f
 1698 01b1 0C       		.uleb128 0xc
 1699 01b2 03       		.uleb128 0x3
 1700 01b3 0E       		.uleb128 0xe
 1701 01b4 3A       		.uleb128 0x3a
ARM GAS  /tmp/ccO1plq8.s 			page 31


 1702 01b5 0B       		.uleb128 0xb
 1703 01b6 3B       		.uleb128 0x3b
 1704 01b7 05       		.uleb128 0x5
 1705 01b8 27       		.uleb128 0x27
 1706 01b9 0C       		.uleb128 0xc
 1707 01ba 3C       		.uleb128 0x3c
 1708 01bb 0C       		.uleb128 0xc
 1709 01bc 00       		.byte	0
 1710 01bd 00       		.byte	0
 1711 01be 23       		.uleb128 0x23
 1712 01bf 2E       		.uleb128 0x2e
 1713 01c0 01       		.byte	0x1
 1714 01c1 3F       		.uleb128 0x3f
 1715 01c2 0C       		.uleb128 0xc
 1716 01c3 03       		.uleb128 0x3
 1717 01c4 0E       		.uleb128 0xe
 1718 01c5 3A       		.uleb128 0x3a
 1719 01c6 0B       		.uleb128 0xb
 1720 01c7 3B       		.uleb128 0x3b
 1721 01c8 05       		.uleb128 0x5
 1722 01c9 27       		.uleb128 0x27
 1723 01ca 0C       		.uleb128 0xc
 1724 01cb 3C       		.uleb128 0x3c
 1725 01cc 0C       		.uleb128 0xc
 1726 01cd 01       		.uleb128 0x1
 1727 01ce 13       		.uleb128 0x13
 1728 01cf 00       		.byte	0
 1729 01d0 00       		.byte	0
 1730 01d1 24       		.uleb128 0x24
 1731 01d2 2E       		.uleb128 0x2e
 1732 01d3 01       		.byte	0x1
 1733 01d4 3F       		.uleb128 0x3f
 1734 01d5 0C       		.uleb128 0xc
 1735 01d6 03       		.uleb128 0x3
 1736 01d7 0E       		.uleb128 0xe
 1737 01d8 3A       		.uleb128 0x3a
 1738 01d9 0B       		.uleb128 0xb
 1739 01da 3B       		.uleb128 0x3b
 1740 01db 05       		.uleb128 0x5
 1741 01dc 27       		.uleb128 0x27
 1742 01dd 0C       		.uleb128 0xc
 1743 01de 3C       		.uleb128 0x3c
 1744 01df 0C       		.uleb128 0xc
 1745 01e0 00       		.byte	0
 1746 01e1 00       		.byte	0
 1747 01e2 00       		.byte	0
 1748              		.section	.debug_loc,"",%progbits
 1749              	.Ldebug_loc0:
 1750              	.LLST0:
 1751 0000 00000000 		.4byte	.LFB119
 1752 0004 02000000 		.4byte	.LCFI0
 1753 0008 0200     		.2byte	0x2
 1754 000a 7D       		.byte	0x7d
 1755 000b 00       		.sleb128 0
 1756 000c 02000000 		.4byte	.LCFI0
 1757 0010 20000000 		.4byte	.LFE119
 1758 0014 0200     		.2byte	0x2
ARM GAS  /tmp/ccO1plq8.s 			page 32


 1759 0016 7D       		.byte	0x7d
 1760 0017 08       		.sleb128 8
 1761 0018 00000000 		.4byte	0
 1762 001c 00000000 		.4byte	0
 1763              	.LLST1:
 1764 0020 00000000 		.4byte	.LVL2
 1765 0024 13000000 		.4byte	.LVL6-1
 1766 0028 0100     		.2byte	0x1
 1767 002a 50       		.byte	0x50
 1768 002b 13000000 		.4byte	.LVL6-1
 1769 002f 20000000 		.4byte	.LFE119
 1770 0033 0100     		.2byte	0x1
 1771 0035 54       		.byte	0x54
 1772 0036 00000000 		.4byte	0
 1773 003a 00000000 		.4byte	0
 1774              	.LLST2:
 1775 003e 00000000 		.4byte	.LVL2
 1776 0042 13000000 		.4byte	.LVL6-1
 1777 0046 0100     		.2byte	0x1
 1778 0048 51       		.byte	0x51
 1779 0049 13000000 		.4byte	.LVL6-1
 1780 004d 20000000 		.4byte	.LFE119
 1781 0051 0400     		.2byte	0x4
 1782 0053 F3       		.byte	0xf3
 1783 0054 01       		.uleb128 0x1
 1784 0055 51       		.byte	0x51
 1785 0056 9F       		.byte	0x9f
 1786 0057 00000000 		.4byte	0
 1787 005b 00000000 		.4byte	0
 1788              	.LLST3:
 1789 005f 0A000000 		.4byte	.LVL4
 1790 0063 0C000000 		.4byte	.LVL5
 1791 0067 0100     		.2byte	0x1
 1792 0069 53       		.byte	0x53
 1793 006a 00000000 		.4byte	0
 1794 006e 00000000 		.4byte	0
 1795              	.LLST4:
 1796 0072 1E000000 		.4byte	.LVL8
 1797 0076 20000000 		.4byte	.LFE119
 1798 007a 0100     		.2byte	0x1
 1799 007c 53       		.byte	0x53
 1800 007d 00000000 		.4byte	0
 1801 0081 00000000 		.4byte	0
 1802              	.LLST5:
 1803 0085 00000000 		.4byte	.LFB120
 1804 0089 02000000 		.4byte	.LCFI1
 1805 008d 0200     		.2byte	0x2
 1806 008f 7D       		.byte	0x7d
 1807 0090 00       		.sleb128 0
 1808 0091 02000000 		.4byte	.LCFI1
 1809 0095 1A000000 		.4byte	.LFE120
 1810 0099 0200     		.2byte	0x2
 1811 009b 7D       		.byte	0x7d
 1812 009c 08       		.sleb128 8
 1813 009d 00000000 		.4byte	0
 1814 00a1 00000000 		.4byte	0
 1815              	.LLST6:
ARM GAS  /tmp/ccO1plq8.s 			page 33


 1816 00a5 00000000 		.4byte	.LVL9
 1817 00a9 0D000000 		.4byte	.LVL12-1
 1818 00ad 0100     		.2byte	0x1
 1819 00af 50       		.byte	0x50
 1820 00b0 0D000000 		.4byte	.LVL12-1
 1821 00b4 1A000000 		.4byte	.LFE120
 1822 00b8 0100     		.2byte	0x1
 1823 00ba 54       		.byte	0x54
 1824 00bb 00000000 		.4byte	0
 1825 00bf 00000000 		.4byte	0
 1826              	.LLST7:
 1827 00c3 0A000000 		.4byte	.LVL11
 1828 00c7 0D000000 		.4byte	.LVL12-1
 1829 00cb 0100     		.2byte	0x1
 1830 00cd 53       		.byte	0x53
 1831 00ce 00000000 		.4byte	0
 1832 00d2 00000000 		.4byte	0
 1833              	.LLST8:
 1834 00d6 18000000 		.4byte	.LVL14
 1835 00da 1A000000 		.4byte	.LFE120
 1836 00de 0100     		.2byte	0x1
 1837 00e0 53       		.byte	0x53
 1838 00e1 00000000 		.4byte	0
 1839 00e5 00000000 		.4byte	0
 1840              	.LLST9:
 1841 00e9 00000000 		.4byte	.LVL15
 1842 00ed 0E000000 		.4byte	.LVL20
 1843 00f1 0100     		.2byte	0x1
 1844 00f3 50       		.byte	0x50
 1845 00f4 0E000000 		.4byte	.LVL20
 1846 00f8 18000000 		.4byte	.LFE121
 1847 00fc 0400     		.2byte	0x4
 1848 00fe F3       		.byte	0xf3
 1849 00ff 01       		.uleb128 0x1
 1850 0100 50       		.byte	0x50
 1851 0101 9F       		.byte	0x9f
 1852 0102 00000000 		.4byte	0
 1853 0106 00000000 		.4byte	0
 1854              	.LLST10:
 1855 010a 00000000 		.4byte	.LVL15
 1856 010e 0C000000 		.4byte	.LVL19
 1857 0112 0100     		.2byte	0x1
 1858 0114 51       		.byte	0x51
 1859 0115 0C000000 		.4byte	.LVL19
 1860 0119 0E000000 		.4byte	.LVL20
 1861 011d 0200     		.2byte	0x2
 1862 011f 70       		.byte	0x70
 1863 0120 08       		.sleb128 8
 1864 0121 0E000000 		.4byte	.LVL20
 1865 0125 18000000 		.4byte	.LFE121
 1866 0129 0500     		.2byte	0x5
 1867 012b F3       		.byte	0xf3
 1868 012c 01       		.uleb128 0x1
 1869 012d 50       		.byte	0x50
 1870 012e 23       		.byte	0x23
 1871 012f 08       		.uleb128 0x8
 1872 0130 00000000 		.4byte	0
ARM GAS  /tmp/ccO1plq8.s 			page 34


 1873 0134 00000000 		.4byte	0
 1874              	.LLST11:
 1875 0138 06000000 		.4byte	.LVL17
 1876 013c 08000000 		.4byte	.LVL18
 1877 0140 0100     		.2byte	0x1
 1878 0142 53       		.byte	0x53
 1879 0143 00000000 		.4byte	0
 1880 0147 00000000 		.4byte	0
 1881              	.LLST12:
 1882 014b 16000000 		.4byte	.LVL22
 1883 014f 18000000 		.4byte	.LFE121
 1884 0153 0100     		.2byte	0x1
 1885 0155 53       		.byte	0x53
 1886 0156 00000000 		.4byte	0
 1887 015a 00000000 		.4byte	0
 1888              	.LLST13:
 1889 015e 00000000 		.4byte	.LFB122
 1890 0162 02000000 		.4byte	.LCFI2
 1891 0166 0200     		.2byte	0x2
 1892 0168 7D       		.byte	0x7d
 1893 0169 00       		.sleb128 0
 1894 016a 02000000 		.4byte	.LCFI2
 1895 016e 14000000 		.4byte	.LFE122
 1896 0172 0200     		.2byte	0x2
 1897 0174 7D       		.byte	0x7d
 1898 0175 08       		.sleb128 8
 1899 0176 00000000 		.4byte	0
 1900 017a 00000000 		.4byte	0
 1901              	.LLST14:
 1902 017e 00000000 		.4byte	.LVL23
 1903 0182 0B000000 		.4byte	.LVL26-1
 1904 0186 0100     		.2byte	0x1
 1905 0188 50       		.byte	0x50
 1906 0189 0B000000 		.4byte	.LVL26-1
 1907 018d 14000000 		.4byte	.LFE122
 1908 0191 0400     		.2byte	0x4
 1909 0193 F3       		.byte	0xf3
 1910 0194 01       		.uleb128 0x1
 1911 0195 50       		.byte	0x50
 1912 0196 9F       		.byte	0x9f
 1913 0197 00000000 		.4byte	0
 1914 019b 00000000 		.4byte	0
 1915              	.LLST15:
 1916 019f 00000000 		.4byte	.LVL23
 1917 01a3 0B000000 		.4byte	.LVL26-1
 1918 01a7 0100     		.2byte	0x1
 1919 01a9 51       		.byte	0x51
 1920 01aa 0B000000 		.4byte	.LVL26-1
 1921 01ae 14000000 		.4byte	.LFE122
 1922 01b2 0400     		.2byte	0x4
 1923 01b4 F3       		.byte	0xf3
 1924 01b5 01       		.uleb128 0x1
 1925 01b6 51       		.byte	0x51
 1926 01b7 9F       		.byte	0x9f
 1927 01b8 00000000 		.4byte	0
 1928 01bc 00000000 		.4byte	0
 1929              	.LLST16:
ARM GAS  /tmp/ccO1plq8.s 			page 35


 1930 01c0 00000000 		.4byte	.LVL23
 1931 01c4 0B000000 		.4byte	.LVL26-1
 1932 01c8 0100     		.2byte	0x1
 1933 01ca 52       		.byte	0x52
 1934 01cb 0B000000 		.4byte	.LVL26-1
 1935 01cf 14000000 		.4byte	.LFE122
 1936 01d3 0400     		.2byte	0x4
 1937 01d5 F3       		.byte	0xf3
 1938 01d6 01       		.uleb128 0x1
 1939 01d7 52       		.byte	0x52
 1940 01d8 9F       		.byte	0x9f
 1941 01d9 00000000 		.4byte	0
 1942 01dd 00000000 		.4byte	0
 1943              	.LLST17:
 1944 01e1 08000000 		.4byte	.LVL25
 1945 01e5 0B000000 		.4byte	.LVL26-1
 1946 01e9 0100     		.2byte	0x1
 1947 01eb 53       		.byte	0x53
 1948 01ec 00000000 		.4byte	0
 1949 01f0 00000000 		.4byte	0
 1950              	.LLST18:
 1951 01f4 12000000 		.4byte	.LVL28
 1952 01f8 14000000 		.4byte	.LFE122
 1953 01fc 0100     		.2byte	0x1
 1954 01fe 53       		.byte	0x53
 1955 01ff 00000000 		.4byte	0
 1956 0203 00000000 		.4byte	0
 1957              	.LLST19:
 1958 0207 00000000 		.4byte	.LFB123
 1959 020b 02000000 		.4byte	.LCFI3
 1960 020f 0200     		.2byte	0x2
 1961 0211 7D       		.byte	0x7d
 1962 0212 00       		.sleb128 0
 1963 0213 02000000 		.4byte	.LCFI3
 1964 0217 14000000 		.4byte	.LFE123
 1965 021b 0200     		.2byte	0x2
 1966 021d 7D       		.byte	0x7d
 1967 021e 08       		.sleb128 8
 1968 021f 00000000 		.4byte	0
 1969 0223 00000000 		.4byte	0
 1970              	.LLST20:
 1971 0227 00000000 		.4byte	.LVL29
 1972 022b 0B000000 		.4byte	.LVL32-1
 1973 022f 0100     		.2byte	0x1
 1974 0231 50       		.byte	0x50
 1975 0232 0B000000 		.4byte	.LVL32-1
 1976 0236 14000000 		.4byte	.LFE123
 1977 023a 0400     		.2byte	0x4
 1978 023c F3       		.byte	0xf3
 1979 023d 01       		.uleb128 0x1
 1980 023e 50       		.byte	0x50
 1981 023f 9F       		.byte	0x9f
 1982 0240 00000000 		.4byte	0
 1983 0244 00000000 		.4byte	0
 1984              	.LLST21:
 1985 0248 00000000 		.4byte	.LVL29
 1986 024c 0B000000 		.4byte	.LVL32-1
ARM GAS  /tmp/ccO1plq8.s 			page 36


 1987 0250 0100     		.2byte	0x1
 1988 0252 51       		.byte	0x51
 1989 0253 0B000000 		.4byte	.LVL32-1
 1990 0257 14000000 		.4byte	.LFE123
 1991 025b 0400     		.2byte	0x4
 1992 025d F3       		.byte	0xf3
 1993 025e 01       		.uleb128 0x1
 1994 025f 51       		.byte	0x51
 1995 0260 9F       		.byte	0x9f
 1996 0261 00000000 		.4byte	0
 1997 0265 00000000 		.4byte	0
 1998              	.LLST22:
 1999 0269 08000000 		.4byte	.LVL31
 2000 026d 0B000000 		.4byte	.LVL32-1
 2001 0271 0100     		.2byte	0x1
 2002 0273 53       		.byte	0x53
 2003 0274 00000000 		.4byte	0
 2004 0278 00000000 		.4byte	0
 2005              	.LLST23:
 2006 027c 12000000 		.4byte	.LVL34
 2007 0280 14000000 		.4byte	.LFE123
 2008 0284 0100     		.2byte	0x1
 2009 0286 53       		.byte	0x53
 2010 0287 00000000 		.4byte	0
 2011 028b 00000000 		.4byte	0
 2012              		.section	.debug_aranges,"",%progbits
 2013 0000 4C000000 		.4byte	0x4c
 2014 0004 0200     		.2byte	0x2
 2015 0006 00000000 		.4byte	.Ldebug_info0
 2016 000a 04       		.byte	0x4
 2017 000b 00       		.byte	0
 2018 000c 0000     		.2byte	0
 2019 000e 0000     		.2byte	0
 2020 0010 00000000 		.4byte	.LFB117
 2021 0014 04000000 		.4byte	.LFE117-.LFB117
 2022 0018 00000000 		.4byte	.LFB118
 2023 001c 0A000000 		.4byte	.LFE118-.LFB118
 2024 0020 00000000 		.4byte	.LFB119
 2025 0024 20000000 		.4byte	.LFE119-.LFB119
 2026 0028 00000000 		.4byte	.LFB120
 2027 002c 1A000000 		.4byte	.LFE120-.LFB120
 2028 0030 00000000 		.4byte	.LFB121
 2029 0034 18000000 		.4byte	.LFE121-.LFB121
 2030 0038 00000000 		.4byte	.LFB122
 2031 003c 14000000 		.4byte	.LFE122-.LFB122
 2032 0040 00000000 		.4byte	.LFB123
 2033 0044 14000000 		.4byte	.LFE123-.LFB123
 2034 0048 00000000 		.4byte	0
 2035 004c 00000000 		.4byte	0
 2036              		.section	.debug_ranges,"",%progbits
 2037              	.Ldebug_ranges0:
 2038 0000 02000000 		.4byte	.LBB2
 2039 0004 04000000 		.4byte	.LBE2
 2040 0008 06000000 		.4byte	.LBB3
 2041 000c 0A000000 		.4byte	.LBE3
 2042 0010 00000000 		.4byte	0
 2043 0014 00000000 		.4byte	0
ARM GAS  /tmp/ccO1plq8.s 			page 37


 2044 0018 02000000 		.4byte	.LBB5
 2045 001c 04000000 		.4byte	.LBE5
 2046 0020 06000000 		.4byte	.LBB6
 2047 0024 0A000000 		.4byte	.LBE6
 2048 0028 00000000 		.4byte	0
 2049 002c 00000000 		.4byte	0
 2050 0030 00000000 		.4byte	.LFB117
 2051 0034 04000000 		.4byte	.LFE117
 2052 0038 00000000 		.4byte	.LFB118
 2053 003c 0A000000 		.4byte	.LFE118
 2054 0040 00000000 		.4byte	.LFB119
 2055 0044 20000000 		.4byte	.LFE119
 2056 0048 00000000 		.4byte	.LFB120
 2057 004c 1A000000 		.4byte	.LFE120
 2058 0050 00000000 		.4byte	.LFB121
 2059 0054 18000000 		.4byte	.LFE121
 2060 0058 00000000 		.4byte	.LFB122
 2061 005c 14000000 		.4byte	.LFE122
 2062 0060 00000000 		.4byte	.LFB123
 2063 0064 14000000 		.4byte	.LFE123
 2064 0068 00000000 		.4byte	0
 2065 006c 00000000 		.4byte	0
 2066              		.section	.debug_line,"",%progbits
 2067              	.Ldebug_line0:
 2068 0000 DF010000 		.section	.debug_str,"MS",%progbits,1
 2068      02004B01 
 2068      00000201 
 2068      FB0E0D00 
 2068      01010101 
 2069              	.LASF27:
 2070 0000 43434552 		.ascii	"CCER\000"
 2070      00
 2071              	.LASF68:
 2072 0005 70776D5F 		.ascii	"pwm_lld_stop\000"
 2072      6C6C645F 
 2072      73746F70 
 2072      00
 2073              	.LASF34:
 2074 0012 444D4152 		.ascii	"DMAR\000"
 2074      00
 2075              	.LASF43:
 2076 0017 73746174 		.ascii	"state\000"
 2076      6500
 2077              	.LASF25:
 2078 001d 43434D52 		.ascii	"CCMR2\000"
 2078      3200
 2079              	.LASF3:
 2080 0023 73686F72 		.ascii	"short int\000"
 2080      7420696E 
 2080      7400
 2081              	.LASF50:
 2082 002d 70776D63 		.ascii	"pwmcnt_t\000"
 2082      6E745F74 
 2082      00
 2083              	.LASF13:
 2084 0036 73697A65 		.ascii	"sizetype\000"
 2084      74797065 
ARM GAS  /tmp/ccO1plq8.s 			page 38


 2084      00
 2085              	.LASF75:
 2086 003f 70776D5F 		.ascii	"pwm_lld_disable_channel\000"
 2086      6C6C645F 
 2086      64697361 
 2086      626C655F 
 2086      6368616E 
 2087              	.LASF49:
 2088 0057 70776D63 		.ascii	"pwmchannel_t\000"
 2088      68616E6E 
 2088      656C5F74 
 2088      00
 2089              	.LASF51:
 2090 0064 6D6F6465 		.ascii	"mode\000"
 2090      00
 2091              	.LASF55:
 2092 0069 6368616E 		.ascii	"channels\000"
 2092      6E656C73 
 2092      00
 2093              	.LASF44:
 2094 0072 636F6E66 		.ascii	"config\000"
 2094      696700
 2095              	.LASF58:
 2096 0079 70776D4F 		.ascii	"pwmObjectInit\000"
 2096      626A6563 
 2096      74496E69 
 2096      7400
 2097              	.LASF15:
 2098 0087 5F726573 		.ascii	"_resvd0\000"
 2098      76643000 
 2099              	.LASF4:
 2100 008f 75696E74 		.ascii	"uint8_t\000"
 2100      385F7400 
 2101              	.LASF18:
 2102 0097 5F726573 		.ascii	"_resvd2\000"
 2102      76643200 
 2103              	.LASF20:
 2104 009f 5F726573 		.ascii	"_resvd3\000"
 2104      76643300 
 2105              	.LASF63:
 2106 00a7 70776D45 		.ascii	"pwmEnableChannel\000"
 2106      6E61626C 
 2106      65436861 
 2106      6E6E656C 
 2106      00
 2107              	.LASF72:
 2108 00b8 2F686F6D 		.ascii	"/home/rumman/Documents/ChibiOS_Examples/ADC\000"
 2108      652F7275 
 2108      6D6D616E 
 2108      2F446F63 
 2108      756D656E 
 2109              	.LASF24:
 2110 00e4 5F726573 		.ascii	"_resvd6\000"
 2110      76643600 
 2111              	.LASF26:
 2112 00ec 5F726573 		.ascii	"_resvd7\000"
 2112      76643700 
ARM GAS  /tmp/ccO1plq8.s 			page 39


 2113              	.LASF28:
 2114 00f4 5F726573 		.ascii	"_resvd8\000"
 2114      76643800 
 2115              	.LASF29:
 2116 00fc 5F726573 		.ascii	"_resvd9\000"
 2116      76643900 
 2117              	.LASF1:
 2118 0104 7369676E 		.ascii	"signed char\000"
 2118      65642063 
 2118      68617200 
 2119              	.LASF65:
 2120 0110 77696474 		.ascii	"width\000"
 2120      6800
 2121              	.LASF59:
 2122 0116 70776D53 		.ascii	"pwmStart\000"
 2122      74617274 
 2122      00
 2123              	.LASF11:
 2124 011f 6C6F6E67 		.ascii	"long long int\000"
 2124      206C6F6E 
 2124      6720696E 
 2124      7400
 2125              	.LASF8:
 2126 012d 6C6F6E67 		.ascii	"long int\000"
 2126      20696E74 
 2126      00
 2127              	.LASF57:
 2128 0136 70776D49 		.ascii	"pwmInit\000"
 2128      6E697400 
 2129              	.LASF45:
 2130 013e 70657269 		.ascii	"period\000"
 2130      6F6400
 2131              	.LASF23:
 2132 0145 43434D52 		.ascii	"CCMR1\000"
 2132      3100
 2133              	.LASF67:
 2134 014b 70776D5F 		.ascii	"pwm_lld_start\000"
 2134      6C6C645F 
 2134      73746172 
 2134      7400
 2135              	.LASF56:
 2136 0159 50574D43 		.ascii	"PWMConfig\000"
 2136      6F6E6669 
 2136      6700
 2137              	.LASF70:
 2138 0163 474E5520 		.ascii	"GNU C 4.7.3 20130312 (release) [ARM/embedded-4_7-br"
 2138      4320342E 
 2138      372E3320 
 2138      32303133 
 2138      30333132 
 2139 0196 616E6368 		.ascii	"anch revision 196615]\000"
 2139      20726576 
 2139      6973696F 
 2139      6E203139 
 2139      36363135 
 2140              	.LASF60:
 2141 01ac 70776D70 		.ascii	"pwmp\000"
ARM GAS  /tmp/ccO1plq8.s 			page 40


 2141      00
 2142              	.LASF17:
 2143 01b1 534D4352 		.ascii	"SMCR\000"
 2143      00
 2144              	.LASF38:
 2145 01b6 50574D5F 		.ascii	"PWM_UNINIT\000"
 2145      554E494E 
 2145      495400
 2146              	.LASF2:
 2147 01c1 756E7369 		.ascii	"unsigned char\000"
 2147      676E6564 
 2147      20636861 
 2147      7200
 2148              	.LASF69:
 2149 01cf 70776D5F 		.ascii	"pwm_lld_enable_channel\000"
 2149      6C6C645F 
 2149      656E6162 
 2149      6C655F63 
 2149      68616E6E 
 2150              	.LASF66:
 2151 01e6 70776D44 		.ascii	"pwmDisableChannel\000"
 2151      69736162 
 2151      6C654368 
 2151      616E6E65 
 2151      6C00
 2152              	.LASF71:
 2153 01f8 2E2E2F2E 		.ascii	"../../ChibiOS_2.4.3/os/hal/src/pwm.c\000"
 2153      2E2F4368 
 2153      6962694F 
 2153      535F322E 
 2153      342E332F 
 2154              	.LASF12:
 2155 021d 6C6F6E67 		.ascii	"long long unsigned int\000"
 2155      206C6F6E 
 2155      6720756E 
 2155      7369676E 
 2155      65642069 
 2156              	.LASF9:
 2157 0234 75696E74 		.ascii	"uint32_t\000"
 2157      33325F74 
 2157      00
 2158              	.LASF0:
 2159 023d 756E7369 		.ascii	"unsigned int\000"
 2159      676E6564 
 2159      20696E74 
 2159      00
 2160              	.LASF5:
 2161 024a 75696E74 		.ascii	"uint16_t\000"
 2161      31365F74 
 2161      00
 2162              	.LASF31:
 2163 0253 42445452 		.ascii	"BDTR\000"
 2163      00
 2164              	.LASF19:
 2165 0258 44494552 		.ascii	"DIER\000"
 2165      00
 2166              	.LASF32:
ARM GAS  /tmp/ccO1plq8.s 			page 41


 2167 025d 5F726573 		.ascii	"_resvd11\000"
 2167      76643131 
 2167      00
 2168              	.LASF33:
 2169 0266 5F726573 		.ascii	"_resvd12\000"
 2169      76643132 
 2169      00
 2170              	.LASF35:
 2171 026f 5F726573 		.ascii	"_resvd13\000"
 2171      76643133 
 2171      00
 2172              	.LASF36:
 2173 0278 5F726573 		.ascii	"_resvd14\000"
 2173      76643134 
 2173      00
 2174              	.LASF6:
 2175 0281 73686F72 		.ascii	"short unsigned int\000"
 2175      7420756E 
 2175      7369676E 
 2175      65642069 
 2175      6E7400
 2176              	.LASF74:
 2177 0294 70776D5F 		.ascii	"pwm_lld_init\000"
 2177      6C6C645F 
 2177      696E6974 
 2177      00
 2178              	.LASF14:
 2179 02a1 63686172 		.ascii	"char\000"
 2179      00
 2180              	.LASF37:
 2181 02a6 73746D33 		.ascii	"stm32_tim_t\000"
 2181      325F7469 
 2181      6D5F7400 
 2182              	.LASF42:
 2183 02b2 50574D44 		.ascii	"PWMDriver\000"
 2183      72697665 
 2183      7200
 2184              	.LASF7:
 2185 02bc 696E7433 		.ascii	"int32_t\000"
 2185      325F7400 
 2186              	.LASF64:
 2187 02c4 6368616E 		.ascii	"channel\000"
 2187      6E656C00 
 2188              	.LASF62:
 2189 02cc 70776D43 		.ascii	"pwmChangePeriod\000"
 2189      68616E67 
 2189      65506572 
 2189      696F6400 
 2190              	.LASF10:
 2191 02dc 6C6F6E67 		.ascii	"long unsigned int\000"
 2191      20756E73 
 2191      69676E65 
 2191      6420696E 
 2191      7400
 2192              	.LASF46:
 2193 02ee 636C6F63 		.ascii	"clock\000"
 2193      6B00
ARM GAS  /tmp/ccO1plq8.s 			page 42


 2194              	.LASF30:
 2195 02f4 5F726573 		.ascii	"_resvd10\000"
 2195      76643130 
 2195      00
 2196              	.LASF40:
 2197 02fd 50574D5F 		.ascii	"PWM_READY\000"
 2197      52454144 
 2197      5900
 2198              	.LASF39:
 2199 0307 50574D5F 		.ascii	"PWM_STOP\000"
 2199      53544F50 
 2199      00
 2200              	.LASF61:
 2201 0310 70776D53 		.ascii	"pwmStop\000"
 2201      746F7000 
 2202              	.LASF54:
 2203 0318 66726571 		.ascii	"frequency\000"
 2203      75656E63 
 2203      7900
 2204              	.LASF53:
 2205 0322 50574D43 		.ascii	"PWMChannelConfig\000"
 2205      68616E6E 
 2205      656C436F 
 2205      6E666967 
 2205      00
 2206              	.LASF48:
 2207 0333 70776D6D 		.ascii	"pwmmode_t\000"
 2207      6F64655F 
 2207      7400
 2208              	.LASF73:
 2209 033d 49544D5F 		.ascii	"ITM_RxBuffer\000"
 2209      52784275 
 2209      66666572 
 2209      00
 2210              	.LASF16:
 2211 034a 5F726573 		.ascii	"_resvd1\000"
 2211      76643100 
 2212              	.LASF41:
 2213 0352 70776D73 		.ascii	"pwmstate_t\000"
 2213      74617465 
 2213      5F7400
 2214              	.LASF47:
 2215 035d 70776D63 		.ascii	"pwmcallback_t\000"
 2215      616C6C62 
 2215      61636B5F 
 2215      7400
 2216              	.LASF21:
 2217 036b 5F726573 		.ascii	"_resvd4\000"
 2217      76643400 
 2218              	.LASF22:
 2219 0373 5F726573 		.ascii	"_resvd5\000"
 2219      76643500 
 2220              	.LASF52:
 2221 037b 63616C6C 		.ascii	"callback\000"
 2221      6261636B 
 2221      00
 2222              		.ident	"GCC: (GNU Tools for ARM Embedded Processors) 4.7.3 20130312 (release) [ARM/embedded-4_7-br
ARM GAS  /tmp/ccO1plq8.s 			page 43


ARM GAS  /tmp/ccO1plq8.s 			page 44


DEFINED SYMBOLS
                            *ABS*:00000000 pwm.c
     /tmp/ccO1plq8.s:19     .text.pwmInit:00000000 $t
     /tmp/ccO1plq8.s:25     .text.pwmInit:00000000 pwmInit
     /tmp/ccO1plq8.s:41     .text.pwmObjectInit:00000000 $t
     /tmp/ccO1plq8.s:47     .text.pwmObjectInit:00000000 pwmObjectInit
     /tmp/ccO1plq8.s:68     .text.pwmStart:00000000 $t
     /tmp/ccO1plq8.s:74     .text.pwmStart:00000000 pwmStart
     /tmp/ccO1plq8.s:129    .text.pwmStop:00000000 $t
     /tmp/ccO1plq8.s:135    .text.pwmStop:00000000 pwmStop
     /tmp/ccO1plq8.s:183    .text.pwmChangePeriod:00000000 $t
     /tmp/ccO1plq8.s:189    .text.pwmChangePeriod:00000000 pwmChangePeriod
     /tmp/ccO1plq8.s:231    .text.pwmEnableChannel:00000000 $t
     /tmp/ccO1plq8.s:237    .text.pwmEnableChannel:00000000 pwmEnableChannel
     /tmp/ccO1plq8.s:277    .text.pwmDisableChannel:00000000 $t
     /tmp/ccO1plq8.s:283    .text.pwmDisableChannel:00000000 pwmDisableChannel
                     .debug_frame:00000010 $d

UNDEFINED SYMBOLS
pwm_lld_init
pwm_lld_start
pwm_lld_stop
pwm_lld_enable_channel
pwm_lld_disable_channel
